[ 2026-01-18 00:43:55,169 ] root - DEBUG - This is a debug message.
[ 2026-01-18 00:43:55,170 ] root - INFO - This is an info message.
[ 2026-01-18 00:43:55,170 ] root - WARNING - This is a warning message.
[ 2026-01-18 00:43:55,170 ] root - ERROR - This is an error message.
[ 2026-01-18 00:43:55,170 ] root - CRITICAL - This is a critical message.
[ 2026-01-18 00:43:58,259 ] root - INFO - Entered the start_data_ingestion method of TrainPipeline class
[ 2026-01-18 00:43:58,259 ] root - INFO - Getting the data from mongodb
[ 2026-01-18 00:43:58,259 ] root - INFO - Entered initiate_data_ingestion method of Data_Ingestion class
[ 2026-01-18 00:43:58,260 ] root - INFO - Exporting data from mongodb
[ 2026-01-18 00:43:59,353 ] pymongo.topology - DEBUG - {"message": "Starting topology monitoring", "topologyId": {"$oid": "696c812e43c5a3118689fbdb"}}
[ 2026-01-18 00:43:59,354 ] pymongo.topology - DEBUG - {"message": "Topology description changed", "topologyId": {"$oid": "696c812e43c5a3118689fbdb"}, "previousDescription": "<TopologyDescription id: 696c812e43c5a3118689fbdb, topology_type: Unknown, servers: []>", "newDescription": "<TopologyDescription id: 696c812e43c5a3118689fbdb, topology_type: ReplicaSetNoPrimary, servers: [<ServerDescription ('ac-1u1vjmy-shard-00-00.djz1hts.mongodb.net', 27017) server_type: Unknown, rtt: None>, <ServerDescription ('ac-1u1vjmy-shard-00-01.djz1hts.mongodb.net', 27017) server_type: Unknown, rtt: None>, <ServerDescription ('ac-1u1vjmy-shard-00-02.djz1hts.mongodb.net', 27017) server_type: Unknown, rtt: None>]>"}
[ 2026-01-18 00:43:59,354 ] pymongo.topology - DEBUG - {"message": "Starting server monitoring", "topologyId": {"$oid": "696c812e43c5a3118689fbdb"}, "serverHost": "ac-1u1vjmy-shard-00-01.djz1hts.mongodb.net", "serverPort": 27017}
[ 2026-01-18 00:43:59,354 ] pymongo.topology - DEBUG - {"message": "Starting server monitoring", "topologyId": {"$oid": "696c812e43c5a3118689fbdb"}, "serverHost": "ac-1u1vjmy-shard-00-00.djz1hts.mongodb.net", "serverPort": 27017}
[ 2026-01-18 00:43:59,354 ] pymongo.topology - DEBUG - {"message": "Starting server monitoring", "topologyId": {"$oid": "696c812e43c5a3118689fbdb"}, "serverHost": "ac-1u1vjmy-shard-00-02.djz1hts.mongodb.net", "serverPort": 27017}
[ 2026-01-18 00:43:59,354 ] pymongo.connection - DEBUG - {"message": "Connection pool created", "clientId": {"$oid": "696c812e43c5a3118689fbdb"}, "serverHost": "ac-1u1vjmy-shard-00-01.djz1hts.mongodb.net", "serverPort": 27017}
[ 2026-01-18 00:43:59,356 ] pymongo.connection - DEBUG - {"message": "Connection pool created", "clientId": {"$oid": "696c812e43c5a3118689fbdb"}, "serverHost": "ac-1u1vjmy-shard-00-00.djz1hts.mongodb.net", "serverPort": 27017}
[ 2026-01-18 00:43:59,357 ] pymongo.connection - DEBUG - {"message": "Connection pool created", "clientId": {"$oid": "696c812e43c5a3118689fbdb"}, "serverHost": "ac-1u1vjmy-shard-00-02.djz1hts.mongodb.net", "serverPort": 27017}
[ 2026-01-18 00:43:59,359 ] root - INFO - MongoDB connection successful.
[ 2026-01-18 00:43:59,359 ] pymongo.serverSelection - DEBUG - {"message": "Server selection started", "selector": "Primary()", "operation": "find", "topologyDescription": "<TopologyDescription id: 696c812e43c5a3118689fbdb, topology_type: ReplicaSetNoPrimary, servers: [<ServerDescription ('ac-1u1vjmy-shard-00-00.djz1hts.mongodb.net', 27017) server_type: Unknown, rtt: None>, <ServerDescription ('ac-1u1vjmy-shard-00-01.djz1hts.mongodb.net', 27017) server_type: Unknown, rtt: None>, <ServerDescription ('ac-1u1vjmy-shard-00-02.djz1hts.mongodb.net', 27017) server_type: Unknown, rtt: None>]>", "clientId": {"$oid": "696c812e43c5a3118689fbdb"}}
[ 2026-01-18 00:43:59,359 ] pymongo.serverSelection - DEBUG - {"message": "Waiting for suitable server to become available", "selector": "Primary()", "operation": "find", "topologyDescription": "<TopologyDescription id: 696c812e43c5a3118689fbdb, topology_type: ReplicaSetNoPrimary, servers: [<ServerDescription ('ac-1u1vjmy-shard-00-00.djz1hts.mongodb.net', 27017) server_type: Unknown, rtt: None>, <ServerDescription ('ac-1u1vjmy-shard-00-01.djz1hts.mongodb.net', 27017) server_type: Unknown, rtt: None>, <ServerDescription ('ac-1u1vjmy-shard-00-02.djz1hts.mongodb.net', 27017) server_type: Unknown, rtt: None>]>", "clientId": {"$oid": "696c812e43c5a3118689fbdb"}, "remainingTimeMS": 29999}
[ 2026-01-18 00:43:59,513 ] pymongo.topology - DEBUG - {"message": "Server heartbeat started", "topologyId": {"$oid": "696c812e43c5a3118689fbdb"}, "driverConnectionId": 1, "serverHost": "ac-1u1vjmy-shard-00-01.djz1hts.mongodb.net", "serverPort": 27017, "awaited": false}
[ 2026-01-18 00:43:59,513 ] pymongo.topology - DEBUG - {"message": "Server heartbeat started", "topologyId": {"$oid": "696c812e43c5a3118689fbdb"}, "driverConnectionId": 1, "serverHost": "ac-1u1vjmy-shard-00-00.djz1hts.mongodb.net", "serverPort": 27017, "awaited": false}
[ 2026-01-18 00:43:59,515 ] pymongo.topology - DEBUG - {"message": "Server heartbeat started", "topologyId": {"$oid": "696c812e43c5a3118689fbdb"}, "driverConnectionId": 1, "serverHost": "ac-1u1vjmy-shard-00-02.djz1hts.mongodb.net", "serverPort": 27017, "awaited": false}
[ 2026-01-18 00:43:59,565 ] pymongo.topology - DEBUG - {"message": "Server heartbeat succeeded", "topologyId": {"$oid": "696c812e43c5a3118689fbdb"}, "driverConnectionId": 1, "serverConnectionId": 98970, "serverHost": "ac-1u1vjmy-shard-00-01.djz1hts.mongodb.net", "serverPort": 27017, "awaited": false, "durationMS": 51.39379994943738, "reply": "{\"helloOk\": true, \"topologyVersion\": {\"processId\": {\"$oid\": \"696923953f198139e3024850\"}, \"counter\": 3}, \"hosts\": [\"ac-1u1vjmy-shard-00-00.djz1hts.mongodb.net:27017\", \"ac-1u1vjmy-shard-00-01.djz1hts.mongodb.net:27017\", \"ac-1u1vjmy-shard-00-02.djz1hts.mongodb.net:27017\"], \"setName\": \"atlas-931qd7-shard-0\", \"setVersion\": 10, \"secondary\": true, \"primary\": \"ac-1u1vjmy-shard-00-02.djz1hts.mongodb.net:27017\", \"tags\": {\"availabilityZone\": \"use1-az4\", \"nodeType\": \"ELECTABLE\", \"diskState\": \"READY\", \"workloadType\": \"OPERATIONAL\", \"provider\": \"AWS\", \"region\": \"US_EAST_1\"}, \"me\": \"ac-1u1vjmy-shard-00-01.djz1hts.mongodb.net:27017\", \"lastWrite\": {\"opTime\": {\"ts\": {\"$timestamp\": {\"t\": 1768718638, \"i\": 18}}, \"t\": 15}, \"lastWriteDate\": {\"$date\": \"2026-01-18T06:43:58Z\"}, \"majorityOpTime\": {\"ts\": {\"$timestamp\": {\"t\": 1768718638, \"i\": 18}}, \"t\": 15}, \"majorityWriteDate\": {\"$date\": \"2026-01-18T06:43:58Z\"}}, \"maxBsonObjectSize\": 16777216, \"maxMessageSizeBytes\": 48000000, \"maxWriteBatchSize\": 100000, \"localTi..."}
[ 2026-01-18 00:43:59,567 ] pymongo.connection - DEBUG - {"message": "Connection pool ready", "clientId": {"$oid": "696c812e43c5a3118689fbdb"}, "serverHost": "ac-1u1vjmy-shard-00-01.djz1hts.mongodb.net", "serverPort": 27017}
[ 2026-01-18 00:43:59,567 ] pymongo.topology - DEBUG - {"message": "Server heartbeat succeeded", "topologyId": {"$oid": "696c812e43c5a3118689fbdb"}, "driverConnectionId": 1, "serverConnectionId": 104577, "serverHost": "ac-1u1vjmy-shard-00-02.djz1hts.mongodb.net", "serverPort": 27017, "awaited": false, "durationMS": 52.28380020707846, "reply": "{\"helloOk\": true, \"topologyVersion\": {\"processId\": {\"$oid\": \"6969219f082a3c516728680e\"}, \"counter\": 6}, \"hosts\": [\"ac-1u1vjmy-shard-00-00.djz1hts.mongodb.net:27017\", \"ac-1u1vjmy-shard-00-01.djz1hts.mongodb.net:27017\", \"ac-1u1vjmy-shard-00-02.djz1hts.mongodb.net:27017\"], \"setName\": \"atlas-931qd7-shard-0\", \"setVersion\": 10, \"ismaster\": true, \"primary\": \"ac-1u1vjmy-shard-00-02.djz1hts.mongodb.net:27017\", \"tags\": {\"nodeType\": \"ELECTABLE\", \"workloadType\": \"OPERATIONAL\", \"diskState\": \"READY\", \"availabilityZone\": \"use1-az5\", \"provider\": \"AWS\", \"region\": \"US_EAST_1\"}, \"me\": \"ac-1u1vjmy-shard-00-02.djz1hts.mongodb.net:27017\", \"electionId\": {\"$oid\": \"7fffffff000000000000000f\"}, \"lastWrite\": {\"opTime\": {\"ts\": {\"$timestamp\": {\"t\": 1768718638, \"i\": 18}}, \"t\": 15}, \"lastWriteDate\": {\"$date\": \"2026-01-18T06:43:58Z\"}, \"majorityOpTime\": {\"ts\": {\"$timestamp\": {\"t\": 1768718638, \"i\": 18}}, \"t\": 15}, \"majorityWriteDate\": {\"$date\": \"2026-01-18T06:43:58Z\"}}, \"maxBsonObjectSize\": 16777216, \"maxMessageSizeByte..."}
[ 2026-01-18 00:43:59,567 ] pymongo.topology - DEBUG - {"message": "Topology description changed", "topologyId": {"$oid": "696c812e43c5a3118689fbdb"}, "previousDescription": "<TopologyDescription id: 696c812e43c5a3118689fbdb, topology_type: ReplicaSetNoPrimary, servers: [<ServerDescription ('ac-1u1vjmy-shard-00-00.djz1hts.mongodb.net', 27017) server_type: Unknown, rtt: None>, <ServerDescription ('ac-1u1vjmy-shard-00-01.djz1hts.mongodb.net', 27017) server_type: Unknown, rtt: None>, <ServerDescription ('ac-1u1vjmy-shard-00-02.djz1hts.mongodb.net', 27017) server_type: Unknown, rtt: None>]>", "newDescription": "<TopologyDescription id: 696c812e43c5a3118689fbdb, topology_type: ReplicaSetNoPrimary, servers: [<ServerDescription ('ac-1u1vjmy-shard-00-00.djz1hts.mongodb.net', 27017) server_type: Unknown, rtt: None>, <ServerDescription ('ac-1u1vjmy-shard-00-01.djz1hts.mongodb.net', 27017) server_type: RSSecondary, rtt: 0.05139379994943738>, <ServerDescription ('ac-1u1vjmy-shard-00-02.djz1hts.mongodb.net', 27017) server_type: Unknown, rtt: None>]>"}
[ 2026-01-18 00:43:59,568 ] pymongo.topology - DEBUG - {"message": "Server heartbeat succeeded", "topologyId": {"$oid": "696c812e43c5a3118689fbdb"}, "driverConnectionId": 1, "serverConnectionId": 100749, "serverHost": "ac-1u1vjmy-shard-00-00.djz1hts.mongodb.net", "serverPort": 27017, "awaited": false, "durationMS": 53.84319997392595, "reply": "{\"helloOk\": true, \"topologyVersion\": {\"processId\": {\"$oid\": \"69691fb9146e75e66ebab7e3\"}, \"counter\": 4}, \"hosts\": [\"ac-1u1vjmy-shard-00-00.djz1hts.mongodb.net:27017\", \"ac-1u1vjmy-shard-00-01.djz1hts.mongodb.net:27017\", \"ac-1u1vjmy-shard-00-02.djz1hts.mongodb.net:27017\"], \"setName\": \"atlas-931qd7-shard-0\", \"setVersion\": 10, \"secondary\": true, \"primary\": \"ac-1u1vjmy-shard-00-02.djz1hts.mongodb.net:27017\", \"tags\": {\"availabilityZone\": \"use1-az2\", \"diskState\": \"READY\", \"region\": \"US_EAST_1\", \"nodeType\": \"ELECTABLE\", \"provider\": \"AWS\", \"workloadType\": \"OPERATIONAL\"}, \"me\": \"ac-1u1vjmy-shard-00-00.djz1hts.mongodb.net:27017\", \"lastWrite\": {\"opTime\": {\"ts\": {\"$timestamp\": {\"t\": 1768718638, \"i\": 18}}, \"t\": 15}, \"lastWriteDate\": {\"$date\": \"2026-01-18T06:43:58Z\"}, \"majorityOpTime\": {\"ts\": {\"$timestamp\": {\"t\": 1768718638, \"i\": 18}}, \"t\": 15}, \"majorityWriteDate\": {\"$date\": \"2026-01-18T06:43:58Z\"}}, \"maxBsonObjectSize\": 16777216, \"maxMessageSizeBytes\": 48000000, \"maxWriteBatchSize\": 100000, \"localTi..."}
[ 2026-01-18 00:43:59,569 ] pymongo.connection - DEBUG - {"message": "Connection pool ready", "clientId": {"$oid": "696c812e43c5a3118689fbdb"}, "serverHost": "ac-1u1vjmy-shard-00-02.djz1hts.mongodb.net", "serverPort": 27017}
[ 2026-01-18 00:43:59,569 ] pymongo.topology - DEBUG - {"message": "Topology description changed", "topologyId": {"$oid": "696c812e43c5a3118689fbdb"}, "previousDescription": "<TopologyDescription id: 696c812e43c5a3118689fbdb, topology_type: ReplicaSetNoPrimary, servers: [<ServerDescription ('ac-1u1vjmy-shard-00-00.djz1hts.mongodb.net', 27017) server_type: Unknown, rtt: None>, <ServerDescription ('ac-1u1vjmy-shard-00-01.djz1hts.mongodb.net', 27017) server_type: RSSecondary, rtt: 0.05139379994943738>, <ServerDescription ('ac-1u1vjmy-shard-00-02.djz1hts.mongodb.net', 27017) server_type: Unknown, rtt: None>]>", "newDescription": "<TopologyDescription id: 696c812e43c5a3118689fbdb, topology_type: ReplicaSetWithPrimary, servers: [<ServerDescription ('ac-1u1vjmy-shard-00-00.djz1hts.mongodb.net', 27017) server_type: Unknown, rtt: None>, <ServerDescription ('ac-1u1vjmy-shard-00-01.djz1hts.mongodb.net', 27017) server_type: RSSecondary, rtt: 0.05139379994943738>, <ServerDescription ('ac-1u1vjmy-shard-00-02.djz1hts.mongodb.net', 27017) server_type: RSPrimary, rtt: 0.05228380020707846>]>"}
[ 2026-01-18 00:43:59,570 ] pymongo.topology - DEBUG - {"message": "Server heartbeat started", "topologyId": {"$oid": "696c812e43c5a3118689fbdb"}, "driverConnectionId": 1, "serverConnectionId": 98970, "serverHost": "ac-1u1vjmy-shard-00-01.djz1hts.mongodb.net", "serverPort": 27017, "awaited": true}
[ 2026-01-18 00:43:59,570 ] pymongo.serverSelection - DEBUG - {"message": "Server selection succeeded", "selector": "Primary()", "operation": "find", "topologyDescription": "<TopologyDescription id: 696c812e43c5a3118689fbdb, topology_type: ReplicaSetWithPrimary, servers: [<ServerDescription ('ac-1u1vjmy-shard-00-00.djz1hts.mongodb.net', 27017) server_type: Unknown, rtt: None>, <ServerDescription ('ac-1u1vjmy-shard-00-01.djz1hts.mongodb.net', 27017) server_type: RSSecondary, rtt: 0.05139379994943738>, <ServerDescription ('ac-1u1vjmy-shard-00-02.djz1hts.mongodb.net', 27017) server_type: RSPrimary, rtt: 0.05228380020707846>]>", "clientId": {"$oid": "696c812e43c5a3118689fbdb"}, "serverHost": "ac-1u1vjmy-shard-00-02.djz1hts.mongodb.net", "serverPort": 27017}
[ 2026-01-18 00:43:59,570 ] pymongo.connection - DEBUG - {"message": "Connection pool ready", "clientId": {"$oid": "696c812e43c5a3118689fbdb"}, "serverHost": "ac-1u1vjmy-shard-00-00.djz1hts.mongodb.net", "serverPort": 27017}
[ 2026-01-18 00:43:59,570 ] pymongo.topology - DEBUG - {"message": "Server heartbeat started", "topologyId": {"$oid": "696c812e43c5a3118689fbdb"}, "driverConnectionId": 1, "serverConnectionId": 104577, "serverHost": "ac-1u1vjmy-shard-00-02.djz1hts.mongodb.net", "serverPort": 27017, "awaited": true}
[ 2026-01-18 00:43:59,571 ] pymongo.connection - DEBUG - {"message": "Connection checkout started", "clientId": {"$oid": "696c812e43c5a3118689fbdb"}, "serverHost": "ac-1u1vjmy-shard-00-02.djz1hts.mongodb.net", "serverPort": 27017}
[ 2026-01-18 00:43:59,571 ] pymongo.topology - DEBUG - {"message": "Topology description changed", "topologyId": {"$oid": "696c812e43c5a3118689fbdb"}, "previousDescription": "<TopologyDescription id: 696c812e43c5a3118689fbdb, topology_type: ReplicaSetWithPrimary, servers: [<ServerDescription ('ac-1u1vjmy-shard-00-00.djz1hts.mongodb.net', 27017) server_type: Unknown, rtt: None>, <ServerDescription ('ac-1u1vjmy-shard-00-01.djz1hts.mongodb.net', 27017) server_type: RSSecondary, rtt: 0.05139379994943738>, <ServerDescription ('ac-1u1vjmy-shard-00-02.djz1hts.mongodb.net', 27017) server_type: RSPrimary, rtt: 0.05228380020707846>]>", "newDescription": "<TopologyDescription id: 696c812e43c5a3118689fbdb, topology_type: ReplicaSetWithPrimary, servers: [<ServerDescription ('ac-1u1vjmy-shard-00-00.djz1hts.mongodb.net', 27017) server_type: RSSecondary, rtt: 0.05384319997392595>, <ServerDescription ('ac-1u1vjmy-shard-00-01.djz1hts.mongodb.net', 27017) server_type: RSSecondary, rtt: 0.05139379994943738>, <ServerDescription ('ac-1u1vjmy-shard-00-02.djz1hts.mongodb.net', 27017) server_type: RSPrimary, rtt: 0.05228380020707846>]>"}
[ 2026-01-18 00:43:59,571 ] pymongo.connection - DEBUG - {"message": "Connection created", "clientId": {"$oid": "696c812e43c5a3118689fbdb"}, "serverHost": "ac-1u1vjmy-shard-00-02.djz1hts.mongodb.net", "serverPort": 27017, "driverConnectionId": 1}
[ 2026-01-18 00:43:59,572 ] pymongo.topology - DEBUG - {"message": "Server heartbeat started", "topologyId": {"$oid": "696c812e43c5a3118689fbdb"}, "driverConnectionId": 1, "serverConnectionId": 100749, "serverHost": "ac-1u1vjmy-shard-00-00.djz1hts.mongodb.net", "serverPort": 27017, "awaited": true}
[ 2026-01-18 00:43:59,939 ] pymongo.connection - DEBUG - {"message": "Connection ready", "clientId": {"$oid": "696c812e43c5a3118689fbdb"}, "serverHost": "ac-1u1vjmy-shard-00-02.djz1hts.mongodb.net", "serverPort": 27017, "driverConnectionId": 1, "durationMS": 0.20097039989195764}
[ 2026-01-18 00:43:59,940 ] pymongo.connection - DEBUG - {"message": "Connection checked out", "clientId": {"$oid": "696c812e43c5a3118689fbdb"}, "serverHost": "ac-1u1vjmy-shard-00-02.djz1hts.mongodb.net", "serverPort": 27017, "driverConnectionId": 1, "durationMS": 0.3689204999245703}
[ 2026-01-18 00:43:59,940 ] pymongo.command - DEBUG - {"message": "Command started", "clientId": {"$oid": "696c812e43c5a3118689fbdb"}, "command": "{\"find\": \"Proj1-Data\", \"lsid\": {\"id\": {\"$binary\": {\"base64\": \"l/11jNlFQrOdikm/ESzQ6g==\", \"subType\": \"04\"}}}, \"$clusterTime\": {\"clusterTime\": {\"$timestamp\": {\"t\": 1768718638, \"i\": 18}}, \"signature\": {\"hash\": {\"$binary\": {\"base64\": \"0vb2nLmSsllGpKSGV6KWOmffDsk=\", \"subType\": \"00\"}}, \"keyId\": 7566725175656316934}}, \"$db\": \"Customer-Churn\"}", "commandName": "find", "databaseName": "Customer-Churn", "requestId": 26500, "operationId": 26500, "driverConnectionId": 1, "serverConnectionId": 104589, "serverHost": "ac-1u1vjmy-shard-00-02.djz1hts.mongodb.net", "serverPort": 27017}
[ 2026-01-18 00:44:00,098 ] pymongo.command - DEBUG - {"message": "Command succeeded", "clientId": {"$oid": "696c812e43c5a3118689fbdb"}, "durationMS": 158.208, "reply": "{\"cursor\": {\"firstBatch\": [{\"_id\": {\"$oid\": \"69694a72cfa4574c33d9bcac\"}, \"customerID\": \"7590-VHVEG\", \"gender\": \"Female\", \"Partner\": \"Yes\", \"Dependents\": \"No\", \"tenure\": 1, \"PhoneService\": \"No\", \"MultipleLines\": \"No phone service\", \"InternetService\": \"DSL\", \"OnlineSecurity\": \"No\", \"OnlineBackup\": \"Yes\", \"DeviceProtection\": \"No\", \"TechSupport\": \"No\", \"StreamingTV\": \"No\", \"StreamingMovies\": \"No\", \"Contract\": \"Month-to-month\", \"PaperlessBilling\": \"Yes\", \"PaymentMethod\": \"Electronic check\", \"MonthlyCharges\": 29.85, \"TotalCharges\": \"29.85\", \"Churn\": \"No\"}, {\"_id\": {\"$oid\": \"69694a72cfa4574c33d9bcad\"}, \"customerID\": \"5575-GNVDE\", \"gender\": \"Male\", \"Partner\": \"No\", \"Dependents\": \"No\", \"tenure\": 34, \"PhoneService\": \"Yes\", \"MultipleLines\": \"No\", \"InternetService\": \"DSL\", \"OnlineSecurity\": \"Yes\", \"OnlineBackup\": \"No\", \"DeviceProtection\": \"Yes\", \"TechSupport\": \"No\", \"StreamingTV\": \"No\", \"StreamingMovies\": \"No\", \"Contract\": \"One year\", \"PaperlessBilling\": \"No\", \"PaymentMethod\": \"Mailed check\", \"Mon...", "commandName": "find", "databaseName": "Customer-Churn", "requestId": 26500, "operationId": 26500, "driverConnectionId": 1, "serverConnectionId": 104589, "serverHost": "ac-1u1vjmy-shard-00-02.djz1hts.mongodb.net", "serverPort": 27017}
[ 2026-01-18 00:44:00,099 ] pymongo.connection - DEBUG - {"message": "Connection checked in", "clientId": {"$oid": "696c812e43c5a3118689fbdb"}, "serverHost": "ac-1u1vjmy-shard-00-02.djz1hts.mongodb.net", "serverPort": 27017, "driverConnectionId": 1}
[ 2026-01-18 00:44:00,099 ] pymongo.serverSelection - DEBUG - {"message": "Server selection started", "selector": "<function any_server_selector at 0x0000029E1F074AE0>", "operation": "getMore", "topologyDescription": "<TopologyDescription id: 696c812e43c5a3118689fbdb, topology_type: ReplicaSetWithPrimary, servers: [<ServerDescription ('ac-1u1vjmy-shard-00-00.djz1hts.mongodb.net', 27017) server_type: RSSecondary, rtt: 0.05384319997392595>, <ServerDescription ('ac-1u1vjmy-shard-00-01.djz1hts.mongodb.net', 27017) server_type: RSSecondary, rtt: 0.05139379994943738>, <ServerDescription ('ac-1u1vjmy-shard-00-02.djz1hts.mongodb.net', 27017) server_type: RSPrimary, rtt: 0.05228380020707846>]>", "clientId": {"$oid": "696c812e43c5a3118689fbdb"}}
[ 2026-01-18 00:44:00,099 ] pymongo.serverSelection - DEBUG - {"message": "Server selection succeeded", "selector": "<function any_server_selector at 0x0000029E1F074AE0>", "operation": "getMore", "topologyDescription": "<TopologyDescription id: 696c812e43c5a3118689fbdb, topology_type: ReplicaSetWithPrimary, servers: [<ServerDescription ('ac-1u1vjmy-shard-00-00.djz1hts.mongodb.net', 27017) server_type: RSSecondary, rtt: 0.05384319997392595>, <ServerDescription ('ac-1u1vjmy-shard-00-01.djz1hts.mongodb.net', 27017) server_type: RSSecondary, rtt: 0.05139379994943738>, <ServerDescription ('ac-1u1vjmy-shard-00-02.djz1hts.mongodb.net', 27017) server_type: RSPrimary, rtt: 0.05228380020707846>]>", "clientId": {"$oid": "696c812e43c5a3118689fbdb"}, "serverHost": "ac-1u1vjmy-shard-00-02.djz1hts.mongodb.net", "serverPort": 27017}
[ 2026-01-18 00:44:00,099 ] pymongo.connection - DEBUG - {"message": "Connection checkout started", "clientId": {"$oid": "696c812e43c5a3118689fbdb"}, "serverHost": "ac-1u1vjmy-shard-00-02.djz1hts.mongodb.net", "serverPort": 27017}
[ 2026-01-18 00:44:00,099 ] pymongo.connection - DEBUG - {"message": "Connection checked out", "clientId": {"$oid": "696c812e43c5a3118689fbdb"}, "serverHost": "ac-1u1vjmy-shard-00-02.djz1hts.mongodb.net", "serverPort": 27017, "driverConnectionId": 1, "durationMS": 0.0001246000174432993}
[ 2026-01-18 00:44:00,100 ] pymongo.command - DEBUG - {"message": "Command started", "clientId": {"$oid": "696c812e43c5a3118689fbdb"}, "command": "{\"getMore\": 4066428215261940009, \"collection\": \"Proj1-Data\", \"lsid\": {\"id\": {\"$binary\": {\"base64\": \"l/11jNlFQrOdikm/ESzQ6g==\", \"subType\": \"04\"}}}, \"$clusterTime\": {\"clusterTime\": {\"$timestamp\": {\"t\": 1768718639, \"i\": 2}}, \"signature\": {\"hash\": {\"$binary\": {\"base64\": \"lX2t5ekhuRLDwmDqu9De/Uvsmwo=\", \"subType\": \"00\"}}, \"keyId\": 7566725175656316934}}, \"$db\": \"Customer-Churn\"}", "commandName": "getMore", "databaseName": "Customer-Churn", "requestId": 19169, "operationId": 19169, "driverConnectionId": 1, "serverConnectionId": 104589, "serverHost": "ac-1u1vjmy-shard-00-02.djz1hts.mongodb.net", "serverPort": 27017}
[ 2026-01-18 00:44:00,666 ] pymongo.command - DEBUG - {"message": "Command succeeded", "clientId": {"$oid": "696c812e43c5a3118689fbdb"}, "durationMS": 565.889, "reply": "{\"cursor\": {\"nextBatch\": [{\"_id\": {\"$oid\": \"69694a72cfa4574c33d9bd11\"}, \"customerID\": \"3679-XASPY\", \"gender\": \"Female\", \"Partner\": \"Yes\", \"Dependents\": \"Yes\", \"tenure\": 1, \"PhoneService\": \"Yes\", \"MultipleLines\": \"No\", \"InternetService\": \"No\", \"OnlineSecurity\": \"No internet service\", \"OnlineBackup\": \"No internet service\", \"DeviceProtection\": \"No internet service\", \"TechSupport\": \"No internet service\", \"StreamingTV\": \"No internet service\", \"StreamingMovies\": \"No internet service\", \"Contract\": \"Month-to-month\", \"PaperlessBilling\": \"No\", \"PaymentMethod\": \"Electronic check\", \"MonthlyCharges\": 19.45, \"TotalCharges\": \"19.45\", \"Churn\": \"No\"}, {\"_id\": {\"$oid\": \"69694a72cfa4574c33d9bd12\"}, \"customerID\": \"7123-WQUHX\", \"gender\": \"Male\", \"Partner\": \"No\", \"Dependents\": \"No\", \"tenure\": 38, \"PhoneService\": \"Yes\", \"MultipleLines\": \"Yes\", \"InternetService\": \"Fiber optic\", \"OnlineSecurity\": \"No\", \"OnlineBackup\": \"No\", \"DeviceProtection\": \"Yes\", \"TechSupport\": \"Yes\", \"StreamingTV\": \"Yes\", \"StreamingMovies...", "commandName": "getMore", "databaseName": "Customer-Churn", "requestId": 19169, "operationId": 19169, "driverConnectionId": 1, "serverConnectionId": 104589, "serverHost": "ac-1u1vjmy-shard-00-02.djz1hts.mongodb.net", "serverPort": 27017}
[ 2026-01-18 00:44:00,666 ] pymongo.connection - DEBUG - {"message": "Connection checked in", "clientId": {"$oid": "696c812e43c5a3118689fbdb"}, "serverHost": "ac-1u1vjmy-shard-00-02.djz1hts.mongodb.net", "serverPort": 27017, "driverConnectionId": 1}
[ 2026-01-18 00:44:00,739 ] root - INFO - Shape of dataframe: (7043, 22)
[ 2026-01-18 00:44:00,741 ] root - INFO - Saving exported data into feature store file path: artifact\01_18_2026_00_43_58\data_ingestion\feature_store\WA_Fn-UseC_-Telco-Customer-Churn.csv
[ 2026-01-18 00:44:00,837 ] root - INFO - Got the data from mongodb
[ 2026-01-18 00:44:00,837 ] root - INFO - Entered split_data_as_train_test method of Data_Ingestion class
[ 2026-01-18 00:44:00,843 ] root - INFO - Performed train test split on the dataframe
[ 2026-01-18 00:44:00,844 ] root - INFO - Exited split_data_as_train_test method of Data_Ingestion class
[ 2026-01-18 00:44:00,845 ] root - INFO - Exporting train and test file path.
[ 2026-01-18 00:44:00,917 ] root - INFO - Exported train and test file path.
[ 2026-01-18 00:44:00,919 ] root - INFO - Performed train test split on the dataset
[ 2026-01-18 00:44:00,920 ] root - INFO - Exited initiate_data_ingestion method of Data_Ingestion class
[ 2026-01-18 00:44:00,920 ] root - INFO - Data ingestion artifact: DataIngestionArtifact(trained_file_path='artifact\\01_18_2026_00_43_58\\data_ingestion\\ingested\\train.csv', test_file_path='artifact\\01_18_2026_00_43_58\\data_ingestion\\ingested\\test.csv')
[ 2026-01-18 00:44:00,929 ] root - INFO - Got the train_set and test_set from mongodb
[ 2026-01-18 00:44:00,929 ] root - INFO - Exited the start_data_ingestion method of TrainPipeline class
[ 2026-01-18 00:44:00,929 ] root - INFO - Entered the start_data_validation method of TrainPipeline class
[ 2026-01-18 00:44:00,970 ] root - INFO - Starting data validation
[ 2026-01-18 00:44:01,000 ] root - INFO - Is required column present: [True]
[ 2026-01-18 00:44:01,001 ] root - INFO - All required columns present in training dataframe: True
[ 2026-01-18 00:44:01,001 ] root - INFO - Is required column present: [True]
[ 2026-01-18 00:44:01,001 ] root - INFO - All required columns present in testing dataframe: True
[ 2026-01-18 00:44:01,002 ] root - INFO - All categorical/int columns present in training dataframe: True
[ 2026-01-18 00:44:01,002 ] root - INFO - All categorical/int columns present in testing dataframe: True
[ 2026-01-18 00:44:01,003 ] root - INFO - Data validation artifact created and saved to JSON file.
[ 2026-01-18 00:44:01,004 ] root - INFO - Data validation artifact: DataValidationArtifact(validation_status=True, message='', validation_report_file_path='artifact\\01_18_2026_00_43_58\\data_validation\\report.yaml')
[ 2026-01-18 00:44:01,004 ] root - INFO - Performed the data validation operation
[ 2026-01-18 00:44:01,005 ] root - INFO - Exited the start_data_validation method of TrainPipeline class
[ 2026-01-18 00:44:01,503 ] root - INFO - Data Transformation Started !!!
[ 2026-01-18 00:44:01,533 ] root - INFO - Train-Test data loaded
[ 2026-01-18 00:44:01,536 ] root - INFO - Input and Target cols defined for both train and test df.
[ 2026-01-18 00:44:01,536 ] root - INFO - Cleaning data: handling TotalCharges
[ 2026-01-18 00:44:01,542 ] root - INFO - TotalCharges cleaned and filled missing values with median
[ 2026-01-18 00:44:01,542 ] root - INFO - Mapping 'gender' column to binary values
[ 2026-01-18 00:44:01,544 ] root - INFO - Dropping id columns
[ 2026-01-18 00:44:01,545 ] root - INFO - Dropped columns: ['_id', 'customerID']
[ 2026-01-18 00:44:01,546 ] root - INFO - Creating dummy variables for categorical features
[ 2026-01-18 00:44:01,546 ] root - INFO - Creating dummy variables for: ['Partner', 'Dependents', 'PhoneService', 'MultipleLines', 'InternetService', 'OnlineSecurity', 'OnlineBackup', 'DeviceProtection', 'TechSupport', 'StreamingTV', 'StreamingMovies', 'Contract', 'PaperlessBilling', 'PaymentMethod']
[ 2026-01-18 00:44:01,562 ] root - INFO - Renaming specific columns and casting to int
[ 2026-01-18 00:44:01,564 ] root - INFO - Cleaning data: handling TotalCharges
[ 2026-01-18 00:44:01,566 ] root - INFO - TotalCharges cleaned and filled missing values with median
[ 2026-01-18 00:44:01,567 ] root - INFO - Mapping 'gender' column to binary values
[ 2026-01-18 00:44:01,568 ] root - INFO - Dropping id columns
[ 2026-01-18 00:44:01,569 ] root - INFO - Dropped columns: ['_id', 'customerID']
[ 2026-01-18 00:44:01,569 ] root - INFO - Creating dummy variables for categorical features
[ 2026-01-18 00:44:01,569 ] root - INFO - Creating dummy variables for: ['Partner', 'Dependents', 'PhoneService', 'MultipleLines', 'InternetService', 'OnlineSecurity', 'OnlineBackup', 'DeviceProtection', 'TechSupport', 'StreamingTV', 'StreamingMovies', 'Contract', 'PaperlessBilling', 'PaymentMethod']
[ 2026-01-18 00:44:01,577 ] root - INFO - Renaming specific columns and casting to int
[ 2026-01-18 00:44:01,578 ] root - INFO - Custom transformations applied to train and test data
[ 2026-01-18 00:44:01,579 ] root - INFO - Starting data transformation
[ 2026-01-18 00:44:01,579 ] root - INFO - Numerical features for scaling: ['tenure', 'MonthlyCharges']
[ 2026-01-18 00:44:01,579 ] root - INFO - MinMax columns: ['TotalCharges']
[ 2026-01-18 00:44:01,579 ] root - INFO - Got the preprocessor object
[ 2026-01-18 00:44:01,579 ] root - INFO - Initializing transformation for Training-data
[ 2026-01-18 00:44:01,590 ] root - INFO - Initializing transformation for Testing-data
[ 2026-01-18 00:44:01,595 ] root - INFO - Transformation done end to end to train-test df.
[ 2026-01-18 00:44:01,596 ] root - INFO - Applying SMOTEENN for handling imbalanced dataset.
[ 2026-01-18 00:44:03,514 ] root - INFO - SMOTEENN applied to train-test df.
[ 2026-01-18 00:44:03,520 ] root - INFO - feature-target concatenation done for train-test df.
[ 2026-01-18 00:44:03,520 ] root - INFO - Entered the save_object method of utils
[ 2026-01-18 00:44:03,564 ] root - INFO - Exited the save_object method of utils
[ 2026-01-18 00:44:03,576 ] root - INFO - Saving transformation object and transformed files.
[ 2026-01-18 00:44:03,576 ] root - INFO - Data transformation completed successfully
[ 2026-01-18 00:44:03,588 ] root - INFO - Entered initiate_model_trainer method of ModelTrainer class
[ 2026-01-18 00:44:03,603 ] root - INFO - train-test data loaded
[ 2026-01-18 00:44:03,603 ] root - INFO - Training RandomForestClassifier with specified parameters
[ 2026-01-18 00:44:03,603 ] root - INFO - train-test split done.
[ 2026-01-18 00:44:03,604 ] root - INFO - Model training going on...
[ 2026-01-18 00:44:04,335 ] root - INFO - Model training done.
[ 2026-01-18 00:44:04,372 ] root - ERROR - Error occurred in python script: [C:\Users\kavet\OneDrive\Desktop\github\src\components\model_trainer.py] at line number [91]: pos_label=1 is not a valid label. It should be one of ['No', 'Yes']
[ 2026-01-18 00:44:04,373 ] root - ERROR - Error occurred in python script: [C:\Users\kavet\OneDrive\Desktop\github\src\components\model_trainer.py] at line number [120]: Error occurred in python script: [C:\Users\kavet\OneDrive\Desktop\github\src\components\model_trainer.py] at line number [91]: pos_label=1 is not a valid label. It should be one of ['No', 'Yes']
[ 2026-01-18 00:44:04,373 ] root - ERROR - Error occurred in python script: [C:\Users\kavet\OneDrive\Desktop\github\src\pipline\training_pipeline.py] at line number [105]: Error occurred in python script: [C:\Users\kavet\OneDrive\Desktop\github\src\components\model_trainer.py] at line number [120]: Error occurred in python script: [C:\Users\kavet\OneDrive\Desktop\github\src\components\model_trainer.py] at line number [91]: pos_label=1 is not a valid label. It should be one of ['No', 'Yes']
[ 2026-01-18 00:44:04,373 ] root - ERROR - Error occurred in python script: [C:\Users\kavet\OneDrive\Desktop\github\src\pipline\training_pipeline.py] at line number [120]: Error occurred in python script: [C:\Users\kavet\OneDrive\Desktop\github\src\pipline\training_pipeline.py] at line number [105]: Error occurred in python script: [C:\Users\kavet\OneDrive\Desktop\github\src\components\model_trainer.py] at line number [120]: Error occurred in python script: [C:\Users\kavet\OneDrive\Desktop\github\src\components\model_trainer.py] at line number [91]: pos_label=1 is not a valid label. It should be one of ['No', 'Yes']
[ 2026-01-18 00:44:04,663 ] pymongo.topology - DEBUG - {"message": "Server heartbeat failed", "topologyId": {"$oid": "696c812e43c5a3118689fbdb"}, "serverHost": "ac-1u1vjmy-shard-00-01.djz1hts.mongodb.net", "serverPort": 27017, "awaited": true, "durationMS": 5093.103099847212, "failure": "\"_OperationCancelled('operation cancelled')\"", "driverConnectionId": 1}
[ 2026-01-18 00:44:04,678 ] pymongo.topology - DEBUG - {"message": "Server heartbeat failed", "topologyId": {"$oid": "696c812e43c5a3118689fbdb"}, "serverHost": "ac-1u1vjmy-shard-00-00.djz1hts.mongodb.net", "serverPort": 27017, "awaited": true, "durationMS": 5106.378399999812, "failure": "\"_OperationCancelled('operation cancelled')\"", "driverConnectionId": 1}
[ 2026-01-18 00:44:04,679 ] pymongo.topology - DEBUG - {"message": "Server heartbeat failed", "topologyId": {"$oid": "696c812e43c5a3118689fbdb"}, "serverHost": "ac-1u1vjmy-shard-00-02.djz1hts.mongodb.net", "serverPort": 27017, "awaited": true, "durationMS": 5108.528699958697, "failure": "\"_OperationCancelled('operation cancelled')\"", "driverConnectionId": 1}
