[ 2026-01-17 19:34:21,585 ] root - DEBUG - This is a debug message.
[ 2026-01-17 19:34:21,585 ] root - INFO - This is an info message.
[ 2026-01-17 19:34:21,586 ] root - WARNING - This is a warning message.
[ 2026-01-17 19:34:21,586 ] root - ERROR - This is an error message.
[ 2026-01-17 19:34:21,586 ] root - CRITICAL - This is a critical message.
[ 2026-01-17 19:34:24,132 ] root - INFO - Entered the start_data_ingestion method of TrainPipeline class
[ 2026-01-17 19:34:24,132 ] root - INFO - Getting the data from mongodb
[ 2026-01-17 19:34:24,132 ] root - INFO - Entered initiate_data_ingestion method of Data_Ingestion class
[ 2026-01-17 19:34:24,133 ] root - INFO - Exporting data from mongodb
[ 2026-01-17 19:34:25,113 ] pymongo.topology - DEBUG - {"message": "Starting topology monitoring", "topologyId": {"$oid": "696c38a097330d3152d81765"}}
[ 2026-01-17 19:34:25,113 ] pymongo.topology - DEBUG - {"message": "Topology description changed", "topologyId": {"$oid": "696c38a097330d3152d81765"}, "previousDescription": "<TopologyDescription id: 696c38a097330d3152d81765, topology_type: Unknown, servers: []>", "newDescription": "<TopologyDescription id: 696c38a097330d3152d81765, topology_type: ReplicaSetNoPrimary, servers: [<ServerDescription ('ac-1u1vjmy-shard-00-00.djz1hts.mongodb.net', 27017) server_type: Unknown, rtt: None>, <ServerDescription ('ac-1u1vjmy-shard-00-01.djz1hts.mongodb.net', 27017) server_type: Unknown, rtt: None>, <ServerDescription ('ac-1u1vjmy-shard-00-02.djz1hts.mongodb.net', 27017) server_type: Unknown, rtt: None>]>"}
[ 2026-01-17 19:34:25,113 ] pymongo.topology - DEBUG - {"message": "Starting server monitoring", "topologyId": {"$oid": "696c38a097330d3152d81765"}, "serverHost": "ac-1u1vjmy-shard-00-01.djz1hts.mongodb.net", "serverPort": 27017}
[ 2026-01-17 19:34:25,113 ] pymongo.topology - DEBUG - {"message": "Starting server monitoring", "topologyId": {"$oid": "696c38a097330d3152d81765"}, "serverHost": "ac-1u1vjmy-shard-00-00.djz1hts.mongodb.net", "serverPort": 27017}
[ 2026-01-17 19:34:25,113 ] pymongo.topology - DEBUG - {"message": "Starting server monitoring", "topologyId": {"$oid": "696c38a097330d3152d81765"}, "serverHost": "ac-1u1vjmy-shard-00-02.djz1hts.mongodb.net", "serverPort": 27017}
[ 2026-01-17 19:34:25,114 ] pymongo.connection - DEBUG - {"message": "Connection pool created", "clientId": {"$oid": "696c38a097330d3152d81765"}, "serverHost": "ac-1u1vjmy-shard-00-01.djz1hts.mongodb.net", "serverPort": 27017}
[ 2026-01-17 19:34:25,115 ] pymongo.connection - DEBUG - {"message": "Connection pool created", "clientId": {"$oid": "696c38a097330d3152d81765"}, "serverHost": "ac-1u1vjmy-shard-00-00.djz1hts.mongodb.net", "serverPort": 27017}
[ 2026-01-17 19:34:25,127 ] pymongo.connection - DEBUG - {"message": "Connection pool created", "clientId": {"$oid": "696c38a097330d3152d81765"}, "serverHost": "ac-1u1vjmy-shard-00-02.djz1hts.mongodb.net", "serverPort": 27017}
[ 2026-01-17 19:34:25,129 ] root - INFO - MongoDB connection successful.
[ 2026-01-17 19:34:25,129 ] pymongo.serverSelection - DEBUG - {"message": "Server selection started", "selector": "Primary()", "operation": "find", "topologyDescription": "<TopologyDescription id: 696c38a097330d3152d81765, topology_type: ReplicaSetNoPrimary, servers: [<ServerDescription ('ac-1u1vjmy-shard-00-00.djz1hts.mongodb.net', 27017) server_type: Unknown, rtt: None>, <ServerDescription ('ac-1u1vjmy-shard-00-01.djz1hts.mongodb.net', 27017) server_type: Unknown, rtt: None>, <ServerDescription ('ac-1u1vjmy-shard-00-02.djz1hts.mongodb.net', 27017) server_type: Unknown, rtt: None>]>", "clientId": {"$oid": "696c38a097330d3152d81765"}}
[ 2026-01-17 19:34:25,130 ] pymongo.serverSelection - DEBUG - {"message": "Waiting for suitable server to become available", "selector": "Primary()", "operation": "find", "topologyDescription": "<TopologyDescription id: 696c38a097330d3152d81765, topology_type: ReplicaSetNoPrimary, servers: [<ServerDescription ('ac-1u1vjmy-shard-00-00.djz1hts.mongodb.net', 27017) server_type: Unknown, rtt: None>, <ServerDescription ('ac-1u1vjmy-shard-00-01.djz1hts.mongodb.net', 27017) server_type: Unknown, rtt: None>, <ServerDescription ('ac-1u1vjmy-shard-00-02.djz1hts.mongodb.net', 27017) server_type: Unknown, rtt: None>]>", "clientId": {"$oid": "696c38a097330d3152d81765"}, "remainingTimeMS": 29999}
[ 2026-01-17 19:34:25,425 ] pymongo.topology - DEBUG - {"message": "Server heartbeat started", "topologyId": {"$oid": "696c38a097330d3152d81765"}, "driverConnectionId": 1, "serverHost": "ac-1u1vjmy-shard-00-00.djz1hts.mongodb.net", "serverPort": 27017, "awaited": false}
[ 2026-01-17 19:34:25,440 ] pymongo.topology - DEBUG - {"message": "Server heartbeat started", "topologyId": {"$oid": "696c38a097330d3152d81765"}, "driverConnectionId": 1, "serverHost": "ac-1u1vjmy-shard-00-02.djz1hts.mongodb.net", "serverPort": 27017, "awaited": false}
[ 2026-01-17 19:34:25,467 ] pymongo.topology - DEBUG - {"message": "Server heartbeat started", "topologyId": {"$oid": "696c38a097330d3152d81765"}, "driverConnectionId": 1, "serverHost": "ac-1u1vjmy-shard-00-01.djz1hts.mongodb.net", "serverPort": 27017, "awaited": false}
[ 2026-01-17 19:34:25,481 ] pymongo.topology - DEBUG - {"message": "Server heartbeat succeeded", "topologyId": {"$oid": "696c38a097330d3152d81765"}, "driverConnectionId": 1, "serverConnectionId": 93823, "serverHost": "ac-1u1vjmy-shard-00-00.djz1hts.mongodb.net", "serverPort": 27017, "awaited": false, "durationMS": 55.53069990128279, "reply": "{\"helloOk\": true, \"topologyVersion\": {\"processId\": {\"$oid\": \"69691fb9146e75e66ebab7e3\"}, \"counter\": 4}, \"hosts\": [\"ac-1u1vjmy-shard-00-00.djz1hts.mongodb.net:27017\", \"ac-1u1vjmy-shard-00-01.djz1hts.mongodb.net:27017\", \"ac-1u1vjmy-shard-00-02.djz1hts.mongodb.net:27017\"], \"setName\": \"atlas-931qd7-shard-0\", \"setVersion\": 10, \"secondary\": true, \"primary\": \"ac-1u1vjmy-shard-00-02.djz1hts.mongodb.net:27017\", \"tags\": {\"provider\": \"AWS\", \"availabilityZone\": \"use1-az2\", \"workloadType\": \"OPERATIONAL\", \"diskState\": \"READY\", \"region\": \"US_EAST_1\", \"nodeType\": \"ELECTABLE\"}, \"me\": \"ac-1u1vjmy-shard-00-00.djz1hts.mongodb.net:27017\", \"lastWrite\": {\"opTime\": {\"ts\": {\"$timestamp\": {\"t\": 1768700064, \"i\": 16}}, \"t\": 15}, \"lastWriteDate\": {\"$date\": \"2026-01-18T01:34:24Z\"}, \"majorityOpTime\": {\"ts\": {\"$timestamp\": {\"t\": 1768700064, \"i\": 16}}, \"t\": 15}, \"majorityWriteDate\": {\"$date\": \"2026-01-18T01:34:24Z\"}}, \"maxBsonObjectSize\": 16777216, \"maxMessageSizeBytes\": 48000000, \"maxWriteBatchSize\": 100000, \"localTi..."}
[ 2026-01-17 19:34:25,493 ] pymongo.connection - DEBUG - {"message": "Connection pool ready", "clientId": {"$oid": "696c38a097330d3152d81765"}, "serverHost": "ac-1u1vjmy-shard-00-00.djz1hts.mongodb.net", "serverPort": 27017}
[ 2026-01-17 19:34:25,493 ] pymongo.topology - DEBUG - {"message": "Topology description changed", "topologyId": {"$oid": "696c38a097330d3152d81765"}, "previousDescription": "<TopologyDescription id: 696c38a097330d3152d81765, topology_type: ReplicaSetNoPrimary, servers: [<ServerDescription ('ac-1u1vjmy-shard-00-00.djz1hts.mongodb.net', 27017) server_type: Unknown, rtt: None>, <ServerDescription ('ac-1u1vjmy-shard-00-01.djz1hts.mongodb.net', 27017) server_type: Unknown, rtt: None>, <ServerDescription ('ac-1u1vjmy-shard-00-02.djz1hts.mongodb.net', 27017) server_type: Unknown, rtt: None>]>", "newDescription": "<TopologyDescription id: 696c38a097330d3152d81765, topology_type: ReplicaSetNoPrimary, servers: [<ServerDescription ('ac-1u1vjmy-shard-00-00.djz1hts.mongodb.net', 27017) server_type: RSSecondary, rtt: 0.05553069990128279>, <ServerDescription ('ac-1u1vjmy-shard-00-01.djz1hts.mongodb.net', 27017) server_type: Unknown, rtt: None>, <ServerDescription ('ac-1u1vjmy-shard-00-02.djz1hts.mongodb.net', 27017) server_type: Unknown, rtt: None>]>"}
[ 2026-01-17 19:34:25,494 ] pymongo.topology - DEBUG - {"message": "Server heartbeat started", "topologyId": {"$oid": "696c38a097330d3152d81765"}, "driverConnectionId": 1, "serverConnectionId": 93823, "serverHost": "ac-1u1vjmy-shard-00-00.djz1hts.mongodb.net", "serverPort": 27017, "awaited": true}
[ 2026-01-17 19:34:25,495 ] pymongo.topology - DEBUG - {"message": "Server heartbeat succeeded", "topologyId": {"$oid": "696c38a097330d3152d81765"}, "driverConnectionId": 1, "serverConnectionId": 97420, "serverHost": "ac-1u1vjmy-shard-00-02.djz1hts.mongodb.net", "serverPort": 27017, "awaited": false, "durationMS": 54.40120003186166, "reply": "{\"helloOk\": true, \"topologyVersion\": {\"processId\": {\"$oid\": \"6969219f082a3c516728680e\"}, \"counter\": 6}, \"hosts\": [\"ac-1u1vjmy-shard-00-00.djz1hts.mongodb.net:27017\", \"ac-1u1vjmy-shard-00-01.djz1hts.mongodb.net:27017\", \"ac-1u1vjmy-shard-00-02.djz1hts.mongodb.net:27017\"], \"setName\": \"atlas-931qd7-shard-0\", \"setVersion\": 10, \"ismaster\": true, \"primary\": \"ac-1u1vjmy-shard-00-02.djz1hts.mongodb.net:27017\", \"tags\": {\"diskState\": \"READY\", \"provider\": \"AWS\", \"region\": \"US_EAST_1\", \"workloadType\": \"OPERATIONAL\", \"availabilityZone\": \"use1-az5\", \"nodeType\": \"ELECTABLE\"}, \"me\": \"ac-1u1vjmy-shard-00-02.djz1hts.mongodb.net:27017\", \"electionId\": {\"$oid\": \"7fffffff000000000000000f\"}, \"lastWrite\": {\"opTime\": {\"ts\": {\"$timestamp\": {\"t\": 1768700064, \"i\": 16}}, \"t\": 15}, \"lastWriteDate\": {\"$date\": \"2026-01-18T01:34:24Z\"}, \"majorityOpTime\": {\"ts\": {\"$timestamp\": {\"t\": 1768700064, \"i\": 16}}, \"t\": 15}, \"majorityWriteDate\": {\"$date\": \"2026-01-18T01:34:24Z\"}}, \"maxBsonObjectSize\": 16777216, \"maxMessageSizeByte..."}
[ 2026-01-17 19:34:25,495 ] pymongo.connection - DEBUG - {"message": "Connection pool ready", "clientId": {"$oid": "696c38a097330d3152d81765"}, "serverHost": "ac-1u1vjmy-shard-00-02.djz1hts.mongodb.net", "serverPort": 27017}
[ 2026-01-17 19:34:25,495 ] pymongo.topology - DEBUG - {"message": "Topology description changed", "topologyId": {"$oid": "696c38a097330d3152d81765"}, "previousDescription": "<TopologyDescription id: 696c38a097330d3152d81765, topology_type: ReplicaSetNoPrimary, servers: [<ServerDescription ('ac-1u1vjmy-shard-00-00.djz1hts.mongodb.net', 27017) server_type: RSSecondary, rtt: 0.05553069990128279>, <ServerDescription ('ac-1u1vjmy-shard-00-01.djz1hts.mongodb.net', 27017) server_type: Unknown, rtt: None>, <ServerDescription ('ac-1u1vjmy-shard-00-02.djz1hts.mongodb.net', 27017) server_type: Unknown, rtt: None>]>", "newDescription": "<TopologyDescription id: 696c38a097330d3152d81765, topology_type: ReplicaSetWithPrimary, servers: [<ServerDescription ('ac-1u1vjmy-shard-00-00.djz1hts.mongodb.net', 27017) server_type: RSSecondary, rtt: 0.05553069990128279>, <ServerDescription ('ac-1u1vjmy-shard-00-01.djz1hts.mongodb.net', 27017) server_type: Unknown, rtt: None>, <ServerDescription ('ac-1u1vjmy-shard-00-02.djz1hts.mongodb.net', 27017) server_type: RSPrimary, rtt: 0.05440120003186166>]>"}
[ 2026-01-17 19:34:25,496 ] pymongo.serverSelection - DEBUG - {"message": "Server selection succeeded", "selector": "Primary()", "operation": "find", "topologyDescription": "<TopologyDescription id: 696c38a097330d3152d81765, topology_type: ReplicaSetWithPrimary, servers: [<ServerDescription ('ac-1u1vjmy-shard-00-00.djz1hts.mongodb.net', 27017) server_type: RSSecondary, rtt: 0.05553069990128279>, <ServerDescription ('ac-1u1vjmy-shard-00-01.djz1hts.mongodb.net', 27017) server_type: Unknown, rtt: None>, <ServerDescription ('ac-1u1vjmy-shard-00-02.djz1hts.mongodb.net', 27017) server_type: RSPrimary, rtt: 0.05440120003186166>]>", "clientId": {"$oid": "696c38a097330d3152d81765"}, "serverHost": "ac-1u1vjmy-shard-00-02.djz1hts.mongodb.net", "serverPort": 27017}
[ 2026-01-17 19:34:25,496 ] pymongo.connection - DEBUG - {"message": "Connection checkout started", "clientId": {"$oid": "696c38a097330d3152d81765"}, "serverHost": "ac-1u1vjmy-shard-00-02.djz1hts.mongodb.net", "serverPort": 27017}
[ 2026-01-17 19:34:25,496 ] pymongo.topology - DEBUG - {"message": "Server heartbeat started", "topologyId": {"$oid": "696c38a097330d3152d81765"}, "driverConnectionId": 1, "serverConnectionId": 97420, "serverHost": "ac-1u1vjmy-shard-00-02.djz1hts.mongodb.net", "serverPort": 27017, "awaited": true}
[ 2026-01-17 19:34:25,496 ] pymongo.connection - DEBUG - {"message": "Connection created", "clientId": {"$oid": "696c38a097330d3152d81765"}, "serverHost": "ac-1u1vjmy-shard-00-02.djz1hts.mongodb.net", "serverPort": 27017, "driverConnectionId": 1}
[ 2026-01-17 19:34:25,525 ] pymongo.topology - DEBUG - {"message": "Server heartbeat succeeded", "topologyId": {"$oid": "696c38a097330d3152d81765"}, "driverConnectionId": 1, "serverConnectionId": 92107, "serverHost": "ac-1u1vjmy-shard-00-01.djz1hts.mongodb.net", "serverPort": 27017, "awaited": false, "durationMS": 57.63269984163344, "reply": "{\"helloOk\": true, \"topologyVersion\": {\"processId\": {\"$oid\": \"696923953f198139e3024850\"}, \"counter\": 3}, \"hosts\": [\"ac-1u1vjmy-shard-00-00.djz1hts.mongodb.net:27017\", \"ac-1u1vjmy-shard-00-01.djz1hts.mongodb.net:27017\", \"ac-1u1vjmy-shard-00-02.djz1hts.mongodb.net:27017\"], \"setName\": \"atlas-931qd7-shard-0\", \"setVersion\": 10, \"secondary\": true, \"primary\": \"ac-1u1vjmy-shard-00-02.djz1hts.mongodb.net:27017\", \"tags\": {\"region\": \"US_EAST_1\", \"diskState\": \"READY\", \"workloadType\": \"OPERATIONAL\", \"availabilityZone\": \"use1-az4\", \"nodeType\": \"ELECTABLE\", \"provider\": \"AWS\"}, \"me\": \"ac-1u1vjmy-shard-00-01.djz1hts.mongodb.net:27017\", \"lastWrite\": {\"opTime\": {\"ts\": {\"$timestamp\": {\"t\": 1768700064, \"i\": 16}}, \"t\": 15}, \"lastWriteDate\": {\"$date\": \"2026-01-18T01:34:24Z\"}, \"majorityOpTime\": {\"ts\": {\"$timestamp\": {\"t\": 1768700064, \"i\": 16}}, \"t\": 15}, \"majorityWriteDate\": {\"$date\": \"2026-01-18T01:34:24Z\"}}, \"maxBsonObjectSize\": 16777216, \"maxMessageSizeBytes\": 48000000, \"maxWriteBatchSize\": 100000, \"localTi..."}
[ 2026-01-17 19:34:25,526 ] pymongo.connection - DEBUG - {"message": "Connection pool ready", "clientId": {"$oid": "696c38a097330d3152d81765"}, "serverHost": "ac-1u1vjmy-shard-00-01.djz1hts.mongodb.net", "serverPort": 27017}
[ 2026-01-17 19:34:25,526 ] pymongo.topology - DEBUG - {"message": "Topology description changed", "topologyId": {"$oid": "696c38a097330d3152d81765"}, "previousDescription": "<TopologyDescription id: 696c38a097330d3152d81765, topology_type: ReplicaSetWithPrimary, servers: [<ServerDescription ('ac-1u1vjmy-shard-00-00.djz1hts.mongodb.net', 27017) server_type: RSSecondary, rtt: 0.05553069990128279>, <ServerDescription ('ac-1u1vjmy-shard-00-01.djz1hts.mongodb.net', 27017) server_type: Unknown, rtt: None>, <ServerDescription ('ac-1u1vjmy-shard-00-02.djz1hts.mongodb.net', 27017) server_type: RSPrimary, rtt: 0.05440120003186166>]>", "newDescription": "<TopologyDescription id: 696c38a097330d3152d81765, topology_type: ReplicaSetWithPrimary, servers: [<ServerDescription ('ac-1u1vjmy-shard-00-00.djz1hts.mongodb.net', 27017) server_type: RSSecondary, rtt: 0.05553069990128279>, <ServerDescription ('ac-1u1vjmy-shard-00-01.djz1hts.mongodb.net', 27017) server_type: RSSecondary, rtt: 0.05763269984163344>, <ServerDescription ('ac-1u1vjmy-shard-00-02.djz1hts.mongodb.net', 27017) server_type: RSPrimary, rtt: 0.05440120003186166>]>"}
[ 2026-01-17 19:34:25,526 ] pymongo.topology - DEBUG - {"message": "Server heartbeat started", "topologyId": {"$oid": "696c38a097330d3152d81765"}, "driverConnectionId": 1, "serverConnectionId": 92107, "serverHost": "ac-1u1vjmy-shard-00-01.djz1hts.mongodb.net", "serverPort": 27017, "awaited": true}
[ 2026-01-17 19:34:25,840 ] pymongo.connection - DEBUG - {"message": "Connection ready", "clientId": {"$oid": "696c38a097330d3152d81765"}, "serverHost": "ac-1u1vjmy-shard-00-02.djz1hts.mongodb.net", "serverPort": 27017, "driverConnectionId": 1, "durationMS": 0.19056140002794564}
[ 2026-01-17 19:34:25,840 ] pymongo.connection - DEBUG - {"message": "Connection checked out", "clientId": {"$oid": "696c38a097330d3152d81765"}, "serverHost": "ac-1u1vjmy-shard-00-02.djz1hts.mongodb.net", "serverPort": 27017, "driverConnectionId": 1, "durationMS": 0.34438330004923046}
[ 2026-01-17 19:34:25,841 ] pymongo.command - DEBUG - {"message": "Command started", "clientId": {"$oid": "696c38a097330d3152d81765"}, "command": "{\"find\": \"Proj1-Data\", \"lsid\": {\"id\": {\"$binary\": {\"base64\": \"U1745KZ8ShenT70tjI0Vbw==\", \"subType\": \"04\"}}}, \"$clusterTime\": {\"clusterTime\": {\"$timestamp\": {\"t\": 1768700064, \"i\": 16}}, \"signature\": {\"hash\": {\"$binary\": {\"base64\": \"tAdJcVf/NJKW676rzXWjTYEHt8o=\", \"subType\": \"00\"}}, \"keyId\": 7566725175656316934}}, \"$db\": \"Customer-Churn\"}", "commandName": "find", "databaseName": "Customer-Churn", "requestId": 26500, "operationId": 26500, "driverConnectionId": 1, "serverConnectionId": 97324, "serverHost": "ac-1u1vjmy-shard-00-02.djz1hts.mongodb.net", "serverPort": 27017}
[ 2026-01-17 19:34:26,028 ] pymongo.command - DEBUG - {"message": "Command succeeded", "clientId": {"$oid": "696c38a097330d3152d81765"}, "durationMS": 187.246, "reply": "{\"cursor\": {\"firstBatch\": [{\"_id\": {\"$oid\": \"69694a72cfa4574c33d9bcac\"}, \"customerID\": \"7590-VHVEG\", \"gender\": \"Female\", \"Partner\": \"Yes\", \"Dependents\": \"No\", \"tenure\": 1, \"PhoneService\": \"No\", \"MultipleLines\": \"No phone service\", \"InternetService\": \"DSL\", \"OnlineSecurity\": \"No\", \"OnlineBackup\": \"Yes\", \"DeviceProtection\": \"No\", \"TechSupport\": \"No\", \"StreamingTV\": \"No\", \"StreamingMovies\": \"No\", \"Contract\": \"Month-to-month\", \"PaperlessBilling\": \"Yes\", \"PaymentMethod\": \"Electronic check\", \"MonthlyCharges\": 29.85, \"TotalCharges\": \"29.85\", \"Churn\": \"No\"}, {\"_id\": {\"$oid\": \"69694a72cfa4574c33d9bcad\"}, \"customerID\": \"5575-GNVDE\", \"gender\": \"Male\", \"Partner\": \"No\", \"Dependents\": \"No\", \"tenure\": 34, \"PhoneService\": \"Yes\", \"MultipleLines\": \"No\", \"InternetService\": \"DSL\", \"OnlineSecurity\": \"Yes\", \"OnlineBackup\": \"No\", \"DeviceProtection\": \"Yes\", \"TechSupport\": \"No\", \"StreamingTV\": \"No\", \"StreamingMovies\": \"No\", \"Contract\": \"One year\", \"PaperlessBilling\": \"No\", \"PaymentMethod\": \"Mailed check\", \"Mon...", "commandName": "find", "databaseName": "Customer-Churn", "requestId": 26500, "operationId": 26500, "driverConnectionId": 1, "serverConnectionId": 97324, "serverHost": "ac-1u1vjmy-shard-00-02.djz1hts.mongodb.net", "serverPort": 27017}
[ 2026-01-17 19:34:26,028 ] pymongo.connection - DEBUG - {"message": "Connection checked in", "clientId": {"$oid": "696c38a097330d3152d81765"}, "serverHost": "ac-1u1vjmy-shard-00-02.djz1hts.mongodb.net", "serverPort": 27017, "driverConnectionId": 1}
[ 2026-01-17 19:34:26,029 ] pymongo.serverSelection - DEBUG - {"message": "Server selection started", "selector": "<function any_server_selector at 0x0000020964A84360>", "operation": "getMore", "topologyDescription": "<TopologyDescription id: 696c38a097330d3152d81765, topology_type: ReplicaSetWithPrimary, servers: [<ServerDescription ('ac-1u1vjmy-shard-00-00.djz1hts.mongodb.net', 27017) server_type: RSSecondary, rtt: 0.05553069990128279>, <ServerDescription ('ac-1u1vjmy-shard-00-01.djz1hts.mongodb.net', 27017) server_type: RSSecondary, rtt: 0.05763269984163344>, <ServerDescription ('ac-1u1vjmy-shard-00-02.djz1hts.mongodb.net', 27017) server_type: RSPrimary, rtt: 0.05440120003186166>]>", "clientId": {"$oid": "696c38a097330d3152d81765"}}
[ 2026-01-17 19:34:26,029 ] pymongo.serverSelection - DEBUG - {"message": "Server selection succeeded", "selector": "<function any_server_selector at 0x0000020964A84360>", "operation": "getMore", "topologyDescription": "<TopologyDescription id: 696c38a097330d3152d81765, topology_type: ReplicaSetWithPrimary, servers: [<ServerDescription ('ac-1u1vjmy-shard-00-00.djz1hts.mongodb.net', 27017) server_type: RSSecondary, rtt: 0.05553069990128279>, <ServerDescription ('ac-1u1vjmy-shard-00-01.djz1hts.mongodb.net', 27017) server_type: RSSecondary, rtt: 0.05763269984163344>, <ServerDescription ('ac-1u1vjmy-shard-00-02.djz1hts.mongodb.net', 27017) server_type: RSPrimary, rtt: 0.05440120003186166>]>", "clientId": {"$oid": "696c38a097330d3152d81765"}, "serverHost": "ac-1u1vjmy-shard-00-02.djz1hts.mongodb.net", "serverPort": 27017}
[ 2026-01-17 19:34:26,029 ] pymongo.connection - DEBUG - {"message": "Connection checkout started", "clientId": {"$oid": "696c38a097330d3152d81765"}, "serverHost": "ac-1u1vjmy-shard-00-02.djz1hts.mongodb.net", "serverPort": 27017}
[ 2026-01-17 19:34:26,029 ] pymongo.connection - DEBUG - {"message": "Connection checked out", "clientId": {"$oid": "696c38a097330d3152d81765"}, "serverHost": "ac-1u1vjmy-shard-00-02.djz1hts.mongodb.net", "serverPort": 27017, "driverConnectionId": 1, "durationMS": 0.0001308000646531582}
[ 2026-01-17 19:34:26,029 ] pymongo.command - DEBUG - {"message": "Command started", "clientId": {"$oid": "696c38a097330d3152d81765"}, "command": "{\"getMore\": 2149473626433417570, \"collection\": \"Proj1-Data\", \"lsid\": {\"id\": {\"$binary\": {\"base64\": \"U1745KZ8ShenT70tjI0Vbw==\", \"subType\": \"04\"}}}, \"$clusterTime\": {\"clusterTime\": {\"$timestamp\": {\"t\": 1768700064, \"i\": 16}}, \"signature\": {\"hash\": {\"$binary\": {\"base64\": \"tAdJcVf/NJKW676rzXWjTYEHt8o=\", \"subType\": \"00\"}}, \"keyId\": 7566725175656316934}}, \"$db\": \"Customer-Churn\"}", "commandName": "getMore", "databaseName": "Customer-Churn", "requestId": 19169, "operationId": 19169, "driverConnectionId": 1, "serverConnectionId": 97324, "serverHost": "ac-1u1vjmy-shard-00-02.djz1hts.mongodb.net", "serverPort": 27017}
[ 2026-01-17 19:34:26,659 ] pymongo.command - DEBUG - {"message": "Command succeeded", "clientId": {"$oid": "696c38a097330d3152d81765"}, "durationMS": 630.225, "reply": "{\"cursor\": {\"nextBatch\": [{\"_id\": {\"$oid\": \"69694a72cfa4574c33d9bd11\"}, \"customerID\": \"3679-XASPY\", \"gender\": \"Female\", \"Partner\": \"Yes\", \"Dependents\": \"Yes\", \"tenure\": 1, \"PhoneService\": \"Yes\", \"MultipleLines\": \"No\", \"InternetService\": \"No\", \"OnlineSecurity\": \"No internet service\", \"OnlineBackup\": \"No internet service\", \"DeviceProtection\": \"No internet service\", \"TechSupport\": \"No internet service\", \"StreamingTV\": \"No internet service\", \"StreamingMovies\": \"No internet service\", \"Contract\": \"Month-to-month\", \"PaperlessBilling\": \"No\", \"PaymentMethod\": \"Electronic check\", \"MonthlyCharges\": 19.45, \"TotalCharges\": \"19.45\", \"Churn\": \"No\"}, {\"_id\": {\"$oid\": \"69694a72cfa4574c33d9bd12\"}, \"customerID\": \"7123-WQUHX\", \"gender\": \"Male\", \"Partner\": \"No\", \"Dependents\": \"No\", \"tenure\": 38, \"PhoneService\": \"Yes\", \"MultipleLines\": \"Yes\", \"InternetService\": \"Fiber optic\", \"OnlineSecurity\": \"No\", \"OnlineBackup\": \"No\", \"DeviceProtection\": \"Yes\", \"TechSupport\": \"Yes\", \"StreamingTV\": \"Yes\", \"StreamingMovies...", "commandName": "getMore", "databaseName": "Customer-Churn", "requestId": 19169, "operationId": 19169, "driverConnectionId": 1, "serverConnectionId": 97324, "serverHost": "ac-1u1vjmy-shard-00-02.djz1hts.mongodb.net", "serverPort": 27017}
[ 2026-01-17 19:34:26,660 ] pymongo.connection - DEBUG - {"message": "Connection checked in", "clientId": {"$oid": "696c38a097330d3152d81765"}, "serverHost": "ac-1u1vjmy-shard-00-02.djz1hts.mongodb.net", "serverPort": 27017, "driverConnectionId": 1}
[ 2026-01-17 19:34:26,716 ] root - INFO - Shape of dataframe: (7043, 22)
[ 2026-01-17 19:34:26,718 ] root - INFO - Saving exported data into feature store file path: artifact\01_17_2026_19_34_24\data_ingestion\feature_store\WA_Fn-UseC_-Telco-Customer-Churn.csv
[ 2026-01-17 19:34:26,779 ] root - INFO - Got the data from mongodb
[ 2026-01-17 19:34:26,779 ] root - INFO - Entered split_data_as_train_test method of Data_Ingestion class
[ 2026-01-17 19:34:26,787 ] root - INFO - Performed train test split on the dataframe
[ 2026-01-17 19:34:26,788 ] root - INFO - Exited split_data_as_train_test method of Data_Ingestion class
[ 2026-01-17 19:34:26,789 ] root - INFO - Exporting train and test file path.
[ 2026-01-17 19:34:26,851 ] root - INFO - Exported train and test file path.
[ 2026-01-17 19:34:26,855 ] root - INFO - Performed train test split on the dataset
[ 2026-01-17 19:34:26,855 ] root - INFO - Exited initiate_data_ingestion method of Data_Ingestion class
[ 2026-01-17 19:34:26,855 ] root - INFO - Data ingestion artifact: DataIngestionArtifact(trained_file_path='artifact\\01_17_2026_19_34_24\\data_ingestion\\ingested\\train.csv', test_file_path='artifact\\01_17_2026_19_34_24\\data_ingestion\\ingested\\test.csv')
[ 2026-01-17 19:34:26,862 ] root - INFO - Got the train_set and test_set from mongodb
[ 2026-01-17 19:34:26,862 ] root - INFO - Exited the start_data_ingestion method of TrainPipeline class
[ 2026-01-17 19:34:26,862 ] root - INFO - Entered the start_data_validation method of TrainPipeline class
[ 2026-01-17 19:34:26,896 ] root - INFO - Starting data validation
[ 2026-01-17 19:34:26,927 ] root - INFO - Is required column present: [True]
[ 2026-01-17 19:34:26,927 ] root - INFO - All required columns present in training dataframe: True
[ 2026-01-17 19:34:26,927 ] root - INFO - Is required column present: [True]
[ 2026-01-17 19:34:26,927 ] root - INFO - All required columns present in testing dataframe: True
[ 2026-01-17 19:34:26,928 ] root - INFO - All categorical/int columns present in training dataframe: True
[ 2026-01-17 19:34:26,928 ] root - INFO - All categorical/int columns present in testing dataframe: True
[ 2026-01-17 19:34:26,930 ] root - INFO - Data validation artifact created and saved to JSON file.
[ 2026-01-17 19:34:26,930 ] root - INFO - Data validation artifact: DataValidationArtifact(validation_status=True, message='', validation_report_file_path='artifact\\01_17_2026_19_34_24\\data_validation\\report.yaml')
[ 2026-01-17 19:34:26,931 ] root - INFO - Performed the data validation operation
[ 2026-01-17 19:34:26,931 ] root - INFO - Exited the start_data_validation method of TrainPipeline class
[ 2026-01-17 19:34:27,441 ] root - INFO - Data Transformation Started !!!
[ 2026-01-17 19:34:27,470 ] root - INFO - Train-Test data loaded
[ 2026-01-17 19:34:27,473 ] root - INFO - Input and Target cols defined for both train and test df.
[ 2026-01-17 19:34:27,473 ] root - INFO - Cleaning data: handling TotalCharges
[ 2026-01-17 19:34:27,479 ] root - INFO - TotalCharges cleaned and filled missing values with median
[ 2026-01-17 19:34:27,480 ] root - INFO - Mapping 'gender' column to binary values
[ 2026-01-17 19:34:27,481 ] root - INFO - Dropping id columns
[ 2026-01-17 19:34:27,482 ] root - INFO - Dropped columns: ['_id', 'customerID']
[ 2026-01-17 19:34:27,483 ] root - INFO - Creating dummy variables for categorical features
[ 2026-01-17 19:34:27,483 ] root - INFO - Creating dummy variables for: ['Partner', 'Dependents', 'PhoneService', 'MultipleLines', 'InternetService', 'OnlineSecurity', 'OnlineBackup', 'DeviceProtection', 'TechSupport', 'StreamingTV', 'StreamingMovies', 'Contract', 'PaperlessBilling', 'PaymentMethod']
[ 2026-01-17 19:34:27,496 ] root - INFO - Renaming specific columns and casting to int
[ 2026-01-17 19:34:27,497 ] root - INFO - Cleaning data: handling TotalCharges
[ 2026-01-17 19:34:27,499 ] root - INFO - TotalCharges cleaned and filled missing values with median
[ 2026-01-17 19:34:27,500 ] root - INFO - Mapping 'gender' column to binary values
[ 2026-01-17 19:34:27,501 ] root - INFO - Dropping id columns
[ 2026-01-17 19:34:27,501 ] root - INFO - Dropped columns: ['_id', 'customerID']
[ 2026-01-17 19:34:27,502 ] root - INFO - Creating dummy variables for categorical features
[ 2026-01-17 19:34:27,502 ] root - INFO - Creating dummy variables for: ['Partner', 'Dependents', 'PhoneService', 'MultipleLines', 'InternetService', 'OnlineSecurity', 'OnlineBackup', 'DeviceProtection', 'TechSupport', 'StreamingTV', 'StreamingMovies', 'Contract', 'PaperlessBilling', 'PaymentMethod']
[ 2026-01-17 19:34:27,511 ] root - INFO - Renaming specific columns and casting to int
[ 2026-01-17 19:34:27,512 ] root - INFO - Custom transformations applied to train and test data
[ 2026-01-17 19:34:27,512 ] root - INFO - Starting data transformation
[ 2026-01-17 19:34:27,512 ] root - INFO - Numerical features for scaling: ['tenure', 'MonthlyCharges']
[ 2026-01-17 19:34:27,512 ] root - INFO - MinMax columns: ['TotalCharges']
[ 2026-01-17 19:34:27,512 ] root - INFO - Got the preprocessor object
[ 2026-01-17 19:34:27,513 ] root - INFO - Initializing transformation for Training-data
[ 2026-01-17 19:34:27,525 ] root - INFO - Initializing transformation for Testing-data
[ 2026-01-17 19:34:27,530 ] root - INFO - Transformation done end to end to train-test df.
[ 2026-01-17 19:34:27,530 ] root - INFO - Applying SMOTEENN for handling imbalanced dataset.
[ 2026-01-17 19:34:32,250 ] root - INFO - SMOTEENN applied to train-test df.
[ 2026-01-17 19:34:32,256 ] root - INFO - feature-target concatenation done for train-test df.
[ 2026-01-17 19:34:32,257 ] root - INFO - Entered the save_object method of utils
[ 2026-01-17 19:34:32,263 ] root - INFO - Exited the save_object method of utils
[ 2026-01-17 19:34:32,278 ] root - INFO - Saving transformation object and transformed files.
[ 2026-01-17 19:34:32,279 ] root - INFO - Data transformation completed successfully
[ 2026-01-17 19:34:32,589 ] pymongo.topology - DEBUG - {"message": "Server heartbeat failed", "topologyId": {"$oid": "696c38a097330d3152d81765"}, "serverHost": "ac-1u1vjmy-shard-00-00.djz1hts.mongodb.net", "serverPort": 27017, "awaited": true, "durationMS": 7094.457299914211, "failure": "\"_OperationCancelled('operation cancelled')\"", "driverConnectionId": 1}
[ 2026-01-17 19:34:32,589 ] pymongo.topology - DEBUG - {"message": "Server heartbeat failed", "topologyId": {"$oid": "696c38a097330d3152d81765"}, "serverHost": "ac-1u1vjmy-shard-00-02.djz1hts.mongodb.net", "serverPort": 27017, "awaited": true, "durationMS": 7092.941300012171, "failure": "\"_OperationCancelled('operation cancelled')\"", "driverConnectionId": 1}
[ 2026-01-17 19:34:32,619 ] pymongo.topology - DEBUG - {"message": "Server heartbeat failed", "topologyId": {"$oid": "696c38a097330d3152d81765"}, "serverHost": "ac-1u1vjmy-shard-00-01.djz1hts.mongodb.net", "serverPort": 27017, "awaited": true, "durationMS": 7092.546700034291, "failure": "\"_OperationCancelled('operation cancelled')\"", "driverConnectionId": 1}
