[ 2026-01-18 00:38:16,942 ] root - DEBUG - This is a debug message.
[ 2026-01-18 00:38:16,942 ] root - INFO - This is an info message.
[ 2026-01-18 00:38:16,942 ] root - WARNING - This is a warning message.
[ 2026-01-18 00:38:16,943 ] root - ERROR - This is an error message.
[ 2026-01-18 00:38:16,943 ] root - CRITICAL - This is a critical message.
[ 2026-01-18 00:38:19,161 ] root - INFO - Entered the start_data_ingestion method of TrainPipeline class
[ 2026-01-18 00:38:19,162 ] root - INFO - Getting the data from mongodb
[ 2026-01-18 00:38:19,162 ] root - INFO - Entered initiate_data_ingestion method of Data_Ingestion class
[ 2026-01-18 00:38:19,163 ] root - INFO - Exporting data from mongodb
[ 2026-01-18 00:38:22,380 ] pymongo.topology - DEBUG - {"message": "Starting topology monitoring", "topologyId": {"$oid": "696c7fdb1df3a3c8453f8cdc"}}
[ 2026-01-18 00:38:22,418 ] pymongo.topology - DEBUG - {"message": "Topology description changed", "topologyId": {"$oid": "696c7fdb1df3a3c8453f8cdc"}, "previousDescription": "<TopologyDescription id: 696c7fdb1df3a3c8453f8cdc, topology_type: Unknown, servers: []>", "newDescription": "<TopologyDescription id: 696c7fdb1df3a3c8453f8cdc, topology_type: ReplicaSetNoPrimary, servers: [<ServerDescription ('ac-1u1vjmy-shard-00-00.djz1hts.mongodb.net', 27017) server_type: Unknown, rtt: None>, <ServerDescription ('ac-1u1vjmy-shard-00-01.djz1hts.mongodb.net', 27017) server_type: Unknown, rtt: None>, <ServerDescription ('ac-1u1vjmy-shard-00-02.djz1hts.mongodb.net', 27017) server_type: Unknown, rtt: None>]>"}
[ 2026-01-18 00:38:22,418 ] pymongo.topology - DEBUG - {"message": "Starting server monitoring", "topologyId": {"$oid": "696c7fdb1df3a3c8453f8cdc"}, "serverHost": "ac-1u1vjmy-shard-00-02.djz1hts.mongodb.net", "serverPort": 27017}
[ 2026-01-18 00:38:22,418 ] pymongo.topology - DEBUG - {"message": "Starting server monitoring", "topologyId": {"$oid": "696c7fdb1df3a3c8453f8cdc"}, "serverHost": "ac-1u1vjmy-shard-00-01.djz1hts.mongodb.net", "serverPort": 27017}
[ 2026-01-18 00:38:22,418 ] pymongo.topology - DEBUG - {"message": "Starting server monitoring", "topologyId": {"$oid": "696c7fdb1df3a3c8453f8cdc"}, "serverHost": "ac-1u1vjmy-shard-00-00.djz1hts.mongodb.net", "serverPort": 27017}
[ 2026-01-18 00:38:22,419 ] pymongo.connection - DEBUG - {"message": "Connection pool created", "clientId": {"$oid": "696c7fdb1df3a3c8453f8cdc"}, "serverHost": "ac-1u1vjmy-shard-00-02.djz1hts.mongodb.net", "serverPort": 27017}
[ 2026-01-18 00:38:22,420 ] pymongo.connection - DEBUG - {"message": "Connection pool created", "clientId": {"$oid": "696c7fdb1df3a3c8453f8cdc"}, "serverHost": "ac-1u1vjmy-shard-00-01.djz1hts.mongodb.net", "serverPort": 27017}
[ 2026-01-18 00:38:22,422 ] pymongo.connection - DEBUG - {"message": "Connection pool created", "clientId": {"$oid": "696c7fdb1df3a3c8453f8cdc"}, "serverHost": "ac-1u1vjmy-shard-00-00.djz1hts.mongodb.net", "serverPort": 27017}
[ 2026-01-18 00:38:22,423 ] root - INFO - MongoDB connection successful.
[ 2026-01-18 00:38:22,424 ] pymongo.serverSelection - DEBUG - {"message": "Server selection started", "selector": "Primary()", "operation": "find", "topologyDescription": "<TopologyDescription id: 696c7fdb1df3a3c8453f8cdc, topology_type: ReplicaSetNoPrimary, servers: [<ServerDescription ('ac-1u1vjmy-shard-00-00.djz1hts.mongodb.net', 27017) server_type: Unknown, rtt: None>, <ServerDescription ('ac-1u1vjmy-shard-00-01.djz1hts.mongodb.net', 27017) server_type: Unknown, rtt: None>, <ServerDescription ('ac-1u1vjmy-shard-00-02.djz1hts.mongodb.net', 27017) server_type: Unknown, rtt: None>]>", "clientId": {"$oid": "696c7fdb1df3a3c8453f8cdc"}}
[ 2026-01-18 00:38:22,424 ] pymongo.serverSelection - DEBUG - {"message": "Waiting for suitable server to become available", "selector": "Primary()", "operation": "find", "topologyDescription": "<TopologyDescription id: 696c7fdb1df3a3c8453f8cdc, topology_type: ReplicaSetNoPrimary, servers: [<ServerDescription ('ac-1u1vjmy-shard-00-00.djz1hts.mongodb.net', 27017) server_type: Unknown, rtt: None>, <ServerDescription ('ac-1u1vjmy-shard-00-01.djz1hts.mongodb.net', 27017) server_type: Unknown, rtt: None>, <ServerDescription ('ac-1u1vjmy-shard-00-02.djz1hts.mongodb.net', 27017) server_type: Unknown, rtt: None>]>", "clientId": {"$oid": "696c7fdb1df3a3c8453f8cdc"}, "remainingTimeMS": 29999}
[ 2026-01-18 00:38:22,746 ] pymongo.topology - DEBUG - {"message": "Server heartbeat started", "topologyId": {"$oid": "696c7fdb1df3a3c8453f8cdc"}, "driverConnectionId": 1, "serverHost": "ac-1u1vjmy-shard-00-01.djz1hts.mongodb.net", "serverPort": 27017, "awaited": false}
[ 2026-01-18 00:38:22,746 ] pymongo.topology - DEBUG - {"message": "Server heartbeat started", "topologyId": {"$oid": "696c7fdb1df3a3c8453f8cdc"}, "driverConnectionId": 1, "serverHost": "ac-1u1vjmy-shard-00-02.djz1hts.mongodb.net", "serverPort": 27017, "awaited": false}
[ 2026-01-18 00:38:22,749 ] pymongo.topology - DEBUG - {"message": "Server heartbeat started", "topologyId": {"$oid": "696c7fdb1df3a3c8453f8cdc"}, "driverConnectionId": 1, "serverHost": "ac-1u1vjmy-shard-00-00.djz1hts.mongodb.net", "serverPort": 27017, "awaited": false}
[ 2026-01-18 00:38:22,797 ] pymongo.topology - DEBUG - {"message": "Server heartbeat succeeded", "topologyId": {"$oid": "696c7fdb1df3a3c8453f8cdc"}, "driverConnectionId": 1, "serverConnectionId": 98850, "serverHost": "ac-1u1vjmy-shard-00-01.djz1hts.mongodb.net", "serverPort": 27017, "awaited": false, "durationMS": 50.182600039988756, "reply": "{\"helloOk\": true, \"topologyVersion\": {\"processId\": {\"$oid\": \"696923953f198139e3024850\"}, \"counter\": 3}, \"hosts\": [\"ac-1u1vjmy-shard-00-00.djz1hts.mongodb.net:27017\", \"ac-1u1vjmy-shard-00-01.djz1hts.mongodb.net:27017\", \"ac-1u1vjmy-shard-00-02.djz1hts.mongodb.net:27017\"], \"setName\": \"atlas-931qd7-shard-0\", \"setVersion\": 10, \"secondary\": true, \"primary\": \"ac-1u1vjmy-shard-00-02.djz1hts.mongodb.net:27017\", \"tags\": {\"workloadType\": \"OPERATIONAL\", \"availabilityZone\": \"use1-az4\", \"nodeType\": \"ELECTABLE\", \"diskState\": \"READY\", \"provider\": \"AWS\", \"region\": \"US_EAST_1\"}, \"me\": \"ac-1u1vjmy-shard-00-01.djz1hts.mongodb.net:27017\", \"lastWrite\": {\"opTime\": {\"ts\": {\"$timestamp\": {\"t\": 1768718302, \"i\": 12}}, \"t\": 15}, \"lastWriteDate\": {\"$date\": \"2026-01-18T06:38:22Z\"}, \"majorityOpTime\": {\"ts\": {\"$timestamp\": {\"t\": 1768718302, \"i\": 12}}, \"t\": 15}, \"majorityWriteDate\": {\"$date\": \"2026-01-18T06:38:22Z\"}}, \"maxBsonObjectSize\": 16777216, \"maxMessageSizeBytes\": 48000000, \"maxWriteBatchSize\": 100000, \"localTi..."}
[ 2026-01-18 00:38:22,797 ] pymongo.topology - DEBUG - {"message": "Server heartbeat succeeded", "topologyId": {"$oid": "696c7fdb1df3a3c8453f8cdc"}, "driverConnectionId": 1, "serverConnectionId": 104468, "serverHost": "ac-1u1vjmy-shard-00-02.djz1hts.mongodb.net", "serverPort": 27017, "awaited": false, "durationMS": 50.398100167512894, "reply": "{\"helloOk\": true, \"topologyVersion\": {\"processId\": {\"$oid\": \"6969219f082a3c516728680e\"}, \"counter\": 6}, \"hosts\": [\"ac-1u1vjmy-shard-00-00.djz1hts.mongodb.net:27017\", \"ac-1u1vjmy-shard-00-01.djz1hts.mongodb.net:27017\", \"ac-1u1vjmy-shard-00-02.djz1hts.mongodb.net:27017\"], \"setName\": \"atlas-931qd7-shard-0\", \"setVersion\": 10, \"ismaster\": true, \"primary\": \"ac-1u1vjmy-shard-00-02.djz1hts.mongodb.net:27017\", \"tags\": {\"region\": \"US_EAST_1\", \"diskState\": \"READY\", \"workloadType\": \"OPERATIONAL\", \"availabilityZone\": \"use1-az5\", \"nodeType\": \"ELECTABLE\", \"provider\": \"AWS\"}, \"me\": \"ac-1u1vjmy-shard-00-02.djz1hts.mongodb.net:27017\", \"electionId\": {\"$oid\": \"7fffffff000000000000000f\"}, \"lastWrite\": {\"opTime\": {\"ts\": {\"$timestamp\": {\"t\": 1768718302, \"i\": 12}}, \"t\": 15}, \"lastWriteDate\": {\"$date\": \"2026-01-18T06:38:22Z\"}, \"majorityOpTime\": {\"ts\": {\"$timestamp\": {\"t\": 1768718302, \"i\": 12}}, \"t\": 15}, \"majorityWriteDate\": {\"$date\": \"2026-01-18T06:38:22Z\"}}, \"maxBsonObjectSize\": 16777216, \"maxMessageSizeByte..."}
[ 2026-01-18 00:38:22,799 ] pymongo.connection - DEBUG - {"message": "Connection pool ready", "clientId": {"$oid": "696c7fdb1df3a3c8453f8cdc"}, "serverHost": "ac-1u1vjmy-shard-00-01.djz1hts.mongodb.net", "serverPort": 27017}
[ 2026-01-18 00:38:22,800 ] pymongo.topology - DEBUG - {"message": "Topology description changed", "topologyId": {"$oid": "696c7fdb1df3a3c8453f8cdc"}, "previousDescription": "<TopologyDescription id: 696c7fdb1df3a3c8453f8cdc, topology_type: ReplicaSetNoPrimary, servers: [<ServerDescription ('ac-1u1vjmy-shard-00-00.djz1hts.mongodb.net', 27017) server_type: Unknown, rtt: None>, <ServerDescription ('ac-1u1vjmy-shard-00-01.djz1hts.mongodb.net', 27017) server_type: Unknown, rtt: None>, <ServerDescription ('ac-1u1vjmy-shard-00-02.djz1hts.mongodb.net', 27017) server_type: Unknown, rtt: None>]>", "newDescription": "<TopologyDescription id: 696c7fdb1df3a3c8453f8cdc, topology_type: ReplicaSetNoPrimary, servers: [<ServerDescription ('ac-1u1vjmy-shard-00-00.djz1hts.mongodb.net', 27017) server_type: Unknown, rtt: None>, <ServerDescription ('ac-1u1vjmy-shard-00-01.djz1hts.mongodb.net', 27017) server_type: RSSecondary, rtt: 0.050182600039988756>, <ServerDescription ('ac-1u1vjmy-shard-00-02.djz1hts.mongodb.net', 27017) server_type: Unknown, rtt: None>]>"}
[ 2026-01-18 00:38:22,800 ] pymongo.connection - DEBUG - {"message": "Connection pool ready", "clientId": {"$oid": "696c7fdb1df3a3c8453f8cdc"}, "serverHost": "ac-1u1vjmy-shard-00-02.djz1hts.mongodb.net", "serverPort": 27017}
[ 2026-01-18 00:38:22,800 ] pymongo.topology - DEBUG - {"message": "Topology description changed", "topologyId": {"$oid": "696c7fdb1df3a3c8453f8cdc"}, "previousDescription": "<TopologyDescription id: 696c7fdb1df3a3c8453f8cdc, topology_type: ReplicaSetNoPrimary, servers: [<ServerDescription ('ac-1u1vjmy-shard-00-00.djz1hts.mongodb.net', 27017) server_type: Unknown, rtt: None>, <ServerDescription ('ac-1u1vjmy-shard-00-01.djz1hts.mongodb.net', 27017) server_type: RSSecondary, rtt: 0.050182600039988756>, <ServerDescription ('ac-1u1vjmy-shard-00-02.djz1hts.mongodb.net', 27017) server_type: Unknown, rtt: None>]>", "newDescription": "<TopologyDescription id: 696c7fdb1df3a3c8453f8cdc, topology_type: ReplicaSetWithPrimary, servers: [<ServerDescription ('ac-1u1vjmy-shard-00-00.djz1hts.mongodb.net', 27017) server_type: Unknown, rtt: None>, <ServerDescription ('ac-1u1vjmy-shard-00-01.djz1hts.mongodb.net', 27017) server_type: RSSecondary, rtt: 0.050182600039988756>, <ServerDescription ('ac-1u1vjmy-shard-00-02.djz1hts.mongodb.net', 27017) server_type: RSPrimary, rtt: 0.050398100167512894>]>"}
[ 2026-01-18 00:38:22,801 ] pymongo.topology - DEBUG - {"message": "Server heartbeat started", "topologyId": {"$oid": "696c7fdb1df3a3c8453f8cdc"}, "driverConnectionId": 1, "serverConnectionId": 98850, "serverHost": "ac-1u1vjmy-shard-00-01.djz1hts.mongodb.net", "serverPort": 27017, "awaited": true}
[ 2026-01-18 00:38:22,801 ] pymongo.topology - DEBUG - {"message": "Server heartbeat started", "topologyId": {"$oid": "696c7fdb1df3a3c8453f8cdc"}, "driverConnectionId": 1, "serverConnectionId": 104468, "serverHost": "ac-1u1vjmy-shard-00-02.djz1hts.mongodb.net", "serverPort": 27017, "awaited": true}
[ 2026-01-18 00:38:22,802 ] pymongo.serverSelection - DEBUG - {"message": "Server selection succeeded", "selector": "Primary()", "operation": "find", "topologyDescription": "<TopologyDescription id: 696c7fdb1df3a3c8453f8cdc, topology_type: ReplicaSetWithPrimary, servers: [<ServerDescription ('ac-1u1vjmy-shard-00-00.djz1hts.mongodb.net', 27017) server_type: Unknown, rtt: None>, <ServerDescription ('ac-1u1vjmy-shard-00-01.djz1hts.mongodb.net', 27017) server_type: RSSecondary, rtt: 0.050182600039988756>, <ServerDescription ('ac-1u1vjmy-shard-00-02.djz1hts.mongodb.net', 27017) server_type: RSPrimary, rtt: 0.050398100167512894>]>", "clientId": {"$oid": "696c7fdb1df3a3c8453f8cdc"}, "serverHost": "ac-1u1vjmy-shard-00-02.djz1hts.mongodb.net", "serverPort": 27017}
[ 2026-01-18 00:38:22,802 ] pymongo.connection - DEBUG - {"message": "Connection checkout started", "clientId": {"$oid": "696c7fdb1df3a3c8453f8cdc"}, "serverHost": "ac-1u1vjmy-shard-00-02.djz1hts.mongodb.net", "serverPort": 27017}
[ 2026-01-18 00:38:22,802 ] pymongo.topology - DEBUG - {"message": "Server heartbeat succeeded", "topologyId": {"$oid": "696c7fdb1df3a3c8453f8cdc"}, "driverConnectionId": 1, "serverConnectionId": 100643, "serverHost": "ac-1u1vjmy-shard-00-00.djz1hts.mongodb.net", "serverPort": 27017, "awaited": false, "durationMS": 53.01220016553998, "reply": "{\"helloOk\": true, \"topologyVersion\": {\"processId\": {\"$oid\": \"69691fb9146e75e66ebab7e3\"}, \"counter\": 4}, \"hosts\": [\"ac-1u1vjmy-shard-00-00.djz1hts.mongodb.net:27017\", \"ac-1u1vjmy-shard-00-01.djz1hts.mongodb.net:27017\", \"ac-1u1vjmy-shard-00-02.djz1hts.mongodb.net:27017\"], \"setName\": \"atlas-931qd7-shard-0\", \"setVersion\": 10, \"secondary\": true, \"primary\": \"ac-1u1vjmy-shard-00-02.djz1hts.mongodb.net:27017\", \"tags\": {\"availabilityZone\": \"use1-az2\", \"diskState\": \"READY\", \"region\": \"US_EAST_1\", \"nodeType\": \"ELECTABLE\", \"provider\": \"AWS\", \"workloadType\": \"OPERATIONAL\"}, \"me\": \"ac-1u1vjmy-shard-00-00.djz1hts.mongodb.net:27017\", \"lastWrite\": {\"opTime\": {\"ts\": {\"$timestamp\": {\"t\": 1768718302, \"i\": 12}}, \"t\": 15}, \"lastWriteDate\": {\"$date\": \"2026-01-18T06:38:22Z\"}, \"majorityOpTime\": {\"ts\": {\"$timestamp\": {\"t\": 1768718302, \"i\": 12}}, \"t\": 15}, \"majorityWriteDate\": {\"$date\": \"2026-01-18T06:38:22Z\"}}, \"maxBsonObjectSize\": 16777216, \"maxMessageSizeBytes\": 48000000, \"maxWriteBatchSize\": 100000, \"localTi..."}
[ 2026-01-18 00:38:22,802 ] pymongo.connection - DEBUG - {"message": "Connection created", "clientId": {"$oid": "696c7fdb1df3a3c8453f8cdc"}, "serverHost": "ac-1u1vjmy-shard-00-02.djz1hts.mongodb.net", "serverPort": 27017, "driverConnectionId": 1}
[ 2026-01-18 00:38:22,803 ] pymongo.connection - DEBUG - {"message": "Connection pool ready", "clientId": {"$oid": "696c7fdb1df3a3c8453f8cdc"}, "serverHost": "ac-1u1vjmy-shard-00-00.djz1hts.mongodb.net", "serverPort": 27017}
[ 2026-01-18 00:38:22,803 ] pymongo.topology - DEBUG - {"message": "Topology description changed", "topologyId": {"$oid": "696c7fdb1df3a3c8453f8cdc"}, "previousDescription": "<TopologyDescription id: 696c7fdb1df3a3c8453f8cdc, topology_type: ReplicaSetWithPrimary, servers: [<ServerDescription ('ac-1u1vjmy-shard-00-00.djz1hts.mongodb.net', 27017) server_type: Unknown, rtt: None>, <ServerDescription ('ac-1u1vjmy-shard-00-01.djz1hts.mongodb.net', 27017) server_type: RSSecondary, rtt: 0.050182600039988756>, <ServerDescription ('ac-1u1vjmy-shard-00-02.djz1hts.mongodb.net', 27017) server_type: RSPrimary, rtt: 0.050398100167512894>]>", "newDescription": "<TopologyDescription id: 696c7fdb1df3a3c8453f8cdc, topology_type: ReplicaSetWithPrimary, servers: [<ServerDescription ('ac-1u1vjmy-shard-00-00.djz1hts.mongodb.net', 27017) server_type: RSSecondary, rtt: 0.05301220016553998>, <ServerDescription ('ac-1u1vjmy-shard-00-01.djz1hts.mongodb.net', 27017) server_type: RSSecondary, rtt: 0.050182600039988756>, <ServerDescription ('ac-1u1vjmy-shard-00-02.djz1hts.mongodb.net', 27017) server_type: RSPrimary, rtt: 0.050398100167512894>]>"}
[ 2026-01-18 00:38:22,804 ] pymongo.topology - DEBUG - {"message": "Server heartbeat started", "topologyId": {"$oid": "696c7fdb1df3a3c8453f8cdc"}, "driverConnectionId": 1, "serverConnectionId": 100643, "serverHost": "ac-1u1vjmy-shard-00-00.djz1hts.mongodb.net", "serverPort": 27017, "awaited": true}
[ 2026-01-18 00:38:23,180 ] pymongo.connection - DEBUG - {"message": "Connection ready", "clientId": {"$oid": "696c7fdb1df3a3c8453f8cdc"}, "serverHost": "ac-1u1vjmy-shard-00-02.djz1hts.mongodb.net", "serverPort": 27017, "driverConnectionId": 1, "durationMS": 0.22072550002485514}
[ 2026-01-18 00:38:23,180 ] pymongo.connection - DEBUG - {"message": "Connection checked out", "clientId": {"$oid": "696c7fdb1df3a3c8453f8cdc"}, "serverHost": "ac-1u1vjmy-shard-00-02.djz1hts.mongodb.net", "serverPort": 27017, "driverConnectionId": 1, "durationMS": 0.3783181000035256}
[ 2026-01-18 00:38:23,181 ] pymongo.command - DEBUG - {"message": "Command started", "clientId": {"$oid": "696c7fdb1df3a3c8453f8cdc"}, "command": "{\"find\": \"Proj1-Data\", \"lsid\": {\"id\": {\"$binary\": {\"base64\": \"rQEwjsbITeGvRqnljwHrDg==\", \"subType\": \"04\"}}}, \"$clusterTime\": {\"clusterTime\": {\"$timestamp\": {\"t\": 1768718302, \"i\": 22}}, \"signature\": {\"hash\": {\"$binary\": {\"base64\": \"lU6qoSNb58lgCvA8GG8E68XQlF4=\", \"subType\": \"00\"}}, \"keyId\": 7566725175656316934}}, \"$db\": \"Customer-Churn\"}", "commandName": "find", "databaseName": "Customer-Churn", "requestId": 26500, "operationId": 26500, "driverConnectionId": 1, "serverConnectionId": 104456, "serverHost": "ac-1u1vjmy-shard-00-02.djz1hts.mongodb.net", "serverPort": 27017}
[ 2026-01-18 00:38:23,343 ] pymongo.command - DEBUG - {"message": "Command succeeded", "clientId": {"$oid": "696c7fdb1df3a3c8453f8cdc"}, "durationMS": 162.713, "reply": "{\"cursor\": {\"firstBatch\": [{\"_id\": {\"$oid\": \"69694a72cfa4574c33d9bcac\"}, \"customerID\": \"7590-VHVEG\", \"gender\": \"Female\", \"Partner\": \"Yes\", \"Dependents\": \"No\", \"tenure\": 1, \"PhoneService\": \"No\", \"MultipleLines\": \"No phone service\", \"InternetService\": \"DSL\", \"OnlineSecurity\": \"No\", \"OnlineBackup\": \"Yes\", \"DeviceProtection\": \"No\", \"TechSupport\": \"No\", \"StreamingTV\": \"No\", \"StreamingMovies\": \"No\", \"Contract\": \"Month-to-month\", \"PaperlessBilling\": \"Yes\", \"PaymentMethod\": \"Electronic check\", \"MonthlyCharges\": 29.85, \"TotalCharges\": \"29.85\", \"Churn\": \"No\"}, {\"_id\": {\"$oid\": \"69694a72cfa4574c33d9bcad\"}, \"customerID\": \"5575-GNVDE\", \"gender\": \"Male\", \"Partner\": \"No\", \"Dependents\": \"No\", \"tenure\": 34, \"PhoneService\": \"Yes\", \"MultipleLines\": \"No\", \"InternetService\": \"DSL\", \"OnlineSecurity\": \"Yes\", \"OnlineBackup\": \"No\", \"DeviceProtection\": \"Yes\", \"TechSupport\": \"No\", \"StreamingTV\": \"No\", \"StreamingMovies\": \"No\", \"Contract\": \"One year\", \"PaperlessBilling\": \"No\", \"PaymentMethod\": \"Mailed check\", \"Mon...", "commandName": "find", "databaseName": "Customer-Churn", "requestId": 26500, "operationId": 26500, "driverConnectionId": 1, "serverConnectionId": 104456, "serverHost": "ac-1u1vjmy-shard-00-02.djz1hts.mongodb.net", "serverPort": 27017}
[ 2026-01-18 00:38:23,344 ] pymongo.connection - DEBUG - {"message": "Connection checked in", "clientId": {"$oid": "696c7fdb1df3a3c8453f8cdc"}, "serverHost": "ac-1u1vjmy-shard-00-02.djz1hts.mongodb.net", "serverPort": 27017, "driverConnectionId": 1}
[ 2026-01-18 00:38:23,344 ] pymongo.serverSelection - DEBUG - {"message": "Server selection started", "selector": "<function any_server_selector at 0x00000127F9268B80>", "operation": "getMore", "topologyDescription": "<TopologyDescription id: 696c7fdb1df3a3c8453f8cdc, topology_type: ReplicaSetWithPrimary, servers: [<ServerDescription ('ac-1u1vjmy-shard-00-00.djz1hts.mongodb.net', 27017) server_type: RSSecondary, rtt: 0.05301220016553998>, <ServerDescription ('ac-1u1vjmy-shard-00-01.djz1hts.mongodb.net', 27017) server_type: RSSecondary, rtt: 0.050182600039988756>, <ServerDescription ('ac-1u1vjmy-shard-00-02.djz1hts.mongodb.net', 27017) server_type: RSPrimary, rtt: 0.050398100167512894>]>", "clientId": {"$oid": "696c7fdb1df3a3c8453f8cdc"}}
[ 2026-01-18 00:38:23,344 ] pymongo.serverSelection - DEBUG - {"message": "Server selection succeeded", "selector": "<function any_server_selector at 0x00000127F9268B80>", "operation": "getMore", "topologyDescription": "<TopologyDescription id: 696c7fdb1df3a3c8453f8cdc, topology_type: ReplicaSetWithPrimary, servers: [<ServerDescription ('ac-1u1vjmy-shard-00-00.djz1hts.mongodb.net', 27017) server_type: RSSecondary, rtt: 0.05301220016553998>, <ServerDescription ('ac-1u1vjmy-shard-00-01.djz1hts.mongodb.net', 27017) server_type: RSSecondary, rtt: 0.050182600039988756>, <ServerDescription ('ac-1u1vjmy-shard-00-02.djz1hts.mongodb.net', 27017) server_type: RSPrimary, rtt: 0.050398100167512894>]>", "clientId": {"$oid": "696c7fdb1df3a3c8453f8cdc"}, "serverHost": "ac-1u1vjmy-shard-00-02.djz1hts.mongodb.net", "serverPort": 27017}
[ 2026-01-18 00:38:23,345 ] pymongo.connection - DEBUG - {"message": "Connection checkout started", "clientId": {"$oid": "696c7fdb1df3a3c8453f8cdc"}, "serverHost": "ac-1u1vjmy-shard-00-02.djz1hts.mongodb.net", "serverPort": 27017}
[ 2026-01-18 00:38:23,345 ] pymongo.connection - DEBUG - {"message": "Connection checked out", "clientId": {"$oid": "696c7fdb1df3a3c8453f8cdc"}, "serverHost": "ac-1u1vjmy-shard-00-02.djz1hts.mongodb.net", "serverPort": 27017, "driverConnectionId": 1, "durationMS": 0.00012209988199174404}
[ 2026-01-18 00:38:23,345 ] pymongo.command - DEBUG - {"message": "Command started", "clientId": {"$oid": "696c7fdb1df3a3c8453f8cdc"}, "command": "{\"getMore\": 1140887956008629236, \"collection\": \"Proj1-Data\", \"lsid\": {\"id\": {\"$binary\": {\"base64\": \"rQEwjsbITeGvRqnljwHrDg==\", \"subType\": \"04\"}}}, \"$clusterTime\": {\"clusterTime\": {\"$timestamp\": {\"t\": 1768718302, \"i\": 22}}, \"signature\": {\"hash\": {\"$binary\": {\"base64\": \"lU6qoSNb58lgCvA8GG8E68XQlF4=\", \"subType\": \"00\"}}, \"keyId\": 7566725175656316934}}, \"$db\": \"Customer-Churn\"}", "commandName": "getMore", "databaseName": "Customer-Churn", "requestId": 19169, "operationId": 19169, "driverConnectionId": 1, "serverConnectionId": 104456, "serverHost": "ac-1u1vjmy-shard-00-02.djz1hts.mongodb.net", "serverPort": 27017}
[ 2026-01-18 00:38:23,853 ] pymongo.command - DEBUG - {"message": "Command succeeded", "clientId": {"$oid": "696c7fdb1df3a3c8453f8cdc"}, "durationMS": 507.89799999999997, "reply": "{\"cursor\": {\"nextBatch\": [{\"_id\": {\"$oid\": \"69694a72cfa4574c33d9bd11\"}, \"customerID\": \"3679-XASPY\", \"gender\": \"Female\", \"Partner\": \"Yes\", \"Dependents\": \"Yes\", \"tenure\": 1, \"PhoneService\": \"Yes\", \"MultipleLines\": \"No\", \"InternetService\": \"No\", \"OnlineSecurity\": \"No internet service\", \"OnlineBackup\": \"No internet service\", \"DeviceProtection\": \"No internet service\", \"TechSupport\": \"No internet service\", \"StreamingTV\": \"No internet service\", \"StreamingMovies\": \"No internet service\", \"Contract\": \"Month-to-month\", \"PaperlessBilling\": \"No\", \"PaymentMethod\": \"Electronic check\", \"MonthlyCharges\": 19.45, \"TotalCharges\": \"19.45\", \"Churn\": \"No\"}, {\"_id\": {\"$oid\": \"69694a72cfa4574c33d9bd12\"}, \"customerID\": \"7123-WQUHX\", \"gender\": \"Male\", \"Partner\": \"No\", \"Dependents\": \"No\", \"tenure\": 38, \"PhoneService\": \"Yes\", \"MultipleLines\": \"Yes\", \"InternetService\": \"Fiber optic\", \"OnlineSecurity\": \"No\", \"OnlineBackup\": \"No\", \"DeviceProtection\": \"Yes\", \"TechSupport\": \"Yes\", \"StreamingTV\": \"Yes\", \"StreamingMovies...", "commandName": "getMore", "databaseName": "Customer-Churn", "requestId": 19169, "operationId": 19169, "driverConnectionId": 1, "serverConnectionId": 104456, "serverHost": "ac-1u1vjmy-shard-00-02.djz1hts.mongodb.net", "serverPort": 27017}
[ 2026-01-18 00:38:23,853 ] pymongo.connection - DEBUG - {"message": "Connection checked in", "clientId": {"$oid": "696c7fdb1df3a3c8453f8cdc"}, "serverHost": "ac-1u1vjmy-shard-00-02.djz1hts.mongodb.net", "serverPort": 27017, "driverConnectionId": 1}
[ 2026-01-18 00:38:23,985 ] root - INFO - Shape of dataframe: (7043, 22)
[ 2026-01-18 00:38:23,988 ] root - INFO - Saving exported data into feature store file path: artifact\01_18_2026_00_38_19\data_ingestion\feature_store\WA_Fn-UseC_-Telco-Customer-Churn.csv
[ 2026-01-18 00:38:24,098 ] root - INFO - Got the data from mongodb
[ 2026-01-18 00:38:24,098 ] root - INFO - Entered split_data_as_train_test method of Data_Ingestion class
[ 2026-01-18 00:38:24,116 ] root - INFO - Performed train test split on the dataframe
[ 2026-01-18 00:38:24,116 ] root - INFO - Exited split_data_as_train_test method of Data_Ingestion class
[ 2026-01-18 00:38:24,118 ] root - INFO - Exporting train and test file path.
[ 2026-01-18 00:38:24,183 ] root - INFO - Exported train and test file path.
[ 2026-01-18 00:38:24,185 ] root - INFO - Performed train test split on the dataset
[ 2026-01-18 00:38:24,185 ] root - INFO - Exited initiate_data_ingestion method of Data_Ingestion class
[ 2026-01-18 00:38:24,185 ] root - INFO - Data ingestion artifact: DataIngestionArtifact(trained_file_path='artifact\\01_18_2026_00_38_19\\data_ingestion\\ingested\\train.csv', test_file_path='artifact\\01_18_2026_00_38_19\\data_ingestion\\ingested\\test.csv')
[ 2026-01-18 00:38:24,194 ] root - INFO - Got the train_set and test_set from mongodb
[ 2026-01-18 00:38:24,194 ] root - INFO - Exited the start_data_ingestion method of TrainPipeline class
[ 2026-01-18 00:38:24,194 ] root - INFO - Entered the start_data_validation method of TrainPipeline class
[ 2026-01-18 00:38:24,246 ] root - INFO - Starting data validation
[ 2026-01-18 00:38:24,285 ] root - INFO - Is required column present: [True]
[ 2026-01-18 00:38:24,285 ] root - INFO - All required columns present in training dataframe: True
[ 2026-01-18 00:38:24,285 ] root - INFO - Is required column present: [True]
[ 2026-01-18 00:38:24,286 ] root - INFO - All required columns present in testing dataframe: True
[ 2026-01-18 00:38:24,286 ] root - INFO - All categorical/int columns present in training dataframe: True
[ 2026-01-18 00:38:24,286 ] root - INFO - All categorical/int columns present in testing dataframe: True
[ 2026-01-18 00:38:24,288 ] root - INFO - Data validation artifact created and saved to JSON file.
[ 2026-01-18 00:38:24,288 ] root - INFO - Data validation artifact: DataValidationArtifact(validation_status=True, message='', validation_report_file_path='artifact\\01_18_2026_00_38_19\\data_validation\\report.yaml')
[ 2026-01-18 00:38:24,289 ] root - INFO - Performed the data validation operation
[ 2026-01-18 00:38:24,290 ] root - INFO - Exited the start_data_validation method of TrainPipeline class
[ 2026-01-18 00:38:25,006 ] root - INFO - Data Transformation Started !!!
[ 2026-01-18 00:38:25,038 ] root - INFO - Train-Test data loaded
[ 2026-01-18 00:38:25,045 ] root - INFO - Input and Target cols defined for both train and test df.
[ 2026-01-18 00:38:25,045 ] root - INFO - Cleaning data: handling TotalCharges
[ 2026-01-18 00:38:25,054 ] root - INFO - TotalCharges cleaned and filled missing values with median
[ 2026-01-18 00:38:25,055 ] root - INFO - Mapping 'gender' column to binary values
[ 2026-01-18 00:38:25,056 ] root - INFO - Dropping id columns
[ 2026-01-18 00:38:25,057 ] root - INFO - Dropped columns: ['_id', 'customerID']
[ 2026-01-18 00:38:25,058 ] root - INFO - Creating dummy variables for categorical features
[ 2026-01-18 00:38:25,058 ] root - INFO - Creating dummy variables for: ['Partner', 'Dependents', 'PhoneService', 'MultipleLines', 'InternetService', 'OnlineSecurity', 'OnlineBackup', 'DeviceProtection', 'TechSupport', 'StreamingTV', 'StreamingMovies', 'Contract', 'PaperlessBilling', 'PaymentMethod']
[ 2026-01-18 00:38:25,080 ] root - INFO - Renaming specific columns and casting to int
[ 2026-01-18 00:38:25,082 ] root - INFO - Cleaning data: handling TotalCharges
[ 2026-01-18 00:38:25,084 ] root - INFO - TotalCharges cleaned and filled missing values with median
[ 2026-01-18 00:38:25,085 ] root - INFO - Mapping 'gender' column to binary values
[ 2026-01-18 00:38:25,086 ] root - INFO - Dropping id columns
[ 2026-01-18 00:38:25,086 ] root - INFO - Dropped columns: ['_id', 'customerID']
[ 2026-01-18 00:38:25,087 ] root - INFO - Creating dummy variables for categorical features
[ 2026-01-18 00:38:25,087 ] root - INFO - Creating dummy variables for: ['Partner', 'Dependents', 'PhoneService', 'MultipleLines', 'InternetService', 'OnlineSecurity', 'OnlineBackup', 'DeviceProtection', 'TechSupport', 'StreamingTV', 'StreamingMovies', 'Contract', 'PaperlessBilling', 'PaymentMethod']
[ 2026-01-18 00:38:25,096 ] root - INFO - Renaming specific columns and casting to int
[ 2026-01-18 00:38:25,097 ] root - INFO - Custom transformations applied to train and test data
[ 2026-01-18 00:38:25,097 ] root - INFO - Starting data transformation
[ 2026-01-18 00:38:25,098 ] root - INFO - Numerical features for scaling: ['tenure', 'MonthlyCharges']
[ 2026-01-18 00:38:25,098 ] root - INFO - MinMax columns: ['TotalCharges']
[ 2026-01-18 00:38:25,098 ] root - INFO - Got the preprocessor object
[ 2026-01-18 00:38:25,098 ] root - INFO - Initializing transformation for Training-data
[ 2026-01-18 00:38:25,110 ] root - INFO - Initializing transformation for Testing-data
[ 2026-01-18 00:38:25,116 ] root - INFO - Transformation done end to end to train-test df.
[ 2026-01-18 00:38:25,116 ] root - INFO - Applying SMOTEENN for handling imbalanced dataset.
[ 2026-01-18 00:38:31,429 ] root - INFO - SMOTEENN applied to train-test df.
[ 2026-01-18 00:38:31,438 ] root - INFO - feature-target concatenation done for train-test df.
[ 2026-01-18 00:38:31,438 ] root - INFO - Entered the save_object method of utils
[ 2026-01-18 00:38:31,450 ] root - INFO - Exited the save_object method of utils
[ 2026-01-18 00:38:31,467 ] root - INFO - Saving transformation object and transformed files.
[ 2026-01-18 00:38:31,467 ] root - INFO - Data transformation completed successfully
[ 2026-01-18 00:38:31,475 ] root - ERROR - Error occurred in python script: [C:\Users\kavet\OneDrive\Desktop\github\src\pipline\training_pipeline.py] at line number [100]: cannot import name 'ModelTrainer' from 'src.components.model_trainer' (C:\Users\kavet\OneDrive\Desktop\github\src\components\model_trainer.py)
[ 2026-01-18 00:38:31,476 ] root - ERROR - Error occurred in python script: [C:\Users\kavet\OneDrive\Desktop\github\src\pipline\training_pipeline.py] at line number [120]: Error occurred in python script: [C:\Users\kavet\OneDrive\Desktop\github\src\pipline\training_pipeline.py] at line number [100]: cannot import name 'ModelTrainer' from 'src.components.model_trainer' (C:\Users\kavet\OneDrive\Desktop\github\src\components\model_trainer.py)
[ 2026-01-18 00:38:31,940 ] pymongo.topology - DEBUG - {"message": "Server heartbeat failed", "topologyId": {"$oid": "696c7fdb1df3a3c8453f8cdc"}, "serverHost": "ac-1u1vjmy-shard-00-00.djz1hts.mongodb.net", "serverPort": 27017, "awaited": true, "durationMS": 9136.486100032926, "failure": "\"_OperationCancelled('operation cancelled')\"", "driverConnectionId": 1}
[ 2026-01-18 00:38:31,941 ] pymongo.topology - DEBUG - {"message": "Server heartbeat failed", "topologyId": {"$oid": "696c7fdb1df3a3c8453f8cdc"}, "serverHost": "ac-1u1vjmy-shard-00-02.djz1hts.mongodb.net", "serverPort": 27017, "awaited": true, "durationMS": 9139.593200059608, "failure": "\"_OperationCancelled('operation cancelled')\"", "driverConnectionId": 1}
[ 2026-01-18 00:38:31,966 ] pymongo.topology - DEBUG - {"message": "Server heartbeat failed", "topologyId": {"$oid": "696c7fdb1df3a3c8453f8cdc"}, "serverHost": "ac-1u1vjmy-shard-00-01.djz1hts.mongodb.net", "serverPort": 27017, "awaited": true, "durationMS": 9164.847600040957, "failure": "\"_OperationCancelled('operation cancelled')\"", "driverConnectionId": 1}
