[ 2026-01-18 00:46:51,767 ] root - DEBUG - This is a debug message.
[ 2026-01-18 00:46:51,767 ] root - INFO - This is an info message.
[ 2026-01-18 00:46:51,768 ] root - WARNING - This is a warning message.
[ 2026-01-18 00:46:51,768 ] root - ERROR - This is an error message.
[ 2026-01-18 00:46:51,768 ] root - CRITICAL - This is a critical message.
[ 2026-01-18 00:46:53,952 ] root - INFO - Entered the start_data_ingestion method of TrainPipeline class
[ 2026-01-18 00:46:53,952 ] root - INFO - Getting the data from mongodb
[ 2026-01-18 00:46:53,953 ] root - INFO - Entered initiate_data_ingestion method of Data_Ingestion class
[ 2026-01-18 00:46:53,953 ] root - INFO - Exporting data from mongodb
[ 2026-01-18 00:46:54,902 ] pymongo.topology - DEBUG - {"message": "Starting topology monitoring", "topologyId": {"$oid": "696c81def625bd2bc9f9598b"}}
[ 2026-01-18 00:46:54,903 ] pymongo.topology - DEBUG - {"message": "Topology description changed", "topologyId": {"$oid": "696c81def625bd2bc9f9598b"}, "previousDescription": "<TopologyDescription id: 696c81def625bd2bc9f9598b, topology_type: Unknown, servers: []>", "newDescription": "<TopologyDescription id: 696c81def625bd2bc9f9598b, topology_type: ReplicaSetNoPrimary, servers: [<ServerDescription ('ac-1u1vjmy-shard-00-00.djz1hts.mongodb.net', 27017) server_type: Unknown, rtt: None>, <ServerDescription ('ac-1u1vjmy-shard-00-01.djz1hts.mongodb.net', 27017) server_type: Unknown, rtt: None>, <ServerDescription ('ac-1u1vjmy-shard-00-02.djz1hts.mongodb.net', 27017) server_type: Unknown, rtt: None>]>"}
[ 2026-01-18 00:46:54,903 ] pymongo.topology - DEBUG - {"message": "Starting server monitoring", "topologyId": {"$oid": "696c81def625bd2bc9f9598b"}, "serverHost": "ac-1u1vjmy-shard-00-00.djz1hts.mongodb.net", "serverPort": 27017}
[ 2026-01-18 00:46:54,903 ] pymongo.topology - DEBUG - {"message": "Starting server monitoring", "topologyId": {"$oid": "696c81def625bd2bc9f9598b"}, "serverHost": "ac-1u1vjmy-shard-00-02.djz1hts.mongodb.net", "serverPort": 27017}
[ 2026-01-18 00:46:54,903 ] pymongo.topology - DEBUG - {"message": "Starting server monitoring", "topologyId": {"$oid": "696c81def625bd2bc9f9598b"}, "serverHost": "ac-1u1vjmy-shard-00-01.djz1hts.mongodb.net", "serverPort": 27017}
[ 2026-01-18 00:46:54,904 ] pymongo.connection - DEBUG - {"message": "Connection pool created", "clientId": {"$oid": "696c81def625bd2bc9f9598b"}, "serverHost": "ac-1u1vjmy-shard-00-00.djz1hts.mongodb.net", "serverPort": 27017}
[ 2026-01-18 00:46:54,905 ] pymongo.connection - DEBUG - {"message": "Connection pool created", "clientId": {"$oid": "696c81def625bd2bc9f9598b"}, "serverHost": "ac-1u1vjmy-shard-00-02.djz1hts.mongodb.net", "serverPort": 27017}
[ 2026-01-18 00:46:54,907 ] pymongo.connection - DEBUG - {"message": "Connection pool created", "clientId": {"$oid": "696c81def625bd2bc9f9598b"}, "serverHost": "ac-1u1vjmy-shard-00-01.djz1hts.mongodb.net", "serverPort": 27017}
[ 2026-01-18 00:46:54,908 ] root - INFO - MongoDB connection successful.
[ 2026-01-18 00:46:54,908 ] pymongo.serverSelection - DEBUG - {"message": "Server selection started", "selector": "Primary()", "operation": "find", "topologyDescription": "<TopologyDescription id: 696c81def625bd2bc9f9598b, topology_type: ReplicaSetNoPrimary, servers: [<ServerDescription ('ac-1u1vjmy-shard-00-00.djz1hts.mongodb.net', 27017) server_type: Unknown, rtt: None>, <ServerDescription ('ac-1u1vjmy-shard-00-01.djz1hts.mongodb.net', 27017) server_type: Unknown, rtt: None>, <ServerDescription ('ac-1u1vjmy-shard-00-02.djz1hts.mongodb.net', 27017) server_type: Unknown, rtt: None>]>", "clientId": {"$oid": "696c81def625bd2bc9f9598b"}}
[ 2026-01-18 00:46:54,909 ] pymongo.serverSelection - DEBUG - {"message": "Waiting for suitable server to become available", "selector": "Primary()", "operation": "find", "topologyDescription": "<TopologyDescription id: 696c81def625bd2bc9f9598b, topology_type: ReplicaSetNoPrimary, servers: [<ServerDescription ('ac-1u1vjmy-shard-00-00.djz1hts.mongodb.net', 27017) server_type: Unknown, rtt: None>, <ServerDescription ('ac-1u1vjmy-shard-00-01.djz1hts.mongodb.net', 27017) server_type: Unknown, rtt: None>, <ServerDescription ('ac-1u1vjmy-shard-00-02.djz1hts.mongodb.net', 27017) server_type: Unknown, rtt: None>]>", "clientId": {"$oid": "696c81def625bd2bc9f9598b"}, "remainingTimeMS": 29999}
[ 2026-01-18 00:46:55,233 ] pymongo.topology - DEBUG - {"message": "Server heartbeat started", "topologyId": {"$oid": "696c81def625bd2bc9f9598b"}, "driverConnectionId": 1, "serverHost": "ac-1u1vjmy-shard-00-02.djz1hts.mongodb.net", "serverPort": 27017, "awaited": false}
[ 2026-01-18 00:46:55,306 ] pymongo.topology - DEBUG - {"message": "Server heartbeat succeeded", "topologyId": {"$oid": "696c81def625bd2bc9f9598b"}, "driverConnectionId": 1, "serverConnectionId": 104649, "serverHost": "ac-1u1vjmy-shard-00-02.djz1hts.mongodb.net", "serverPort": 27017, "awaited": false, "durationMS": 72.92549987323582, "reply": "{\"helloOk\": true, \"topologyVersion\": {\"processId\": {\"$oid\": \"6969219f082a3c516728680e\"}, \"counter\": 6}, \"hosts\": [\"ac-1u1vjmy-shard-00-00.djz1hts.mongodb.net:27017\", \"ac-1u1vjmy-shard-00-01.djz1hts.mongodb.net:27017\", \"ac-1u1vjmy-shard-00-02.djz1hts.mongodb.net:27017\"], \"setName\": \"atlas-931qd7-shard-0\", \"setVersion\": 10, \"ismaster\": true, \"primary\": \"ac-1u1vjmy-shard-00-02.djz1hts.mongodb.net:27017\", \"tags\": {\"workloadType\": \"OPERATIONAL\", \"availabilityZone\": \"use1-az5\", \"diskState\": \"READY\", \"provider\": \"AWS\", \"region\": \"US_EAST_1\", \"nodeType\": \"ELECTABLE\"}, \"me\": \"ac-1u1vjmy-shard-00-02.djz1hts.mongodb.net:27017\", \"electionId\": {\"$oid\": \"7fffffff000000000000000f\"}, \"lastWrite\": {\"opTime\": {\"ts\": {\"$timestamp\": {\"t\": 1768718812, \"i\": 24}}, \"t\": 15}, \"lastWriteDate\": {\"$date\": \"2026-01-18T06:46:52Z\"}, \"majorityOpTime\": {\"ts\": {\"$timestamp\": {\"t\": 1768718812, \"i\": 24}}, \"t\": 15}, \"majorityWriteDate\": {\"$date\": \"2026-01-18T06:46:52Z\"}}, \"maxBsonObjectSize\": 16777216, \"maxMessageSizeByte..."}
[ 2026-01-18 00:46:55,307 ] pymongo.connection - DEBUG - {"message": "Connection pool ready", "clientId": {"$oid": "696c81def625bd2bc9f9598b"}, "serverHost": "ac-1u1vjmy-shard-00-02.djz1hts.mongodb.net", "serverPort": 27017}
[ 2026-01-18 00:46:55,308 ] pymongo.topology - DEBUG - {"message": "Topology description changed", "topologyId": {"$oid": "696c81def625bd2bc9f9598b"}, "previousDescription": "<TopologyDescription id: 696c81def625bd2bc9f9598b, topology_type: ReplicaSetNoPrimary, servers: [<ServerDescription ('ac-1u1vjmy-shard-00-00.djz1hts.mongodb.net', 27017) server_type: Unknown, rtt: None>, <ServerDescription ('ac-1u1vjmy-shard-00-01.djz1hts.mongodb.net', 27017) server_type: Unknown, rtt: None>, <ServerDescription ('ac-1u1vjmy-shard-00-02.djz1hts.mongodb.net', 27017) server_type: Unknown, rtt: None>]>", "newDescription": "<TopologyDescription id: 696c81def625bd2bc9f9598b, topology_type: ReplicaSetWithPrimary, servers: [<ServerDescription ('ac-1u1vjmy-shard-00-00.djz1hts.mongodb.net', 27017) server_type: Unknown, rtt: None>, <ServerDescription ('ac-1u1vjmy-shard-00-01.djz1hts.mongodb.net', 27017) server_type: Unknown, rtt: None>, <ServerDescription ('ac-1u1vjmy-shard-00-02.djz1hts.mongodb.net', 27017) server_type: RSPrimary, rtt: 0.07292549987323582>]>"}
[ 2026-01-18 00:46:55,308 ] pymongo.serverSelection - DEBUG - {"message": "Server selection succeeded", "selector": "Primary()", "operation": "find", "topologyDescription": "<TopologyDescription id: 696c81def625bd2bc9f9598b, topology_type: ReplicaSetWithPrimary, servers: [<ServerDescription ('ac-1u1vjmy-shard-00-00.djz1hts.mongodb.net', 27017) server_type: Unknown, rtt: None>, <ServerDescription ('ac-1u1vjmy-shard-00-01.djz1hts.mongodb.net', 27017) server_type: Unknown, rtt: None>, <ServerDescription ('ac-1u1vjmy-shard-00-02.djz1hts.mongodb.net', 27017) server_type: RSPrimary, rtt: 0.07292549987323582>]>", "clientId": {"$oid": "696c81def625bd2bc9f9598b"}, "serverHost": "ac-1u1vjmy-shard-00-02.djz1hts.mongodb.net", "serverPort": 27017}
[ 2026-01-18 00:46:55,308 ] pymongo.connection - DEBUG - {"message": "Connection checkout started", "clientId": {"$oid": "696c81def625bd2bc9f9598b"}, "serverHost": "ac-1u1vjmy-shard-00-02.djz1hts.mongodb.net", "serverPort": 27017}
[ 2026-01-18 00:46:55,308 ] pymongo.connection - DEBUG - {"message": "Connection created", "clientId": {"$oid": "696c81def625bd2bc9f9598b"}, "serverHost": "ac-1u1vjmy-shard-00-02.djz1hts.mongodb.net", "serverPort": 27017, "driverConnectionId": 1}
[ 2026-01-18 00:46:55,309 ] pymongo.topology - DEBUG - {"message": "Server heartbeat started", "topologyId": {"$oid": "696c81def625bd2bc9f9598b"}, "driverConnectionId": 1, "serverConnectionId": 104649, "serverHost": "ac-1u1vjmy-shard-00-02.djz1hts.mongodb.net", "serverPort": 27017, "awaited": true}
[ 2026-01-18 00:46:55,644 ] pymongo.connection - DEBUG - {"message": "Connection ready", "clientId": {"$oid": "696c81def625bd2bc9f9598b"}, "serverHost": "ac-1u1vjmy-shard-00-02.djz1hts.mongodb.net", "serverPort": 27017, "driverConnectionId": 1, "durationMS": 0.1715552001260221}
[ 2026-01-18 00:46:55,644 ] pymongo.connection - DEBUG - {"message": "Connection checked out", "clientId": {"$oid": "696c81def625bd2bc9f9598b"}, "serverHost": "ac-1u1vjmy-shard-00-02.djz1hts.mongodb.net", "serverPort": 27017, "driverConnectionId": 1, "durationMS": 0.3355813000816852}
[ 2026-01-18 00:46:55,644 ] pymongo.command - DEBUG - {"message": "Command started", "clientId": {"$oid": "696c81def625bd2bc9f9598b"}, "command": "{\"find\": \"Proj1-Data\", \"lsid\": {\"id\": {\"$binary\": {\"base64\": \"92VeTkXSSFSUaugzulXiaw==\", \"subType\": \"04\"}}}, \"$clusterTime\": {\"clusterTime\": {\"$timestamp\": {\"t\": 1768718812, \"i\": 24}}, \"signature\": {\"hash\": {\"$binary\": {\"base64\": \"ZrGGMLDchNOaIfYA3p5BQVodpcQ=\", \"subType\": \"00\"}}, \"keyId\": 7566725175656316934}}, \"$db\": \"Customer-Churn\"}", "commandName": "find", "databaseName": "Customer-Churn", "requestId": 26500, "operationId": 26500, "driverConnectionId": 1, "serverConnectionId": 104641, "serverHost": "ac-1u1vjmy-shard-00-02.djz1hts.mongodb.net", "serverPort": 27017}
[ 2026-01-18 00:46:55,800 ] pymongo.command - DEBUG - {"message": "Command succeeded", "clientId": {"$oid": "696c81def625bd2bc9f9598b"}, "durationMS": 155.616, "reply": "{\"cursor\": {\"firstBatch\": [{\"_id\": {\"$oid\": \"69694a72cfa4574c33d9bcac\"}, \"customerID\": \"7590-VHVEG\", \"gender\": \"Female\", \"Partner\": \"Yes\", \"Dependents\": \"No\", \"tenure\": 1, \"PhoneService\": \"No\", \"MultipleLines\": \"No phone service\", \"InternetService\": \"DSL\", \"OnlineSecurity\": \"No\", \"OnlineBackup\": \"Yes\", \"DeviceProtection\": \"No\", \"TechSupport\": \"No\", \"StreamingTV\": \"No\", \"StreamingMovies\": \"No\", \"Contract\": \"Month-to-month\", \"PaperlessBilling\": \"Yes\", \"PaymentMethod\": \"Electronic check\", \"MonthlyCharges\": 29.85, \"TotalCharges\": \"29.85\", \"Churn\": \"No\"}, {\"_id\": {\"$oid\": \"69694a72cfa4574c33d9bcad\"}, \"customerID\": \"5575-GNVDE\", \"gender\": \"Male\", \"Partner\": \"No\", \"Dependents\": \"No\", \"tenure\": 34, \"PhoneService\": \"Yes\", \"MultipleLines\": \"No\", \"InternetService\": \"DSL\", \"OnlineSecurity\": \"Yes\", \"OnlineBackup\": \"No\", \"DeviceProtection\": \"Yes\", \"TechSupport\": \"No\", \"StreamingTV\": \"No\", \"StreamingMovies\": \"No\", \"Contract\": \"One year\", \"PaperlessBilling\": \"No\", \"PaymentMethod\": \"Mailed check\", \"Mon...", "commandName": "find", "databaseName": "Customer-Churn", "requestId": 26500, "operationId": 26500, "driverConnectionId": 1, "serverConnectionId": 104641, "serverHost": "ac-1u1vjmy-shard-00-02.djz1hts.mongodb.net", "serverPort": 27017}
[ 2026-01-18 00:46:55,800 ] pymongo.connection - DEBUG - {"message": "Connection checked in", "clientId": {"$oid": "696c81def625bd2bc9f9598b"}, "serverHost": "ac-1u1vjmy-shard-00-02.djz1hts.mongodb.net", "serverPort": 27017, "driverConnectionId": 1}
[ 2026-01-18 00:46:55,801 ] pymongo.serverSelection - DEBUG - {"message": "Server selection started", "selector": "<function any_server_selector at 0x0000024B5FA24CC0>", "operation": "getMore", "topologyDescription": "<TopologyDescription id: 696c81def625bd2bc9f9598b, topology_type: ReplicaSetWithPrimary, servers: [<ServerDescription ('ac-1u1vjmy-shard-00-00.djz1hts.mongodb.net', 27017) server_type: Unknown, rtt: None>, <ServerDescription ('ac-1u1vjmy-shard-00-01.djz1hts.mongodb.net', 27017) server_type: Unknown, rtt: None>, <ServerDescription ('ac-1u1vjmy-shard-00-02.djz1hts.mongodb.net', 27017) server_type: RSPrimary, rtt: 0.07292549987323582>]>", "clientId": {"$oid": "696c81def625bd2bc9f9598b"}}
[ 2026-01-18 00:46:55,801 ] pymongo.serverSelection - DEBUG - {"message": "Server selection succeeded", "selector": "<function any_server_selector at 0x0000024B5FA24CC0>", "operation": "getMore", "topologyDescription": "<TopologyDescription id: 696c81def625bd2bc9f9598b, topology_type: ReplicaSetWithPrimary, servers: [<ServerDescription ('ac-1u1vjmy-shard-00-00.djz1hts.mongodb.net', 27017) server_type: Unknown, rtt: None>, <ServerDescription ('ac-1u1vjmy-shard-00-01.djz1hts.mongodb.net', 27017) server_type: Unknown, rtt: None>, <ServerDescription ('ac-1u1vjmy-shard-00-02.djz1hts.mongodb.net', 27017) server_type: RSPrimary, rtt: 0.07292549987323582>]>", "clientId": {"$oid": "696c81def625bd2bc9f9598b"}, "serverHost": "ac-1u1vjmy-shard-00-02.djz1hts.mongodb.net", "serverPort": 27017}
[ 2026-01-18 00:46:55,801 ] pymongo.connection - DEBUG - {"message": "Connection checkout started", "clientId": {"$oid": "696c81def625bd2bc9f9598b"}, "serverHost": "ac-1u1vjmy-shard-00-02.djz1hts.mongodb.net", "serverPort": 27017}
[ 2026-01-18 00:46:55,801 ] pymongo.connection - DEBUG - {"message": "Connection checked out", "clientId": {"$oid": "696c81def625bd2bc9f9598b"}, "serverHost": "ac-1u1vjmy-shard-00-02.djz1hts.mongodb.net", "serverPort": 27017, "driverConnectionId": 1, "durationMS": 0.00011710007674992085}
[ 2026-01-18 00:46:55,801 ] pymongo.command - DEBUG - {"message": "Command started", "clientId": {"$oid": "696c81def625bd2bc9f9598b"}, "command": "{\"getMore\": 5124292108234216392, \"collection\": \"Proj1-Data\", \"lsid\": {\"id\": {\"$binary\": {\"base64\": \"92VeTkXSSFSUaugzulXiaw==\", \"subType\": \"04\"}}}, \"$clusterTime\": {\"clusterTime\": {\"$timestamp\": {\"t\": 1768718814, \"i\": 2}}, \"signature\": {\"hash\": {\"$binary\": {\"base64\": \"qUt3htJEUNafSQW3ZLK2gnZu/us=\", \"subType\": \"00\"}}, \"keyId\": 7566725175656316934}}, \"$db\": \"Customer-Churn\"}", "commandName": "getMore", "databaseName": "Customer-Churn", "requestId": 19169, "operationId": 19169, "driverConnectionId": 1, "serverConnectionId": 104641, "serverHost": "ac-1u1vjmy-shard-00-02.djz1hts.mongodb.net", "serverPort": 27017}
[ 2026-01-18 00:46:56,121 ] pymongo.topology - DEBUG - {"message": "Server heartbeat started", "topologyId": {"$oid": "696c81def625bd2bc9f9598b"}, "driverConnectionId": 1, "serverHost": "ac-1u1vjmy-shard-00-01.djz1hts.mongodb.net", "serverPort": 27017, "awaited": false}
[ 2026-01-18 00:46:56,175 ] pymongo.topology - DEBUG - {"message": "Server heartbeat succeeded", "topologyId": {"$oid": "696c81def625bd2bc9f9598b"}, "driverConnectionId": 1, "serverConnectionId": 99024, "serverHost": "ac-1u1vjmy-shard-00-01.djz1hts.mongodb.net", "serverPort": 27017, "awaited": false, "durationMS": 53.09649999253452, "reply": "{\"helloOk\": true, \"topologyVersion\": {\"processId\": {\"$oid\": \"696923953f198139e3024850\"}, \"counter\": 3}, \"hosts\": [\"ac-1u1vjmy-shard-00-00.djz1hts.mongodb.net:27017\", \"ac-1u1vjmy-shard-00-01.djz1hts.mongodb.net:27017\", \"ac-1u1vjmy-shard-00-02.djz1hts.mongodb.net:27017\"], \"setName\": \"atlas-931qd7-shard-0\", \"setVersion\": 10, \"secondary\": true, \"primary\": \"ac-1u1vjmy-shard-00-02.djz1hts.mongodb.net:27017\", \"tags\": {\"diskState\": \"READY\", \"provider\": \"AWS\", \"availabilityZone\": \"use1-az4\", \"nodeType\": \"ELECTABLE\", \"region\": \"US_EAST_1\", \"workloadType\": \"OPERATIONAL\"}, \"me\": \"ac-1u1vjmy-shard-00-01.djz1hts.mongodb.net:27017\", \"lastWrite\": {\"opTime\": {\"ts\": {\"$timestamp\": {\"t\": 1768718815, \"i\": 14}}, \"t\": 15}, \"lastWriteDate\": {\"$date\": \"2026-01-18T06:46:55Z\"}, \"majorityOpTime\": {\"ts\": {\"$timestamp\": {\"t\": 1768718815, \"i\": 14}}, \"t\": 15}, \"majorityWriteDate\": {\"$date\": \"2026-01-18T06:46:55Z\"}}, \"maxBsonObjectSize\": 16777216, \"maxMessageSizeBytes\": 48000000, \"maxWriteBatchSize\": 100000, \"localTi..."}
[ 2026-01-18 00:46:56,198 ] pymongo.connection - DEBUG - {"message": "Connection pool ready", "clientId": {"$oid": "696c81def625bd2bc9f9598b"}, "serverHost": "ac-1u1vjmy-shard-00-01.djz1hts.mongodb.net", "serverPort": 27017}
[ 2026-01-18 00:46:56,198 ] pymongo.topology - DEBUG - {"message": "Topology description changed", "topologyId": {"$oid": "696c81def625bd2bc9f9598b"}, "previousDescription": "<TopologyDescription id: 696c81def625bd2bc9f9598b, topology_type: ReplicaSetWithPrimary, servers: [<ServerDescription ('ac-1u1vjmy-shard-00-00.djz1hts.mongodb.net', 27017) server_type: Unknown, rtt: None>, <ServerDescription ('ac-1u1vjmy-shard-00-01.djz1hts.mongodb.net', 27017) server_type: Unknown, rtt: None>, <ServerDescription ('ac-1u1vjmy-shard-00-02.djz1hts.mongodb.net', 27017) server_type: RSPrimary, rtt: 0.07292549987323582>]>", "newDescription": "<TopologyDescription id: 696c81def625bd2bc9f9598b, topology_type: ReplicaSetWithPrimary, servers: [<ServerDescription ('ac-1u1vjmy-shard-00-00.djz1hts.mongodb.net', 27017) server_type: Unknown, rtt: None>, <ServerDescription ('ac-1u1vjmy-shard-00-01.djz1hts.mongodb.net', 27017) server_type: RSSecondary, rtt: 0.05309649999253452>, <ServerDescription ('ac-1u1vjmy-shard-00-02.djz1hts.mongodb.net', 27017) server_type: RSPrimary, rtt: 0.07292549987323582>]>"}
[ 2026-01-18 00:46:56,199 ] pymongo.topology - DEBUG - {"message": "Server heartbeat started", "topologyId": {"$oid": "696c81def625bd2bc9f9598b"}, "driverConnectionId": 1, "serverConnectionId": 99024, "serverHost": "ac-1u1vjmy-shard-00-01.djz1hts.mongodb.net", "serverPort": 27017, "awaited": true}
[ 2026-01-18 00:46:56,288 ] pymongo.command - DEBUG - {"message": "Command succeeded", "clientId": {"$oid": "696c81def625bd2bc9f9598b"}, "durationMS": 487.07099999999997, "reply": "{\"cursor\": {\"nextBatch\": [{\"_id\": {\"$oid\": \"69694a72cfa4574c33d9bd11\"}, \"customerID\": \"3679-XASPY\", \"gender\": \"Female\", \"Partner\": \"Yes\", \"Dependents\": \"Yes\", \"tenure\": 1, \"PhoneService\": \"Yes\", \"MultipleLines\": \"No\", \"InternetService\": \"No\", \"OnlineSecurity\": \"No internet service\", \"OnlineBackup\": \"No internet service\", \"DeviceProtection\": \"No internet service\", \"TechSupport\": \"No internet service\", \"StreamingTV\": \"No internet service\", \"StreamingMovies\": \"No internet service\", \"Contract\": \"Month-to-month\", \"PaperlessBilling\": \"No\", \"PaymentMethod\": \"Electronic check\", \"MonthlyCharges\": 19.45, \"TotalCharges\": \"19.45\", \"Churn\": \"No\"}, {\"_id\": {\"$oid\": \"69694a72cfa4574c33d9bd12\"}, \"customerID\": \"7123-WQUHX\", \"gender\": \"Male\", \"Partner\": \"No\", \"Dependents\": \"No\", \"tenure\": 38, \"PhoneService\": \"Yes\", \"MultipleLines\": \"Yes\", \"InternetService\": \"Fiber optic\", \"OnlineSecurity\": \"No\", \"OnlineBackup\": \"No\", \"DeviceProtection\": \"Yes\", \"TechSupport\": \"Yes\", \"StreamingTV\": \"Yes\", \"StreamingMovies...", "commandName": "getMore", "databaseName": "Customer-Churn", "requestId": 19169, "operationId": 19169, "driverConnectionId": 1, "serverConnectionId": 104641, "serverHost": "ac-1u1vjmy-shard-00-02.djz1hts.mongodb.net", "serverPort": 27017}
[ 2026-01-18 00:46:56,289 ] pymongo.connection - DEBUG - {"message": "Connection checked in", "clientId": {"$oid": "696c81def625bd2bc9f9598b"}, "serverHost": "ac-1u1vjmy-shard-00-02.djz1hts.mongodb.net", "serverPort": 27017, "driverConnectionId": 1}
[ 2026-01-18 00:46:56,363 ] root - INFO - Shape of dataframe: (7043, 22)
[ 2026-01-18 00:46:56,366 ] root - INFO - Saving exported data into feature store file path: artifact\01_18_2026_00_46_53\data_ingestion\feature_store\WA_Fn-UseC_-Telco-Customer-Churn.csv
[ 2026-01-18 00:46:56,371 ] pymongo.topology - DEBUG - {"message": "Server heartbeat started", "topologyId": {"$oid": "696c81def625bd2bc9f9598b"}, "driverConnectionId": 1, "serverHost": "ac-1u1vjmy-shard-00-00.djz1hts.mongodb.net", "serverPort": 27017, "awaited": false}
[ 2026-01-18 00:46:56,424 ] pymongo.topology - DEBUG - {"message": "Server heartbeat succeeded", "topologyId": {"$oid": "696c81def625bd2bc9f9598b"}, "driverConnectionId": 1, "serverConnectionId": 100806, "serverHost": "ac-1u1vjmy-shard-00-00.djz1hts.mongodb.net", "serverPort": 27017, "awaited": false, "durationMS": 51.88910011202097, "reply": "{\"helloOk\": true, \"topologyVersion\": {\"processId\": {\"$oid\": \"69691fb9146e75e66ebab7e3\"}, \"counter\": 4}, \"hosts\": [\"ac-1u1vjmy-shard-00-00.djz1hts.mongodb.net:27017\", \"ac-1u1vjmy-shard-00-01.djz1hts.mongodb.net:27017\", \"ac-1u1vjmy-shard-00-02.djz1hts.mongodb.net:27017\"], \"setName\": \"atlas-931qd7-shard-0\", \"setVersion\": 10, \"secondary\": true, \"primary\": \"ac-1u1vjmy-shard-00-02.djz1hts.mongodb.net:27017\", \"tags\": {\"provider\": \"AWS\", \"availabilityZone\": \"use1-az2\", \"workloadType\": \"OPERATIONAL\", \"diskState\": \"READY\", \"region\": \"US_EAST_1\", \"nodeType\": \"ELECTABLE\"}, \"me\": \"ac-1u1vjmy-shard-00-00.djz1hts.mongodb.net:27017\", \"lastWrite\": {\"opTime\": {\"ts\": {\"$timestamp\": {\"t\": 1768718815, \"i\": 14}}, \"t\": 15}, \"lastWriteDate\": {\"$date\": \"2026-01-18T06:46:55Z\"}, \"majorityOpTime\": {\"ts\": {\"$timestamp\": {\"t\": 1768718815, \"i\": 14}}, \"t\": 15}, \"majorityWriteDate\": {\"$date\": \"2026-01-18T06:46:55Z\"}}, \"maxBsonObjectSize\": 16777216, \"maxMessageSizeBytes\": 48000000, \"maxWriteBatchSize\": 100000, \"localTi..."}
[ 2026-01-18 00:46:56,425 ] pymongo.connection - DEBUG - {"message": "Connection pool ready", "clientId": {"$oid": "696c81def625bd2bc9f9598b"}, "serverHost": "ac-1u1vjmy-shard-00-00.djz1hts.mongodb.net", "serverPort": 27017}
[ 2026-01-18 00:46:56,425 ] pymongo.topology - DEBUG - {"message": "Topology description changed", "topologyId": {"$oid": "696c81def625bd2bc9f9598b"}, "previousDescription": "<TopologyDescription id: 696c81def625bd2bc9f9598b, topology_type: ReplicaSetWithPrimary, servers: [<ServerDescription ('ac-1u1vjmy-shard-00-00.djz1hts.mongodb.net', 27017) server_type: Unknown, rtt: None>, <ServerDescription ('ac-1u1vjmy-shard-00-01.djz1hts.mongodb.net', 27017) server_type: RSSecondary, rtt: 0.05309649999253452>, <ServerDescription ('ac-1u1vjmy-shard-00-02.djz1hts.mongodb.net', 27017) server_type: RSPrimary, rtt: 0.07292549987323582>]>", "newDescription": "<TopologyDescription id: 696c81def625bd2bc9f9598b, topology_type: ReplicaSetWithPrimary, servers: [<ServerDescription ('ac-1u1vjmy-shard-00-00.djz1hts.mongodb.net', 27017) server_type: RSSecondary, rtt: 0.05188910011202097>, <ServerDescription ('ac-1u1vjmy-shard-00-01.djz1hts.mongodb.net', 27017) server_type: RSSecondary, rtt: 0.05309649999253452>, <ServerDescription ('ac-1u1vjmy-shard-00-02.djz1hts.mongodb.net', 27017) server_type: RSPrimary, rtt: 0.07292549987323582>]>"}
[ 2026-01-18 00:46:56,427 ] pymongo.topology - DEBUG - {"message": "Server heartbeat started", "topologyId": {"$oid": "696c81def625bd2bc9f9598b"}, "driverConnectionId": 1, "serverConnectionId": 100806, "serverHost": "ac-1u1vjmy-shard-00-00.djz1hts.mongodb.net", "serverPort": 27017, "awaited": true}
[ 2026-01-18 00:46:56,436 ] root - INFO - Got the data from mongodb
[ 2026-01-18 00:46:56,436 ] root - INFO - Entered split_data_as_train_test method of Data_Ingestion class
[ 2026-01-18 00:46:56,444 ] root - INFO - Performed train test split on the dataframe
[ 2026-01-18 00:46:56,444 ] root - INFO - Exited split_data_as_train_test method of Data_Ingestion class
[ 2026-01-18 00:46:56,445 ] root - INFO - Exporting train and test file path.
[ 2026-01-18 00:46:56,511 ] root - INFO - Exported train and test file path.
[ 2026-01-18 00:46:56,513 ] root - INFO - Performed train test split on the dataset
[ 2026-01-18 00:46:56,513 ] root - INFO - Exited initiate_data_ingestion method of Data_Ingestion class
[ 2026-01-18 00:46:56,514 ] root - INFO - Data ingestion artifact: DataIngestionArtifact(trained_file_path='artifact\\01_18_2026_00_46_53\\data_ingestion\\ingested\\train.csv', test_file_path='artifact\\01_18_2026_00_46_53\\data_ingestion\\ingested\\test.csv')
[ 2026-01-18 00:46:56,522 ] root - INFO - Got the train_set and test_set from mongodb
[ 2026-01-18 00:46:56,522 ] root - INFO - Exited the start_data_ingestion method of TrainPipeline class
[ 2026-01-18 00:46:56,522 ] root - INFO - Entered the start_data_validation method of TrainPipeline class
[ 2026-01-18 00:46:56,550 ] root - INFO - Starting data validation
[ 2026-01-18 00:46:56,580 ] root - INFO - Is required column present: [True]
[ 2026-01-18 00:46:56,580 ] root - INFO - All required columns present in training dataframe: True
[ 2026-01-18 00:46:56,581 ] root - INFO - Is required column present: [True]
[ 2026-01-18 00:46:56,581 ] root - INFO - All required columns present in testing dataframe: True
[ 2026-01-18 00:46:56,581 ] root - INFO - All categorical/int columns present in training dataframe: True
[ 2026-01-18 00:46:56,582 ] root - INFO - All categorical/int columns present in testing dataframe: True
[ 2026-01-18 00:46:56,583 ] root - INFO - Data validation artifact created and saved to JSON file.
[ 2026-01-18 00:46:56,584 ] root - INFO - Data validation artifact: DataValidationArtifact(validation_status=True, message='', validation_report_file_path='artifact\\01_18_2026_00_46_53\\data_validation\\report.yaml')
[ 2026-01-18 00:46:56,585 ] root - INFO - Performed the data validation operation
[ 2026-01-18 00:46:56,585 ] root - INFO - Exited the start_data_validation method of TrainPipeline class
[ 2026-01-18 00:46:57,006 ] root - INFO - Data Transformation Started !!!
[ 2026-01-18 00:46:57,037 ] root - INFO - Train-Test data loaded
[ 2026-01-18 00:46:57,040 ] root - INFO - Input and Target cols defined for both train and test df.
[ 2026-01-18 00:46:57,041 ] root - INFO - Cleaning data: handling TotalCharges
[ 2026-01-18 00:46:57,048 ] root - INFO - TotalCharges cleaned and filled missing values with median
[ 2026-01-18 00:46:57,048 ] root - INFO - Mapping 'gender' column to binary values
[ 2026-01-18 00:46:57,050 ] root - INFO - Dropping id columns
[ 2026-01-18 00:46:57,052 ] root - INFO - Dropped columns: ['_id', 'customerID']
[ 2026-01-18 00:46:57,053 ] root - INFO - Creating dummy variables for categorical features
[ 2026-01-18 00:46:57,054 ] root - INFO - Creating dummy variables for: ['Partner', 'Dependents', 'PhoneService', 'MultipleLines', 'InternetService', 'OnlineSecurity', 'OnlineBackup', 'DeviceProtection', 'TechSupport', 'StreamingTV', 'StreamingMovies', 'Contract', 'PaperlessBilling', 'PaymentMethod']
[ 2026-01-18 00:46:57,069 ] root - INFO - Renaming specific columns and casting to int
[ 2026-01-18 00:46:57,070 ] root - INFO - Cleaning data: handling TotalCharges
[ 2026-01-18 00:46:57,073 ] root - INFO - TotalCharges cleaned and filled missing values with median
[ 2026-01-18 00:46:57,073 ] root - INFO - Mapping 'gender' column to binary values
[ 2026-01-18 00:46:57,074 ] root - INFO - Dropping id columns
[ 2026-01-18 00:46:57,075 ] root - INFO - Dropped columns: ['_id', 'customerID']
[ 2026-01-18 00:46:57,075 ] root - INFO - Creating dummy variables for categorical features
[ 2026-01-18 00:46:57,076 ] root - INFO - Creating dummy variables for: ['Partner', 'Dependents', 'PhoneService', 'MultipleLines', 'InternetService', 'OnlineSecurity', 'OnlineBackup', 'DeviceProtection', 'TechSupport', 'StreamingTV', 'StreamingMovies', 'Contract', 'PaperlessBilling', 'PaymentMethod']
[ 2026-01-18 00:46:57,085 ] root - INFO - Renaming specific columns and casting to int
[ 2026-01-18 00:46:57,086 ] root - INFO - Custom transformations applied to train and test data
[ 2026-01-18 00:46:57,087 ] root - INFO - Starting data transformation
[ 2026-01-18 00:46:57,087 ] root - INFO - Numerical features for scaling: ['tenure', 'MonthlyCharges']
[ 2026-01-18 00:46:57,087 ] root - INFO - MinMax columns: ['TotalCharges']
[ 2026-01-18 00:46:57,087 ] root - INFO - Got the preprocessor object
[ 2026-01-18 00:46:57,088 ] root - INFO - Initializing transformation for Training-data
[ 2026-01-18 00:46:57,097 ] root - INFO - Initializing transformation for Testing-data
[ 2026-01-18 00:46:57,103 ] root - INFO - Transformation done end to end to train-test df.
[ 2026-01-18 00:46:57,103 ] root - INFO - Applying SMOTEENN for handling imbalanced dataset.
[ 2026-01-18 00:47:01,891 ] root - INFO - SMOTEENN applied to train-test df.
[ 2026-01-18 00:47:01,899 ] root - INFO - feature-target concatenation done for train-test df.
[ 2026-01-18 00:47:01,900 ] root - INFO - Entered the save_object method of utils
[ 2026-01-18 00:47:01,942 ] root - INFO - Exited the save_object method of utils
[ 2026-01-18 00:47:01,956 ] root - INFO - Saving transformation object and transformed files.
[ 2026-01-18 00:47:01,957 ] root - INFO - Data transformation completed successfully
[ 2026-01-18 00:47:01,970 ] root - INFO - Entered initiate_model_trainer method of ModelTrainer class
[ 2026-01-18 00:47:01,991 ] root - INFO - train-test data loaded
[ 2026-01-18 00:47:01,992 ] root - INFO - Training RandomForestClassifier with specified parameters
[ 2026-01-18 00:47:01,992 ] root - INFO - train-test split done.
[ 2026-01-18 00:47:01,992 ] root - INFO - Model training going on...
[ 2026-01-18 00:47:02,720 ] root - INFO - Model training done.
[ 2026-01-18 00:47:02,766 ] root - INFO - Model object and artifact loaded.
[ 2026-01-18 00:47:02,767 ] root - INFO - Preprocessing obj loaded.
[ 2026-01-18 00:47:02,846 ] root - INFO - Saving new model as performace is better than previous one.
[ 2026-01-18 00:47:02,954 ] root - INFO - Saved final model object that includes both preprocessing and the trained model
[ 2026-01-18 00:47:02,954 ] root - INFO - Model trainer artifact: ModelTrainerArtifact(trained_model_file_path='artifact\\01_18_2026_00_46_53\\model_trainer\\trained_model\\model.pkl', metric_artifact=ClassificationMetricArtifact(f1_score=0.9176882661996497, precision_score=0.9225352112676056, recall_score=0.9128919860627178))
[ 2026-01-18 00:47:03,035 ] pymongo.topology - DEBUG - {"message": "Server heartbeat failed", "topologyId": {"$oid": "696c81def625bd2bc9f9598b"}, "serverHost": "ac-1u1vjmy-shard-00-00.djz1hts.mongodb.net", "serverPort": 27017, "awaited": true, "durationMS": 6607.76780010201, "failure": "\"_OperationCancelled('operation cancelled')\"", "driverConnectionId": 1}
[ 2026-01-18 00:47:03,300 ] pymongo.topology - DEBUG - {"message": "Server heartbeat failed", "topologyId": {"$oid": "696c81def625bd2bc9f9598b"}, "serverHost": "ac-1u1vjmy-shard-00-01.djz1hts.mongodb.net", "serverPort": 27017, "awaited": true, "durationMS": 7101.179999997839, "failure": "\"_OperationCancelled('operation cancelled')\"", "driverConnectionId": 1}
[ 2026-01-18 00:47:03,424 ] pymongo.topology - DEBUG - {"message": "Server heartbeat failed", "topologyId": {"$oid": "696c81def625bd2bc9f9598b"}, "serverHost": "ac-1u1vjmy-shard-00-02.djz1hts.mongodb.net", "serverPort": 27017, "awaited": true, "durationMS": 8114.97430014424, "failure": "\"_OperationCancelled('operation cancelled')\"", "driverConnectionId": 1}
