[ 2026-01-17 19:28:12,998 ] root - DEBUG - This is a debug message.
[ 2026-01-17 19:28:12,998 ] root - INFO - This is an info message.
[ 2026-01-17 19:28:12,998 ] root - WARNING - This is a warning message.
[ 2026-01-17 19:28:12,999 ] root - ERROR - This is an error message.
[ 2026-01-17 19:28:12,999 ] root - CRITICAL - This is a critical message.
[ 2026-01-17 19:28:15,289 ] root - INFO - Entered the start_data_ingestion method of TrainPipeline class
[ 2026-01-17 19:28:15,289 ] root - INFO - Getting the data from mongodb
[ 2026-01-17 19:28:15,290 ] root - INFO - Entered initiate_data_ingestion method of Data_Ingestion class
[ 2026-01-17 19:28:15,290 ] root - INFO - Exporting data from mongodb
[ 2026-01-17 19:28:16,166 ] pymongo.topology - DEBUG - {"message": "Starting topology monitoring", "topologyId": {"$oid": "696c372fa7047cbd2be8569b"}}
[ 2026-01-17 19:28:16,167 ] pymongo.topology - DEBUG - {"message": "Topology description changed", "topologyId": {"$oid": "696c372fa7047cbd2be8569b"}, "previousDescription": "<TopologyDescription id: 696c372fa7047cbd2be8569b, topology_type: Unknown, servers: []>", "newDescription": "<TopologyDescription id: 696c372fa7047cbd2be8569b, topology_type: ReplicaSetNoPrimary, servers: [<ServerDescription ('ac-1u1vjmy-shard-00-00.djz1hts.mongodb.net', 27017) server_type: Unknown, rtt: None>, <ServerDescription ('ac-1u1vjmy-shard-00-01.djz1hts.mongodb.net', 27017) server_type: Unknown, rtt: None>, <ServerDescription ('ac-1u1vjmy-shard-00-02.djz1hts.mongodb.net', 27017) server_type: Unknown, rtt: None>]>"}
[ 2026-01-17 19:28:16,167 ] pymongo.topology - DEBUG - {"message": "Starting server monitoring", "topologyId": {"$oid": "696c372fa7047cbd2be8569b"}, "serverHost": "ac-1u1vjmy-shard-00-01.djz1hts.mongodb.net", "serverPort": 27017}
[ 2026-01-17 19:28:16,167 ] pymongo.topology - DEBUG - {"message": "Starting server monitoring", "topologyId": {"$oid": "696c372fa7047cbd2be8569b"}, "serverHost": "ac-1u1vjmy-shard-00-02.djz1hts.mongodb.net", "serverPort": 27017}
[ 2026-01-17 19:28:16,167 ] pymongo.topology - DEBUG - {"message": "Starting server monitoring", "topologyId": {"$oid": "696c372fa7047cbd2be8569b"}, "serverHost": "ac-1u1vjmy-shard-00-00.djz1hts.mongodb.net", "serverPort": 27017}
[ 2026-01-17 19:28:16,168 ] pymongo.connection - DEBUG - {"message": "Connection pool created", "clientId": {"$oid": "696c372fa7047cbd2be8569b"}, "serverHost": "ac-1u1vjmy-shard-00-01.djz1hts.mongodb.net", "serverPort": 27017}
[ 2026-01-17 19:28:16,169 ] pymongo.connection - DEBUG - {"message": "Connection pool created", "clientId": {"$oid": "696c372fa7047cbd2be8569b"}, "serverHost": "ac-1u1vjmy-shard-00-02.djz1hts.mongodb.net", "serverPort": 27017}
[ 2026-01-17 19:28:16,171 ] pymongo.connection - DEBUG - {"message": "Connection pool created", "clientId": {"$oid": "696c372fa7047cbd2be8569b"}, "serverHost": "ac-1u1vjmy-shard-00-00.djz1hts.mongodb.net", "serverPort": 27017}
[ 2026-01-17 19:28:16,172 ] root - INFO - MongoDB connection successful.
[ 2026-01-17 19:28:16,172 ] pymongo.serverSelection - DEBUG - {"message": "Server selection started", "selector": "Primary()", "operation": "find", "topologyDescription": "<TopologyDescription id: 696c372fa7047cbd2be8569b, topology_type: ReplicaSetNoPrimary, servers: [<ServerDescription ('ac-1u1vjmy-shard-00-00.djz1hts.mongodb.net', 27017) server_type: Unknown, rtt: None>, <ServerDescription ('ac-1u1vjmy-shard-00-01.djz1hts.mongodb.net', 27017) server_type: Unknown, rtt: None>, <ServerDescription ('ac-1u1vjmy-shard-00-02.djz1hts.mongodb.net', 27017) server_type: Unknown, rtt: None>]>", "clientId": {"$oid": "696c372fa7047cbd2be8569b"}}
[ 2026-01-17 19:28:16,173 ] pymongo.serverSelection - DEBUG - {"message": "Waiting for suitable server to become available", "selector": "Primary()", "operation": "find", "topologyDescription": "<TopologyDescription id: 696c372fa7047cbd2be8569b, topology_type: ReplicaSetNoPrimary, servers: [<ServerDescription ('ac-1u1vjmy-shard-00-00.djz1hts.mongodb.net', 27017) server_type: Unknown, rtt: None>, <ServerDescription ('ac-1u1vjmy-shard-00-01.djz1hts.mongodb.net', 27017) server_type: Unknown, rtt: None>, <ServerDescription ('ac-1u1vjmy-shard-00-02.djz1hts.mongodb.net', 27017) server_type: Unknown, rtt: None>]>", "clientId": {"$oid": "696c372fa7047cbd2be8569b"}, "remainingTimeMS": 29999}
[ 2026-01-17 19:28:16,437 ] pymongo.topology - DEBUG - {"message": "Server heartbeat started", "topologyId": {"$oid": "696c372fa7047cbd2be8569b"}, "driverConnectionId": 1, "serverHost": "ac-1u1vjmy-shard-00-02.djz1hts.mongodb.net", "serverPort": 27017, "awaited": false}
[ 2026-01-17 19:28:16,439 ] pymongo.topology - DEBUG - {"message": "Server heartbeat started", "topologyId": {"$oid": "696c372fa7047cbd2be8569b"}, "driverConnectionId": 1, "serverHost": "ac-1u1vjmy-shard-00-01.djz1hts.mongodb.net", "serverPort": 27017, "awaited": false}
[ 2026-01-17 19:28:16,449 ] pymongo.topology - DEBUG - {"message": "Server heartbeat started", "topologyId": {"$oid": "696c372fa7047cbd2be8569b"}, "driverConnectionId": 1, "serverHost": "ac-1u1vjmy-shard-00-00.djz1hts.mongodb.net", "serverPort": 27017, "awaited": false}
[ 2026-01-17 19:28:16,499 ] pymongo.topology - DEBUG - {"message": "Server heartbeat succeeded", "topologyId": {"$oid": "696c372fa7047cbd2be8569b"}, "driverConnectionId": 1, "serverConnectionId": 97175, "serverHost": "ac-1u1vjmy-shard-00-02.djz1hts.mongodb.net", "serverPort": 27017, "awaited": false, "durationMS": 61.186299892142415, "reply": "{\"helloOk\": true, \"topologyVersion\": {\"processId\": {\"$oid\": \"6969219f082a3c516728680e\"}, \"counter\": 6}, \"hosts\": [\"ac-1u1vjmy-shard-00-00.djz1hts.mongodb.net:27017\", \"ac-1u1vjmy-shard-00-01.djz1hts.mongodb.net:27017\", \"ac-1u1vjmy-shard-00-02.djz1hts.mongodb.net:27017\"], \"setName\": \"atlas-931qd7-shard-0\", \"setVersion\": 10, \"ismaster\": true, \"primary\": \"ac-1u1vjmy-shard-00-02.djz1hts.mongodb.net:27017\", \"tags\": {\"workloadType\": \"OPERATIONAL\", \"availabilityZone\": \"use1-az5\", \"diskState\": \"READY\", \"provider\": \"AWS\", \"region\": \"US_EAST_1\", \"nodeType\": \"ELECTABLE\"}, \"me\": \"ac-1u1vjmy-shard-00-02.djz1hts.mongodb.net:27017\", \"electionId\": {\"$oid\": \"7fffffff000000000000000f\"}, \"lastWrite\": {\"opTime\": {\"ts\": {\"$timestamp\": {\"t\": 1768699695, \"i\": 17}}, \"t\": 15}, \"lastWriteDate\": {\"$date\": \"2026-01-18T01:28:15Z\"}, \"majorityOpTime\": {\"ts\": {\"$timestamp\": {\"t\": 1768699695, \"i\": 17}}, \"t\": 15}, \"majorityWriteDate\": {\"$date\": \"2026-01-18T01:28:15Z\"}}, \"maxBsonObjectSize\": 16777216, \"maxMessageSizeByte..."}
[ 2026-01-17 19:28:16,501 ] pymongo.connection - DEBUG - {"message": "Connection pool ready", "clientId": {"$oid": "696c372fa7047cbd2be8569b"}, "serverHost": "ac-1u1vjmy-shard-00-02.djz1hts.mongodb.net", "serverPort": 27017}
[ 2026-01-17 19:28:16,501 ] pymongo.topology - DEBUG - {"message": "Topology description changed", "topologyId": {"$oid": "696c372fa7047cbd2be8569b"}, "previousDescription": "<TopologyDescription id: 696c372fa7047cbd2be8569b, topology_type: ReplicaSetNoPrimary, servers: [<ServerDescription ('ac-1u1vjmy-shard-00-00.djz1hts.mongodb.net', 27017) server_type: Unknown, rtt: None>, <ServerDescription ('ac-1u1vjmy-shard-00-01.djz1hts.mongodb.net', 27017) server_type: Unknown, rtt: None>, <ServerDescription ('ac-1u1vjmy-shard-00-02.djz1hts.mongodb.net', 27017) server_type: Unknown, rtt: None>]>", "newDescription": "<TopologyDescription id: 696c372fa7047cbd2be8569b, topology_type: ReplicaSetWithPrimary, servers: [<ServerDescription ('ac-1u1vjmy-shard-00-00.djz1hts.mongodb.net', 27017) server_type: Unknown, rtt: None>, <ServerDescription ('ac-1u1vjmy-shard-00-01.djz1hts.mongodb.net', 27017) server_type: Unknown, rtt: None>, <ServerDescription ('ac-1u1vjmy-shard-00-02.djz1hts.mongodb.net', 27017) server_type: RSPrimary, rtt: 0.061186299892142415>]>"}
[ 2026-01-17 19:28:16,502 ] pymongo.serverSelection - DEBUG - {"message": "Server selection succeeded", "selector": "Primary()", "operation": "find", "topologyDescription": "<TopologyDescription id: 696c372fa7047cbd2be8569b, topology_type: ReplicaSetWithPrimary, servers: [<ServerDescription ('ac-1u1vjmy-shard-00-00.djz1hts.mongodb.net', 27017) server_type: Unknown, rtt: None>, <ServerDescription ('ac-1u1vjmy-shard-00-01.djz1hts.mongodb.net', 27017) server_type: Unknown, rtt: None>, <ServerDescription ('ac-1u1vjmy-shard-00-02.djz1hts.mongodb.net', 27017) server_type: RSPrimary, rtt: 0.061186299892142415>]>", "clientId": {"$oid": "696c372fa7047cbd2be8569b"}, "serverHost": "ac-1u1vjmy-shard-00-02.djz1hts.mongodb.net", "serverPort": 27017}
[ 2026-01-17 19:28:16,502 ] pymongo.connection - DEBUG - {"message": "Connection checkout started", "clientId": {"$oid": "696c372fa7047cbd2be8569b"}, "serverHost": "ac-1u1vjmy-shard-00-02.djz1hts.mongodb.net", "serverPort": 27017}
[ 2026-01-17 19:28:16,503 ] pymongo.connection - DEBUG - {"message": "Connection created", "clientId": {"$oid": "696c372fa7047cbd2be8569b"}, "serverHost": "ac-1u1vjmy-shard-00-02.djz1hts.mongodb.net", "serverPort": 27017, "driverConnectionId": 1}
[ 2026-01-17 19:28:16,503 ] pymongo.topology - DEBUG - {"message": "Server heartbeat started", "topologyId": {"$oid": "696c372fa7047cbd2be8569b"}, "driverConnectionId": 1, "serverConnectionId": 97175, "serverHost": "ac-1u1vjmy-shard-00-02.djz1hts.mongodb.net", "serverPort": 27017, "awaited": true}
[ 2026-01-17 19:28:16,503 ] pymongo.topology - DEBUG - {"message": "Server heartbeat succeeded", "topologyId": {"$oid": "696c372fa7047cbd2be8569b"}, "driverConnectionId": 1, "serverConnectionId": 91916, "serverHost": "ac-1u1vjmy-shard-00-01.djz1hts.mongodb.net", "serverPort": 27017, "awaited": false, "durationMS": 64.27700002677739, "reply": "{\"helloOk\": true, \"topologyVersion\": {\"processId\": {\"$oid\": \"696923953f198139e3024850\"}, \"counter\": 3}, \"hosts\": [\"ac-1u1vjmy-shard-00-00.djz1hts.mongodb.net:27017\", \"ac-1u1vjmy-shard-00-01.djz1hts.mongodb.net:27017\", \"ac-1u1vjmy-shard-00-02.djz1hts.mongodb.net:27017\"], \"setName\": \"atlas-931qd7-shard-0\", \"setVersion\": 10, \"secondary\": true, \"primary\": \"ac-1u1vjmy-shard-00-02.djz1hts.mongodb.net:27017\", \"tags\": {\"availabilityZone\": \"use1-az4\", \"nodeType\": \"ELECTABLE\", \"diskState\": \"READY\", \"workloadType\": \"OPERATIONAL\", \"provider\": \"AWS\", \"region\": \"US_EAST_1\"}, \"me\": \"ac-1u1vjmy-shard-00-01.djz1hts.mongodb.net:27017\", \"lastWrite\": {\"opTime\": {\"ts\": {\"$timestamp\": {\"t\": 1768699695, \"i\": 17}}, \"t\": 15}, \"lastWriteDate\": {\"$date\": \"2026-01-18T01:28:15Z\"}, \"majorityOpTime\": {\"ts\": {\"$timestamp\": {\"t\": 1768699695, \"i\": 17}}, \"t\": 15}, \"majorityWriteDate\": {\"$date\": \"2026-01-18T01:28:15Z\"}}, \"maxBsonObjectSize\": 16777216, \"maxMessageSizeBytes\": 48000000, \"maxWriteBatchSize\": 100000, \"localTi..."}
[ 2026-01-17 19:28:16,504 ] pymongo.connection - DEBUG - {"message": "Connection pool ready", "clientId": {"$oid": "696c372fa7047cbd2be8569b"}, "serverHost": "ac-1u1vjmy-shard-00-01.djz1hts.mongodb.net", "serverPort": 27017}
[ 2026-01-17 19:28:16,504 ] pymongo.topology - DEBUG - {"message": "Topology description changed", "topologyId": {"$oid": "696c372fa7047cbd2be8569b"}, "previousDescription": "<TopologyDescription id: 696c372fa7047cbd2be8569b, topology_type: ReplicaSetWithPrimary, servers: [<ServerDescription ('ac-1u1vjmy-shard-00-00.djz1hts.mongodb.net', 27017) server_type: Unknown, rtt: None>, <ServerDescription ('ac-1u1vjmy-shard-00-01.djz1hts.mongodb.net', 27017) server_type: Unknown, rtt: None>, <ServerDescription ('ac-1u1vjmy-shard-00-02.djz1hts.mongodb.net', 27017) server_type: RSPrimary, rtt: 0.061186299892142415>]>", "newDescription": "<TopologyDescription id: 696c372fa7047cbd2be8569b, topology_type: ReplicaSetWithPrimary, servers: [<ServerDescription ('ac-1u1vjmy-shard-00-00.djz1hts.mongodb.net', 27017) server_type: Unknown, rtt: None>, <ServerDescription ('ac-1u1vjmy-shard-00-01.djz1hts.mongodb.net', 27017) server_type: RSSecondary, rtt: 0.06427700002677739>, <ServerDescription ('ac-1u1vjmy-shard-00-02.djz1hts.mongodb.net', 27017) server_type: RSPrimary, rtt: 0.061186299892142415>]>"}
[ 2026-01-17 19:28:16,505 ] pymongo.topology - DEBUG - {"message": "Server heartbeat started", "topologyId": {"$oid": "696c372fa7047cbd2be8569b"}, "driverConnectionId": 1, "serverConnectionId": 91916, "serverHost": "ac-1u1vjmy-shard-00-01.djz1hts.mongodb.net", "serverPort": 27017, "awaited": true}
[ 2026-01-17 19:28:16,506 ] pymongo.topology - DEBUG - {"message": "Server heartbeat succeeded", "topologyId": {"$oid": "696c372fa7047cbd2be8569b"}, "driverConnectionId": 1, "serverConnectionId": 93632, "serverHost": "ac-1u1vjmy-shard-00-00.djz1hts.mongodb.net", "serverPort": 27017, "awaited": false, "durationMS": 56.60469993017614, "reply": "{\"helloOk\": true, \"topologyVersion\": {\"processId\": {\"$oid\": \"69691fb9146e75e66ebab7e3\"}, \"counter\": 4}, \"hosts\": [\"ac-1u1vjmy-shard-00-00.djz1hts.mongodb.net:27017\", \"ac-1u1vjmy-shard-00-01.djz1hts.mongodb.net:27017\", \"ac-1u1vjmy-shard-00-02.djz1hts.mongodb.net:27017\"], \"setName\": \"atlas-931qd7-shard-0\", \"setVersion\": 10, \"secondary\": true, \"primary\": \"ac-1u1vjmy-shard-00-02.djz1hts.mongodb.net:27017\", \"tags\": {\"diskState\": \"READY\", \"region\": \"US_EAST_1\", \"nodeType\": \"ELECTABLE\", \"workloadType\": \"OPERATIONAL\", \"provider\": \"AWS\", \"availabilityZone\": \"use1-az2\"}, \"me\": \"ac-1u1vjmy-shard-00-00.djz1hts.mongodb.net:27017\", \"lastWrite\": {\"opTime\": {\"ts\": {\"$timestamp\": {\"t\": 1768699695, \"i\": 17}}, \"t\": 15}, \"lastWriteDate\": {\"$date\": \"2026-01-18T01:28:15Z\"}, \"majorityOpTime\": {\"ts\": {\"$timestamp\": {\"t\": 1768699695, \"i\": 17}}, \"t\": 15}, \"majorityWriteDate\": {\"$date\": \"2026-01-18T01:28:15Z\"}}, \"maxBsonObjectSize\": 16777216, \"maxMessageSizeBytes\": 48000000, \"maxWriteBatchSize\": 100000, \"localTi..."}
[ 2026-01-17 19:28:16,507 ] pymongo.connection - DEBUG - {"message": "Connection pool ready", "clientId": {"$oid": "696c372fa7047cbd2be8569b"}, "serverHost": "ac-1u1vjmy-shard-00-00.djz1hts.mongodb.net", "serverPort": 27017}
[ 2026-01-17 19:28:16,507 ] pymongo.topology - DEBUG - {"message": "Topology description changed", "topologyId": {"$oid": "696c372fa7047cbd2be8569b"}, "previousDescription": "<TopologyDescription id: 696c372fa7047cbd2be8569b, topology_type: ReplicaSetWithPrimary, servers: [<ServerDescription ('ac-1u1vjmy-shard-00-00.djz1hts.mongodb.net', 27017) server_type: Unknown, rtt: None>, <ServerDescription ('ac-1u1vjmy-shard-00-01.djz1hts.mongodb.net', 27017) server_type: RSSecondary, rtt: 0.06427700002677739>, <ServerDescription ('ac-1u1vjmy-shard-00-02.djz1hts.mongodb.net', 27017) server_type: RSPrimary, rtt: 0.061186299892142415>]>", "newDescription": "<TopologyDescription id: 696c372fa7047cbd2be8569b, topology_type: ReplicaSetWithPrimary, servers: [<ServerDescription ('ac-1u1vjmy-shard-00-00.djz1hts.mongodb.net', 27017) server_type: RSSecondary, rtt: 0.05660469993017614>, <ServerDescription ('ac-1u1vjmy-shard-00-01.djz1hts.mongodb.net', 27017) server_type: RSSecondary, rtt: 0.06427700002677739>, <ServerDescription ('ac-1u1vjmy-shard-00-02.djz1hts.mongodb.net', 27017) server_type: RSPrimary, rtt: 0.061186299892142415>]>"}
[ 2026-01-17 19:28:16,508 ] pymongo.topology - DEBUG - {"message": "Server heartbeat started", "topologyId": {"$oid": "696c372fa7047cbd2be8569b"}, "driverConnectionId": 1, "serverConnectionId": 93632, "serverHost": "ac-1u1vjmy-shard-00-00.djz1hts.mongodb.net", "serverPort": 27017, "awaited": true}
[ 2026-01-17 19:28:16,846 ] pymongo.connection - DEBUG - {"message": "Connection ready", "clientId": {"$oid": "696c372fa7047cbd2be8569b"}, "serverHost": "ac-1u1vjmy-shard-00-02.djz1hts.mongodb.net", "serverPort": 27017, "driverConnectionId": 1, "durationMS": 0.18655460001900792}
[ 2026-01-17 19:28:16,847 ] pymongo.connection - DEBUG - {"message": "Connection checked out", "clientId": {"$oid": "696c372fa7047cbd2be8569b"}, "serverHost": "ac-1u1vjmy-shard-00-02.djz1hts.mongodb.net", "serverPort": 27017, "driverConnectionId": 1, "durationMS": 0.3443905001040548}
[ 2026-01-17 19:28:16,847 ] pymongo.command - DEBUG - {"message": "Command started", "clientId": {"$oid": "696c372fa7047cbd2be8569b"}, "command": "{\"find\": \"Proj1-Data\", \"lsid\": {\"id\": {\"$binary\": {\"base64\": \"eKV004D0SXuyWra/p5udwQ==\", \"subType\": \"04\"}}}, \"$clusterTime\": {\"clusterTime\": {\"$timestamp\": {\"t\": 1768699695, \"i\": 17}}, \"signature\": {\"hash\": {\"$binary\": {\"base64\": \"FnDpMkJDH0+FI9tSjaM40/TF3rk=\", \"subType\": \"00\"}}, \"keyId\": 7566725175656316934}}, \"$db\": \"Customer-Churn\"}", "commandName": "find", "databaseName": "Customer-Churn", "requestId": 26500, "operationId": 26500, "driverConnectionId": 1, "serverConnectionId": 97251, "serverHost": "ac-1u1vjmy-shard-00-02.djz1hts.mongodb.net", "serverPort": 27017}
[ 2026-01-17 19:28:17,015 ] pymongo.command - DEBUG - {"message": "Command succeeded", "clientId": {"$oid": "696c372fa7047cbd2be8569b"}, "durationMS": 168.251, "reply": "{\"cursor\": {\"firstBatch\": [{\"_id\": {\"$oid\": \"69694a72cfa4574c33d9bcac\"}, \"customerID\": \"7590-VHVEG\", \"gender\": \"Female\", \"Partner\": \"Yes\", \"Dependents\": \"No\", \"tenure\": 1, \"PhoneService\": \"No\", \"MultipleLines\": \"No phone service\", \"InternetService\": \"DSL\", \"OnlineSecurity\": \"No\", \"OnlineBackup\": \"Yes\", \"DeviceProtection\": \"No\", \"TechSupport\": \"No\", \"StreamingTV\": \"No\", \"StreamingMovies\": \"No\", \"Contract\": \"Month-to-month\", \"PaperlessBilling\": \"Yes\", \"PaymentMethod\": \"Electronic check\", \"MonthlyCharges\": 29.85, \"TotalCharges\": \"29.85\", \"Churn\": \"No\"}, {\"_id\": {\"$oid\": \"69694a72cfa4574c33d9bcad\"}, \"customerID\": \"5575-GNVDE\", \"gender\": \"Male\", \"Partner\": \"No\", \"Dependents\": \"No\", \"tenure\": 34, \"PhoneService\": \"Yes\", \"MultipleLines\": \"No\", \"InternetService\": \"DSL\", \"OnlineSecurity\": \"Yes\", \"OnlineBackup\": \"No\", \"DeviceProtection\": \"Yes\", \"TechSupport\": \"No\", \"StreamingTV\": \"No\", \"StreamingMovies\": \"No\", \"Contract\": \"One year\", \"PaperlessBilling\": \"No\", \"PaymentMethod\": \"Mailed check\", \"Mon...", "commandName": "find", "databaseName": "Customer-Churn", "requestId": 26500, "operationId": 26500, "driverConnectionId": 1, "serverConnectionId": 97251, "serverHost": "ac-1u1vjmy-shard-00-02.djz1hts.mongodb.net", "serverPort": 27017}
[ 2026-01-17 19:28:17,016 ] pymongo.connection - DEBUG - {"message": "Connection checked in", "clientId": {"$oid": "696c372fa7047cbd2be8569b"}, "serverHost": "ac-1u1vjmy-shard-00-02.djz1hts.mongodb.net", "serverPort": 27017, "driverConnectionId": 1}
[ 2026-01-17 19:28:17,016 ] pymongo.serverSelection - DEBUG - {"message": "Server selection started", "selector": "<function any_server_selector at 0x000001DA1DF442C0>", "operation": "getMore", "topologyDescription": "<TopologyDescription id: 696c372fa7047cbd2be8569b, topology_type: ReplicaSetWithPrimary, servers: [<ServerDescription ('ac-1u1vjmy-shard-00-00.djz1hts.mongodb.net', 27017) server_type: RSSecondary, rtt: 0.05660469993017614>, <ServerDescription ('ac-1u1vjmy-shard-00-01.djz1hts.mongodb.net', 27017) server_type: RSSecondary, rtt: 0.06427700002677739>, <ServerDescription ('ac-1u1vjmy-shard-00-02.djz1hts.mongodb.net', 27017) server_type: RSPrimary, rtt: 0.061186299892142415>]>", "clientId": {"$oid": "696c372fa7047cbd2be8569b"}}
[ 2026-01-17 19:28:17,016 ] pymongo.serverSelection - DEBUG - {"message": "Server selection succeeded", "selector": "<function any_server_selector at 0x000001DA1DF442C0>", "operation": "getMore", "topologyDescription": "<TopologyDescription id: 696c372fa7047cbd2be8569b, topology_type: ReplicaSetWithPrimary, servers: [<ServerDescription ('ac-1u1vjmy-shard-00-00.djz1hts.mongodb.net', 27017) server_type: RSSecondary, rtt: 0.05660469993017614>, <ServerDescription ('ac-1u1vjmy-shard-00-01.djz1hts.mongodb.net', 27017) server_type: RSSecondary, rtt: 0.06427700002677739>, <ServerDescription ('ac-1u1vjmy-shard-00-02.djz1hts.mongodb.net', 27017) server_type: RSPrimary, rtt: 0.061186299892142415>]>", "clientId": {"$oid": "696c372fa7047cbd2be8569b"}, "serverHost": "ac-1u1vjmy-shard-00-02.djz1hts.mongodb.net", "serverPort": 27017}
[ 2026-01-17 19:28:17,016 ] pymongo.connection - DEBUG - {"message": "Connection checkout started", "clientId": {"$oid": "696c372fa7047cbd2be8569b"}, "serverHost": "ac-1u1vjmy-shard-00-02.djz1hts.mongodb.net", "serverPort": 27017}
[ 2026-01-17 19:28:17,017 ] pymongo.connection - DEBUG - {"message": "Connection checked out", "clientId": {"$oid": "696c372fa7047cbd2be8569b"}, "serverHost": "ac-1u1vjmy-shard-00-02.djz1hts.mongodb.net", "serverPort": 27017, "driverConnectionId": 1, "durationMS": 0.00017700018361210823}
[ 2026-01-17 19:28:17,017 ] pymongo.command - DEBUG - {"message": "Command started", "clientId": {"$oid": "696c372fa7047cbd2be8569b"}, "command": "{\"getMore\": 5882773814839118839, \"collection\": \"Proj1-Data\", \"lsid\": {\"id\": {\"$binary\": {\"base64\": \"eKV004D0SXuyWra/p5udwQ==\", \"subType\": \"04\"}}}, \"$clusterTime\": {\"clusterTime\": {\"$timestamp\": {\"t\": 1768699695, \"i\": 17}}, \"signature\": {\"hash\": {\"$binary\": {\"base64\": \"FnDpMkJDH0+FI9tSjaM40/TF3rk=\", \"subType\": \"00\"}}, \"keyId\": 7566725175656316934}}, \"$db\": \"Customer-Churn\"}", "commandName": "getMore", "databaseName": "Customer-Churn", "requestId": 19169, "operationId": 19169, "driverConnectionId": 1, "serverConnectionId": 97251, "serverHost": "ac-1u1vjmy-shard-00-02.djz1hts.mongodb.net", "serverPort": 27017}
[ 2026-01-17 19:28:19,106 ] pymongo.command - DEBUG - {"message": "Command succeeded", "clientId": {"$oid": "696c372fa7047cbd2be8569b"}, "durationMS": 2089.321, "reply": "{\"cursor\": {\"nextBatch\": [{\"_id\": {\"$oid\": \"69694a72cfa4574c33d9bd11\"}, \"customerID\": \"3679-XASPY\", \"gender\": \"Female\", \"Partner\": \"Yes\", \"Dependents\": \"Yes\", \"tenure\": 1, \"PhoneService\": \"Yes\", \"MultipleLines\": \"No\", \"InternetService\": \"No\", \"OnlineSecurity\": \"No internet service\", \"OnlineBackup\": \"No internet service\", \"DeviceProtection\": \"No internet service\", \"TechSupport\": \"No internet service\", \"StreamingTV\": \"No internet service\", \"StreamingMovies\": \"No internet service\", \"Contract\": \"Month-to-month\", \"PaperlessBilling\": \"No\", \"PaymentMethod\": \"Electronic check\", \"MonthlyCharges\": 19.45, \"TotalCharges\": \"19.45\", \"Churn\": \"No\"}, {\"_id\": {\"$oid\": \"69694a72cfa4574c33d9bd12\"}, \"customerID\": \"7123-WQUHX\", \"gender\": \"Male\", \"Partner\": \"No\", \"Dependents\": \"No\", \"tenure\": 38, \"PhoneService\": \"Yes\", \"MultipleLines\": \"Yes\", \"InternetService\": \"Fiber optic\", \"OnlineSecurity\": \"No\", \"OnlineBackup\": \"No\", \"DeviceProtection\": \"Yes\", \"TechSupport\": \"Yes\", \"StreamingTV\": \"Yes\", \"StreamingMovies...", "commandName": "getMore", "databaseName": "Customer-Churn", "requestId": 19169, "operationId": 19169, "driverConnectionId": 1, "serverConnectionId": 97251, "serverHost": "ac-1u1vjmy-shard-00-02.djz1hts.mongodb.net", "serverPort": 27017}
[ 2026-01-17 19:28:19,107 ] pymongo.connection - DEBUG - {"message": "Connection checked in", "clientId": {"$oid": "696c372fa7047cbd2be8569b"}, "serverHost": "ac-1u1vjmy-shard-00-02.djz1hts.mongodb.net", "serverPort": 27017, "driverConnectionId": 1}
[ 2026-01-17 19:28:19,175 ] root - INFO - Shape of dataframe: (7043, 22)
[ 2026-01-17 19:28:19,176 ] root - INFO - Saving exported data into feature store file path: artifact\01_17_2026_19_28_15\data_ingestion\feature_store\WA_Fn-UseC_-Telco-Customer-Churn.csv
[ 2026-01-17 19:28:19,243 ] root - INFO - Got the data from mongodb
[ 2026-01-17 19:28:19,243 ] root - INFO - Entered split_data_as_train_test method of Data_Ingestion class
[ 2026-01-17 19:28:19,254 ] root - INFO - Performed train test split on the dataframe
[ 2026-01-17 19:28:19,254 ] root - INFO - Exited split_data_as_train_test method of Data_Ingestion class
[ 2026-01-17 19:28:19,255 ] root - INFO - Exporting train and test file path.
[ 2026-01-17 19:28:19,327 ] root - INFO - Exported train and test file path.
[ 2026-01-17 19:28:19,330 ] root - INFO - Performed train test split on the dataset
[ 2026-01-17 19:28:19,330 ] root - INFO - Exited initiate_data_ingestion method of Data_Ingestion class
[ 2026-01-17 19:28:19,330 ] root - INFO - Data ingestion artifact: DataIngestionArtifact(trained_file_path='artifact\\01_17_2026_19_28_15\\data_ingestion\\ingested\\train.csv', test_file_path='artifact\\01_17_2026_19_28_15\\data_ingestion\\ingested\\test.csv')
[ 2026-01-17 19:28:19,341 ] root - INFO - Got the train_set and test_set from mongodb
[ 2026-01-17 19:28:19,342 ] root - INFO - Exited the start_data_ingestion method of TrainPipeline class
[ 2026-01-17 19:28:19,342 ] root - INFO - Entered the start_data_validation method of TrainPipeline class
[ 2026-01-17 19:28:19,374 ] root - INFO - Starting data validation
[ 2026-01-17 19:28:19,408 ] root - INFO - Is required column present: [True]
[ 2026-01-17 19:28:19,408 ] root - INFO - All required columns present in training dataframe: True
[ 2026-01-17 19:28:19,409 ] root - INFO - Is required column present: [True]
[ 2026-01-17 19:28:19,409 ] root - INFO - All required columns present in testing dataframe: True
[ 2026-01-17 19:28:19,409 ] root - INFO - All categorical/int columns present in training dataframe: True
[ 2026-01-17 19:28:19,409 ] root - INFO - All categorical/int columns present in testing dataframe: True
[ 2026-01-17 19:28:19,411 ] root - INFO - Data validation artifact created and saved to JSON file.
[ 2026-01-17 19:28:19,411 ] root - INFO - Data validation artifact: DataValidationArtifact(validation_status=True, message='', validation_report_file_path='artifact\\01_17_2026_19_28_15\\data_validation\\report.yaml')
[ 2026-01-17 19:28:19,412 ] root - INFO - Performed the data validation operation
[ 2026-01-17 19:28:19,413 ] root - INFO - Exited the start_data_validation method of TrainPipeline class
[ 2026-01-17 19:28:19,818 ] root - INFO - Data Transformation Started !!!
[ 2026-01-17 19:28:19,853 ] root - INFO - Train-Test data loaded
[ 2026-01-17 19:28:19,856 ] root - INFO - Input and Target cols defined for both train and test df.
[ 2026-01-17 19:28:19,856 ] root - INFO - Mapping 'gender' column to binary values
[ 2026-01-17 19:28:19,858 ] root - INFO - Dropping id columns
[ 2026-01-17 19:28:19,859 ] root - INFO - Dropped columns: ['_id', 'customerID']
[ 2026-01-17 19:28:19,859 ] root - INFO - Creating dummy variables for categorical features
[ 2026-01-17 19:28:19,924 ] root - INFO - Renaming specific columns and casting to int
[ 2026-01-17 19:28:19,977 ] root - INFO - Mapping 'gender' column to binary values
[ 2026-01-17 19:28:19,979 ] root - INFO - Dropping id columns
[ 2026-01-17 19:28:19,980 ] root - INFO - Dropped columns: ['_id', 'customerID']
[ 2026-01-17 19:28:19,981 ] root - INFO - Creating dummy variables for categorical features
[ 2026-01-17 19:28:19,990 ] root - INFO - Renaming specific columns and casting to int
[ 2026-01-17 19:28:19,991 ] root - INFO - Custom transformations applied to train and test data
[ 2026-01-17 19:28:19,991 ] root - INFO - Starting data transformation
[ 2026-01-17 19:28:19,991 ] root - INFO - Entered get_data_transformer_object method of DataTransformation class
[ 2026-01-17 19:28:19,991 ] root - INFO - Transformers Initialized: StandardScaler-MinMaxScaler
[ 2026-01-17 19:28:19,992 ] root - INFO - Cols loaded from schema.
[ 2026-01-17 19:28:19,992 ] root - INFO - Final Pipeline Ready!!
[ 2026-01-17 19:28:19,992 ] root - INFO - Exited get_data_transformer_object method of DataTransformation class
[ 2026-01-17 19:28:19,992 ] root - INFO - Got the preprocessor object
[ 2026-01-17 19:28:19,992 ] root - INFO - Initializing transformation for Training-data
[ 2026-01-17 19:28:19,994 ] root - ERROR - Error occurred in python script: [C:\Users\kavet\OneDrive\Desktop\github\src\components\data_transformation.py] at line number [179]: A given column is not a column of the dataframe
[ 2026-01-17 19:28:19,994 ] root - ERROR - Error occurred in python script: [C:\Users\kavet\OneDrive\Desktop\github\src\pipline\training_pipeline.py] at line number [89]: Error occurred in python script: [C:\Users\kavet\OneDrive\Desktop\github\src\components\data_transformation.py] at line number [179]: A given column is not a column of the dataframe
[ 2026-01-17 19:28:19,994 ] root - ERROR - Error occurred in python script: [C:\Users\kavet\OneDrive\Desktop\github\src\pipline\training_pipeline.py] at line number [101]: Error occurred in python script: [C:\Users\kavet\OneDrive\Desktop\github\src\pipline\training_pipeline.py] at line number [89]: Error occurred in python script: [C:\Users\kavet\OneDrive\Desktop\github\src\components\data_transformation.py] at line number [179]: A given column is not a column of the dataframe
[ 2026-01-17 19:28:20,030 ] pymongo.topology - DEBUG - {"message": "Server heartbeat failed", "topologyId": {"$oid": "696c372fa7047cbd2be8569b"}, "serverHost": "ac-1u1vjmy-shard-00-01.djz1hts.mongodb.net", "serverPort": 27017, "awaited": true, "durationMS": 3524.6909998822957, "failure": "\"_OperationCancelled('operation cancelled')\"", "driverConnectionId": 1}
[ 2026-01-17 19:28:20,030 ] pymongo.topology - DEBUG - {"message": "Server heartbeat failed", "topologyId": {"$oid": "696c372fa7047cbd2be8569b"}, "serverHost": "ac-1u1vjmy-shard-00-00.djz1hts.mongodb.net", "serverPort": 27017, "awaited": true, "durationMS": 3521.9778998289257, "failure": "\"_OperationCancelled('operation cancelled')\"", "driverConnectionId": 1}
[ 2026-01-17 19:28:20,030 ] pymongo.topology - DEBUG - {"message": "Server heartbeat failed", "topologyId": {"$oid": "696c372fa7047cbd2be8569b"}, "serverHost": "ac-1u1vjmy-shard-00-02.djz1hts.mongodb.net", "serverPort": 27017, "awaited": true, "durationMS": 3527.246000012383, "failure": "\"_OperationCancelled('operation cancelled')\"", "driverConnectionId": 1}
