[ 2026-01-18 00:44:18,104 ] root - DEBUG - This is a debug message.
[ 2026-01-18 00:44:18,104 ] root - INFO - This is an info message.
[ 2026-01-18 00:44:18,104 ] root - WARNING - This is a warning message.
[ 2026-01-18 00:44:18,105 ] root - ERROR - This is an error message.
[ 2026-01-18 00:44:18,105 ] root - CRITICAL - This is a critical message.
[ 2026-01-18 00:44:20,439 ] root - INFO - Entered the start_data_ingestion method of TrainPipeline class
[ 2026-01-18 00:44:20,440 ] root - INFO - Getting the data from mongodb
[ 2026-01-18 00:44:20,440 ] root - INFO - Entered initiate_data_ingestion method of Data_Ingestion class
[ 2026-01-18 00:44:20,440 ] root - INFO - Exporting data from mongodb
[ 2026-01-18 00:44:21,304 ] pymongo.topology - DEBUG - {"message": "Starting topology monitoring", "topologyId": {"$oid": "696c8144144d29ba1712f07b"}}
[ 2026-01-18 00:44:21,304 ] pymongo.topology - DEBUG - {"message": "Topology description changed", "topologyId": {"$oid": "696c8144144d29ba1712f07b"}, "previousDescription": "<TopologyDescription id: 696c8144144d29ba1712f07b, topology_type: Unknown, servers: []>", "newDescription": "<TopologyDescription id: 696c8144144d29ba1712f07b, topology_type: ReplicaSetNoPrimary, servers: [<ServerDescription ('ac-1u1vjmy-shard-00-00.djz1hts.mongodb.net', 27017) server_type: Unknown, rtt: None>, <ServerDescription ('ac-1u1vjmy-shard-00-01.djz1hts.mongodb.net', 27017) server_type: Unknown, rtt: None>, <ServerDescription ('ac-1u1vjmy-shard-00-02.djz1hts.mongodb.net', 27017) server_type: Unknown, rtt: None>]>"}
[ 2026-01-18 00:44:21,304 ] pymongo.topology - DEBUG - {"message": "Starting server monitoring", "topologyId": {"$oid": "696c8144144d29ba1712f07b"}, "serverHost": "ac-1u1vjmy-shard-00-01.djz1hts.mongodb.net", "serverPort": 27017}
[ 2026-01-18 00:44:21,305 ] pymongo.topology - DEBUG - {"message": "Starting server monitoring", "topologyId": {"$oid": "696c8144144d29ba1712f07b"}, "serverHost": "ac-1u1vjmy-shard-00-02.djz1hts.mongodb.net", "serverPort": 27017}
[ 2026-01-18 00:44:21,305 ] pymongo.topology - DEBUG - {"message": "Starting server monitoring", "topologyId": {"$oid": "696c8144144d29ba1712f07b"}, "serverHost": "ac-1u1vjmy-shard-00-00.djz1hts.mongodb.net", "serverPort": 27017}
[ 2026-01-18 00:44:21,305 ] pymongo.connection - DEBUG - {"message": "Connection pool created", "clientId": {"$oid": "696c8144144d29ba1712f07b"}, "serverHost": "ac-1u1vjmy-shard-00-01.djz1hts.mongodb.net", "serverPort": 27017}
[ 2026-01-18 00:44:21,307 ] pymongo.connection - DEBUG - {"message": "Connection pool created", "clientId": {"$oid": "696c8144144d29ba1712f07b"}, "serverHost": "ac-1u1vjmy-shard-00-02.djz1hts.mongodb.net", "serverPort": 27017}
[ 2026-01-18 00:44:21,309 ] pymongo.connection - DEBUG - {"message": "Connection pool created", "clientId": {"$oid": "696c8144144d29ba1712f07b"}, "serverHost": "ac-1u1vjmy-shard-00-00.djz1hts.mongodb.net", "serverPort": 27017}
[ 2026-01-18 00:44:21,310 ] root - INFO - MongoDB connection successful.
[ 2026-01-18 00:44:21,311 ] pymongo.serverSelection - DEBUG - {"message": "Server selection started", "selector": "Primary()", "operation": "find", "topologyDescription": "<TopologyDescription id: 696c8144144d29ba1712f07b, topology_type: ReplicaSetNoPrimary, servers: [<ServerDescription ('ac-1u1vjmy-shard-00-00.djz1hts.mongodb.net', 27017) server_type: Unknown, rtt: None>, <ServerDescription ('ac-1u1vjmy-shard-00-01.djz1hts.mongodb.net', 27017) server_type: Unknown, rtt: None>, <ServerDescription ('ac-1u1vjmy-shard-00-02.djz1hts.mongodb.net', 27017) server_type: Unknown, rtt: None>]>", "clientId": {"$oid": "696c8144144d29ba1712f07b"}}
[ 2026-01-18 00:44:21,311 ] pymongo.serverSelection - DEBUG - {"message": "Waiting for suitable server to become available", "selector": "Primary()", "operation": "find", "topologyDescription": "<TopologyDescription id: 696c8144144d29ba1712f07b, topology_type: ReplicaSetNoPrimary, servers: [<ServerDescription ('ac-1u1vjmy-shard-00-00.djz1hts.mongodb.net', 27017) server_type: Unknown, rtt: None>, <ServerDescription ('ac-1u1vjmy-shard-00-01.djz1hts.mongodb.net', 27017) server_type: Unknown, rtt: None>, <ServerDescription ('ac-1u1vjmy-shard-00-02.djz1hts.mongodb.net', 27017) server_type: Unknown, rtt: None>]>", "clientId": {"$oid": "696c8144144d29ba1712f07b"}, "remainingTimeMS": 29999}
[ 2026-01-18 00:44:21,579 ] pymongo.topology - DEBUG - {"message": "Server heartbeat started", "topologyId": {"$oid": "696c8144144d29ba1712f07b"}, "driverConnectionId": 1, "serverHost": "ac-1u1vjmy-shard-00-01.djz1hts.mongodb.net", "serverPort": 27017, "awaited": false}
[ 2026-01-18 00:44:21,583 ] pymongo.topology - DEBUG - {"message": "Server heartbeat started", "topologyId": {"$oid": "696c8144144d29ba1712f07b"}, "driverConnectionId": 1, "serverHost": "ac-1u1vjmy-shard-00-02.djz1hts.mongodb.net", "serverPort": 27017, "awaited": false}
[ 2026-01-18 00:44:21,618 ] pymongo.topology - DEBUG - {"message": "Server heartbeat started", "topologyId": {"$oid": "696c8144144d29ba1712f07b"}, "driverConnectionId": 1, "serverHost": "ac-1u1vjmy-shard-00-00.djz1hts.mongodb.net", "serverPort": 27017, "awaited": false}
[ 2026-01-18 00:44:21,633 ] pymongo.topology - DEBUG - {"message": "Server heartbeat succeeded", "topologyId": {"$oid": "696c8144144d29ba1712f07b"}, "driverConnectionId": 1, "serverConnectionId": 98975, "serverHost": "ac-1u1vjmy-shard-00-01.djz1hts.mongodb.net", "serverPort": 27017, "awaited": false, "durationMS": 53.60729992389679, "reply": "{\"helloOk\": true, \"topologyVersion\": {\"processId\": {\"$oid\": \"696923953f198139e3024850\"}, \"counter\": 3}, \"hosts\": [\"ac-1u1vjmy-shard-00-00.djz1hts.mongodb.net:27017\", \"ac-1u1vjmy-shard-00-01.djz1hts.mongodb.net:27017\", \"ac-1u1vjmy-shard-00-02.djz1hts.mongodb.net:27017\"], \"setName\": \"atlas-931qd7-shard-0\", \"setVersion\": 10, \"secondary\": true, \"primary\": \"ac-1u1vjmy-shard-00-02.djz1hts.mongodb.net:27017\", \"tags\": {\"workloadType\": \"OPERATIONAL\", \"provider\": \"AWS\", \"region\": \"US_EAST_1\", \"nodeType\": \"ELECTABLE\", \"availabilityZone\": \"use1-az4\", \"diskState\": \"READY\"}, \"me\": \"ac-1u1vjmy-shard-00-01.djz1hts.mongodb.net:27017\", \"lastWrite\": {\"opTime\": {\"ts\": {\"$timestamp\": {\"t\": 1768718659, \"i\": 14}}, \"t\": 15}, \"lastWriteDate\": {\"$date\": \"2026-01-18T06:44:19Z\"}, \"majorityOpTime\": {\"ts\": {\"$timestamp\": {\"t\": 1768718659, \"i\": 14}}, \"t\": 15}, \"majorityWriteDate\": {\"$date\": \"2026-01-18T06:44:19Z\"}}, \"maxBsonObjectSize\": 16777216, \"maxMessageSizeBytes\": 48000000, \"maxWriteBatchSize\": 100000, \"localTi..."}
[ 2026-01-18 00:44:21,635 ] pymongo.connection - DEBUG - {"message": "Connection pool ready", "clientId": {"$oid": "696c8144144d29ba1712f07b"}, "serverHost": "ac-1u1vjmy-shard-00-01.djz1hts.mongodb.net", "serverPort": 27017}
[ 2026-01-18 00:44:21,635 ] pymongo.topology - DEBUG - {"message": "Topology description changed", "topologyId": {"$oid": "696c8144144d29ba1712f07b"}, "previousDescription": "<TopologyDescription id: 696c8144144d29ba1712f07b, topology_type: ReplicaSetNoPrimary, servers: [<ServerDescription ('ac-1u1vjmy-shard-00-00.djz1hts.mongodb.net', 27017) server_type: Unknown, rtt: None>, <ServerDescription ('ac-1u1vjmy-shard-00-01.djz1hts.mongodb.net', 27017) server_type: Unknown, rtt: None>, <ServerDescription ('ac-1u1vjmy-shard-00-02.djz1hts.mongodb.net', 27017) server_type: Unknown, rtt: None>]>", "newDescription": "<TopologyDescription id: 696c8144144d29ba1712f07b, topology_type: ReplicaSetNoPrimary, servers: [<ServerDescription ('ac-1u1vjmy-shard-00-00.djz1hts.mongodb.net', 27017) server_type: Unknown, rtt: None>, <ServerDescription ('ac-1u1vjmy-shard-00-01.djz1hts.mongodb.net', 27017) server_type: RSSecondary, rtt: 0.05360729992389679>, <ServerDescription ('ac-1u1vjmy-shard-00-02.djz1hts.mongodb.net', 27017) server_type: Unknown, rtt: None>]>"}
[ 2026-01-18 00:44:21,636 ] pymongo.topology - DEBUG - {"message": "Server heartbeat started", "topologyId": {"$oid": "696c8144144d29ba1712f07b"}, "driverConnectionId": 1, "serverConnectionId": 98975, "serverHost": "ac-1u1vjmy-shard-00-01.djz1hts.mongodb.net", "serverPort": 27017, "awaited": true}
[ 2026-01-18 00:44:21,638 ] pymongo.topology - DEBUG - {"message": "Server heartbeat succeeded", "topologyId": {"$oid": "696c8144144d29ba1712f07b"}, "driverConnectionId": 1, "serverConnectionId": 104571, "serverHost": "ac-1u1vjmy-shard-00-02.djz1hts.mongodb.net", "serverPort": 27017, "awaited": false, "durationMS": 54.660600144416094, "reply": "{\"helloOk\": true, \"topologyVersion\": {\"processId\": {\"$oid\": \"6969219f082a3c516728680e\"}, \"counter\": 6}, \"hosts\": [\"ac-1u1vjmy-shard-00-00.djz1hts.mongodb.net:27017\", \"ac-1u1vjmy-shard-00-01.djz1hts.mongodb.net:27017\", \"ac-1u1vjmy-shard-00-02.djz1hts.mongodb.net:27017\"], \"setName\": \"atlas-931qd7-shard-0\", \"setVersion\": 10, \"ismaster\": true, \"primary\": \"ac-1u1vjmy-shard-00-02.djz1hts.mongodb.net:27017\", \"tags\": {\"availabilityZone\": \"use1-az5\", \"nodeType\": \"ELECTABLE\", \"provider\": \"AWS\", \"diskState\": \"READY\", \"region\": \"US_EAST_1\", \"workloadType\": \"OPERATIONAL\"}, \"me\": \"ac-1u1vjmy-shard-00-02.djz1hts.mongodb.net:27017\", \"electionId\": {\"$oid\": \"7fffffff000000000000000f\"}, \"lastWrite\": {\"opTime\": {\"ts\": {\"$timestamp\": {\"t\": 1768718659, \"i\": 14}}, \"t\": 15}, \"lastWriteDate\": {\"$date\": \"2026-01-18T06:44:19Z\"}, \"majorityOpTime\": {\"ts\": {\"$timestamp\": {\"t\": 1768718659, \"i\": 14}}, \"t\": 15}, \"majorityWriteDate\": {\"$date\": \"2026-01-18T06:44:19Z\"}}, \"maxBsonObjectSize\": 16777216, \"maxMessageSizeByte..."}
[ 2026-01-18 00:44:21,638 ] pymongo.connection - DEBUG - {"message": "Connection pool ready", "clientId": {"$oid": "696c8144144d29ba1712f07b"}, "serverHost": "ac-1u1vjmy-shard-00-02.djz1hts.mongodb.net", "serverPort": 27017}
[ 2026-01-18 00:44:21,638 ] pymongo.topology - DEBUG - {"message": "Topology description changed", "topologyId": {"$oid": "696c8144144d29ba1712f07b"}, "previousDescription": "<TopologyDescription id: 696c8144144d29ba1712f07b, topology_type: ReplicaSetNoPrimary, servers: [<ServerDescription ('ac-1u1vjmy-shard-00-00.djz1hts.mongodb.net', 27017) server_type: Unknown, rtt: None>, <ServerDescription ('ac-1u1vjmy-shard-00-01.djz1hts.mongodb.net', 27017) server_type: RSSecondary, rtt: 0.05360729992389679>, <ServerDescription ('ac-1u1vjmy-shard-00-02.djz1hts.mongodb.net', 27017) server_type: Unknown, rtt: None>]>", "newDescription": "<TopologyDescription id: 696c8144144d29ba1712f07b, topology_type: ReplicaSetWithPrimary, servers: [<ServerDescription ('ac-1u1vjmy-shard-00-00.djz1hts.mongodb.net', 27017) server_type: Unknown, rtt: None>, <ServerDescription ('ac-1u1vjmy-shard-00-01.djz1hts.mongodb.net', 27017) server_type: RSSecondary, rtt: 0.05360729992389679>, <ServerDescription ('ac-1u1vjmy-shard-00-02.djz1hts.mongodb.net', 27017) server_type: RSPrimary, rtt: 0.054660600144416094>]>"}
[ 2026-01-18 00:44:21,639 ] pymongo.serverSelection - DEBUG - {"message": "Server selection succeeded", "selector": "Primary()", "operation": "find", "topologyDescription": "<TopologyDescription id: 696c8144144d29ba1712f07b, topology_type: ReplicaSetWithPrimary, servers: [<ServerDescription ('ac-1u1vjmy-shard-00-00.djz1hts.mongodb.net', 27017) server_type: Unknown, rtt: None>, <ServerDescription ('ac-1u1vjmy-shard-00-01.djz1hts.mongodb.net', 27017) server_type: RSSecondary, rtt: 0.05360729992389679>, <ServerDescription ('ac-1u1vjmy-shard-00-02.djz1hts.mongodb.net', 27017) server_type: RSPrimary, rtt: 0.054660600144416094>]>", "clientId": {"$oid": "696c8144144d29ba1712f07b"}, "serverHost": "ac-1u1vjmy-shard-00-02.djz1hts.mongodb.net", "serverPort": 27017}
[ 2026-01-18 00:44:21,639 ] pymongo.connection - DEBUG - {"message": "Connection checkout started", "clientId": {"$oid": "696c8144144d29ba1712f07b"}, "serverHost": "ac-1u1vjmy-shard-00-02.djz1hts.mongodb.net", "serverPort": 27017}
[ 2026-01-18 00:44:21,639 ] pymongo.connection - DEBUG - {"message": "Connection created", "clientId": {"$oid": "696c8144144d29ba1712f07b"}, "serverHost": "ac-1u1vjmy-shard-00-02.djz1hts.mongodb.net", "serverPort": 27017, "driverConnectionId": 1}
[ 2026-01-18 00:44:21,640 ] pymongo.topology - DEBUG - {"message": "Server heartbeat started", "topologyId": {"$oid": "696c8144144d29ba1712f07b"}, "driverConnectionId": 1, "serverConnectionId": 104571, "serverHost": "ac-1u1vjmy-shard-00-02.djz1hts.mongodb.net", "serverPort": 27017, "awaited": true}
[ 2026-01-18 00:44:21,676 ] pymongo.topology - DEBUG - {"message": "Server heartbeat succeeded", "topologyId": {"$oid": "696c8144144d29ba1712f07b"}, "driverConnectionId": 1, "serverConnectionId": 100752, "serverHost": "ac-1u1vjmy-shard-00-00.djz1hts.mongodb.net", "serverPort": 27017, "awaited": false, "durationMS": 58.16980008967221, "reply": "{\"helloOk\": true, \"topologyVersion\": {\"processId\": {\"$oid\": \"69691fb9146e75e66ebab7e3\"}, \"counter\": 4}, \"hosts\": [\"ac-1u1vjmy-shard-00-00.djz1hts.mongodb.net:27017\", \"ac-1u1vjmy-shard-00-01.djz1hts.mongodb.net:27017\", \"ac-1u1vjmy-shard-00-02.djz1hts.mongodb.net:27017\"], \"setName\": \"atlas-931qd7-shard-0\", \"setVersion\": 10, \"secondary\": true, \"primary\": \"ac-1u1vjmy-shard-00-02.djz1hts.mongodb.net:27017\", \"tags\": {\"availabilityZone\": \"use1-az2\", \"region\": \"US_EAST_1\", \"provider\": \"AWS\", \"nodeType\": \"ELECTABLE\", \"workloadType\": \"OPERATIONAL\", \"diskState\": \"READY\"}, \"me\": \"ac-1u1vjmy-shard-00-00.djz1hts.mongodb.net:27017\", \"lastWrite\": {\"opTime\": {\"ts\": {\"$timestamp\": {\"t\": 1768718659, \"i\": 14}}, \"t\": 15}, \"lastWriteDate\": {\"$date\": \"2026-01-18T06:44:19Z\"}, \"majorityOpTime\": {\"ts\": {\"$timestamp\": {\"t\": 1768718659, \"i\": 14}}, \"t\": 15}, \"majorityWriteDate\": {\"$date\": \"2026-01-18T06:44:19Z\"}}, \"maxBsonObjectSize\": 16777216, \"maxMessageSizeBytes\": 48000000, \"maxWriteBatchSize\": 100000, \"localTi..."}
[ 2026-01-18 00:44:21,677 ] pymongo.connection - DEBUG - {"message": "Connection pool ready", "clientId": {"$oid": "696c8144144d29ba1712f07b"}, "serverHost": "ac-1u1vjmy-shard-00-00.djz1hts.mongodb.net", "serverPort": 27017}
[ 2026-01-18 00:44:21,677 ] pymongo.topology - DEBUG - {"message": "Topology description changed", "topologyId": {"$oid": "696c8144144d29ba1712f07b"}, "previousDescription": "<TopologyDescription id: 696c8144144d29ba1712f07b, topology_type: ReplicaSetWithPrimary, servers: [<ServerDescription ('ac-1u1vjmy-shard-00-00.djz1hts.mongodb.net', 27017) server_type: Unknown, rtt: None>, <ServerDescription ('ac-1u1vjmy-shard-00-01.djz1hts.mongodb.net', 27017) server_type: RSSecondary, rtt: 0.05360729992389679>, <ServerDescription ('ac-1u1vjmy-shard-00-02.djz1hts.mongodb.net', 27017) server_type: RSPrimary, rtt: 0.054660600144416094>]>", "newDescription": "<TopologyDescription id: 696c8144144d29ba1712f07b, topology_type: ReplicaSetWithPrimary, servers: [<ServerDescription ('ac-1u1vjmy-shard-00-00.djz1hts.mongodb.net', 27017) server_type: RSSecondary, rtt: 0.05816980008967221>, <ServerDescription ('ac-1u1vjmy-shard-00-01.djz1hts.mongodb.net', 27017) server_type: RSSecondary, rtt: 0.05360729992389679>, <ServerDescription ('ac-1u1vjmy-shard-00-02.djz1hts.mongodb.net', 27017) server_type: RSPrimary, rtt: 0.054660600144416094>]>"}
[ 2026-01-18 00:44:21,678 ] pymongo.topology - DEBUG - {"message": "Server heartbeat started", "topologyId": {"$oid": "696c8144144d29ba1712f07b"}, "driverConnectionId": 1, "serverConnectionId": 100752, "serverHost": "ac-1u1vjmy-shard-00-00.djz1hts.mongodb.net", "serverPort": 27017, "awaited": true}
[ 2026-01-18 00:44:21,980 ] pymongo.connection - DEBUG - {"message": "Connection ready", "clientId": {"$oid": "696c8144144d29ba1712f07b"}, "serverHost": "ac-1u1vjmy-shard-00-02.djz1hts.mongodb.net", "serverPort": 27017, "driverConnectionId": 1, "durationMS": 0.17569259996525943}
[ 2026-01-18 00:44:21,981 ] pymongo.connection - DEBUG - {"message": "Connection checked out", "clientId": {"$oid": "696c8144144d29ba1712f07b"}, "serverHost": "ac-1u1vjmy-shard-00-02.djz1hts.mongodb.net", "serverPort": 27017, "driverConnectionId": 1, "durationMS": 0.341643099905923}
[ 2026-01-18 00:44:21,981 ] pymongo.command - DEBUG - {"message": "Command started", "clientId": {"$oid": "696c8144144d29ba1712f07b"}, "command": "{\"find\": \"Proj1-Data\", \"lsid\": {\"id\": {\"$binary\": {\"base64\": \"86YfEy2aRQ+pprBUaSsYXw==\", \"subType\": \"04\"}}}, \"$clusterTime\": {\"clusterTime\": {\"$timestamp\": {\"t\": 1768718659, \"i\": 14}}, \"signature\": {\"hash\": {\"$binary\": {\"base64\": \"WfjncdT7DUOyRCB8Jh8wiiQQv4Y=\", \"subType\": \"00\"}}, \"keyId\": 7566725175656316934}}, \"$db\": \"Customer-Churn\"}", "commandName": "find", "databaseName": "Customer-Churn", "requestId": 26500, "operationId": 26500, "driverConnectionId": 1, "serverConnectionId": 104507, "serverHost": "ac-1u1vjmy-shard-00-02.djz1hts.mongodb.net", "serverPort": 27017}
[ 2026-01-18 00:44:22,141 ] pymongo.command - DEBUG - {"message": "Command succeeded", "clientId": {"$oid": "696c8144144d29ba1712f07b"}, "durationMS": 160.39600000000002, "reply": "{\"cursor\": {\"firstBatch\": [{\"_id\": {\"$oid\": \"69694a72cfa4574c33d9bcac\"}, \"customerID\": \"7590-VHVEG\", \"gender\": \"Female\", \"Partner\": \"Yes\", \"Dependents\": \"No\", \"tenure\": 1, \"PhoneService\": \"No\", \"MultipleLines\": \"No phone service\", \"InternetService\": \"DSL\", \"OnlineSecurity\": \"No\", \"OnlineBackup\": \"Yes\", \"DeviceProtection\": \"No\", \"TechSupport\": \"No\", \"StreamingTV\": \"No\", \"StreamingMovies\": \"No\", \"Contract\": \"Month-to-month\", \"PaperlessBilling\": \"Yes\", \"PaymentMethod\": \"Electronic check\", \"MonthlyCharges\": 29.85, \"TotalCharges\": \"29.85\", \"Churn\": \"No\"}, {\"_id\": {\"$oid\": \"69694a72cfa4574c33d9bcad\"}, \"customerID\": \"5575-GNVDE\", \"gender\": \"Male\", \"Partner\": \"No\", \"Dependents\": \"No\", \"tenure\": 34, \"PhoneService\": \"Yes\", \"MultipleLines\": \"No\", \"InternetService\": \"DSL\", \"OnlineSecurity\": \"Yes\", \"OnlineBackup\": \"No\", \"DeviceProtection\": \"Yes\", \"TechSupport\": \"No\", \"StreamingTV\": \"No\", \"StreamingMovies\": \"No\", \"Contract\": \"One year\", \"PaperlessBilling\": \"No\", \"PaymentMethod\": \"Mailed check\", \"Mon...", "commandName": "find", "databaseName": "Customer-Churn", "requestId": 26500, "operationId": 26500, "driverConnectionId": 1, "serverConnectionId": 104507, "serverHost": "ac-1u1vjmy-shard-00-02.djz1hts.mongodb.net", "serverPort": 27017}
[ 2026-01-18 00:44:22,142 ] pymongo.connection - DEBUG - {"message": "Connection checked in", "clientId": {"$oid": "696c8144144d29ba1712f07b"}, "serverHost": "ac-1u1vjmy-shard-00-02.djz1hts.mongodb.net", "serverPort": 27017, "driverConnectionId": 1}
[ 2026-01-18 00:44:22,142 ] pymongo.serverSelection - DEBUG - {"message": "Server selection started", "selector": "<function any_server_selector at 0x000001E86FD98AE0>", "operation": "getMore", "topologyDescription": "<TopologyDescription id: 696c8144144d29ba1712f07b, topology_type: ReplicaSetWithPrimary, servers: [<ServerDescription ('ac-1u1vjmy-shard-00-00.djz1hts.mongodb.net', 27017) server_type: RSSecondary, rtt: 0.05816980008967221>, <ServerDescription ('ac-1u1vjmy-shard-00-01.djz1hts.mongodb.net', 27017) server_type: RSSecondary, rtt: 0.05360729992389679>, <ServerDescription ('ac-1u1vjmy-shard-00-02.djz1hts.mongodb.net', 27017) server_type: RSPrimary, rtt: 0.054660600144416094>]>", "clientId": {"$oid": "696c8144144d29ba1712f07b"}}
[ 2026-01-18 00:44:22,142 ] pymongo.serverSelection - DEBUG - {"message": "Server selection succeeded", "selector": "<function any_server_selector at 0x000001E86FD98AE0>", "operation": "getMore", "topologyDescription": "<TopologyDescription id: 696c8144144d29ba1712f07b, topology_type: ReplicaSetWithPrimary, servers: [<ServerDescription ('ac-1u1vjmy-shard-00-00.djz1hts.mongodb.net', 27017) server_type: RSSecondary, rtt: 0.05816980008967221>, <ServerDescription ('ac-1u1vjmy-shard-00-01.djz1hts.mongodb.net', 27017) server_type: RSSecondary, rtt: 0.05360729992389679>, <ServerDescription ('ac-1u1vjmy-shard-00-02.djz1hts.mongodb.net', 27017) server_type: RSPrimary, rtt: 0.054660600144416094>]>", "clientId": {"$oid": "696c8144144d29ba1712f07b"}, "serverHost": "ac-1u1vjmy-shard-00-02.djz1hts.mongodb.net", "serverPort": 27017}
[ 2026-01-18 00:44:22,143 ] pymongo.connection - DEBUG - {"message": "Connection checkout started", "clientId": {"$oid": "696c8144144d29ba1712f07b"}, "serverHost": "ac-1u1vjmy-shard-00-02.djz1hts.mongodb.net", "serverPort": 27017}
[ 2026-01-18 00:44:22,143 ] pymongo.connection - DEBUG - {"message": "Connection checked out", "clientId": {"$oid": "696c8144144d29ba1712f07b"}, "serverHost": "ac-1u1vjmy-shard-00-02.djz1hts.mongodb.net", "serverPort": 27017, "driverConnectionId": 1, "durationMS": 0.0006315999198704958}
[ 2026-01-18 00:44:22,143 ] pymongo.command - DEBUG - {"message": "Command started", "clientId": {"$oid": "696c8144144d29ba1712f07b"}, "command": "{\"getMore\": 2653299546607070056, \"collection\": \"Proj1-Data\", \"lsid\": {\"id\": {\"$binary\": {\"base64\": \"86YfEy2aRQ+pprBUaSsYXw==\", \"subType\": \"04\"}}}, \"$clusterTime\": {\"clusterTime\": {\"$timestamp\": {\"t\": 1768718659, \"i\": 14}}, \"signature\": {\"hash\": {\"$binary\": {\"base64\": \"WfjncdT7DUOyRCB8Jh8wiiQQv4Y=\", \"subType\": \"00\"}}, \"keyId\": 7566725175656316934}}, \"$db\": \"Customer-Churn\"}", "commandName": "getMore", "databaseName": "Customer-Churn", "requestId": 19169, "operationId": 19169, "driverConnectionId": 1, "serverConnectionId": 104507, "serverHost": "ac-1u1vjmy-shard-00-02.djz1hts.mongodb.net", "serverPort": 27017}
[ 2026-01-18 00:44:22,686 ] pymongo.command - DEBUG - {"message": "Command succeeded", "clientId": {"$oid": "696c8144144d29ba1712f07b"}, "durationMS": 542.632, "reply": "{\"cursor\": {\"nextBatch\": [{\"_id\": {\"$oid\": \"69694a72cfa4574c33d9bd11\"}, \"customerID\": \"3679-XASPY\", \"gender\": \"Female\", \"Partner\": \"Yes\", \"Dependents\": \"Yes\", \"tenure\": 1, \"PhoneService\": \"Yes\", \"MultipleLines\": \"No\", \"InternetService\": \"No\", \"OnlineSecurity\": \"No internet service\", \"OnlineBackup\": \"No internet service\", \"DeviceProtection\": \"No internet service\", \"TechSupport\": \"No internet service\", \"StreamingTV\": \"No internet service\", \"StreamingMovies\": \"No internet service\", \"Contract\": \"Month-to-month\", \"PaperlessBilling\": \"No\", \"PaymentMethod\": \"Electronic check\", \"MonthlyCharges\": 19.45, \"TotalCharges\": \"19.45\", \"Churn\": \"No\"}, {\"_id\": {\"$oid\": \"69694a72cfa4574c33d9bd12\"}, \"customerID\": \"7123-WQUHX\", \"gender\": \"Male\", \"Partner\": \"No\", \"Dependents\": \"No\", \"tenure\": 38, \"PhoneService\": \"Yes\", \"MultipleLines\": \"Yes\", \"InternetService\": \"Fiber optic\", \"OnlineSecurity\": \"No\", \"OnlineBackup\": \"No\", \"DeviceProtection\": \"Yes\", \"TechSupport\": \"Yes\", \"StreamingTV\": \"Yes\", \"StreamingMovies...", "commandName": "getMore", "databaseName": "Customer-Churn", "requestId": 19169, "operationId": 19169, "driverConnectionId": 1, "serverConnectionId": 104507, "serverHost": "ac-1u1vjmy-shard-00-02.djz1hts.mongodb.net", "serverPort": 27017}
[ 2026-01-18 00:44:22,687 ] pymongo.connection - DEBUG - {"message": "Connection checked in", "clientId": {"$oid": "696c8144144d29ba1712f07b"}, "serverHost": "ac-1u1vjmy-shard-00-02.djz1hts.mongodb.net", "serverPort": 27017, "driverConnectionId": 1}
[ 2026-01-18 00:44:22,758 ] root - INFO - Shape of dataframe: (7043, 22)
[ 2026-01-18 00:44:22,760 ] root - INFO - Saving exported data into feature store file path: artifact\01_18_2026_00_44_20\data_ingestion\feature_store\WA_Fn-UseC_-Telco-Customer-Churn.csv
[ 2026-01-18 00:44:22,841 ] root - INFO - Got the data from mongodb
[ 2026-01-18 00:44:22,842 ] root - INFO - Entered split_data_as_train_test method of Data_Ingestion class
[ 2026-01-18 00:44:22,850 ] root - INFO - Performed train test split on the dataframe
[ 2026-01-18 00:44:22,850 ] root - INFO - Exited split_data_as_train_test method of Data_Ingestion class
[ 2026-01-18 00:44:22,851 ] root - INFO - Exporting train and test file path.
[ 2026-01-18 00:44:22,916 ] root - INFO - Exported train and test file path.
[ 2026-01-18 00:44:22,918 ] root - INFO - Performed train test split on the dataset
[ 2026-01-18 00:44:22,918 ] root - INFO - Exited initiate_data_ingestion method of Data_Ingestion class
[ 2026-01-18 00:44:22,918 ] root - INFO - Data ingestion artifact: DataIngestionArtifact(trained_file_path='artifact\\01_18_2026_00_44_20\\data_ingestion\\ingested\\train.csv', test_file_path='artifact\\01_18_2026_00_44_20\\data_ingestion\\ingested\\test.csv')
[ 2026-01-18 00:44:22,925 ] root - INFO - Got the train_set and test_set from mongodb
[ 2026-01-18 00:44:22,925 ] root - INFO - Exited the start_data_ingestion method of TrainPipeline class
[ 2026-01-18 00:44:22,926 ] root - INFO - Entered the start_data_validation method of TrainPipeline class
[ 2026-01-18 00:44:22,954 ] root - INFO - Starting data validation
[ 2026-01-18 00:44:22,983 ] root - INFO - Is required column present: [True]
[ 2026-01-18 00:44:22,984 ] root - INFO - All required columns present in training dataframe: True
[ 2026-01-18 00:44:22,984 ] root - INFO - Is required column present: [True]
[ 2026-01-18 00:44:22,984 ] root - INFO - All required columns present in testing dataframe: True
[ 2026-01-18 00:44:22,985 ] root - INFO - All categorical/int columns present in training dataframe: True
[ 2026-01-18 00:44:22,985 ] root - INFO - All categorical/int columns present in testing dataframe: True
[ 2026-01-18 00:44:22,987 ] root - INFO - Data validation artifact created and saved to JSON file.
[ 2026-01-18 00:44:22,987 ] root - INFO - Data validation artifact: DataValidationArtifact(validation_status=True, message='', validation_report_file_path='artifact\\01_18_2026_00_44_20\\data_validation\\report.yaml')
[ 2026-01-18 00:44:22,988 ] root - INFO - Performed the data validation operation
[ 2026-01-18 00:44:22,988 ] root - INFO - Exited the start_data_validation method of TrainPipeline class
[ 2026-01-18 00:44:23,425 ] root - INFO - Data Transformation Started !!!
[ 2026-01-18 00:44:23,461 ] root - INFO - Train-Test data loaded
[ 2026-01-18 00:44:23,464 ] root - INFO - Input and Target cols defined for both train and test df.
[ 2026-01-18 00:44:23,465 ] root - INFO - Cleaning data: handling TotalCharges
[ 2026-01-18 00:44:23,471 ] root - INFO - TotalCharges cleaned and filled missing values with median
[ 2026-01-18 00:44:23,472 ] root - INFO - Mapping 'gender' column to binary values
[ 2026-01-18 00:44:23,473 ] root - INFO - Dropping id columns
[ 2026-01-18 00:44:23,474 ] root - INFO - Dropped columns: ['_id', 'customerID']
[ 2026-01-18 00:44:23,475 ] root - INFO - Creating dummy variables for categorical features
[ 2026-01-18 00:44:23,475 ] root - INFO - Creating dummy variables for: ['Partner', 'Dependents', 'PhoneService', 'MultipleLines', 'InternetService', 'OnlineSecurity', 'OnlineBackup', 'DeviceProtection', 'TechSupport', 'StreamingTV', 'StreamingMovies', 'Contract', 'PaperlessBilling', 'PaymentMethod']
[ 2026-01-18 00:44:23,493 ] root - INFO - Renaming specific columns and casting to int
[ 2026-01-18 00:44:23,494 ] root - INFO - Cleaning data: handling TotalCharges
[ 2026-01-18 00:44:23,497 ] root - INFO - TotalCharges cleaned and filled missing values with median
[ 2026-01-18 00:44:23,497 ] root - INFO - Mapping 'gender' column to binary values
[ 2026-01-18 00:44:23,499 ] root - INFO - Dropping id columns
[ 2026-01-18 00:44:23,500 ] root - INFO - Dropped columns: ['_id', 'customerID']
[ 2026-01-18 00:44:23,500 ] root - INFO - Creating dummy variables for categorical features
[ 2026-01-18 00:44:23,501 ] root - INFO - Creating dummy variables for: ['Partner', 'Dependents', 'PhoneService', 'MultipleLines', 'InternetService', 'OnlineSecurity', 'OnlineBackup', 'DeviceProtection', 'TechSupport', 'StreamingTV', 'StreamingMovies', 'Contract', 'PaperlessBilling', 'PaymentMethod']
[ 2026-01-18 00:44:23,510 ] root - INFO - Renaming specific columns and casting to int
[ 2026-01-18 00:44:23,511 ] root - INFO - Custom transformations applied to train and test data
[ 2026-01-18 00:44:23,511 ] root - INFO - Starting data transformation
[ 2026-01-18 00:44:23,511 ] root - INFO - Numerical features for scaling: ['tenure', 'MonthlyCharges']
[ 2026-01-18 00:44:23,512 ] root - INFO - MinMax columns: ['TotalCharges']
[ 2026-01-18 00:44:23,512 ] root - INFO - Got the preprocessor object
[ 2026-01-18 00:44:23,512 ] root - INFO - Initializing transformation for Training-data
[ 2026-01-18 00:44:23,524 ] root - INFO - Initializing transformation for Testing-data
[ 2026-01-18 00:44:23,529 ] root - INFO - Transformation done end to end to train-test df.
[ 2026-01-18 00:44:23,530 ] root - INFO - Applying SMOTEENN for handling imbalanced dataset.
[ 2026-01-18 00:44:25,405 ] root - INFO - SMOTEENN applied to train-test df.
[ 2026-01-18 00:44:25,416 ] root - INFO - feature-target concatenation done for train-test df.
[ 2026-01-18 00:44:25,416 ] root - INFO - Entered the save_object method of utils
[ 2026-01-18 00:44:25,423 ] root - INFO - Exited the save_object method of utils
[ 2026-01-18 00:44:25,442 ] root - INFO - Saving transformation object and transformed files.
[ 2026-01-18 00:44:25,442 ] root - INFO - Data transformation completed successfully
[ 2026-01-18 00:44:25,454 ] root - INFO - Entered initiate_model_trainer method of ModelTrainer class
[ 2026-01-18 00:44:25,473 ] root - INFO - train-test data loaded
[ 2026-01-18 00:44:25,473 ] root - INFO - Training RandomForestClassifier with specified parameters
[ 2026-01-18 00:44:25,474 ] root - INFO - train-test split done.
[ 2026-01-18 00:44:25,474 ] root - INFO - Model training going on...
[ 2026-01-18 00:44:26,207 ] root - INFO - Model training done.
[ 2026-01-18 00:44:26,254 ] root - INFO - Model object and artifact loaded.
[ 2026-01-18 00:44:26,255 ] root - INFO - Preprocessing obj loaded.
[ 2026-01-18 00:44:26,331 ] root - INFO - Saving new model as performace is better than previous one.
[ 2026-01-18 00:44:26,411 ] root - INFO - Saved final model object that includes both preprocessing and the trained model
[ 2026-01-18 00:44:26,412 ] root - INFO - Model trainer artifact: ModelTrainerArtifact(trained_model_file_path='artifact\\01_18_2026_00_44_20\\model_trainer\\trained_model\\model.pkl', metric_artifact=ClassificationMetricArtifact(f1_score=0.9438618136952498, precision_score=0.9479553903345725, recall_score=0.9398034398034398))
[ 2026-01-18 00:44:26,760 ] pymongo.topology - DEBUG - {"message": "Server heartbeat failed", "topologyId": {"$oid": "696c8144144d29ba1712f07b"}, "serverHost": "ac-1u1vjmy-shard-00-02.djz1hts.mongodb.net", "serverPort": 27017, "awaited": true, "durationMS": 5120.077400002629, "failure": "\"_OperationCancelled('operation cancelled')\"", "driverConnectionId": 1}
[ 2026-01-18 00:44:26,760 ] pymongo.topology - DEBUG - {"message": "Server heartbeat failed", "topologyId": {"$oid": "696c8144144d29ba1712f07b"}, "serverHost": "ac-1u1vjmy-shard-00-01.djz1hts.mongodb.net", "serverPort": 27017, "awaited": true, "durationMS": 5123.97009995766, "failure": "\"_OperationCancelled('operation cancelled')\"", "driverConnectionId": 1}
[ 2026-01-18 00:44:26,791 ] pymongo.topology - DEBUG - {"message": "Server heartbeat failed", "topologyId": {"$oid": "696c8144144d29ba1712f07b"}, "serverHost": "ac-1u1vjmy-shard-00-00.djz1hts.mongodb.net", "serverPort": 27017, "awaited": true, "durationMS": 5113.131599966437, "failure": "\"_OperationCancelled('operation cancelled')\"", "driverConnectionId": 1}
