[ 2026-01-17 19:30:36,129 ] root - DEBUG - This is a debug message.
[ 2026-01-17 19:30:36,129 ] root - INFO - This is an info message.
[ 2026-01-17 19:30:36,130 ] root - WARNING - This is a warning message.
[ 2026-01-17 19:30:36,130 ] root - ERROR - This is an error message.
[ 2026-01-17 19:30:36,130 ] root - CRITICAL - This is a critical message.
[ 2026-01-17 19:30:38,744 ] root - INFO - Entered the start_data_ingestion method of TrainPipeline class
[ 2026-01-17 19:30:38,744 ] root - INFO - Getting the data from mongodb
[ 2026-01-17 19:30:38,744 ] root - INFO - Entered initiate_data_ingestion method of Data_Ingestion class
[ 2026-01-17 19:30:38,745 ] root - INFO - Exporting data from mongodb
[ 2026-01-17 19:30:39,696 ] pymongo.topology - DEBUG - {"message": "Starting topology monitoring", "topologyId": {"$oid": "696c37bf0da8abc5562d7fb0"}}
[ 2026-01-17 19:30:39,696 ] pymongo.topology - DEBUG - {"message": "Topology description changed", "topologyId": {"$oid": "696c37bf0da8abc5562d7fb0"}, "previousDescription": "<TopologyDescription id: 696c37bf0da8abc5562d7fb0, topology_type: Unknown, servers: []>", "newDescription": "<TopologyDescription id: 696c37bf0da8abc5562d7fb0, topology_type: ReplicaSetNoPrimary, servers: [<ServerDescription ('ac-1u1vjmy-shard-00-00.djz1hts.mongodb.net', 27017) server_type: Unknown, rtt: None>, <ServerDescription ('ac-1u1vjmy-shard-00-01.djz1hts.mongodb.net', 27017) server_type: Unknown, rtt: None>, <ServerDescription ('ac-1u1vjmy-shard-00-02.djz1hts.mongodb.net', 27017) server_type: Unknown, rtt: None>]>"}
[ 2026-01-17 19:30:39,697 ] pymongo.topology - DEBUG - {"message": "Starting server monitoring", "topologyId": {"$oid": "696c37bf0da8abc5562d7fb0"}, "serverHost": "ac-1u1vjmy-shard-00-02.djz1hts.mongodb.net", "serverPort": 27017}
[ 2026-01-17 19:30:39,697 ] pymongo.topology - DEBUG - {"message": "Starting server monitoring", "topologyId": {"$oid": "696c37bf0da8abc5562d7fb0"}, "serverHost": "ac-1u1vjmy-shard-00-00.djz1hts.mongodb.net", "serverPort": 27017}
[ 2026-01-17 19:30:39,697 ] pymongo.topology - DEBUG - {"message": "Starting server monitoring", "topologyId": {"$oid": "696c37bf0da8abc5562d7fb0"}, "serverHost": "ac-1u1vjmy-shard-00-01.djz1hts.mongodb.net", "serverPort": 27017}
[ 2026-01-17 19:30:39,698 ] pymongo.connection - DEBUG - {"message": "Connection pool created", "clientId": {"$oid": "696c37bf0da8abc5562d7fb0"}, "serverHost": "ac-1u1vjmy-shard-00-02.djz1hts.mongodb.net", "serverPort": 27017}
[ 2026-01-17 19:30:39,699 ] pymongo.connection - DEBUG - {"message": "Connection pool created", "clientId": {"$oid": "696c37bf0da8abc5562d7fb0"}, "serverHost": "ac-1u1vjmy-shard-00-00.djz1hts.mongodb.net", "serverPort": 27017}
[ 2026-01-17 19:30:39,701 ] pymongo.connection - DEBUG - {"message": "Connection pool created", "clientId": {"$oid": "696c37bf0da8abc5562d7fb0"}, "serverHost": "ac-1u1vjmy-shard-00-01.djz1hts.mongodb.net", "serverPort": 27017}
[ 2026-01-17 19:30:39,702 ] root - INFO - MongoDB connection successful.
[ 2026-01-17 19:30:39,703 ] pymongo.serverSelection - DEBUG - {"message": "Server selection started", "selector": "Primary()", "operation": "find", "topologyDescription": "<TopologyDescription id: 696c37bf0da8abc5562d7fb0, topology_type: ReplicaSetNoPrimary, servers: [<ServerDescription ('ac-1u1vjmy-shard-00-00.djz1hts.mongodb.net', 27017) server_type: Unknown, rtt: None>, <ServerDescription ('ac-1u1vjmy-shard-00-01.djz1hts.mongodb.net', 27017) server_type: Unknown, rtt: None>, <ServerDescription ('ac-1u1vjmy-shard-00-02.djz1hts.mongodb.net', 27017) server_type: Unknown, rtt: None>]>", "clientId": {"$oid": "696c37bf0da8abc5562d7fb0"}}
[ 2026-01-17 19:30:39,703 ] pymongo.serverSelection - DEBUG - {"message": "Waiting for suitable server to become available", "selector": "Primary()", "operation": "find", "topologyDescription": "<TopologyDescription id: 696c37bf0da8abc5562d7fb0, topology_type: ReplicaSetNoPrimary, servers: [<ServerDescription ('ac-1u1vjmy-shard-00-00.djz1hts.mongodb.net', 27017) server_type: Unknown, rtt: None>, <ServerDescription ('ac-1u1vjmy-shard-00-01.djz1hts.mongodb.net', 27017) server_type: Unknown, rtt: None>, <ServerDescription ('ac-1u1vjmy-shard-00-02.djz1hts.mongodb.net', 27017) server_type: Unknown, rtt: None>]>", "clientId": {"$oid": "696c37bf0da8abc5562d7fb0"}, "remainingTimeMS": 29999}
[ 2026-01-17 19:30:40,049 ] pymongo.topology - DEBUG - {"message": "Server heartbeat started", "topologyId": {"$oid": "696c37bf0da8abc5562d7fb0"}, "driverConnectionId": 1, "serverHost": "ac-1u1vjmy-shard-00-01.djz1hts.mongodb.net", "serverPort": 27017, "awaited": false}
[ 2026-01-17 19:30:40,061 ] pymongo.topology - DEBUG - {"message": "Server heartbeat started", "topologyId": {"$oid": "696c37bf0da8abc5562d7fb0"}, "driverConnectionId": 1, "serverHost": "ac-1u1vjmy-shard-00-00.djz1hts.mongodb.net", "serverPort": 27017, "awaited": false}
[ 2026-01-17 19:30:40,075 ] pymongo.topology - DEBUG - {"message": "Server heartbeat started", "topologyId": {"$oid": "696c37bf0da8abc5562d7fb0"}, "driverConnectionId": 1, "serverHost": "ac-1u1vjmy-shard-00-02.djz1hts.mongodb.net", "serverPort": 27017, "awaited": false}
[ 2026-01-17 19:30:40,111 ] pymongo.topology - DEBUG - {"message": "Server heartbeat succeeded", "topologyId": {"$oid": "696c37bf0da8abc5562d7fb0"}, "driverConnectionId": 1, "serverConnectionId": 92026, "serverHost": "ac-1u1vjmy-shard-00-01.djz1hts.mongodb.net", "serverPort": 27017, "awaited": false, "durationMS": 60.71320013143122, "reply": "{\"helloOk\": true, \"topologyVersion\": {\"processId\": {\"$oid\": \"696923953f198139e3024850\"}, \"counter\": 3}, \"hosts\": [\"ac-1u1vjmy-shard-00-00.djz1hts.mongodb.net:27017\", \"ac-1u1vjmy-shard-00-01.djz1hts.mongodb.net:27017\", \"ac-1u1vjmy-shard-00-02.djz1hts.mongodb.net:27017\"], \"setName\": \"atlas-931qd7-shard-0\", \"setVersion\": 10, \"secondary\": true, \"primary\": \"ac-1u1vjmy-shard-00-02.djz1hts.mongodb.net:27017\", \"tags\": {\"diskState\": \"READY\", \"provider\": \"AWS\", \"availabilityZone\": \"use1-az4\", \"nodeType\": \"ELECTABLE\", \"region\": \"US_EAST_1\", \"workloadType\": \"OPERATIONAL\"}, \"me\": \"ac-1u1vjmy-shard-00-01.djz1hts.mongodb.net:27017\", \"lastWrite\": {\"opTime\": {\"ts\": {\"$timestamp\": {\"t\": 1768699839, \"i\": 11}}, \"t\": 15}, \"lastWriteDate\": {\"$date\": \"2026-01-18T01:30:39Z\"}, \"majorityOpTime\": {\"ts\": {\"$timestamp\": {\"t\": 1768699839, \"i\": 11}}, \"t\": 15}, \"majorityWriteDate\": {\"$date\": \"2026-01-18T01:30:39Z\"}}, \"maxBsonObjectSize\": 16777216, \"maxMessageSizeBytes\": 48000000, \"maxWriteBatchSize\": 100000, \"localTi..."}
[ 2026-01-17 19:30:40,112 ] pymongo.connection - DEBUG - {"message": "Connection pool ready", "clientId": {"$oid": "696c37bf0da8abc5562d7fb0"}, "serverHost": "ac-1u1vjmy-shard-00-01.djz1hts.mongodb.net", "serverPort": 27017}
[ 2026-01-17 19:30:40,112 ] pymongo.topology - DEBUG - {"message": "Topology description changed", "topologyId": {"$oid": "696c37bf0da8abc5562d7fb0"}, "previousDescription": "<TopologyDescription id: 696c37bf0da8abc5562d7fb0, topology_type: ReplicaSetNoPrimary, servers: [<ServerDescription ('ac-1u1vjmy-shard-00-00.djz1hts.mongodb.net', 27017) server_type: Unknown, rtt: None>, <ServerDescription ('ac-1u1vjmy-shard-00-01.djz1hts.mongodb.net', 27017) server_type: Unknown, rtt: None>, <ServerDescription ('ac-1u1vjmy-shard-00-02.djz1hts.mongodb.net', 27017) server_type: Unknown, rtt: None>]>", "newDescription": "<TopologyDescription id: 696c37bf0da8abc5562d7fb0, topology_type: ReplicaSetNoPrimary, servers: [<ServerDescription ('ac-1u1vjmy-shard-00-00.djz1hts.mongodb.net', 27017) server_type: Unknown, rtt: None>, <ServerDescription ('ac-1u1vjmy-shard-00-01.djz1hts.mongodb.net', 27017) server_type: RSSecondary, rtt: 0.06071320013143122>, <ServerDescription ('ac-1u1vjmy-shard-00-02.djz1hts.mongodb.net', 27017) server_type: Unknown, rtt: None>]>"}
[ 2026-01-17 19:30:40,113 ] pymongo.topology - DEBUG - {"message": "Server heartbeat started", "topologyId": {"$oid": "696c37bf0da8abc5562d7fb0"}, "driverConnectionId": 1, "serverConnectionId": 92026, "serverHost": "ac-1u1vjmy-shard-00-01.djz1hts.mongodb.net", "serverPort": 27017, "awaited": true}
[ 2026-01-17 19:30:40,120 ] pymongo.topology - DEBUG - {"message": "Server heartbeat succeeded", "topologyId": {"$oid": "696c37bf0da8abc5562d7fb0"}, "driverConnectionId": 1, "serverConnectionId": 93739, "serverHost": "ac-1u1vjmy-shard-00-00.djz1hts.mongodb.net", "serverPort": 27017, "awaited": false, "durationMS": 58.482700027525425, "reply": "{\"helloOk\": true, \"topologyVersion\": {\"processId\": {\"$oid\": \"69691fb9146e75e66ebab7e3\"}, \"counter\": 4}, \"hosts\": [\"ac-1u1vjmy-shard-00-00.djz1hts.mongodb.net:27017\", \"ac-1u1vjmy-shard-00-01.djz1hts.mongodb.net:27017\", \"ac-1u1vjmy-shard-00-02.djz1hts.mongodb.net:27017\"], \"setName\": \"atlas-931qd7-shard-0\", \"setVersion\": 10, \"secondary\": true, \"primary\": \"ac-1u1vjmy-shard-00-02.djz1hts.mongodb.net:27017\", \"tags\": {\"availabilityZone\": \"use1-az2\", \"region\": \"US_EAST_1\", \"provider\": \"AWS\", \"nodeType\": \"ELECTABLE\", \"workloadType\": \"OPERATIONAL\", \"diskState\": \"READY\"}, \"me\": \"ac-1u1vjmy-shard-00-00.djz1hts.mongodb.net:27017\", \"lastWrite\": {\"opTime\": {\"ts\": {\"$timestamp\": {\"t\": 1768699839, \"i\": 11}}, \"t\": 15}, \"lastWriteDate\": {\"$date\": \"2026-01-18T01:30:39Z\"}, \"majorityOpTime\": {\"ts\": {\"$timestamp\": {\"t\": 1768699839, \"i\": 11}}, \"t\": 15}, \"majorityWriteDate\": {\"$date\": \"2026-01-18T01:30:39Z\"}}, \"maxBsonObjectSize\": 16777216, \"maxMessageSizeBytes\": 48000000, \"maxWriteBatchSize\": 100000, \"localTi..."}
[ 2026-01-17 19:30:40,120 ] pymongo.connection - DEBUG - {"message": "Connection pool ready", "clientId": {"$oid": "696c37bf0da8abc5562d7fb0"}, "serverHost": "ac-1u1vjmy-shard-00-00.djz1hts.mongodb.net", "serverPort": 27017}
[ 2026-01-17 19:30:40,121 ] pymongo.topology - DEBUG - {"message": "Topology description changed", "topologyId": {"$oid": "696c37bf0da8abc5562d7fb0"}, "previousDescription": "<TopologyDescription id: 696c37bf0da8abc5562d7fb0, topology_type: ReplicaSetNoPrimary, servers: [<ServerDescription ('ac-1u1vjmy-shard-00-00.djz1hts.mongodb.net', 27017) server_type: Unknown, rtt: None>, <ServerDescription ('ac-1u1vjmy-shard-00-01.djz1hts.mongodb.net', 27017) server_type: RSSecondary, rtt: 0.06071320013143122>, <ServerDescription ('ac-1u1vjmy-shard-00-02.djz1hts.mongodb.net', 27017) server_type: Unknown, rtt: None>]>", "newDescription": "<TopologyDescription id: 696c37bf0da8abc5562d7fb0, topology_type: ReplicaSetNoPrimary, servers: [<ServerDescription ('ac-1u1vjmy-shard-00-00.djz1hts.mongodb.net', 27017) server_type: RSSecondary, rtt: 0.058482700027525425>, <ServerDescription ('ac-1u1vjmy-shard-00-01.djz1hts.mongodb.net', 27017) server_type: RSSecondary, rtt: 0.06071320013143122>, <ServerDescription ('ac-1u1vjmy-shard-00-02.djz1hts.mongodb.net', 27017) server_type: Unknown, rtt: None>]>"}
[ 2026-01-17 19:30:40,121 ] pymongo.topology - DEBUG - {"message": "Server heartbeat started", "topologyId": {"$oid": "696c37bf0da8abc5562d7fb0"}, "driverConnectionId": 1, "serverConnectionId": 93739, "serverHost": "ac-1u1vjmy-shard-00-00.djz1hts.mongodb.net", "serverPort": 27017, "awaited": true}
[ 2026-01-17 19:30:40,137 ] pymongo.topology - DEBUG - {"message": "Server heartbeat succeeded", "topologyId": {"$oid": "696c37bf0da8abc5562d7fb0"}, "driverConnectionId": 1, "serverConnectionId": 97321, "serverHost": "ac-1u1vjmy-shard-00-02.djz1hts.mongodb.net", "serverPort": 27017, "awaited": false, "durationMS": 61.91549985669553, "reply": "{\"helloOk\": true, \"topologyVersion\": {\"processId\": {\"$oid\": \"6969219f082a3c516728680e\"}, \"counter\": 6}, \"hosts\": [\"ac-1u1vjmy-shard-00-00.djz1hts.mongodb.net:27017\", \"ac-1u1vjmy-shard-00-01.djz1hts.mongodb.net:27017\", \"ac-1u1vjmy-shard-00-02.djz1hts.mongodb.net:27017\"], \"setName\": \"atlas-931qd7-shard-0\", \"setVersion\": 10, \"ismaster\": true, \"primary\": \"ac-1u1vjmy-shard-00-02.djz1hts.mongodb.net:27017\", \"tags\": {\"region\": \"US_EAST_1\", \"diskState\": \"READY\", \"workloadType\": \"OPERATIONAL\", \"availabilityZone\": \"use1-az5\", \"nodeType\": \"ELECTABLE\", \"provider\": \"AWS\"}, \"me\": \"ac-1u1vjmy-shard-00-02.djz1hts.mongodb.net:27017\", \"electionId\": {\"$oid\": \"7fffffff000000000000000f\"}, \"lastWrite\": {\"opTime\": {\"ts\": {\"$timestamp\": {\"t\": 1768699839, \"i\": 20}}, \"t\": 15}, \"lastWriteDate\": {\"$date\": \"2026-01-18T01:30:39Z\"}, \"majorityOpTime\": {\"ts\": {\"$timestamp\": {\"t\": 1768699839, \"i\": 20}}, \"t\": 15}, \"majorityWriteDate\": {\"$date\": \"2026-01-18T01:30:39Z\"}}, \"maxBsonObjectSize\": 16777216, \"maxMessageSizeByte..."}
[ 2026-01-17 19:30:40,138 ] pymongo.connection - DEBUG - {"message": "Connection pool ready", "clientId": {"$oid": "696c37bf0da8abc5562d7fb0"}, "serverHost": "ac-1u1vjmy-shard-00-02.djz1hts.mongodb.net", "serverPort": 27017}
[ 2026-01-17 19:30:40,138 ] pymongo.topology - DEBUG - {"message": "Topology description changed", "topologyId": {"$oid": "696c37bf0da8abc5562d7fb0"}, "previousDescription": "<TopologyDescription id: 696c37bf0da8abc5562d7fb0, topology_type: ReplicaSetNoPrimary, servers: [<ServerDescription ('ac-1u1vjmy-shard-00-00.djz1hts.mongodb.net', 27017) server_type: RSSecondary, rtt: 0.058482700027525425>, <ServerDescription ('ac-1u1vjmy-shard-00-01.djz1hts.mongodb.net', 27017) server_type: RSSecondary, rtt: 0.06071320013143122>, <ServerDescription ('ac-1u1vjmy-shard-00-02.djz1hts.mongodb.net', 27017) server_type: Unknown, rtt: None>]>", "newDescription": "<TopologyDescription id: 696c37bf0da8abc5562d7fb0, topology_type: ReplicaSetWithPrimary, servers: [<ServerDescription ('ac-1u1vjmy-shard-00-00.djz1hts.mongodb.net', 27017) server_type: RSSecondary, rtt: 0.058482700027525425>, <ServerDescription ('ac-1u1vjmy-shard-00-01.djz1hts.mongodb.net', 27017) server_type: RSSecondary, rtt: 0.06071320013143122>, <ServerDescription ('ac-1u1vjmy-shard-00-02.djz1hts.mongodb.net', 27017) server_type: RSPrimary, rtt: 0.06191549985669553>]>"}
[ 2026-01-17 19:30:40,138 ] pymongo.serverSelection - DEBUG - {"message": "Server selection succeeded", "selector": "Primary()", "operation": "find", "topologyDescription": "<TopologyDescription id: 696c37bf0da8abc5562d7fb0, topology_type: ReplicaSetWithPrimary, servers: [<ServerDescription ('ac-1u1vjmy-shard-00-00.djz1hts.mongodb.net', 27017) server_type: RSSecondary, rtt: 0.058482700027525425>, <ServerDescription ('ac-1u1vjmy-shard-00-01.djz1hts.mongodb.net', 27017) server_type: RSSecondary, rtt: 0.06071320013143122>, <ServerDescription ('ac-1u1vjmy-shard-00-02.djz1hts.mongodb.net', 27017) server_type: RSPrimary, rtt: 0.06191549985669553>]>", "clientId": {"$oid": "696c37bf0da8abc5562d7fb0"}, "serverHost": "ac-1u1vjmy-shard-00-02.djz1hts.mongodb.net", "serverPort": 27017}
[ 2026-01-17 19:30:40,139 ] pymongo.connection - DEBUG - {"message": "Connection checkout started", "clientId": {"$oid": "696c37bf0da8abc5562d7fb0"}, "serverHost": "ac-1u1vjmy-shard-00-02.djz1hts.mongodb.net", "serverPort": 27017}
[ 2026-01-17 19:30:40,139 ] pymongo.connection - DEBUG - {"message": "Connection created", "clientId": {"$oid": "696c37bf0da8abc5562d7fb0"}, "serverHost": "ac-1u1vjmy-shard-00-02.djz1hts.mongodb.net", "serverPort": 27017, "driverConnectionId": 1}
[ 2026-01-17 19:30:40,139 ] pymongo.topology - DEBUG - {"message": "Server heartbeat started", "topologyId": {"$oid": "696c37bf0da8abc5562d7fb0"}, "driverConnectionId": 1, "serverConnectionId": 97321, "serverHost": "ac-1u1vjmy-shard-00-02.djz1hts.mongodb.net", "serverPort": 27017, "awaited": true}
[ 2026-01-17 19:30:40,520 ] pymongo.connection - DEBUG - {"message": "Connection ready", "clientId": {"$oid": "696c37bf0da8abc5562d7fb0"}, "serverHost": "ac-1u1vjmy-shard-00-02.djz1hts.mongodb.net", "serverPort": 27017, "driverConnectionId": 1, "durationMS": 0.19325220002792776}
[ 2026-01-17 19:30:40,520 ] pymongo.connection - DEBUG - {"message": "Connection checked out", "clientId": {"$oid": "696c37bf0da8abc5562d7fb0"}, "serverHost": "ac-1u1vjmy-shard-00-02.djz1hts.mongodb.net", "serverPort": 27017, "driverConnectionId": 1, "durationMS": 0.3813245000783354}
[ 2026-01-17 19:30:40,520 ] pymongo.command - DEBUG - {"message": "Command started", "clientId": {"$oid": "696c37bf0da8abc5562d7fb0"}, "command": "{\"find\": \"Proj1-Data\", \"lsid\": {\"id\": {\"$binary\": {\"base64\": \"2uRcUCxaQhWkLKXsJjqjwg==\", \"subType\": \"04\"}}}, \"$clusterTime\": {\"clusterTime\": {\"$timestamp\": {\"t\": 1768699839, \"i\": 20}}, \"signature\": {\"hash\": {\"$binary\": {\"base64\": \"EmEpFTqI0kaIKCVfytDyb7jreOQ=\", \"subType\": \"00\"}}, \"keyId\": 7566725175656316934}}, \"$db\": \"Customer-Churn\"}", "commandName": "find", "databaseName": "Customer-Churn", "requestId": 26500, "operationId": 26500, "driverConnectionId": 1, "serverConnectionId": 97264, "serverHost": "ac-1u1vjmy-shard-00-02.djz1hts.mongodb.net", "serverPort": 27017}
[ 2026-01-17 19:30:40,687 ] pymongo.command - DEBUG - {"message": "Command succeeded", "clientId": {"$oid": "696c37bf0da8abc5562d7fb0"}, "durationMS": 167.4, "reply": "{\"cursor\": {\"firstBatch\": [{\"_id\": {\"$oid\": \"69694a72cfa4574c33d9bcac\"}, \"customerID\": \"7590-VHVEG\", \"gender\": \"Female\", \"Partner\": \"Yes\", \"Dependents\": \"No\", \"tenure\": 1, \"PhoneService\": \"No\", \"MultipleLines\": \"No phone service\", \"InternetService\": \"DSL\", \"OnlineSecurity\": \"No\", \"OnlineBackup\": \"Yes\", \"DeviceProtection\": \"No\", \"TechSupport\": \"No\", \"StreamingTV\": \"No\", \"StreamingMovies\": \"No\", \"Contract\": \"Month-to-month\", \"PaperlessBilling\": \"Yes\", \"PaymentMethod\": \"Electronic check\", \"MonthlyCharges\": 29.85, \"TotalCharges\": \"29.85\", \"Churn\": \"No\"}, {\"_id\": {\"$oid\": \"69694a72cfa4574c33d9bcad\"}, \"customerID\": \"5575-GNVDE\", \"gender\": \"Male\", \"Partner\": \"No\", \"Dependents\": \"No\", \"tenure\": 34, \"PhoneService\": \"Yes\", \"MultipleLines\": \"No\", \"InternetService\": \"DSL\", \"OnlineSecurity\": \"Yes\", \"OnlineBackup\": \"No\", \"DeviceProtection\": \"Yes\", \"TechSupport\": \"No\", \"StreamingTV\": \"No\", \"StreamingMovies\": \"No\", \"Contract\": \"One year\", \"PaperlessBilling\": \"No\", \"PaymentMethod\": \"Mailed check\", \"Mon...", "commandName": "find", "databaseName": "Customer-Churn", "requestId": 26500, "operationId": 26500, "driverConnectionId": 1, "serverConnectionId": 97264, "serverHost": "ac-1u1vjmy-shard-00-02.djz1hts.mongodb.net", "serverPort": 27017}
[ 2026-01-17 19:30:40,688 ] pymongo.connection - DEBUG - {"message": "Connection checked in", "clientId": {"$oid": "696c37bf0da8abc5562d7fb0"}, "serverHost": "ac-1u1vjmy-shard-00-02.djz1hts.mongodb.net", "serverPort": 27017, "driverConnectionId": 1}
[ 2026-01-17 19:30:40,688 ] pymongo.serverSelection - DEBUG - {"message": "Server selection started", "selector": "<function any_server_selector at 0x00000235B87442C0>", "operation": "getMore", "topologyDescription": "<TopologyDescription id: 696c37bf0da8abc5562d7fb0, topology_type: ReplicaSetWithPrimary, servers: [<ServerDescription ('ac-1u1vjmy-shard-00-00.djz1hts.mongodb.net', 27017) server_type: RSSecondary, rtt: 0.058482700027525425>, <ServerDescription ('ac-1u1vjmy-shard-00-01.djz1hts.mongodb.net', 27017) server_type: RSSecondary, rtt: 0.06071320013143122>, <ServerDescription ('ac-1u1vjmy-shard-00-02.djz1hts.mongodb.net', 27017) server_type: RSPrimary, rtt: 0.06191549985669553>]>", "clientId": {"$oid": "696c37bf0da8abc5562d7fb0"}}
[ 2026-01-17 19:30:40,689 ] pymongo.serverSelection - DEBUG - {"message": "Server selection succeeded", "selector": "<function any_server_selector at 0x00000235B87442C0>", "operation": "getMore", "topologyDescription": "<TopologyDescription id: 696c37bf0da8abc5562d7fb0, topology_type: ReplicaSetWithPrimary, servers: [<ServerDescription ('ac-1u1vjmy-shard-00-00.djz1hts.mongodb.net', 27017) server_type: RSSecondary, rtt: 0.058482700027525425>, <ServerDescription ('ac-1u1vjmy-shard-00-01.djz1hts.mongodb.net', 27017) server_type: RSSecondary, rtt: 0.06071320013143122>, <ServerDescription ('ac-1u1vjmy-shard-00-02.djz1hts.mongodb.net', 27017) server_type: RSPrimary, rtt: 0.06191549985669553>]>", "clientId": {"$oid": "696c37bf0da8abc5562d7fb0"}, "serverHost": "ac-1u1vjmy-shard-00-02.djz1hts.mongodb.net", "serverPort": 27017}
[ 2026-01-17 19:30:40,689 ] pymongo.connection - DEBUG - {"message": "Connection checkout started", "clientId": {"$oid": "696c37bf0da8abc5562d7fb0"}, "serverHost": "ac-1u1vjmy-shard-00-02.djz1hts.mongodb.net", "serverPort": 27017}
[ 2026-01-17 19:30:40,689 ] pymongo.connection - DEBUG - {"message": "Connection checked out", "clientId": {"$oid": "696c37bf0da8abc5562d7fb0"}, "serverHost": "ac-1u1vjmy-shard-00-02.djz1hts.mongodb.net", "serverPort": 27017, "driverConnectionId": 1, "durationMS": 0.00010309997014701366}
[ 2026-01-17 19:30:40,689 ] pymongo.command - DEBUG - {"message": "Command started", "clientId": {"$oid": "696c37bf0da8abc5562d7fb0"}, "command": "{\"getMore\": 7560298747089115888, \"collection\": \"Proj1-Data\", \"lsid\": {\"id\": {\"$binary\": {\"base64\": \"2uRcUCxaQhWkLKXsJjqjwg==\", \"subType\": \"04\"}}}, \"$clusterTime\": {\"clusterTime\": {\"$timestamp\": {\"t\": 1768699839, \"i\": 20}}, \"signature\": {\"hash\": {\"$binary\": {\"base64\": \"EmEpFTqI0kaIKCVfytDyb7jreOQ=\", \"subType\": \"00\"}}, \"keyId\": 7566725175656316934}}, \"$db\": \"Customer-Churn\"}", "commandName": "getMore", "databaseName": "Customer-Churn", "requestId": 19169, "operationId": 19169, "driverConnectionId": 1, "serverConnectionId": 97264, "serverHost": "ac-1u1vjmy-shard-00-02.djz1hts.mongodb.net", "serverPort": 27017}
[ 2026-01-17 19:30:41,304 ] pymongo.command - DEBUG - {"message": "Command succeeded", "clientId": {"$oid": "696c37bf0da8abc5562d7fb0"}, "durationMS": 614.8090000000001, "reply": "{\"cursor\": {\"nextBatch\": [{\"_id\": {\"$oid\": \"69694a72cfa4574c33d9bd11\"}, \"customerID\": \"3679-XASPY\", \"gender\": \"Female\", \"Partner\": \"Yes\", \"Dependents\": \"Yes\", \"tenure\": 1, \"PhoneService\": \"Yes\", \"MultipleLines\": \"No\", \"InternetService\": \"No\", \"OnlineSecurity\": \"No internet service\", \"OnlineBackup\": \"No internet service\", \"DeviceProtection\": \"No internet service\", \"TechSupport\": \"No internet service\", \"StreamingTV\": \"No internet service\", \"StreamingMovies\": \"No internet service\", \"Contract\": \"Month-to-month\", \"PaperlessBilling\": \"No\", \"PaymentMethod\": \"Electronic check\", \"MonthlyCharges\": 19.45, \"TotalCharges\": \"19.45\", \"Churn\": \"No\"}, {\"_id\": {\"$oid\": \"69694a72cfa4574c33d9bd12\"}, \"customerID\": \"7123-WQUHX\", \"gender\": \"Male\", \"Partner\": \"No\", \"Dependents\": \"No\", \"tenure\": 38, \"PhoneService\": \"Yes\", \"MultipleLines\": \"Yes\", \"InternetService\": \"Fiber optic\", \"OnlineSecurity\": \"No\", \"OnlineBackup\": \"No\", \"DeviceProtection\": \"Yes\", \"TechSupport\": \"Yes\", \"StreamingTV\": \"Yes\", \"StreamingMovies...", "commandName": "getMore", "databaseName": "Customer-Churn", "requestId": 19169, "operationId": 19169, "driverConnectionId": 1, "serverConnectionId": 97264, "serverHost": "ac-1u1vjmy-shard-00-02.djz1hts.mongodb.net", "serverPort": 27017}
[ 2026-01-17 19:30:41,304 ] pymongo.connection - DEBUG - {"message": "Connection checked in", "clientId": {"$oid": "696c37bf0da8abc5562d7fb0"}, "serverHost": "ac-1u1vjmy-shard-00-02.djz1hts.mongodb.net", "serverPort": 27017, "driverConnectionId": 1}
[ 2026-01-17 19:30:41,383 ] root - INFO - Shape of dataframe: (7043, 22)
[ 2026-01-17 19:30:41,386 ] root - INFO - Saving exported data into feature store file path: artifact\01_17_2026_19_30_38\data_ingestion\feature_store\WA_Fn-UseC_-Telco-Customer-Churn.csv
[ 2026-01-17 19:30:41,458 ] root - INFO - Got the data from mongodb
[ 2026-01-17 19:30:41,459 ] root - INFO - Entered split_data_as_train_test method of Data_Ingestion class
[ 2026-01-17 19:30:41,469 ] root - INFO - Performed train test split on the dataframe
[ 2026-01-17 19:30:41,470 ] root - INFO - Exited split_data_as_train_test method of Data_Ingestion class
[ 2026-01-17 19:30:41,471 ] root - INFO - Exporting train and test file path.
[ 2026-01-17 19:30:41,544 ] root - INFO - Exported train and test file path.
[ 2026-01-17 19:30:41,546 ] root - INFO - Performed train test split on the dataset
[ 2026-01-17 19:30:41,546 ] root - INFO - Exited initiate_data_ingestion method of Data_Ingestion class
[ 2026-01-17 19:30:41,547 ] root - INFO - Data ingestion artifact: DataIngestionArtifact(trained_file_path='artifact\\01_17_2026_19_30_38\\data_ingestion\\ingested\\train.csv', test_file_path='artifact\\01_17_2026_19_30_38\\data_ingestion\\ingested\\test.csv')
[ 2026-01-17 19:30:41,555 ] root - INFO - Got the train_set and test_set from mongodb
[ 2026-01-17 19:30:41,556 ] root - INFO - Exited the start_data_ingestion method of TrainPipeline class
[ 2026-01-17 19:30:41,556 ] root - INFO - Entered the start_data_validation method of TrainPipeline class
[ 2026-01-17 19:30:41,591 ] root - INFO - Starting data validation
[ 2026-01-17 19:30:41,624 ] root - INFO - Is required column present: [True]
[ 2026-01-17 19:30:41,624 ] root - INFO - All required columns present in training dataframe: True
[ 2026-01-17 19:30:41,625 ] root - INFO - Is required column present: [True]
[ 2026-01-17 19:30:41,625 ] root - INFO - All required columns present in testing dataframe: True
[ 2026-01-17 19:30:41,625 ] root - INFO - All categorical/int columns present in training dataframe: True
[ 2026-01-17 19:30:41,625 ] root - INFO - All categorical/int columns present in testing dataframe: True
[ 2026-01-17 19:30:41,627 ] root - INFO - Data validation artifact created and saved to JSON file.
[ 2026-01-17 19:30:41,627 ] root - INFO - Data validation artifact: DataValidationArtifact(validation_status=True, message='', validation_report_file_path='artifact\\01_17_2026_19_30_38\\data_validation\\report.yaml')
[ 2026-01-17 19:30:41,628 ] root - INFO - Performed the data validation operation
[ 2026-01-17 19:30:41,628 ] root - INFO - Exited the start_data_validation method of TrainPipeline class
[ 2026-01-17 19:30:42,220 ] root - INFO - Data Transformation Started !!!
[ 2026-01-17 19:30:42,253 ] root - INFO - Train-Test data loaded
[ 2026-01-17 19:30:42,255 ] root - INFO - Input and Target cols defined for both train and test df.
[ 2026-01-17 19:30:42,256 ] root - INFO - Mapping 'gender' column to binary values
[ 2026-01-17 19:30:42,257 ] root - INFO - Dropping id columns
[ 2026-01-17 19:30:42,258 ] root - INFO - Dropped columns: ['_id', 'customerID']
[ 2026-01-17 19:30:42,259 ] root - INFO - Creating dummy variables for categorical features
[ 2026-01-17 19:30:42,259 ] root - INFO - Creating dummy variables for: ['Partner', 'Dependents', 'PhoneService', 'MultipleLines', 'InternetService', 'OnlineSecurity', 'OnlineBackup', 'DeviceProtection', 'TechSupport', 'StreamingTV', 'StreamingMovies', 'Contract', 'PaperlessBilling', 'PaymentMethod']
[ 2026-01-17 19:30:42,276 ] root - INFO - Renaming specific columns and casting to int
[ 2026-01-17 19:30:42,277 ] root - INFO - Mapping 'gender' column to binary values
[ 2026-01-17 19:30:42,278 ] root - INFO - Dropping id columns
[ 2026-01-17 19:30:42,279 ] root - INFO - Dropped columns: ['_id', 'customerID']
[ 2026-01-17 19:30:42,279 ] root - INFO - Creating dummy variables for categorical features
[ 2026-01-17 19:30:42,280 ] root - INFO - Creating dummy variables for: ['Partner', 'Dependents', 'PhoneService', 'MultipleLines', 'InternetService', 'OnlineSecurity', 'OnlineBackup', 'DeviceProtection', 'TechSupport', 'StreamingTV', 'StreamingMovies', 'Contract', 'PaperlessBilling', 'PaymentMethod']
[ 2026-01-17 19:30:42,288 ] root - INFO - Renaming specific columns and casting to int
[ 2026-01-17 19:30:42,289 ] root - INFO - Custom transformations applied to train and test data
[ 2026-01-17 19:30:42,289 ] root - INFO - Starting data transformation
[ 2026-01-17 19:30:42,289 ] root - INFO - Numerical features for scaling: ['tenure', 'MonthlyCharges']
[ 2026-01-17 19:30:42,289 ] root - INFO - MinMax columns: ['TotalCharges']
[ 2026-01-17 19:30:42,290 ] root - INFO - Got the preprocessor object
[ 2026-01-17 19:30:42,290 ] root - INFO - Initializing transformation for Training-data
[ 2026-01-17 19:30:42,296 ] root - ERROR - Error occurred in python script: [C:\Users\kavet\OneDrive\Desktop\github\src\components\data_transformation.py] at line number [234]: could not convert string to float: ' '
[ 2026-01-17 19:30:42,296 ] root - ERROR - Error occurred in python script: [C:\Users\kavet\OneDrive\Desktop\github\src\pipline\training_pipeline.py] at line number [89]: Error occurred in python script: [C:\Users\kavet\OneDrive\Desktop\github\src\components\data_transformation.py] at line number [234]: could not convert string to float: ' '
[ 2026-01-17 19:30:42,296 ] root - ERROR - Error occurred in python script: [C:\Users\kavet\OneDrive\Desktop\github\src\pipline\training_pipeline.py] at line number [101]: Error occurred in python script: [C:\Users\kavet\OneDrive\Desktop\github\src\pipline\training_pipeline.py] at line number [89]: Error occurred in python script: [C:\Users\kavet\OneDrive\Desktop\github\src\components\data_transformation.py] at line number [234]: could not convert string to float: ' '
[ 2026-01-17 19:30:42,666 ] pymongo.topology - DEBUG - {"message": "Server heartbeat failed", "topologyId": {"$oid": "696c37bf0da8abc5562d7fb0"}, "serverHost": "ac-1u1vjmy-shard-00-01.djz1hts.mongodb.net", "serverPort": 27017, "awaited": true, "durationMS": 2553.268700139597, "failure": "\"_OperationCancelled('operation cancelled')\"", "driverConnectionId": 1}
[ 2026-01-17 19:30:42,682 ] pymongo.topology - DEBUG - {"message": "Server heartbeat failed", "topologyId": {"$oid": "696c37bf0da8abc5562d7fb0"}, "serverHost": "ac-1u1vjmy-shard-00-00.djz1hts.mongodb.net", "serverPort": 27017, "awaited": true, "durationMS": 2560.3577999863774, "failure": "\"_OperationCancelled('operation cancelled')\"", "driverConnectionId": 1}
[ 2026-01-17 19:30:42,697 ] pymongo.topology - DEBUG - {"message": "Server heartbeat failed", "topologyId": {"$oid": "696c37bf0da8abc5562d7fb0"}, "serverHost": "ac-1u1vjmy-shard-00-02.djz1hts.mongodb.net", "serverPort": 27017, "awaited": true, "durationMS": 2558.040700154379, "failure": "\"_OperationCancelled('operation cancelled')\"", "driverConnectionId": 1}
