[ 2026-01-17 19:34:39,705 ] root - DEBUG - This is a debug message.
[ 2026-01-17 19:34:39,706 ] root - INFO - This is an info message.
[ 2026-01-17 19:34:39,706 ] root - WARNING - This is a warning message.
[ 2026-01-17 19:34:39,706 ] root - ERROR - This is an error message.
[ 2026-01-17 19:34:39,706 ] root - CRITICAL - This is a critical message.
[ 2026-01-17 19:34:41,909 ] root - INFO - Entered the start_data_ingestion method of TrainPipeline class
[ 2026-01-17 19:34:41,909 ] root - INFO - Getting the data from mongodb
[ 2026-01-17 19:34:41,910 ] root - INFO - Entered initiate_data_ingestion method of Data_Ingestion class
[ 2026-01-17 19:34:41,910 ] root - INFO - Exporting data from mongodb
[ 2026-01-17 19:34:42,815 ] pymongo.topology - DEBUG - {"message": "Starting topology monitoring", "topologyId": {"$oid": "696c38b2b1690e7972ecae3c"}}
[ 2026-01-17 19:34:42,815 ] pymongo.topology - DEBUG - {"message": "Topology description changed", "topologyId": {"$oid": "696c38b2b1690e7972ecae3c"}, "previousDescription": "<TopologyDescription id: 696c38b2b1690e7972ecae3c, topology_type: Unknown, servers: []>", "newDescription": "<TopologyDescription id: 696c38b2b1690e7972ecae3c, topology_type: ReplicaSetNoPrimary, servers: [<ServerDescription ('ac-1u1vjmy-shard-00-00.djz1hts.mongodb.net', 27017) server_type: Unknown, rtt: None>, <ServerDescription ('ac-1u1vjmy-shard-00-01.djz1hts.mongodb.net', 27017) server_type: Unknown, rtt: None>, <ServerDescription ('ac-1u1vjmy-shard-00-02.djz1hts.mongodb.net', 27017) server_type: Unknown, rtt: None>]>"}
[ 2026-01-17 19:34:42,815 ] pymongo.topology - DEBUG - {"message": "Starting server monitoring", "topologyId": {"$oid": "696c38b2b1690e7972ecae3c"}, "serverHost": "ac-1u1vjmy-shard-00-02.djz1hts.mongodb.net", "serverPort": 27017}
[ 2026-01-17 19:34:42,816 ] pymongo.topology - DEBUG - {"message": "Starting server monitoring", "topologyId": {"$oid": "696c38b2b1690e7972ecae3c"}, "serverHost": "ac-1u1vjmy-shard-00-01.djz1hts.mongodb.net", "serverPort": 27017}
[ 2026-01-17 19:34:42,816 ] pymongo.topology - DEBUG - {"message": "Starting server monitoring", "topologyId": {"$oid": "696c38b2b1690e7972ecae3c"}, "serverHost": "ac-1u1vjmy-shard-00-00.djz1hts.mongodb.net", "serverPort": 27017}
[ 2026-01-17 19:34:42,816 ] pymongo.connection - DEBUG - {"message": "Connection pool created", "clientId": {"$oid": "696c38b2b1690e7972ecae3c"}, "serverHost": "ac-1u1vjmy-shard-00-02.djz1hts.mongodb.net", "serverPort": 27017}
[ 2026-01-17 19:34:42,817 ] pymongo.connection - DEBUG - {"message": "Connection pool created", "clientId": {"$oid": "696c38b2b1690e7972ecae3c"}, "serverHost": "ac-1u1vjmy-shard-00-01.djz1hts.mongodb.net", "serverPort": 27017}
[ 2026-01-17 19:34:42,819 ] pymongo.connection - DEBUG - {"message": "Connection pool created", "clientId": {"$oid": "696c38b2b1690e7972ecae3c"}, "serverHost": "ac-1u1vjmy-shard-00-00.djz1hts.mongodb.net", "serverPort": 27017}
[ 2026-01-17 19:34:42,820 ] root - INFO - MongoDB connection successful.
[ 2026-01-17 19:34:42,821 ] pymongo.serverSelection - DEBUG - {"message": "Server selection started", "selector": "Primary()", "operation": "find", "topologyDescription": "<TopologyDescription id: 696c38b2b1690e7972ecae3c, topology_type: ReplicaSetNoPrimary, servers: [<ServerDescription ('ac-1u1vjmy-shard-00-00.djz1hts.mongodb.net', 27017) server_type: Unknown, rtt: None>, <ServerDescription ('ac-1u1vjmy-shard-00-01.djz1hts.mongodb.net', 27017) server_type: Unknown, rtt: None>, <ServerDescription ('ac-1u1vjmy-shard-00-02.djz1hts.mongodb.net', 27017) server_type: Unknown, rtt: None>]>", "clientId": {"$oid": "696c38b2b1690e7972ecae3c"}}
[ 2026-01-17 19:34:42,821 ] pymongo.serverSelection - DEBUG - {"message": "Waiting for suitable server to become available", "selector": "Primary()", "operation": "find", "topologyDescription": "<TopologyDescription id: 696c38b2b1690e7972ecae3c, topology_type: ReplicaSetNoPrimary, servers: [<ServerDescription ('ac-1u1vjmy-shard-00-00.djz1hts.mongodb.net', 27017) server_type: Unknown, rtt: None>, <ServerDescription ('ac-1u1vjmy-shard-00-01.djz1hts.mongodb.net', 27017) server_type: Unknown, rtt: None>, <ServerDescription ('ac-1u1vjmy-shard-00-02.djz1hts.mongodb.net', 27017) server_type: Unknown, rtt: None>]>", "clientId": {"$oid": "696c38b2b1690e7972ecae3c"}, "remainingTimeMS": 29999}
[ 2026-01-17 19:34:43,013 ] pymongo.topology - DEBUG - {"message": "Server heartbeat started", "topologyId": {"$oid": "696c38b2b1690e7972ecae3c"}, "driverConnectionId": 1, "serverHost": "ac-1u1vjmy-shard-00-00.djz1hts.mongodb.net", "serverPort": 27017, "awaited": false}
[ 2026-01-17 19:34:43,016 ] pymongo.topology - DEBUG - {"message": "Server heartbeat started", "topologyId": {"$oid": "696c38b2b1690e7972ecae3c"}, "driverConnectionId": 1, "serverHost": "ac-1u1vjmy-shard-00-02.djz1hts.mongodb.net", "serverPort": 27017, "awaited": false}
[ 2026-01-17 19:34:43,016 ] pymongo.topology - DEBUG - {"message": "Server heartbeat started", "topologyId": {"$oid": "696c38b2b1690e7972ecae3c"}, "driverConnectionId": 1, "serverHost": "ac-1u1vjmy-shard-00-01.djz1hts.mongodb.net", "serverPort": 27017, "awaited": false}
[ 2026-01-17 19:34:43,072 ] pymongo.topology - DEBUG - {"message": "Server heartbeat succeeded", "topologyId": {"$oid": "696c38b2b1690e7972ecae3c"}, "driverConnectionId": 1, "serverConnectionId": 93829, "serverHost": "ac-1u1vjmy-shard-00-00.djz1hts.mongodb.net", "serverPort": 27017, "awaited": false, "durationMS": 58.14540013670921, "reply": "{\"helloOk\": true, \"topologyVersion\": {\"processId\": {\"$oid\": \"69691fb9146e75e66ebab7e3\"}, \"counter\": 4}, \"hosts\": [\"ac-1u1vjmy-shard-00-00.djz1hts.mongodb.net:27017\", \"ac-1u1vjmy-shard-00-01.djz1hts.mongodb.net:27017\", \"ac-1u1vjmy-shard-00-02.djz1hts.mongodb.net:27017\"], \"setName\": \"atlas-931qd7-shard-0\", \"setVersion\": 10, \"secondary\": true, \"primary\": \"ac-1u1vjmy-shard-00-02.djz1hts.mongodb.net:27017\", \"tags\": {\"nodeType\": \"ELECTABLE\", \"provider\": \"AWS\", \"workloadType\": \"OPERATIONAL\", \"availabilityZone\": \"use1-az2\", \"region\": \"US_EAST_1\", \"diskState\": \"READY\"}, \"me\": \"ac-1u1vjmy-shard-00-00.djz1hts.mongodb.net:27017\", \"lastWrite\": {\"opTime\": {\"ts\": {\"$timestamp\": {\"t\": 1768700082, \"i\": 15}}, \"t\": 15}, \"lastWriteDate\": {\"$date\": \"2026-01-18T01:34:42Z\"}, \"majorityOpTime\": {\"ts\": {\"$timestamp\": {\"t\": 1768700082, \"i\": 15}}, \"t\": 15}, \"majorityWriteDate\": {\"$date\": \"2026-01-18T01:34:42Z\"}}, \"maxBsonObjectSize\": 16777216, \"maxMessageSizeBytes\": 48000000, \"maxWriteBatchSize\": 100000, \"localTi..."}
[ 2026-01-17 19:34:43,072 ] pymongo.topology - DEBUG - {"message": "Server heartbeat succeeded", "topologyId": {"$oid": "696c38b2b1690e7972ecae3c"}, "driverConnectionId": 1, "serverConnectionId": 97337, "serverHost": "ac-1u1vjmy-shard-00-02.djz1hts.mongodb.net", "serverPort": 27017, "awaited": false, "durationMS": 55.89850014075637, "reply": "{\"helloOk\": true, \"topologyVersion\": {\"processId\": {\"$oid\": \"6969219f082a3c516728680e\"}, \"counter\": 6}, \"hosts\": [\"ac-1u1vjmy-shard-00-00.djz1hts.mongodb.net:27017\", \"ac-1u1vjmy-shard-00-01.djz1hts.mongodb.net:27017\", \"ac-1u1vjmy-shard-00-02.djz1hts.mongodb.net:27017\"], \"setName\": \"atlas-931qd7-shard-0\", \"setVersion\": 10, \"ismaster\": true, \"primary\": \"ac-1u1vjmy-shard-00-02.djz1hts.mongodb.net:27017\", \"tags\": {\"nodeType\": \"ELECTABLE\", \"provider\": \"AWS\", \"region\": \"US_EAST_1\", \"workloadType\": \"OPERATIONAL\", \"diskState\": \"READY\", \"availabilityZone\": \"use1-az5\"}, \"me\": \"ac-1u1vjmy-shard-00-02.djz1hts.mongodb.net:27017\", \"electionId\": {\"$oid\": \"7fffffff000000000000000f\"}, \"lastWrite\": {\"opTime\": {\"ts\": {\"$timestamp\": {\"t\": 1768700082, \"i\": 15}}, \"t\": 15}, \"lastWriteDate\": {\"$date\": \"2026-01-18T01:34:42Z\"}, \"majorityOpTime\": {\"ts\": {\"$timestamp\": {\"t\": 1768700082, \"i\": 15}}, \"t\": 15}, \"majorityWriteDate\": {\"$date\": \"2026-01-18T01:34:42Z\"}}, \"maxBsonObjectSize\": 16777216, \"maxMessageSizeByte..."}
[ 2026-01-17 19:34:43,073 ] pymongo.connection - DEBUG - {"message": "Connection pool ready", "clientId": {"$oid": "696c38b2b1690e7972ecae3c"}, "serverHost": "ac-1u1vjmy-shard-00-00.djz1hts.mongodb.net", "serverPort": 27017}
[ 2026-01-17 19:34:43,073 ] pymongo.topology - DEBUG - {"message": "Topology description changed", "topologyId": {"$oid": "696c38b2b1690e7972ecae3c"}, "previousDescription": "<TopologyDescription id: 696c38b2b1690e7972ecae3c, topology_type: ReplicaSetNoPrimary, servers: [<ServerDescription ('ac-1u1vjmy-shard-00-00.djz1hts.mongodb.net', 27017) server_type: Unknown, rtt: None>, <ServerDescription ('ac-1u1vjmy-shard-00-01.djz1hts.mongodb.net', 27017) server_type: Unknown, rtt: None>, <ServerDescription ('ac-1u1vjmy-shard-00-02.djz1hts.mongodb.net', 27017) server_type: Unknown, rtt: None>]>", "newDescription": "<TopologyDescription id: 696c38b2b1690e7972ecae3c, topology_type: ReplicaSetNoPrimary, servers: [<ServerDescription ('ac-1u1vjmy-shard-00-00.djz1hts.mongodb.net', 27017) server_type: RSSecondary, rtt: 0.05814540013670921>, <ServerDescription ('ac-1u1vjmy-shard-00-01.djz1hts.mongodb.net', 27017) server_type: Unknown, rtt: None>, <ServerDescription ('ac-1u1vjmy-shard-00-02.djz1hts.mongodb.net', 27017) server_type: Unknown, rtt: None>]>"}
[ 2026-01-17 19:34:43,074 ] pymongo.topology - DEBUG - {"message": "Server heartbeat succeeded", "topologyId": {"$oid": "696c38b2b1690e7972ecae3c"}, "driverConnectionId": 1, "serverConnectionId": 92109, "serverHost": "ac-1u1vjmy-shard-00-01.djz1hts.mongodb.net", "serverPort": 27017, "awaited": false, "durationMS": 57.282299967482686, "reply": "{\"helloOk\": true, \"topologyVersion\": {\"processId\": {\"$oid\": \"696923953f198139e3024850\"}, \"counter\": 3}, \"hosts\": [\"ac-1u1vjmy-shard-00-00.djz1hts.mongodb.net:27017\", \"ac-1u1vjmy-shard-00-01.djz1hts.mongodb.net:27017\", \"ac-1u1vjmy-shard-00-02.djz1hts.mongodb.net:27017\"], \"setName\": \"atlas-931qd7-shard-0\", \"setVersion\": 10, \"secondary\": true, \"primary\": \"ac-1u1vjmy-shard-00-02.djz1hts.mongodb.net:27017\", \"tags\": {\"workloadType\": \"OPERATIONAL\", \"availabilityZone\": \"use1-az4\", \"nodeType\": \"ELECTABLE\", \"diskState\": \"READY\", \"provider\": \"AWS\", \"region\": \"US_EAST_1\"}, \"me\": \"ac-1u1vjmy-shard-00-01.djz1hts.mongodb.net:27017\", \"lastWrite\": {\"opTime\": {\"ts\": {\"$timestamp\": {\"t\": 1768700082, \"i\": 15}}, \"t\": 15}, \"lastWriteDate\": {\"$date\": \"2026-01-18T01:34:42Z\"}, \"majorityOpTime\": {\"ts\": {\"$timestamp\": {\"t\": 1768700082, \"i\": 15}}, \"t\": 15}, \"majorityWriteDate\": {\"$date\": \"2026-01-18T01:34:42Z\"}}, \"maxBsonObjectSize\": 16777216, \"maxMessageSizeBytes\": 48000000, \"maxWriteBatchSize\": 100000, \"localTi..."}
[ 2026-01-17 19:34:43,074 ] pymongo.connection - DEBUG - {"message": "Connection pool ready", "clientId": {"$oid": "696c38b2b1690e7972ecae3c"}, "serverHost": "ac-1u1vjmy-shard-00-02.djz1hts.mongodb.net", "serverPort": 27017}
[ 2026-01-17 19:34:43,074 ] pymongo.topology - DEBUG - {"message": "Topology description changed", "topologyId": {"$oid": "696c38b2b1690e7972ecae3c"}, "previousDescription": "<TopologyDescription id: 696c38b2b1690e7972ecae3c, topology_type: ReplicaSetNoPrimary, servers: [<ServerDescription ('ac-1u1vjmy-shard-00-00.djz1hts.mongodb.net', 27017) server_type: RSSecondary, rtt: 0.05814540013670921>, <ServerDescription ('ac-1u1vjmy-shard-00-01.djz1hts.mongodb.net', 27017) server_type: Unknown, rtt: None>, <ServerDescription ('ac-1u1vjmy-shard-00-02.djz1hts.mongodb.net', 27017) server_type: Unknown, rtt: None>]>", "newDescription": "<TopologyDescription id: 696c38b2b1690e7972ecae3c, topology_type: ReplicaSetWithPrimary, servers: [<ServerDescription ('ac-1u1vjmy-shard-00-00.djz1hts.mongodb.net', 27017) server_type: RSSecondary, rtt: 0.05814540013670921>, <ServerDescription ('ac-1u1vjmy-shard-00-01.djz1hts.mongodb.net', 27017) server_type: Unknown, rtt: None>, <ServerDescription ('ac-1u1vjmy-shard-00-02.djz1hts.mongodb.net', 27017) server_type: RSPrimary, rtt: 0.05589850014075637>]>"}
[ 2026-01-17 19:34:43,075 ] pymongo.topology - DEBUG - {"message": "Server heartbeat started", "topologyId": {"$oid": "696c38b2b1690e7972ecae3c"}, "driverConnectionId": 1, "serverConnectionId": 93829, "serverHost": "ac-1u1vjmy-shard-00-00.djz1hts.mongodb.net", "serverPort": 27017, "awaited": true}
[ 2026-01-17 19:34:43,075 ] pymongo.serverSelection - DEBUG - {"message": "Server selection succeeded", "selector": "Primary()", "operation": "find", "topologyDescription": "<TopologyDescription id: 696c38b2b1690e7972ecae3c, topology_type: ReplicaSetWithPrimary, servers: [<ServerDescription ('ac-1u1vjmy-shard-00-00.djz1hts.mongodb.net', 27017) server_type: RSSecondary, rtt: 0.05814540013670921>, <ServerDescription ('ac-1u1vjmy-shard-00-01.djz1hts.mongodb.net', 27017) server_type: Unknown, rtt: None>, <ServerDescription ('ac-1u1vjmy-shard-00-02.djz1hts.mongodb.net', 27017) server_type: RSPrimary, rtt: 0.05589850014075637>]>", "clientId": {"$oid": "696c38b2b1690e7972ecae3c"}, "serverHost": "ac-1u1vjmy-shard-00-02.djz1hts.mongodb.net", "serverPort": 27017}
[ 2026-01-17 19:34:43,075 ] pymongo.connection - DEBUG - {"message": "Connection pool ready", "clientId": {"$oid": "696c38b2b1690e7972ecae3c"}, "serverHost": "ac-1u1vjmy-shard-00-01.djz1hts.mongodb.net", "serverPort": 27017}
[ 2026-01-17 19:34:43,075 ] pymongo.topology - DEBUG - {"message": "Server heartbeat started", "topologyId": {"$oid": "696c38b2b1690e7972ecae3c"}, "driverConnectionId": 1, "serverConnectionId": 97337, "serverHost": "ac-1u1vjmy-shard-00-02.djz1hts.mongodb.net", "serverPort": 27017, "awaited": true}
[ 2026-01-17 19:34:43,075 ] pymongo.connection - DEBUG - {"message": "Connection checkout started", "clientId": {"$oid": "696c38b2b1690e7972ecae3c"}, "serverHost": "ac-1u1vjmy-shard-00-02.djz1hts.mongodb.net", "serverPort": 27017}
[ 2026-01-17 19:34:43,076 ] pymongo.topology - DEBUG - {"message": "Topology description changed", "topologyId": {"$oid": "696c38b2b1690e7972ecae3c"}, "previousDescription": "<TopologyDescription id: 696c38b2b1690e7972ecae3c, topology_type: ReplicaSetWithPrimary, servers: [<ServerDescription ('ac-1u1vjmy-shard-00-00.djz1hts.mongodb.net', 27017) server_type: RSSecondary, rtt: 0.05814540013670921>, <ServerDescription ('ac-1u1vjmy-shard-00-01.djz1hts.mongodb.net', 27017) server_type: Unknown, rtt: None>, <ServerDescription ('ac-1u1vjmy-shard-00-02.djz1hts.mongodb.net', 27017) server_type: RSPrimary, rtt: 0.05589850014075637>]>", "newDescription": "<TopologyDescription id: 696c38b2b1690e7972ecae3c, topology_type: ReplicaSetWithPrimary, servers: [<ServerDescription ('ac-1u1vjmy-shard-00-00.djz1hts.mongodb.net', 27017) server_type: RSSecondary, rtt: 0.05814540013670921>, <ServerDescription ('ac-1u1vjmy-shard-00-01.djz1hts.mongodb.net', 27017) server_type: RSSecondary, rtt: 0.057282299967482686>, <ServerDescription ('ac-1u1vjmy-shard-00-02.djz1hts.mongodb.net', 27017) server_type: RSPrimary, rtt: 0.05589850014075637>]>"}
[ 2026-01-17 19:34:43,076 ] pymongo.connection - DEBUG - {"message": "Connection created", "clientId": {"$oid": "696c38b2b1690e7972ecae3c"}, "serverHost": "ac-1u1vjmy-shard-00-02.djz1hts.mongodb.net", "serverPort": 27017, "driverConnectionId": 1}
[ 2026-01-17 19:34:43,076 ] pymongo.topology - DEBUG - {"message": "Server heartbeat started", "topologyId": {"$oid": "696c38b2b1690e7972ecae3c"}, "driverConnectionId": 1, "serverConnectionId": 92109, "serverHost": "ac-1u1vjmy-shard-00-01.djz1hts.mongodb.net", "serverPort": 27017, "awaited": true}
[ 2026-01-17 19:34:43,438 ] pymongo.connection - DEBUG - {"message": "Connection ready", "clientId": {"$oid": "696c38b2b1690e7972ecae3c"}, "serverHost": "ac-1u1vjmy-shard-00-02.djz1hts.mongodb.net", "serverPort": 27017, "driverConnectionId": 1, "durationMS": 0.17911459994502366}
[ 2026-01-17 19:34:43,438 ] pymongo.connection - DEBUG - {"message": "Connection checked out", "clientId": {"$oid": "696c38b2b1690e7972ecae3c"}, "serverHost": "ac-1u1vjmy-shard-00-02.djz1hts.mongodb.net", "serverPort": 27017, "driverConnectionId": 1, "durationMS": 0.36297819996252656}
[ 2026-01-17 19:34:43,439 ] pymongo.command - DEBUG - {"message": "Command started", "clientId": {"$oid": "696c38b2b1690e7972ecae3c"}, "command": "{\"find\": \"Proj1-Data\", \"lsid\": {\"id\": {\"$binary\": {\"base64\": \"+hYMMWXwRVu1je+q5nO5ng==\", \"subType\": \"04\"}}}, \"$clusterTime\": {\"clusterTime\": {\"$timestamp\": {\"t\": 1768700082, \"i\": 25}}, \"signature\": {\"hash\": {\"$binary\": {\"base64\": \"ra0eDwuQTSoRF0/YmFUIbdq7Ka4=\", \"subType\": \"00\"}}, \"keyId\": 7566725175656316934}}, \"$db\": \"Customer-Churn\"}", "commandName": "find", "databaseName": "Customer-Churn", "requestId": 26500, "operationId": 26500, "driverConnectionId": 1, "serverConnectionId": 97453, "serverHost": "ac-1u1vjmy-shard-00-02.djz1hts.mongodb.net", "serverPort": 27017}
[ 2026-01-17 19:34:43,612 ] pymongo.command - DEBUG - {"message": "Command succeeded", "clientId": {"$oid": "696c38b2b1690e7972ecae3c"}, "durationMS": 172.91699999999997, "reply": "{\"cursor\": {\"firstBatch\": [{\"_id\": {\"$oid\": \"69694a72cfa4574c33d9bcac\"}, \"customerID\": \"7590-VHVEG\", \"gender\": \"Female\", \"Partner\": \"Yes\", \"Dependents\": \"No\", \"tenure\": 1, \"PhoneService\": \"No\", \"MultipleLines\": \"No phone service\", \"InternetService\": \"DSL\", \"OnlineSecurity\": \"No\", \"OnlineBackup\": \"Yes\", \"DeviceProtection\": \"No\", \"TechSupport\": \"No\", \"StreamingTV\": \"No\", \"StreamingMovies\": \"No\", \"Contract\": \"Month-to-month\", \"PaperlessBilling\": \"Yes\", \"PaymentMethod\": \"Electronic check\", \"MonthlyCharges\": 29.85, \"TotalCharges\": \"29.85\", \"Churn\": \"No\"}, {\"_id\": {\"$oid\": \"69694a72cfa4574c33d9bcad\"}, \"customerID\": \"5575-GNVDE\", \"gender\": \"Male\", \"Partner\": \"No\", \"Dependents\": \"No\", \"tenure\": 34, \"PhoneService\": \"Yes\", \"MultipleLines\": \"No\", \"InternetService\": \"DSL\", \"OnlineSecurity\": \"Yes\", \"OnlineBackup\": \"No\", \"DeviceProtection\": \"Yes\", \"TechSupport\": \"No\", \"StreamingTV\": \"No\", \"StreamingMovies\": \"No\", \"Contract\": \"One year\", \"PaperlessBilling\": \"No\", \"PaymentMethod\": \"Mailed check\", \"Mon...", "commandName": "find", "databaseName": "Customer-Churn", "requestId": 26500, "operationId": 26500, "driverConnectionId": 1, "serverConnectionId": 97453, "serverHost": "ac-1u1vjmy-shard-00-02.djz1hts.mongodb.net", "serverPort": 27017}
[ 2026-01-17 19:34:43,612 ] pymongo.connection - DEBUG - {"message": "Connection checked in", "clientId": {"$oid": "696c38b2b1690e7972ecae3c"}, "serverHost": "ac-1u1vjmy-shard-00-02.djz1hts.mongodb.net", "serverPort": 27017, "driverConnectionId": 1}
[ 2026-01-17 19:34:43,612 ] pymongo.serverSelection - DEBUG - {"message": "Server selection started", "selector": "<function any_server_selector at 0x000002386A7F42C0>", "operation": "getMore", "topologyDescription": "<TopologyDescription id: 696c38b2b1690e7972ecae3c, topology_type: ReplicaSetWithPrimary, servers: [<ServerDescription ('ac-1u1vjmy-shard-00-00.djz1hts.mongodb.net', 27017) server_type: RSSecondary, rtt: 0.05814540013670921>, <ServerDescription ('ac-1u1vjmy-shard-00-01.djz1hts.mongodb.net', 27017) server_type: RSSecondary, rtt: 0.057282299967482686>, <ServerDescription ('ac-1u1vjmy-shard-00-02.djz1hts.mongodb.net', 27017) server_type: RSPrimary, rtt: 0.05589850014075637>]>", "clientId": {"$oid": "696c38b2b1690e7972ecae3c"}}
[ 2026-01-17 19:34:43,613 ] pymongo.serverSelection - DEBUG - {"message": "Server selection succeeded", "selector": "<function any_server_selector at 0x000002386A7F42C0>", "operation": "getMore", "topologyDescription": "<TopologyDescription id: 696c38b2b1690e7972ecae3c, topology_type: ReplicaSetWithPrimary, servers: [<ServerDescription ('ac-1u1vjmy-shard-00-00.djz1hts.mongodb.net', 27017) server_type: RSSecondary, rtt: 0.05814540013670921>, <ServerDescription ('ac-1u1vjmy-shard-00-01.djz1hts.mongodb.net', 27017) server_type: RSSecondary, rtt: 0.057282299967482686>, <ServerDescription ('ac-1u1vjmy-shard-00-02.djz1hts.mongodb.net', 27017) server_type: RSPrimary, rtt: 0.05589850014075637>]>", "clientId": {"$oid": "696c38b2b1690e7972ecae3c"}, "serverHost": "ac-1u1vjmy-shard-00-02.djz1hts.mongodb.net", "serverPort": 27017}
[ 2026-01-17 19:34:43,613 ] pymongo.connection - DEBUG - {"message": "Connection checkout started", "clientId": {"$oid": "696c38b2b1690e7972ecae3c"}, "serverHost": "ac-1u1vjmy-shard-00-02.djz1hts.mongodb.net", "serverPort": 27017}
[ 2026-01-17 19:34:43,613 ] pymongo.connection - DEBUG - {"message": "Connection checked out", "clientId": {"$oid": "696c38b2b1690e7972ecae3c"}, "serverHost": "ac-1u1vjmy-shard-00-02.djz1hts.mongodb.net", "serverPort": 27017, "driverConnectionId": 1, "durationMS": 0.00015239999629557133}
[ 2026-01-17 19:34:43,613 ] pymongo.command - DEBUG - {"message": "Command started", "clientId": {"$oid": "696c38b2b1690e7972ecae3c"}, "command": "{\"getMore\": 7542196839582373425, \"collection\": \"Proj1-Data\", \"lsid\": {\"id\": {\"$binary\": {\"base64\": \"+hYMMWXwRVu1je+q5nO5ng==\", \"subType\": \"04\"}}}, \"$clusterTime\": {\"clusterTime\": {\"$timestamp\": {\"t\": 1768700082, \"i\": 25}}, \"signature\": {\"hash\": {\"$binary\": {\"base64\": \"ra0eDwuQTSoRF0/YmFUIbdq7Ka4=\", \"subType\": \"00\"}}, \"keyId\": 7566725175656316934}}, \"$db\": \"Customer-Churn\"}", "commandName": "getMore", "databaseName": "Customer-Churn", "requestId": 19169, "operationId": 19169, "driverConnectionId": 1, "serverConnectionId": 97453, "serverHost": "ac-1u1vjmy-shard-00-02.djz1hts.mongodb.net", "serverPort": 27017}
[ 2026-01-17 19:34:44,135 ] pymongo.command - DEBUG - {"message": "Command succeeded", "clientId": {"$oid": "696c38b2b1690e7972ecae3c"}, "durationMS": 522.102, "reply": "{\"cursor\": {\"nextBatch\": [{\"_id\": {\"$oid\": \"69694a72cfa4574c33d9bd11\"}, \"customerID\": \"3679-XASPY\", \"gender\": \"Female\", \"Partner\": \"Yes\", \"Dependents\": \"Yes\", \"tenure\": 1, \"PhoneService\": \"Yes\", \"MultipleLines\": \"No\", \"InternetService\": \"No\", \"OnlineSecurity\": \"No internet service\", \"OnlineBackup\": \"No internet service\", \"DeviceProtection\": \"No internet service\", \"TechSupport\": \"No internet service\", \"StreamingTV\": \"No internet service\", \"StreamingMovies\": \"No internet service\", \"Contract\": \"Month-to-month\", \"PaperlessBilling\": \"No\", \"PaymentMethod\": \"Electronic check\", \"MonthlyCharges\": 19.45, \"TotalCharges\": \"19.45\", \"Churn\": \"No\"}, {\"_id\": {\"$oid\": \"69694a72cfa4574c33d9bd12\"}, \"customerID\": \"7123-WQUHX\", \"gender\": \"Male\", \"Partner\": \"No\", \"Dependents\": \"No\", \"tenure\": 38, \"PhoneService\": \"Yes\", \"MultipleLines\": \"Yes\", \"InternetService\": \"Fiber optic\", \"OnlineSecurity\": \"No\", \"OnlineBackup\": \"No\", \"DeviceProtection\": \"Yes\", \"TechSupport\": \"Yes\", \"StreamingTV\": \"Yes\", \"StreamingMovies...", "commandName": "getMore", "databaseName": "Customer-Churn", "requestId": 19169, "operationId": 19169, "driverConnectionId": 1, "serverConnectionId": 97453, "serverHost": "ac-1u1vjmy-shard-00-02.djz1hts.mongodb.net", "serverPort": 27017}
[ 2026-01-17 19:34:44,136 ] pymongo.connection - DEBUG - {"message": "Connection checked in", "clientId": {"$oid": "696c38b2b1690e7972ecae3c"}, "serverHost": "ac-1u1vjmy-shard-00-02.djz1hts.mongodb.net", "serverPort": 27017, "driverConnectionId": 1}
[ 2026-01-17 19:34:44,202 ] root - INFO - Shape of dataframe: (7043, 22)
[ 2026-01-17 19:34:44,205 ] root - INFO - Saving exported data into feature store file path: artifact\01_17_2026_19_34_41\data_ingestion\feature_store\WA_Fn-UseC_-Telco-Customer-Churn.csv
[ 2026-01-17 19:34:44,269 ] root - INFO - Got the data from mongodb
[ 2026-01-17 19:34:44,270 ] root - INFO - Entered split_data_as_train_test method of Data_Ingestion class
[ 2026-01-17 19:34:44,277 ] root - INFO - Performed train test split on the dataframe
[ 2026-01-17 19:34:44,277 ] root - INFO - Exited split_data_as_train_test method of Data_Ingestion class
[ 2026-01-17 19:34:44,278 ] root - INFO - Exporting train and test file path.
[ 2026-01-17 19:34:44,347 ] root - INFO - Exported train and test file path.
[ 2026-01-17 19:34:44,349 ] root - INFO - Performed train test split on the dataset
[ 2026-01-17 19:34:44,350 ] root - INFO - Exited initiate_data_ingestion method of Data_Ingestion class
[ 2026-01-17 19:34:44,350 ] root - INFO - Data ingestion artifact: DataIngestionArtifact(trained_file_path='artifact\\01_17_2026_19_34_41\\data_ingestion\\ingested\\train.csv', test_file_path='artifact\\01_17_2026_19_34_41\\data_ingestion\\ingested\\test.csv')
[ 2026-01-17 19:34:44,360 ] root - INFO - Got the train_set and test_set from mongodb
[ 2026-01-17 19:34:44,360 ] root - INFO - Exited the start_data_ingestion method of TrainPipeline class
[ 2026-01-17 19:34:44,361 ] root - INFO - Entered the start_data_validation method of TrainPipeline class
[ 2026-01-17 19:34:44,390 ] root - INFO - Starting data validation
[ 2026-01-17 19:34:44,424 ] root - INFO - Is required column present: [True]
[ 2026-01-17 19:34:44,425 ] root - INFO - All required columns present in training dataframe: True
[ 2026-01-17 19:34:44,425 ] root - INFO - Is required column present: [True]
[ 2026-01-17 19:34:44,425 ] root - INFO - All required columns present in testing dataframe: True
[ 2026-01-17 19:34:44,426 ] root - INFO - All categorical/int columns present in training dataframe: True
[ 2026-01-17 19:34:44,426 ] root - INFO - All categorical/int columns present in testing dataframe: True
[ 2026-01-17 19:34:44,429 ] root - INFO - Data validation artifact created and saved to JSON file.
[ 2026-01-17 19:34:44,430 ] root - INFO - Data validation artifact: DataValidationArtifact(validation_status=True, message='', validation_report_file_path='artifact\\01_17_2026_19_34_41\\data_validation\\report.yaml')
[ 2026-01-17 19:34:44,431 ] root - INFO - Performed the data validation operation
[ 2026-01-17 19:34:44,431 ] root - INFO - Exited the start_data_validation method of TrainPipeline class
[ 2026-01-17 19:34:44,823 ] root - INFO - Data Transformation Started !!!
[ 2026-01-17 19:34:44,859 ] root - INFO - Train-Test data loaded
[ 2026-01-17 19:34:44,862 ] root - INFO - Input and Target cols defined for both train and test df.
[ 2026-01-17 19:34:44,862 ] root - INFO - Cleaning data: handling TotalCharges
[ 2026-01-17 19:34:44,868 ] root - INFO - TotalCharges cleaned and filled missing values with median
[ 2026-01-17 19:34:44,868 ] root - INFO - Mapping 'gender' column to binary values
[ 2026-01-17 19:34:44,870 ] root - INFO - Dropping id columns
[ 2026-01-17 19:34:44,872 ] root - INFO - Dropped columns: ['_id', 'customerID']
[ 2026-01-17 19:34:44,873 ] root - INFO - Creating dummy variables for categorical features
[ 2026-01-17 19:34:44,873 ] root - INFO - Creating dummy variables for: ['Partner', 'Dependents', 'PhoneService', 'MultipleLines', 'InternetService', 'OnlineSecurity', 'OnlineBackup', 'DeviceProtection', 'TechSupport', 'StreamingTV', 'StreamingMovies', 'Contract', 'PaperlessBilling', 'PaymentMethod']
[ 2026-01-17 19:34:44,895 ] root - INFO - Renaming specific columns and casting to int
[ 2026-01-17 19:34:44,897 ] root - INFO - Cleaning data: handling TotalCharges
[ 2026-01-17 19:34:44,899 ] root - INFO - TotalCharges cleaned and filled missing values with median
[ 2026-01-17 19:34:44,899 ] root - INFO - Mapping 'gender' column to binary values
[ 2026-01-17 19:34:44,900 ] root - INFO - Dropping id columns
[ 2026-01-17 19:34:44,901 ] root - INFO - Dropped columns: ['_id', 'customerID']
[ 2026-01-17 19:34:44,901 ] root - INFO - Creating dummy variables for categorical features
[ 2026-01-17 19:34:44,902 ] root - INFO - Creating dummy variables for: ['Partner', 'Dependents', 'PhoneService', 'MultipleLines', 'InternetService', 'OnlineSecurity', 'OnlineBackup', 'DeviceProtection', 'TechSupport', 'StreamingTV', 'StreamingMovies', 'Contract', 'PaperlessBilling', 'PaymentMethod']
[ 2026-01-17 19:34:44,912 ] root - INFO - Renaming specific columns and casting to int
[ 2026-01-17 19:34:44,913 ] root - INFO - Custom transformations applied to train and test data
[ 2026-01-17 19:34:44,913 ] root - INFO - Starting data transformation
[ 2026-01-17 19:34:44,913 ] root - INFO - Numerical features for scaling: ['tenure', 'MonthlyCharges']
[ 2026-01-17 19:34:44,913 ] root - INFO - MinMax columns: ['TotalCharges']
[ 2026-01-17 19:34:44,914 ] root - INFO - Got the preprocessor object
[ 2026-01-17 19:34:44,914 ] root - INFO - Initializing transformation for Training-data
[ 2026-01-17 19:34:44,927 ] root - INFO - Initializing transformation for Testing-data
[ 2026-01-17 19:34:44,932 ] root - INFO - Transformation done end to end to train-test df.
[ 2026-01-17 19:34:44,932 ] root - INFO - Applying SMOTEENN for handling imbalanced dataset.
[ 2026-01-17 19:34:46,794 ] root - INFO - SMOTEENN applied to train-test df.
[ 2026-01-17 19:34:46,808 ] root - INFO - feature-target concatenation done for train-test df.
[ 2026-01-17 19:34:46,808 ] root - INFO - Entered the save_object method of utils
[ 2026-01-17 19:34:46,814 ] root - INFO - Exited the save_object method of utils
[ 2026-01-17 19:34:46,834 ] root - INFO - Saving transformation object and transformed files.
[ 2026-01-17 19:34:46,835 ] root - INFO - Data transformation completed successfully
[ 2026-01-17 19:34:47,149 ] pymongo.topology - DEBUG - {"message": "Server heartbeat failed", "topologyId": {"$oid": "696c38b2b1690e7972ecae3c"}, "serverHost": "ac-1u1vjmy-shard-00-01.djz1hts.mongodb.net", "serverPort": 27017, "awaited": true, "durationMS": 4072.4971999879926, "failure": "\"_OperationCancelled('operation cancelled')\"", "driverConnectionId": 1}
[ 2026-01-17 19:34:47,149 ] pymongo.topology - DEBUG - {"message": "Server heartbeat failed", "topologyId": {"$oid": "696c38b2b1690e7972ecae3c"}, "serverHost": "ac-1u1vjmy-shard-00-00.djz1hts.mongodb.net", "serverPort": 27017, "awaited": true, "durationMS": 4074.412499787286, "failure": "\"_OperationCancelled('operation cancelled')\"", "driverConnectionId": 1}
[ 2026-01-17 19:34:47,149 ] pymongo.topology - DEBUG - {"message": "Server heartbeat failed", "topologyId": {"$oid": "696c38b2b1690e7972ecae3c"}, "serverHost": "ac-1u1vjmy-shard-00-02.djz1hts.mongodb.net", "serverPort": 27017, "awaited": true, "durationMS": 4073.8531998358667, "failure": "\"_OperationCancelled('operation cancelled')\"", "driverConnectionId": 1}
