[ 2026-01-18 00:39:04,880 ] root - DEBUG - This is a debug message.
[ 2026-01-18 00:39:04,880 ] root - INFO - This is an info message.
[ 2026-01-18 00:39:04,881 ] root - WARNING - This is a warning message.
[ 2026-01-18 00:39:04,881 ] root - ERROR - This is an error message.
[ 2026-01-18 00:39:04,881 ] root - CRITICAL - This is a critical message.
[ 2026-01-18 00:39:07,838 ] root - INFO - Entered the start_data_ingestion method of TrainPipeline class
[ 2026-01-18 00:39:07,838 ] root - INFO - Getting the data from mongodb
[ 2026-01-18 00:39:07,839 ] root - INFO - Entered initiate_data_ingestion method of Data_Ingestion class
[ 2026-01-18 00:39:07,839 ] root - INFO - Exporting data from mongodb
[ 2026-01-18 00:39:08,770 ] pymongo.topology - DEBUG - {"message": "Starting topology monitoring", "topologyId": {"$oid": "696c800c4e771ee9139958ff"}}
[ 2026-01-18 00:39:08,770 ] pymongo.topology - DEBUG - {"message": "Topology description changed", "topologyId": {"$oid": "696c800c4e771ee9139958ff"}, "previousDescription": "<TopologyDescription id: 696c800c4e771ee9139958ff, topology_type: Unknown, servers: []>", "newDescription": "<TopologyDescription id: 696c800c4e771ee9139958ff, topology_type: ReplicaSetNoPrimary, servers: [<ServerDescription ('ac-1u1vjmy-shard-00-00.djz1hts.mongodb.net', 27017) server_type: Unknown, rtt: None>, <ServerDescription ('ac-1u1vjmy-shard-00-01.djz1hts.mongodb.net', 27017) server_type: Unknown, rtt: None>, <ServerDescription ('ac-1u1vjmy-shard-00-02.djz1hts.mongodb.net', 27017) server_type: Unknown, rtt: None>]>"}
[ 2026-01-18 00:39:08,770 ] pymongo.topology - DEBUG - {"message": "Starting server monitoring", "topologyId": {"$oid": "696c800c4e771ee9139958ff"}, "serverHost": "ac-1u1vjmy-shard-00-02.djz1hts.mongodb.net", "serverPort": 27017}
[ 2026-01-18 00:39:08,770 ] pymongo.topology - DEBUG - {"message": "Starting server monitoring", "topologyId": {"$oid": "696c800c4e771ee9139958ff"}, "serverHost": "ac-1u1vjmy-shard-00-01.djz1hts.mongodb.net", "serverPort": 27017}
[ 2026-01-18 00:39:08,770 ] pymongo.topology - DEBUG - {"message": "Starting server monitoring", "topologyId": {"$oid": "696c800c4e771ee9139958ff"}, "serverHost": "ac-1u1vjmy-shard-00-00.djz1hts.mongodb.net", "serverPort": 27017}
[ 2026-01-18 00:39:08,771 ] pymongo.connection - DEBUG - {"message": "Connection pool created", "clientId": {"$oid": "696c800c4e771ee9139958ff"}, "serverHost": "ac-1u1vjmy-shard-00-02.djz1hts.mongodb.net", "serverPort": 27017}
[ 2026-01-18 00:39:08,772 ] pymongo.connection - DEBUG - {"message": "Connection pool created", "clientId": {"$oid": "696c800c4e771ee9139958ff"}, "serverHost": "ac-1u1vjmy-shard-00-01.djz1hts.mongodb.net", "serverPort": 27017}
[ 2026-01-18 00:39:08,775 ] pymongo.connection - DEBUG - {"message": "Connection pool created", "clientId": {"$oid": "696c800c4e771ee9139958ff"}, "serverHost": "ac-1u1vjmy-shard-00-00.djz1hts.mongodb.net", "serverPort": 27017}
[ 2026-01-18 00:39:08,776 ] root - INFO - MongoDB connection successful.
[ 2026-01-18 00:39:08,777 ] pymongo.serverSelection - DEBUG - {"message": "Server selection started", "selector": "Primary()", "operation": "find", "topologyDescription": "<TopologyDescription id: 696c800c4e771ee9139958ff, topology_type: ReplicaSetNoPrimary, servers: [<ServerDescription ('ac-1u1vjmy-shard-00-00.djz1hts.mongodb.net', 27017) server_type: Unknown, rtt: None>, <ServerDescription ('ac-1u1vjmy-shard-00-01.djz1hts.mongodb.net', 27017) server_type: Unknown, rtt: None>, <ServerDescription ('ac-1u1vjmy-shard-00-02.djz1hts.mongodb.net', 27017) server_type: Unknown, rtt: None>]>", "clientId": {"$oid": "696c800c4e771ee9139958ff"}}
[ 2026-01-18 00:39:08,777 ] pymongo.serverSelection - DEBUG - {"message": "Waiting for suitable server to become available", "selector": "Primary()", "operation": "find", "topologyDescription": "<TopologyDescription id: 696c800c4e771ee9139958ff, topology_type: ReplicaSetNoPrimary, servers: [<ServerDescription ('ac-1u1vjmy-shard-00-00.djz1hts.mongodb.net', 27017) server_type: Unknown, rtt: None>, <ServerDescription ('ac-1u1vjmy-shard-00-01.djz1hts.mongodb.net', 27017) server_type: Unknown, rtt: None>, <ServerDescription ('ac-1u1vjmy-shard-00-02.djz1hts.mongodb.net', 27017) server_type: Unknown, rtt: None>]>", "clientId": {"$oid": "696c800c4e771ee9139958ff"}, "remainingTimeMS": 29999}
[ 2026-01-18 00:39:09,040 ] pymongo.topology - DEBUG - {"message": "Server heartbeat started", "topologyId": {"$oid": "696c800c4e771ee9139958ff"}, "driverConnectionId": 1, "serverHost": "ac-1u1vjmy-shard-00-02.djz1hts.mongodb.net", "serverPort": 27017, "awaited": false}
[ 2026-01-18 00:39:09,098 ] pymongo.topology - DEBUG - {"message": "Server heartbeat succeeded", "topologyId": {"$oid": "696c800c4e771ee9139958ff"}, "driverConnectionId": 1, "serverConnectionId": 104248, "serverHost": "ac-1u1vjmy-shard-00-02.djz1hts.mongodb.net", "serverPort": 27017, "awaited": false, "durationMS": 57.08449985831976, "reply": "{\"helloOk\": true, \"topologyVersion\": {\"processId\": {\"$oid\": \"6969219f082a3c516728680e\"}, \"counter\": 6}, \"hosts\": [\"ac-1u1vjmy-shard-00-00.djz1hts.mongodb.net:27017\", \"ac-1u1vjmy-shard-00-01.djz1hts.mongodb.net:27017\", \"ac-1u1vjmy-shard-00-02.djz1hts.mongodb.net:27017\"], \"setName\": \"atlas-931qd7-shard-0\", \"setVersion\": 10, \"ismaster\": true, \"primary\": \"ac-1u1vjmy-shard-00-02.djz1hts.mongodb.net:27017\", \"tags\": {\"availabilityZone\": \"use1-az5\", \"nodeType\": \"ELECTABLE\", \"provider\": \"AWS\", \"diskState\": \"READY\", \"region\": \"US_EAST_1\", \"workloadType\": \"OPERATIONAL\"}, \"me\": \"ac-1u1vjmy-shard-00-02.djz1hts.mongodb.net:27017\", \"electionId\": {\"$oid\": \"7fffffff000000000000000f\"}, \"lastWrite\": {\"opTime\": {\"ts\": {\"$timestamp\": {\"t\": 1768718348, \"i\": 2}}, \"t\": 15}, \"lastWriteDate\": {\"$date\": \"2026-01-18T06:39:08Z\"}, \"majorityOpTime\": {\"ts\": {\"$timestamp\": {\"t\": 1768718348, \"i\": 2}}, \"t\": 15}, \"majorityWriteDate\": {\"$date\": \"2026-01-18T06:39:08Z\"}}, \"maxBsonObjectSize\": 16777216, \"maxMessageSizeBytes\"..."}
[ 2026-01-18 00:39:09,116 ] pymongo.topology - DEBUG - {"message": "Server heartbeat started", "topologyId": {"$oid": "696c800c4e771ee9139958ff"}, "driverConnectionId": 1, "serverHost": "ac-1u1vjmy-shard-00-01.djz1hts.mongodb.net", "serverPort": 27017, "awaited": false}
[ 2026-01-18 00:39:09,138 ] pymongo.connection - DEBUG - {"message": "Connection pool ready", "clientId": {"$oid": "696c800c4e771ee9139958ff"}, "serverHost": "ac-1u1vjmy-shard-00-02.djz1hts.mongodb.net", "serverPort": 27017}
[ 2026-01-18 00:39:09,138 ] pymongo.topology - DEBUG - {"message": "Topology description changed", "topologyId": {"$oid": "696c800c4e771ee9139958ff"}, "previousDescription": "<TopologyDescription id: 696c800c4e771ee9139958ff, topology_type: ReplicaSetNoPrimary, servers: [<ServerDescription ('ac-1u1vjmy-shard-00-00.djz1hts.mongodb.net', 27017) server_type: Unknown, rtt: None>, <ServerDescription ('ac-1u1vjmy-shard-00-01.djz1hts.mongodb.net', 27017) server_type: Unknown, rtt: None>, <ServerDescription ('ac-1u1vjmy-shard-00-02.djz1hts.mongodb.net', 27017) server_type: Unknown, rtt: None>]>", "newDescription": "<TopologyDescription id: 696c800c4e771ee9139958ff, topology_type: ReplicaSetWithPrimary, servers: [<ServerDescription ('ac-1u1vjmy-shard-00-00.djz1hts.mongodb.net', 27017) server_type: Unknown, rtt: None>, <ServerDescription ('ac-1u1vjmy-shard-00-01.djz1hts.mongodb.net', 27017) server_type: Unknown, rtt: None>, <ServerDescription ('ac-1u1vjmy-shard-00-02.djz1hts.mongodb.net', 27017) server_type: RSPrimary, rtt: 0.05708449985831976>]>"}
[ 2026-01-18 00:39:09,139 ] pymongo.serverSelection - DEBUG - {"message": "Server selection succeeded", "selector": "Primary()", "operation": "find", "topologyDescription": "<TopologyDescription id: 696c800c4e771ee9139958ff, topology_type: ReplicaSetWithPrimary, servers: [<ServerDescription ('ac-1u1vjmy-shard-00-00.djz1hts.mongodb.net', 27017) server_type: Unknown, rtt: None>, <ServerDescription ('ac-1u1vjmy-shard-00-01.djz1hts.mongodb.net', 27017) server_type: Unknown, rtt: None>, <ServerDescription ('ac-1u1vjmy-shard-00-02.djz1hts.mongodb.net', 27017) server_type: RSPrimary, rtt: 0.05708449985831976>]>", "clientId": {"$oid": "696c800c4e771ee9139958ff"}, "serverHost": "ac-1u1vjmy-shard-00-02.djz1hts.mongodb.net", "serverPort": 27017}
[ 2026-01-18 00:39:09,139 ] pymongo.connection - DEBUG - {"message": "Connection checkout started", "clientId": {"$oid": "696c800c4e771ee9139958ff"}, "serverHost": "ac-1u1vjmy-shard-00-02.djz1hts.mongodb.net", "serverPort": 27017}
[ 2026-01-18 00:39:09,140 ] pymongo.connection - DEBUG - {"message": "Connection created", "clientId": {"$oid": "696c800c4e771ee9139958ff"}, "serverHost": "ac-1u1vjmy-shard-00-02.djz1hts.mongodb.net", "serverPort": 27017, "driverConnectionId": 1}
[ 2026-01-18 00:39:09,140 ] pymongo.topology - DEBUG - {"message": "Server heartbeat started", "topologyId": {"$oid": "696c800c4e771ee9139958ff"}, "driverConnectionId": 1, "serverConnectionId": 104248, "serverHost": "ac-1u1vjmy-shard-00-02.djz1hts.mongodb.net", "serverPort": 27017, "awaited": true}
[ 2026-01-18 00:39:09,148 ] pymongo.topology - DEBUG - {"message": "Server heartbeat started", "topologyId": {"$oid": "696c800c4e771ee9139958ff"}, "driverConnectionId": 1, "serverHost": "ac-1u1vjmy-shard-00-00.djz1hts.mongodb.net", "serverPort": 27017, "awaited": false}
[ 2026-01-18 00:39:09,197 ] pymongo.topology - DEBUG - {"message": "Server heartbeat succeeded", "topologyId": {"$oid": "696c800c4e771ee9139958ff"}, "driverConnectionId": 1, "serverConnectionId": 98886, "serverHost": "ac-1u1vjmy-shard-00-01.djz1hts.mongodb.net", "serverPort": 27017, "awaited": false, "durationMS": 58.636700036004186, "reply": "{\"helloOk\": true, \"topologyVersion\": {\"processId\": {\"$oid\": \"696923953f198139e3024850\"}, \"counter\": 3}, \"hosts\": [\"ac-1u1vjmy-shard-00-00.djz1hts.mongodb.net:27017\", \"ac-1u1vjmy-shard-00-01.djz1hts.mongodb.net:27017\", \"ac-1u1vjmy-shard-00-02.djz1hts.mongodb.net:27017\"], \"setName\": \"atlas-931qd7-shard-0\", \"setVersion\": 10, \"secondary\": true, \"primary\": \"ac-1u1vjmy-shard-00-02.djz1hts.mongodb.net:27017\", \"tags\": {\"diskState\": \"READY\", \"provider\": \"AWS\", \"region\": \"US_EAST_1\", \"workloadType\": \"OPERATIONAL\", \"availabilityZone\": \"use1-az4\", \"nodeType\": \"ELECTABLE\"}, \"me\": \"ac-1u1vjmy-shard-00-01.djz1hts.mongodb.net:27017\", \"lastWrite\": {\"opTime\": {\"ts\": {\"$timestamp\": {\"t\": 1768718348, \"i\": 2}}, \"t\": 15}, \"lastWriteDate\": {\"$date\": \"2026-01-18T06:39:08Z\"}, \"majorityOpTime\": {\"ts\": {\"$timestamp\": {\"t\": 1768718348, \"i\": 2}}, \"t\": 15}, \"majorityWriteDate\": {\"$date\": \"2026-01-18T06:39:08Z\"}}, \"maxBsonObjectSize\": 16777216, \"maxMessageSizeBytes\": 48000000, \"maxWriteBatchSize\": 100000, \"localTime..."}
[ 2026-01-18 00:39:09,198 ] pymongo.connection - DEBUG - {"message": "Connection pool ready", "clientId": {"$oid": "696c800c4e771ee9139958ff"}, "serverHost": "ac-1u1vjmy-shard-00-01.djz1hts.mongodb.net", "serverPort": 27017}
[ 2026-01-18 00:39:09,198 ] pymongo.topology - DEBUG - {"message": "Topology description changed", "topologyId": {"$oid": "696c800c4e771ee9139958ff"}, "previousDescription": "<TopologyDescription id: 696c800c4e771ee9139958ff, topology_type: ReplicaSetWithPrimary, servers: [<ServerDescription ('ac-1u1vjmy-shard-00-00.djz1hts.mongodb.net', 27017) server_type: Unknown, rtt: None>, <ServerDescription ('ac-1u1vjmy-shard-00-01.djz1hts.mongodb.net', 27017) server_type: Unknown, rtt: None>, <ServerDescription ('ac-1u1vjmy-shard-00-02.djz1hts.mongodb.net', 27017) server_type: RSPrimary, rtt: 0.05708449985831976>]>", "newDescription": "<TopologyDescription id: 696c800c4e771ee9139958ff, topology_type: ReplicaSetWithPrimary, servers: [<ServerDescription ('ac-1u1vjmy-shard-00-00.djz1hts.mongodb.net', 27017) server_type: Unknown, rtt: None>, <ServerDescription ('ac-1u1vjmy-shard-00-01.djz1hts.mongodb.net', 27017) server_type: RSSecondary, rtt: 0.058636700036004186>, <ServerDescription ('ac-1u1vjmy-shard-00-02.djz1hts.mongodb.net', 27017) server_type: RSPrimary, rtt: 0.05708449985831976>]>"}
[ 2026-01-18 00:39:09,199 ] pymongo.topology - DEBUG - {"message": "Server heartbeat started", "topologyId": {"$oid": "696c800c4e771ee9139958ff"}, "driverConnectionId": 1, "serverConnectionId": 98886, "serverHost": "ac-1u1vjmy-shard-00-01.djz1hts.mongodb.net", "serverPort": 27017, "awaited": true}
[ 2026-01-18 00:39:09,206 ] pymongo.topology - DEBUG - {"message": "Server heartbeat succeeded", "topologyId": {"$oid": "696c800c4e771ee9139958ff"}, "driverConnectionId": 1, "serverConnectionId": 100679, "serverHost": "ac-1u1vjmy-shard-00-00.djz1hts.mongodb.net", "serverPort": 27017, "awaited": false, "durationMS": 57.96419992111623, "reply": "{\"helloOk\": true, \"topologyVersion\": {\"processId\": {\"$oid\": \"69691fb9146e75e66ebab7e3\"}, \"counter\": 4}, \"hosts\": [\"ac-1u1vjmy-shard-00-00.djz1hts.mongodb.net:27017\", \"ac-1u1vjmy-shard-00-01.djz1hts.mongodb.net:27017\", \"ac-1u1vjmy-shard-00-02.djz1hts.mongodb.net:27017\"], \"setName\": \"atlas-931qd7-shard-0\", \"setVersion\": 10, \"secondary\": true, \"primary\": \"ac-1u1vjmy-shard-00-02.djz1hts.mongodb.net:27017\", \"tags\": {\"diskState\": \"READY\", \"availabilityZone\": \"use1-az2\", \"provider\": \"AWS\", \"workloadType\": \"OPERATIONAL\", \"nodeType\": \"ELECTABLE\", \"region\": \"US_EAST_1\"}, \"me\": \"ac-1u1vjmy-shard-00-00.djz1hts.mongodb.net:27017\", \"lastWrite\": {\"opTime\": {\"ts\": {\"$timestamp\": {\"t\": 1768718348, \"i\": 2}}, \"t\": 15}, \"lastWriteDate\": {\"$date\": \"2026-01-18T06:39:08Z\"}, \"majorityOpTime\": {\"ts\": {\"$timestamp\": {\"t\": 1768718348, \"i\": 2}}, \"t\": 15}, \"majorityWriteDate\": {\"$date\": \"2026-01-18T06:39:08Z\"}}, \"maxBsonObjectSize\": 16777216, \"maxMessageSizeBytes\": 48000000, \"maxWriteBatchSize\": 100000, \"localTime..."}
[ 2026-01-18 00:39:09,207 ] pymongo.connection - DEBUG - {"message": "Connection pool ready", "clientId": {"$oid": "696c800c4e771ee9139958ff"}, "serverHost": "ac-1u1vjmy-shard-00-00.djz1hts.mongodb.net", "serverPort": 27017}
[ 2026-01-18 00:39:09,207 ] pymongo.topology - DEBUG - {"message": "Topology description changed", "topologyId": {"$oid": "696c800c4e771ee9139958ff"}, "previousDescription": "<TopologyDescription id: 696c800c4e771ee9139958ff, topology_type: ReplicaSetWithPrimary, servers: [<ServerDescription ('ac-1u1vjmy-shard-00-00.djz1hts.mongodb.net', 27017) server_type: Unknown, rtt: None>, <ServerDescription ('ac-1u1vjmy-shard-00-01.djz1hts.mongodb.net', 27017) server_type: RSSecondary, rtt: 0.058636700036004186>, <ServerDescription ('ac-1u1vjmy-shard-00-02.djz1hts.mongodb.net', 27017) server_type: RSPrimary, rtt: 0.05708449985831976>]>", "newDescription": "<TopologyDescription id: 696c800c4e771ee9139958ff, topology_type: ReplicaSetWithPrimary, servers: [<ServerDescription ('ac-1u1vjmy-shard-00-00.djz1hts.mongodb.net', 27017) server_type: RSSecondary, rtt: 0.05796419992111623>, <ServerDescription ('ac-1u1vjmy-shard-00-01.djz1hts.mongodb.net', 27017) server_type: RSSecondary, rtt: 0.058636700036004186>, <ServerDescription ('ac-1u1vjmy-shard-00-02.djz1hts.mongodb.net', 27017) server_type: RSPrimary, rtt: 0.05708449985831976>]>"}
[ 2026-01-18 00:39:09,208 ] pymongo.topology - DEBUG - {"message": "Server heartbeat started", "topologyId": {"$oid": "696c800c4e771ee9139958ff"}, "driverConnectionId": 1, "serverConnectionId": 100679, "serverHost": "ac-1u1vjmy-shard-00-00.djz1hts.mongodb.net", "serverPort": 27017, "awaited": true}
[ 2026-01-18 00:39:09,463 ] pymongo.connection - DEBUG - {"message": "Connection ready", "clientId": {"$oid": "696c800c4e771ee9139958ff"}, "serverHost": "ac-1u1vjmy-shard-00-02.djz1hts.mongodb.net", "serverPort": 27017, "driverConnectionId": 1, "durationMS": 0.17436130018904805}
[ 2026-01-18 00:39:09,463 ] pymongo.connection - DEBUG - {"message": "Connection checked out", "clientId": {"$oid": "696c800c4e771ee9139958ff"}, "serverHost": "ac-1u1vjmy-shard-00-02.djz1hts.mongodb.net", "serverPort": 27017, "driverConnectionId": 1, "durationMS": 0.32391809998080134}
[ 2026-01-18 00:39:09,464 ] pymongo.command - DEBUG - {"message": "Command started", "clientId": {"$oid": "696c800c4e771ee9139958ff"}, "command": "{\"find\": \"Proj1-Data\", \"lsid\": {\"id\": {\"$binary\": {\"base64\": \"qX3Tr2aeR7W8egc4ZK3wdA==\", \"subType\": \"04\"}}}, \"$clusterTime\": {\"clusterTime\": {\"$timestamp\": {\"t\": 1768718348, \"i\": 2}}, \"signature\": {\"hash\": {\"$binary\": {\"base64\": \"y51Xjl5zKqZcNs57AkfbQbI5A5M=\", \"subType\": \"00\"}}, \"keyId\": 7566725175656316934}}, \"$db\": \"Customer-Churn\"}", "commandName": "find", "databaseName": "Customer-Churn", "requestId": 26500, "operationId": 26500, "driverConnectionId": 1, "serverConnectionId": 104248, "serverHost": "ac-1u1vjmy-shard-00-02.djz1hts.mongodb.net", "serverPort": 27017}
[ 2026-01-18 00:39:09,669 ] pymongo.command - DEBUG - {"message": "Command succeeded", "clientId": {"$oid": "696c800c4e771ee9139958ff"}, "durationMS": 205.077, "reply": "{\"cursor\": {\"firstBatch\": [{\"_id\": {\"$oid\": \"69694a72cfa4574c33d9bcac\"}, \"customerID\": \"7590-VHVEG\", \"gender\": \"Female\", \"Partner\": \"Yes\", \"Dependents\": \"No\", \"tenure\": 1, \"PhoneService\": \"No\", \"MultipleLines\": \"No phone service\", \"InternetService\": \"DSL\", \"OnlineSecurity\": \"No\", \"OnlineBackup\": \"Yes\", \"DeviceProtection\": \"No\", \"TechSupport\": \"No\", \"StreamingTV\": \"No\", \"StreamingMovies\": \"No\", \"Contract\": \"Month-to-month\", \"PaperlessBilling\": \"Yes\", \"PaymentMethod\": \"Electronic check\", \"MonthlyCharges\": 29.85, \"TotalCharges\": \"29.85\", \"Churn\": \"No\"}, {\"_id\": {\"$oid\": \"69694a72cfa4574c33d9bcad\"}, \"customerID\": \"5575-GNVDE\", \"gender\": \"Male\", \"Partner\": \"No\", \"Dependents\": \"No\", \"tenure\": 34, \"PhoneService\": \"Yes\", \"MultipleLines\": \"No\", \"InternetService\": \"DSL\", \"OnlineSecurity\": \"Yes\", \"OnlineBackup\": \"No\", \"DeviceProtection\": \"Yes\", \"TechSupport\": \"No\", \"StreamingTV\": \"No\", \"StreamingMovies\": \"No\", \"Contract\": \"One year\", \"PaperlessBilling\": \"No\", \"PaymentMethod\": \"Mailed check\", \"Mon...", "commandName": "find", "databaseName": "Customer-Churn", "requestId": 26500, "operationId": 26500, "driverConnectionId": 1, "serverConnectionId": 104248, "serverHost": "ac-1u1vjmy-shard-00-02.djz1hts.mongodb.net", "serverPort": 27017}
[ 2026-01-18 00:39:09,669 ] pymongo.connection - DEBUG - {"message": "Connection checked in", "clientId": {"$oid": "696c800c4e771ee9139958ff"}, "serverHost": "ac-1u1vjmy-shard-00-02.djz1hts.mongodb.net", "serverPort": 27017, "driverConnectionId": 1}
[ 2026-01-18 00:39:09,669 ] pymongo.serverSelection - DEBUG - {"message": "Server selection started", "selector": "<function any_server_selector at 0x000001B7EA898AE0>", "operation": "getMore", "topologyDescription": "<TopologyDescription id: 696c800c4e771ee9139958ff, topology_type: ReplicaSetWithPrimary, servers: [<ServerDescription ('ac-1u1vjmy-shard-00-00.djz1hts.mongodb.net', 27017) server_type: RSSecondary, rtt: 0.05796419992111623>, <ServerDescription ('ac-1u1vjmy-shard-00-01.djz1hts.mongodb.net', 27017) server_type: RSSecondary, rtt: 0.058636700036004186>, <ServerDescription ('ac-1u1vjmy-shard-00-02.djz1hts.mongodb.net', 27017) server_type: RSPrimary, rtt: 0.05708449985831976>]>", "clientId": {"$oid": "696c800c4e771ee9139958ff"}}
[ 2026-01-18 00:39:09,670 ] pymongo.serverSelection - DEBUG - {"message": "Server selection succeeded", "selector": "<function any_server_selector at 0x000001B7EA898AE0>", "operation": "getMore", "topologyDescription": "<TopologyDescription id: 696c800c4e771ee9139958ff, topology_type: ReplicaSetWithPrimary, servers: [<ServerDescription ('ac-1u1vjmy-shard-00-00.djz1hts.mongodb.net', 27017) server_type: RSSecondary, rtt: 0.05796419992111623>, <ServerDescription ('ac-1u1vjmy-shard-00-01.djz1hts.mongodb.net', 27017) server_type: RSSecondary, rtt: 0.058636700036004186>, <ServerDescription ('ac-1u1vjmy-shard-00-02.djz1hts.mongodb.net', 27017) server_type: RSPrimary, rtt: 0.05708449985831976>]>", "clientId": {"$oid": "696c800c4e771ee9139958ff"}, "serverHost": "ac-1u1vjmy-shard-00-02.djz1hts.mongodb.net", "serverPort": 27017}
[ 2026-01-18 00:39:09,670 ] pymongo.connection - DEBUG - {"message": "Connection checkout started", "clientId": {"$oid": "696c800c4e771ee9139958ff"}, "serverHost": "ac-1u1vjmy-shard-00-02.djz1hts.mongodb.net", "serverPort": 27017}
[ 2026-01-18 00:39:09,670 ] pymongo.connection - DEBUG - {"message": "Connection checked out", "clientId": {"$oid": "696c800c4e771ee9139958ff"}, "serverHost": "ac-1u1vjmy-shard-00-02.djz1hts.mongodb.net", "serverPort": 27017, "driverConnectionId": 1, "durationMS": 0.00012139999307692051}
[ 2026-01-18 00:39:09,670 ] pymongo.command - DEBUG - {"message": "Command started", "clientId": {"$oid": "696c800c4e771ee9139958ff"}, "command": "{\"getMore\": 7965680361902754368, \"collection\": \"Proj1-Data\", \"lsid\": {\"id\": {\"$binary\": {\"base64\": \"qX3Tr2aeR7W8egc4ZK3wdA==\", \"subType\": \"04\"}}}, \"$clusterTime\": {\"clusterTime\": {\"$timestamp\": {\"t\": 1768718348, \"i\": 2}}, \"signature\": {\"hash\": {\"$binary\": {\"base64\": \"y51Xjl5zKqZcNs57AkfbQbI5A5M=\", \"subType\": \"00\"}}, \"keyId\": 7566725175656316934}}, \"$db\": \"Customer-Churn\"}", "commandName": "getMore", "databaseName": "Customer-Churn", "requestId": 19169, "operationId": 19169, "driverConnectionId": 1, "serverConnectionId": 104248, "serverHost": "ac-1u1vjmy-shard-00-02.djz1hts.mongodb.net", "serverPort": 27017}
[ 2026-01-18 00:39:10,295 ] pymongo.command - DEBUG - {"message": "Command succeeded", "clientId": {"$oid": "696c800c4e771ee9139958ff"}, "durationMS": 624.8059999999999, "reply": "{\"cursor\": {\"nextBatch\": [{\"_id\": {\"$oid\": \"69694a72cfa4574c33d9bd11\"}, \"customerID\": \"3679-XASPY\", \"gender\": \"Female\", \"Partner\": \"Yes\", \"Dependents\": \"Yes\", \"tenure\": 1, \"PhoneService\": \"Yes\", \"MultipleLines\": \"No\", \"InternetService\": \"No\", \"OnlineSecurity\": \"No internet service\", \"OnlineBackup\": \"No internet service\", \"DeviceProtection\": \"No internet service\", \"TechSupport\": \"No internet service\", \"StreamingTV\": \"No internet service\", \"StreamingMovies\": \"No internet service\", \"Contract\": \"Month-to-month\", \"PaperlessBilling\": \"No\", \"PaymentMethod\": \"Electronic check\", \"MonthlyCharges\": 19.45, \"TotalCharges\": \"19.45\", \"Churn\": \"No\"}, {\"_id\": {\"$oid\": \"69694a72cfa4574c33d9bd12\"}, \"customerID\": \"7123-WQUHX\", \"gender\": \"Male\", \"Partner\": \"No\", \"Dependents\": \"No\", \"tenure\": 38, \"PhoneService\": \"Yes\", \"MultipleLines\": \"Yes\", \"InternetService\": \"Fiber optic\", \"OnlineSecurity\": \"No\", \"OnlineBackup\": \"No\", \"DeviceProtection\": \"Yes\", \"TechSupport\": \"Yes\", \"StreamingTV\": \"Yes\", \"StreamingMovies...", "commandName": "getMore", "databaseName": "Customer-Churn", "requestId": 19169, "operationId": 19169, "driverConnectionId": 1, "serverConnectionId": 104248, "serverHost": "ac-1u1vjmy-shard-00-02.djz1hts.mongodb.net", "serverPort": 27017}
[ 2026-01-18 00:39:10,296 ] pymongo.connection - DEBUG - {"message": "Connection checked in", "clientId": {"$oid": "696c800c4e771ee9139958ff"}, "serverHost": "ac-1u1vjmy-shard-00-02.djz1hts.mongodb.net", "serverPort": 27017, "driverConnectionId": 1}
[ 2026-01-18 00:39:10,360 ] root - INFO - Shape of dataframe: (7043, 22)
[ 2026-01-18 00:39:10,363 ] root - INFO - Saving exported data into feature store file path: artifact\01_18_2026_00_39_07\data_ingestion\feature_store\WA_Fn-UseC_-Telco-Customer-Churn.csv
[ 2026-01-18 00:39:10,428 ] root - INFO - Got the data from mongodb
[ 2026-01-18 00:39:10,428 ] root - INFO - Entered split_data_as_train_test method of Data_Ingestion class
[ 2026-01-18 00:39:10,434 ] root - INFO - Performed train test split on the dataframe
[ 2026-01-18 00:39:10,434 ] root - INFO - Exited split_data_as_train_test method of Data_Ingestion class
[ 2026-01-18 00:39:10,436 ] root - INFO - Exporting train and test file path.
[ 2026-01-18 00:39:10,501 ] root - INFO - Exported train and test file path.
[ 2026-01-18 00:39:10,504 ] root - INFO - Performed train test split on the dataset
[ 2026-01-18 00:39:10,504 ] root - INFO - Exited initiate_data_ingestion method of Data_Ingestion class
[ 2026-01-18 00:39:10,504 ] root - INFO - Data ingestion artifact: DataIngestionArtifact(trained_file_path='artifact\\01_18_2026_00_39_07\\data_ingestion\\ingested\\train.csv', test_file_path='artifact\\01_18_2026_00_39_07\\data_ingestion\\ingested\\test.csv')
[ 2026-01-18 00:39:10,513 ] root - INFO - Got the train_set and test_set from mongodb
[ 2026-01-18 00:39:10,514 ] root - INFO - Exited the start_data_ingestion method of TrainPipeline class
[ 2026-01-18 00:39:10,514 ] root - INFO - Entered the start_data_validation method of TrainPipeline class
[ 2026-01-18 00:39:10,551 ] root - INFO - Starting data validation
[ 2026-01-18 00:39:10,582 ] root - INFO - Is required column present: [True]
[ 2026-01-18 00:39:10,583 ] root - INFO - All required columns present in training dataframe: True
[ 2026-01-18 00:39:10,583 ] root - INFO - Is required column present: [True]
[ 2026-01-18 00:39:10,583 ] root - INFO - All required columns present in testing dataframe: True
[ 2026-01-18 00:39:10,583 ] root - INFO - All categorical/int columns present in training dataframe: True
[ 2026-01-18 00:39:10,584 ] root - INFO - All categorical/int columns present in testing dataframe: True
[ 2026-01-18 00:39:10,585 ] root - INFO - Data validation artifact created and saved to JSON file.
[ 2026-01-18 00:39:10,586 ] root - INFO - Data validation artifact: DataValidationArtifact(validation_status=True, message='', validation_report_file_path='artifact\\01_18_2026_00_39_07\\data_validation\\report.yaml')
[ 2026-01-18 00:39:10,587 ] root - INFO - Performed the data validation operation
[ 2026-01-18 00:39:10,587 ] root - INFO - Exited the start_data_validation method of TrainPipeline class
[ 2026-01-18 00:39:11,167 ] root - INFO - Data Transformation Started !!!
[ 2026-01-18 00:39:11,195 ] root - INFO - Train-Test data loaded
[ 2026-01-18 00:39:11,197 ] root - INFO - Input and Target cols defined for both train and test df.
[ 2026-01-18 00:39:11,198 ] root - INFO - Cleaning data: handling TotalCharges
[ 2026-01-18 00:39:11,204 ] root - INFO - TotalCharges cleaned and filled missing values with median
[ 2026-01-18 00:39:11,204 ] root - INFO - Mapping 'gender' column to binary values
[ 2026-01-18 00:39:11,205 ] root - INFO - Dropping id columns
[ 2026-01-18 00:39:11,207 ] root - INFO - Dropped columns: ['_id', 'customerID']
[ 2026-01-18 00:39:11,207 ] root - INFO - Creating dummy variables for categorical features
[ 2026-01-18 00:39:11,208 ] root - INFO - Creating dummy variables for: ['Partner', 'Dependents', 'PhoneService', 'MultipleLines', 'InternetService', 'OnlineSecurity', 'OnlineBackup', 'DeviceProtection', 'TechSupport', 'StreamingTV', 'StreamingMovies', 'Contract', 'PaperlessBilling', 'PaymentMethod']
[ 2026-01-18 00:39:11,225 ] root - INFO - Renaming specific columns and casting to int
[ 2026-01-18 00:39:11,227 ] root - INFO - Cleaning data: handling TotalCharges
[ 2026-01-18 00:39:11,230 ] root - INFO - TotalCharges cleaned and filled missing values with median
[ 2026-01-18 00:39:11,230 ] root - INFO - Mapping 'gender' column to binary values
[ 2026-01-18 00:39:11,231 ] root - INFO - Dropping id columns
[ 2026-01-18 00:39:11,232 ] root - INFO - Dropped columns: ['_id', 'customerID']
[ 2026-01-18 00:39:11,233 ] root - INFO - Creating dummy variables for categorical features
[ 2026-01-18 00:39:11,233 ] root - INFO - Creating dummy variables for: ['Partner', 'Dependents', 'PhoneService', 'MultipleLines', 'InternetService', 'OnlineSecurity', 'OnlineBackup', 'DeviceProtection', 'TechSupport', 'StreamingTV', 'StreamingMovies', 'Contract', 'PaperlessBilling', 'PaymentMethod']
[ 2026-01-18 00:39:11,241 ] root - INFO - Renaming specific columns and casting to int
[ 2026-01-18 00:39:11,242 ] root - INFO - Custom transformations applied to train and test data
[ 2026-01-18 00:39:11,243 ] root - INFO - Starting data transformation
[ 2026-01-18 00:39:11,243 ] root - INFO - Numerical features for scaling: ['tenure', 'MonthlyCharges']
[ 2026-01-18 00:39:11,243 ] root - INFO - MinMax columns: ['TotalCharges']
[ 2026-01-18 00:39:11,244 ] root - INFO - Got the preprocessor object
[ 2026-01-18 00:39:11,244 ] root - INFO - Initializing transformation for Training-data
[ 2026-01-18 00:39:11,255 ] root - INFO - Initializing transformation for Testing-data
[ 2026-01-18 00:39:11,260 ] root - INFO - Transformation done end to end to train-test df.
[ 2026-01-18 00:39:11,260 ] root - INFO - Applying SMOTEENN for handling imbalanced dataset.
[ 2026-01-18 00:39:13,126 ] root - INFO - SMOTEENN applied to train-test df.
[ 2026-01-18 00:39:13,133 ] root - INFO - feature-target concatenation done for train-test df.
[ 2026-01-18 00:39:13,134 ] root - INFO - Entered the save_object method of utils
[ 2026-01-18 00:39:13,175 ] root - INFO - Exited the save_object method of utils
[ 2026-01-18 00:39:13,188 ] root - INFO - Saving transformation object and transformed files.
[ 2026-01-18 00:39:13,188 ] root - INFO - Data transformation completed successfully
[ 2026-01-18 00:39:13,194 ] root - ERROR - Error occurred in python script: [C:\Users\kavet\OneDrive\Desktop\github\src\pipline\training_pipeline.py] at line number [100]: cannot import name 'ModelTrainer' from 'src.components.model_trainer' (C:\Users\kavet\OneDrive\Desktop\github\src\components\model_trainer.py)
[ 2026-01-18 00:39:13,195 ] root - ERROR - Error occurred in python script: [C:\Users\kavet\OneDrive\Desktop\github\src\pipline\training_pipeline.py] at line number [120]: Error occurred in python script: [C:\Users\kavet\OneDrive\Desktop\github\src\pipline\training_pipeline.py] at line number [100]: cannot import name 'ModelTrainer' from 'src.components.model_trainer' (C:\Users\kavet\OneDrive\Desktop\github\src\components\model_trainer.py)
[ 2026-01-18 00:39:13,258 ] pymongo.topology - DEBUG - {"message": "Server heartbeat failed", "topologyId": {"$oid": "696c800c4e771ee9139958ff"}, "serverHost": "ac-1u1vjmy-shard-00-01.djz1hts.mongodb.net", "serverPort": 27017, "awaited": true, "durationMS": 4058.9982999954373, "failure": "\"_OperationCancelled('operation cancelled')\"", "driverConnectionId": 1}
[ 2026-01-18 00:39:13,258 ] pymongo.topology - DEBUG - {"message": "Server heartbeat failed", "topologyId": {"$oid": "696c800c4e771ee9139958ff"}, "serverHost": "ac-1u1vjmy-shard-00-00.djz1hts.mongodb.net", "serverPort": 27017, "awaited": true, "durationMS": 4050.006099976599, "failure": "\"_OperationCancelled('operation cancelled')\"", "driverConnectionId": 1}
[ 2026-01-18 00:39:13,683 ] pymongo.topology - DEBUG - {"message": "Server heartbeat failed", "topologyId": {"$oid": "696c800c4e771ee9139958ff"}, "serverHost": "ac-1u1vjmy-shard-00-02.djz1hts.mongodb.net", "serverPort": 27017, "awaited": true, "durationMS": 4543.044500052929, "failure": "\"_OperationCancelled('operation cancelled')\"", "driverConnectionId": 1}
