[ 2026-01-19 14:47:42,970 ] root - DEBUG - This is a debug message.
[ 2026-01-19 14:47:42,971 ] root - INFO - This is an info message.
[ 2026-01-19 14:47:42,971 ] root - WARNING - This is a warning message.
[ 2026-01-19 14:47:42,971 ] root - ERROR - This is an error message.
[ 2026-01-19 14:47:42,972 ] root - CRITICAL - This is a critical message.
[ 2026-01-19 14:47:44,864 ] root - INFO - Entered the start_data_ingestion method of TrainPipeline class
[ 2026-01-19 14:47:44,864 ] root - INFO - Getting the data from mongodb
[ 2026-01-19 14:47:44,864 ] root - INFO - Entered initiate_data_ingestion method of Data_Ingestion class
[ 2026-01-19 14:47:44,865 ] root - INFO - Exporting data from mongodb
[ 2026-01-19 14:47:45,847 ] pymongo.topology - DEBUG - {"message": "Starting topology monitoring", "topologyId": {"$oid": "696e98714a535dd03d01221d"}}
[ 2026-01-19 14:47:45,848 ] pymongo.topology - DEBUG - {"message": "Topology description changed", "topologyId": {"$oid": "696e98714a535dd03d01221d"}, "previousDescription": "<TopologyDescription id: 696e98714a535dd03d01221d, topology_type: Unknown, servers: []>", "newDescription": "<TopologyDescription id: 696e98714a535dd03d01221d, topology_type: ReplicaSetNoPrimary, servers: [<ServerDescription ('ac-1u1vjmy-shard-00-00.djz1hts.mongodb.net', 27017) server_type: Unknown, rtt: None>, <ServerDescription ('ac-1u1vjmy-shard-00-01.djz1hts.mongodb.net', 27017) server_type: Unknown, rtt: None>, <ServerDescription ('ac-1u1vjmy-shard-00-02.djz1hts.mongodb.net', 27017) server_type: Unknown, rtt: None>]>"}
[ 2026-01-19 14:47:45,848 ] pymongo.topology - DEBUG - {"message": "Starting server monitoring", "topologyId": {"$oid": "696e98714a535dd03d01221d"}, "serverHost": "ac-1u1vjmy-shard-00-02.djz1hts.mongodb.net", "serverPort": 27017}
[ 2026-01-19 14:47:45,848 ] pymongo.topology - DEBUG - {"message": "Starting server monitoring", "topologyId": {"$oid": "696e98714a535dd03d01221d"}, "serverHost": "ac-1u1vjmy-shard-00-01.djz1hts.mongodb.net", "serverPort": 27017}
[ 2026-01-19 14:47:45,848 ] pymongo.topology - DEBUG - {"message": "Starting server monitoring", "topologyId": {"$oid": "696e98714a535dd03d01221d"}, "serverHost": "ac-1u1vjmy-shard-00-00.djz1hts.mongodb.net", "serverPort": 27017}
[ 2026-01-19 14:47:45,848 ] pymongo.connection - DEBUG - {"message": "Connection pool created", "clientId": {"$oid": "696e98714a535dd03d01221d"}, "serverHost": "ac-1u1vjmy-shard-00-02.djz1hts.mongodb.net", "serverPort": 27017}
[ 2026-01-19 14:47:45,850 ] pymongo.connection - DEBUG - {"message": "Connection pool created", "clientId": {"$oid": "696e98714a535dd03d01221d"}, "serverHost": "ac-1u1vjmy-shard-00-01.djz1hts.mongodb.net", "serverPort": 27017}
[ 2026-01-19 14:47:45,851 ] pymongo.connection - DEBUG - {"message": "Connection pool created", "clientId": {"$oid": "696e98714a535dd03d01221d"}, "serverHost": "ac-1u1vjmy-shard-00-00.djz1hts.mongodb.net", "serverPort": 27017}
[ 2026-01-19 14:47:45,852 ] root - INFO - MongoDB connection successful.
[ 2026-01-19 14:47:45,853 ] pymongo.serverSelection - DEBUG - {"message": "Server selection started", "selector": "Primary()", "operation": "find", "topologyDescription": "<TopologyDescription id: 696e98714a535dd03d01221d, topology_type: ReplicaSetNoPrimary, servers: [<ServerDescription ('ac-1u1vjmy-shard-00-00.djz1hts.mongodb.net', 27017) server_type: Unknown, rtt: None>, <ServerDescription ('ac-1u1vjmy-shard-00-01.djz1hts.mongodb.net', 27017) server_type: Unknown, rtt: None>, <ServerDescription ('ac-1u1vjmy-shard-00-02.djz1hts.mongodb.net', 27017) server_type: Unknown, rtt: None>]>", "clientId": {"$oid": "696e98714a535dd03d01221d"}}
[ 2026-01-19 14:47:45,853 ] pymongo.serverSelection - DEBUG - {"message": "Waiting for suitable server to become available", "selector": "Primary()", "operation": "find", "topologyDescription": "<TopologyDescription id: 696e98714a535dd03d01221d, topology_type: ReplicaSetNoPrimary, servers: [<ServerDescription ('ac-1u1vjmy-shard-00-00.djz1hts.mongodb.net', 27017) server_type: Unknown, rtt: None>, <ServerDescription ('ac-1u1vjmy-shard-00-01.djz1hts.mongodb.net', 27017) server_type: Unknown, rtt: None>, <ServerDescription ('ac-1u1vjmy-shard-00-02.djz1hts.mongodb.net', 27017) server_type: Unknown, rtt: None>]>", "clientId": {"$oid": "696e98714a535dd03d01221d"}, "remainingTimeMS": 29999}
[ 2026-01-19 14:47:46,220 ] pymongo.topology - DEBUG - {"message": "Server heartbeat started", "topologyId": {"$oid": "696e98714a535dd03d01221d"}, "driverConnectionId": 1, "serverHost": "ac-1u1vjmy-shard-00-01.djz1hts.mongodb.net", "serverPort": 27017, "awaited": false}
[ 2026-01-19 14:47:46,225 ] pymongo.topology - DEBUG - {"message": "Server heartbeat started", "topologyId": {"$oid": "696e98714a535dd03d01221d"}, "driverConnectionId": 1, "serverHost": "ac-1u1vjmy-shard-00-02.djz1hts.mongodb.net", "serverPort": 27017, "awaited": false}
[ 2026-01-19 14:47:46,240 ] pymongo.topology - DEBUG - {"message": "Server heartbeat started", "topologyId": {"$oid": "696e98714a535dd03d01221d"}, "driverConnectionId": 1, "serverHost": "ac-1u1vjmy-shard-00-00.djz1hts.mongodb.net", "serverPort": 27017, "awaited": false}
[ 2026-01-19 14:47:46,276 ] pymongo.topology - DEBUG - {"message": "Server heartbeat succeeded", "topologyId": {"$oid": "696e98714a535dd03d01221d"}, "driverConnectionId": 1, "serverConnectionId": 147045, "serverHost": "ac-1u1vjmy-shard-00-01.djz1hts.mongodb.net", "serverPort": 27017, "awaited": false, "durationMS": 55.777700152248144, "reply": "{\"helloOk\": true, \"topologyVersion\": {\"processId\": {\"$oid\": \"696923953f198139e3024850\"}, \"counter\": 3}, \"hosts\": [\"ac-1u1vjmy-shard-00-00.djz1hts.mongodb.net:27017\", \"ac-1u1vjmy-shard-00-01.djz1hts.mongodb.net:27017\", \"ac-1u1vjmy-shard-00-02.djz1hts.mongodb.net:27017\"], \"setName\": \"atlas-931qd7-shard-0\", \"setVersion\": 10, \"secondary\": true, \"primary\": \"ac-1u1vjmy-shard-00-02.djz1hts.mongodb.net:27017\", \"tags\": {\"availabilityZone\": \"use1-az4\", \"nodeType\": \"ELECTABLE\", \"provider\": \"AWS\", \"region\": \"US_EAST_1\", \"diskState\": \"READY\", \"workloadType\": \"OPERATIONAL\"}, \"me\": \"ac-1u1vjmy-shard-00-01.djz1hts.mongodb.net:27017\", \"lastWrite\": {\"opTime\": {\"ts\": {\"$timestamp\": {\"t\": 1768855664, \"i\": 9}}, \"t\": 15}, \"lastWriteDate\": {\"$date\": \"2026-01-19T20:47:44Z\"}, \"majorityOpTime\": {\"ts\": {\"$timestamp\": {\"t\": 1768855664, \"i\": 9}}, \"t\": 15}, \"majorityWriteDate\": {\"$date\": \"2026-01-19T20:47:44Z\"}}, \"maxBsonObjectSize\": 16777216, \"maxMessageSizeBytes\": 48000000, \"maxWriteBatchSize\": 100000, \"localTime..."}
[ 2026-01-19 14:47:46,279 ] pymongo.connection - DEBUG - {"message": "Connection pool ready", "clientId": {"$oid": "696e98714a535dd03d01221d"}, "serverHost": "ac-1u1vjmy-shard-00-01.djz1hts.mongodb.net", "serverPort": 27017}
[ 2026-01-19 14:47:46,279 ] pymongo.topology - DEBUG - {"message": "Topology description changed", "topologyId": {"$oid": "696e98714a535dd03d01221d"}, "previousDescription": "<TopologyDescription id: 696e98714a535dd03d01221d, topology_type: ReplicaSetNoPrimary, servers: [<ServerDescription ('ac-1u1vjmy-shard-00-00.djz1hts.mongodb.net', 27017) server_type: Unknown, rtt: None>, <ServerDescription ('ac-1u1vjmy-shard-00-01.djz1hts.mongodb.net', 27017) server_type: Unknown, rtt: None>, <ServerDescription ('ac-1u1vjmy-shard-00-02.djz1hts.mongodb.net', 27017) server_type: Unknown, rtt: None>]>", "newDescription": "<TopologyDescription id: 696e98714a535dd03d01221d, topology_type: ReplicaSetNoPrimary, servers: [<ServerDescription ('ac-1u1vjmy-shard-00-00.djz1hts.mongodb.net', 27017) server_type: Unknown, rtt: None>, <ServerDescription ('ac-1u1vjmy-shard-00-01.djz1hts.mongodb.net', 27017) server_type: RSSecondary, rtt: 0.055777700152248144>, <ServerDescription ('ac-1u1vjmy-shard-00-02.djz1hts.mongodb.net', 27017) server_type: Unknown, rtt: None>]>"}
[ 2026-01-19 14:47:46,280 ] pymongo.topology - DEBUG - {"message": "Server heartbeat started", "topologyId": {"$oid": "696e98714a535dd03d01221d"}, "driverConnectionId": 1, "serverConnectionId": 147045, "serverHost": "ac-1u1vjmy-shard-00-01.djz1hts.mongodb.net", "serverPort": 27017, "awaited": true}
[ 2026-01-19 14:47:46,290 ] pymongo.topology - DEBUG - {"message": "Server heartbeat succeeded", "topologyId": {"$oid": "696e98714a535dd03d01221d"}, "driverConnectionId": 1, "serverConnectionId": 154401, "serverHost": "ac-1u1vjmy-shard-00-02.djz1hts.mongodb.net", "serverPort": 27017, "awaited": false, "durationMS": 64.21680003404617, "reply": "{\"helloOk\": true, \"topologyVersion\": {\"processId\": {\"$oid\": \"6969219f082a3c516728680e\"}, \"counter\": 6}, \"hosts\": [\"ac-1u1vjmy-shard-00-00.djz1hts.mongodb.net:27017\", \"ac-1u1vjmy-shard-00-01.djz1hts.mongodb.net:27017\", \"ac-1u1vjmy-shard-00-02.djz1hts.mongodb.net:27017\"], \"setName\": \"atlas-931qd7-shard-0\", \"setVersion\": 10, \"ismaster\": true, \"primary\": \"ac-1u1vjmy-shard-00-02.djz1hts.mongodb.net:27017\", \"tags\": {\"nodeType\": \"ELECTABLE\", \"workloadType\": \"OPERATIONAL\", \"diskState\": \"READY\", \"availabilityZone\": \"use1-az5\", \"provider\": \"AWS\", \"region\": \"US_EAST_1\"}, \"me\": \"ac-1u1vjmy-shard-00-02.djz1hts.mongodb.net:27017\", \"electionId\": {\"$oid\": \"7fffffff000000000000000f\"}, \"lastWrite\": {\"opTime\": {\"ts\": {\"$timestamp\": {\"t\": 1768855664, \"i\": 9}}, \"t\": 15}, \"lastWriteDate\": {\"$date\": \"2026-01-19T20:47:44Z\"}, \"majorityOpTime\": {\"ts\": {\"$timestamp\": {\"t\": 1768855664, \"i\": 9}}, \"t\": 15}, \"majorityWriteDate\": {\"$date\": \"2026-01-19T20:47:44Z\"}}, \"maxBsonObjectSize\": 16777216, \"maxMessageSizeBytes\"..."}
[ 2026-01-19 14:47:46,290 ] pymongo.connection - DEBUG - {"message": "Connection pool ready", "clientId": {"$oid": "696e98714a535dd03d01221d"}, "serverHost": "ac-1u1vjmy-shard-00-02.djz1hts.mongodb.net", "serverPort": 27017}
[ 2026-01-19 14:47:46,291 ] pymongo.topology - DEBUG - {"message": "Topology description changed", "topologyId": {"$oid": "696e98714a535dd03d01221d"}, "previousDescription": "<TopologyDescription id: 696e98714a535dd03d01221d, topology_type: ReplicaSetNoPrimary, servers: [<ServerDescription ('ac-1u1vjmy-shard-00-00.djz1hts.mongodb.net', 27017) server_type: Unknown, rtt: None>, <ServerDescription ('ac-1u1vjmy-shard-00-01.djz1hts.mongodb.net', 27017) server_type: RSSecondary, rtt: 0.055777700152248144>, <ServerDescription ('ac-1u1vjmy-shard-00-02.djz1hts.mongodb.net', 27017) server_type: Unknown, rtt: None>]>", "newDescription": "<TopologyDescription id: 696e98714a535dd03d01221d, topology_type: ReplicaSetWithPrimary, servers: [<ServerDescription ('ac-1u1vjmy-shard-00-00.djz1hts.mongodb.net', 27017) server_type: Unknown, rtt: None>, <ServerDescription ('ac-1u1vjmy-shard-00-01.djz1hts.mongodb.net', 27017) server_type: RSSecondary, rtt: 0.055777700152248144>, <ServerDescription ('ac-1u1vjmy-shard-00-02.djz1hts.mongodb.net', 27017) server_type: RSPrimary, rtt: 0.06421680003404617>]>"}
[ 2026-01-19 14:47:46,291 ] pymongo.serverSelection - DEBUG - {"message": "Server selection succeeded", "selector": "Primary()", "operation": "find", "topologyDescription": "<TopologyDescription id: 696e98714a535dd03d01221d, topology_type: ReplicaSetWithPrimary, servers: [<ServerDescription ('ac-1u1vjmy-shard-00-00.djz1hts.mongodb.net', 27017) server_type: Unknown, rtt: None>, <ServerDescription ('ac-1u1vjmy-shard-00-01.djz1hts.mongodb.net', 27017) server_type: RSSecondary, rtt: 0.055777700152248144>, <ServerDescription ('ac-1u1vjmy-shard-00-02.djz1hts.mongodb.net', 27017) server_type: RSPrimary, rtt: 0.06421680003404617>]>", "clientId": {"$oid": "696e98714a535dd03d01221d"}, "serverHost": "ac-1u1vjmy-shard-00-02.djz1hts.mongodb.net", "serverPort": 27017}
[ 2026-01-19 14:47:46,291 ] pymongo.connection - DEBUG - {"message": "Connection checkout started", "clientId": {"$oid": "696e98714a535dd03d01221d"}, "serverHost": "ac-1u1vjmy-shard-00-02.djz1hts.mongodb.net", "serverPort": 27017}
[ 2026-01-19 14:47:46,291 ] pymongo.connection - DEBUG - {"message": "Connection created", "clientId": {"$oid": "696e98714a535dd03d01221d"}, "serverHost": "ac-1u1vjmy-shard-00-02.djz1hts.mongodb.net", "serverPort": 27017, "driverConnectionId": 1}
[ 2026-01-19 14:47:46,292 ] pymongo.topology - DEBUG - {"message": "Server heartbeat started", "topologyId": {"$oid": "696e98714a535dd03d01221d"}, "driverConnectionId": 1, "serverConnectionId": 154401, "serverHost": "ac-1u1vjmy-shard-00-02.djz1hts.mongodb.net", "serverPort": 27017, "awaited": true}
[ 2026-01-19 14:47:46,302 ] pymongo.topology - DEBUG - {"message": "Server heartbeat succeeded", "topologyId": {"$oid": "696e98714a535dd03d01221d"}, "driverConnectionId": 1, "serverConnectionId": 149357, "serverHost": "ac-1u1vjmy-shard-00-00.djz1hts.mongodb.net", "serverPort": 27017, "awaited": false, "durationMS": 61.29410001449287, "reply": "{\"helloOk\": true, \"topologyVersion\": {\"processId\": {\"$oid\": \"69691fb9146e75e66ebab7e3\"}, \"counter\": 4}, \"hosts\": [\"ac-1u1vjmy-shard-00-00.djz1hts.mongodb.net:27017\", \"ac-1u1vjmy-shard-00-01.djz1hts.mongodb.net:27017\", \"ac-1u1vjmy-shard-00-02.djz1hts.mongodb.net:27017\"], \"setName\": \"atlas-931qd7-shard-0\", \"setVersion\": 10, \"secondary\": true, \"primary\": \"ac-1u1vjmy-shard-00-02.djz1hts.mongodb.net:27017\", \"tags\": {\"nodeType\": \"ELECTABLE\", \"provider\": \"AWS\", \"diskState\": \"READY\", \"region\": \"US_EAST_1\", \"availabilityZone\": \"use1-az2\", \"workloadType\": \"OPERATIONAL\"}, \"me\": \"ac-1u1vjmy-shard-00-00.djz1hts.mongodb.net:27017\", \"lastWrite\": {\"opTime\": {\"ts\": {\"$timestamp\": {\"t\": 1768855664, \"i\": 10}}, \"t\": 15}, \"lastWriteDate\": {\"$date\": \"2026-01-19T20:47:44Z\"}, \"majorityOpTime\": {\"ts\": {\"$timestamp\": {\"t\": 1768855664, \"i\": 10}}, \"t\": 15}, \"majorityWriteDate\": {\"$date\": \"2026-01-19T20:47:44Z\"}}, \"maxBsonObjectSize\": 16777216, \"maxMessageSizeBytes\": 48000000, \"maxWriteBatchSize\": 100000, \"localTi..."}
[ 2026-01-19 14:47:46,302 ] pymongo.connection - DEBUG - {"message": "Connection pool ready", "clientId": {"$oid": "696e98714a535dd03d01221d"}, "serverHost": "ac-1u1vjmy-shard-00-00.djz1hts.mongodb.net", "serverPort": 27017}
[ 2026-01-19 14:47:46,302 ] pymongo.topology - DEBUG - {"message": "Topology description changed", "topologyId": {"$oid": "696e98714a535dd03d01221d"}, "previousDescription": "<TopologyDescription id: 696e98714a535dd03d01221d, topology_type: ReplicaSetWithPrimary, servers: [<ServerDescription ('ac-1u1vjmy-shard-00-00.djz1hts.mongodb.net', 27017) server_type: Unknown, rtt: None>, <ServerDescription ('ac-1u1vjmy-shard-00-01.djz1hts.mongodb.net', 27017) server_type: RSSecondary, rtt: 0.055777700152248144>, <ServerDescription ('ac-1u1vjmy-shard-00-02.djz1hts.mongodb.net', 27017) server_type: RSPrimary, rtt: 0.06421680003404617>]>", "newDescription": "<TopologyDescription id: 696e98714a535dd03d01221d, topology_type: ReplicaSetWithPrimary, servers: [<ServerDescription ('ac-1u1vjmy-shard-00-00.djz1hts.mongodb.net', 27017) server_type: RSSecondary, rtt: 0.06129410001449287>, <ServerDescription ('ac-1u1vjmy-shard-00-01.djz1hts.mongodb.net', 27017) server_type: RSSecondary, rtt: 0.055777700152248144>, <ServerDescription ('ac-1u1vjmy-shard-00-02.djz1hts.mongodb.net', 27017) server_type: RSPrimary, rtt: 0.06421680003404617>]>"}
[ 2026-01-19 14:47:46,303 ] pymongo.topology - DEBUG - {"message": "Server heartbeat started", "topologyId": {"$oid": "696e98714a535dd03d01221d"}, "driverConnectionId": 1, "serverConnectionId": 149357, "serverHost": "ac-1u1vjmy-shard-00-00.djz1hts.mongodb.net", "serverPort": 27017, "awaited": true}
[ 2026-01-19 14:47:46,644 ] pymongo.connection - DEBUG - {"message": "Connection ready", "clientId": {"$oid": "696e98714a535dd03d01221d"}, "serverHost": "ac-1u1vjmy-shard-00-02.djz1hts.mongodb.net", "serverPort": 27017, "driverConnectionId": 1, "durationMS": 0.17652169987559319}
[ 2026-01-19 14:47:46,645 ] pymongo.connection - DEBUG - {"message": "Connection checked out", "clientId": {"$oid": "696e98714a535dd03d01221d"}, "serverHost": "ac-1u1vjmy-shard-00-02.djz1hts.mongodb.net", "serverPort": 27017, "driverConnectionId": 1, "durationMS": 0.3533072001300752}
[ 2026-01-19 14:47:46,645 ] pymongo.command - DEBUG - {"message": "Command started", "clientId": {"$oid": "696e98714a535dd03d01221d"}, "command": "{\"find\": \"Proj1-Data\", \"lsid\": {\"id\": {\"$binary\": {\"base64\": \"n38gaBvfTDum/onH8wW7sg==\", \"subType\": \"04\"}}}, \"$clusterTime\": {\"clusterTime\": {\"$timestamp\": {\"t\": 1768855664, \"i\": 11}}, \"signature\": {\"hash\": {\"$binary\": {\"base64\": \"ix4Y+pHeSX8sMk6C53dbtuijbJ0=\", \"subType\": \"00\"}}, \"keyId\": 7566725175656316934}}, \"$db\": \"Customer-Churn\"}", "commandName": "find", "databaseName": "Customer-Churn", "requestId": 26500, "operationId": 26500, "driverConnectionId": 1, "serverConnectionId": 154430, "serverHost": "ac-1u1vjmy-shard-00-02.djz1hts.mongodb.net", "serverPort": 27017}
[ 2026-01-19 14:47:46,814 ] pymongo.command - DEBUG - {"message": "Command succeeded", "clientId": {"$oid": "696e98714a535dd03d01221d"}, "durationMS": 168.77800000000002, "reply": "{\"cursor\": {\"firstBatch\": [{\"_id\": {\"$oid\": \"69694a72cfa4574c33d9bcac\"}, \"customerID\": \"7590-VHVEG\", \"gender\": \"Female\", \"Partner\": \"Yes\", \"Dependents\": \"No\", \"tenure\": 1, \"PhoneService\": \"No\", \"MultipleLines\": \"No phone service\", \"InternetService\": \"DSL\", \"OnlineSecurity\": \"No\", \"OnlineBackup\": \"Yes\", \"DeviceProtection\": \"No\", \"TechSupport\": \"No\", \"StreamingTV\": \"No\", \"StreamingMovies\": \"No\", \"Contract\": \"Month-to-month\", \"PaperlessBilling\": \"Yes\", \"PaymentMethod\": \"Electronic check\", \"MonthlyCharges\": 29.85, \"TotalCharges\": \"29.85\", \"Churn\": \"No\"}, {\"_id\": {\"$oid\": \"69694a72cfa4574c33d9bcad\"}, \"customerID\": \"5575-GNVDE\", \"gender\": \"Male\", \"Partner\": \"No\", \"Dependents\": \"No\", \"tenure\": 34, \"PhoneService\": \"Yes\", \"MultipleLines\": \"No\", \"InternetService\": \"DSL\", \"OnlineSecurity\": \"Yes\", \"OnlineBackup\": \"No\", \"DeviceProtection\": \"Yes\", \"TechSupport\": \"No\", \"StreamingTV\": \"No\", \"StreamingMovies\": \"No\", \"Contract\": \"One year\", \"PaperlessBilling\": \"No\", \"PaymentMethod\": \"Mailed check\", \"Mon...", "commandName": "find", "databaseName": "Customer-Churn", "requestId": 26500, "operationId": 26500, "driverConnectionId": 1, "serverConnectionId": 154430, "serverHost": "ac-1u1vjmy-shard-00-02.djz1hts.mongodb.net", "serverPort": 27017}
[ 2026-01-19 14:47:46,814 ] pymongo.connection - DEBUG - {"message": "Connection checked in", "clientId": {"$oid": "696e98714a535dd03d01221d"}, "serverHost": "ac-1u1vjmy-shard-00-02.djz1hts.mongodb.net", "serverPort": 27017, "driverConnectionId": 1}
[ 2026-01-19 14:47:46,814 ] pymongo.serverSelection - DEBUG - {"message": "Server selection started", "selector": "<function any_server_selector at 0x000001F742814AE0>", "operation": "getMore", "topologyDescription": "<TopologyDescription id: 696e98714a535dd03d01221d, topology_type: ReplicaSetWithPrimary, servers: [<ServerDescription ('ac-1u1vjmy-shard-00-00.djz1hts.mongodb.net', 27017) server_type: RSSecondary, rtt: 0.06129410001449287>, <ServerDescription ('ac-1u1vjmy-shard-00-01.djz1hts.mongodb.net', 27017) server_type: RSSecondary, rtt: 0.055777700152248144>, <ServerDescription ('ac-1u1vjmy-shard-00-02.djz1hts.mongodb.net', 27017) server_type: RSPrimary, rtt: 0.06421680003404617>]>", "clientId": {"$oid": "696e98714a535dd03d01221d"}}
[ 2026-01-19 14:47:46,815 ] pymongo.serverSelection - DEBUG - {"message": "Server selection succeeded", "selector": "<function any_server_selector at 0x000001F742814AE0>", "operation": "getMore", "topologyDescription": "<TopologyDescription id: 696e98714a535dd03d01221d, topology_type: ReplicaSetWithPrimary, servers: [<ServerDescription ('ac-1u1vjmy-shard-00-00.djz1hts.mongodb.net', 27017) server_type: RSSecondary, rtt: 0.06129410001449287>, <ServerDescription ('ac-1u1vjmy-shard-00-01.djz1hts.mongodb.net', 27017) server_type: RSSecondary, rtt: 0.055777700152248144>, <ServerDescription ('ac-1u1vjmy-shard-00-02.djz1hts.mongodb.net', 27017) server_type: RSPrimary, rtt: 0.06421680003404617>]>", "clientId": {"$oid": "696e98714a535dd03d01221d"}, "serverHost": "ac-1u1vjmy-shard-00-02.djz1hts.mongodb.net", "serverPort": 27017}
[ 2026-01-19 14:47:46,815 ] pymongo.connection - DEBUG - {"message": "Connection checkout started", "clientId": {"$oid": "696e98714a535dd03d01221d"}, "serverHost": "ac-1u1vjmy-shard-00-02.djz1hts.mongodb.net", "serverPort": 27017}
[ 2026-01-19 14:47:46,815 ] pymongo.connection - DEBUG - {"message": "Connection checked out", "clientId": {"$oid": "696e98714a535dd03d01221d"}, "serverHost": "ac-1u1vjmy-shard-00-02.djz1hts.mongodb.net", "serverPort": 27017, "driverConnectionId": 1, "durationMS": 0.000224200077354908}
[ 2026-01-19 14:47:46,815 ] pymongo.command - DEBUG - {"message": "Command started", "clientId": {"$oid": "696e98714a535dd03d01221d"}, "command": "{\"getMore\": 1629562331558487829, \"collection\": \"Proj1-Data\", \"lsid\": {\"id\": {\"$binary\": {\"base64\": \"n38gaBvfTDum/onH8wW7sg==\", \"subType\": \"04\"}}}, \"$clusterTime\": {\"clusterTime\": {\"$timestamp\": {\"t\": 1768855665, \"i\": 1}}, \"signature\": {\"hash\": {\"$binary\": {\"base64\": \"c3mE9NsQVH0zB4CIbnx5dtpJ+zA=\", \"subType\": \"00\"}}, \"keyId\": 7566725175656316934}}, \"$db\": \"Customer-Churn\"}", "commandName": "getMore", "databaseName": "Customer-Churn", "requestId": 19169, "operationId": 19169, "driverConnectionId": 1, "serverConnectionId": 154430, "serverHost": "ac-1u1vjmy-shard-00-02.djz1hts.mongodb.net", "serverPort": 27017}
[ 2026-01-19 14:47:47,414 ] pymongo.command - DEBUG - {"message": "Command succeeded", "clientId": {"$oid": "696e98714a535dd03d01221d"}, "durationMS": 598.7289999999999, "reply": "{\"cursor\": {\"nextBatch\": [{\"_id\": {\"$oid\": \"69694a72cfa4574c33d9bd11\"}, \"customerID\": \"3679-XASPY\", \"gender\": \"Female\", \"Partner\": \"Yes\", \"Dependents\": \"Yes\", \"tenure\": 1, \"PhoneService\": \"Yes\", \"MultipleLines\": \"No\", \"InternetService\": \"No\", \"OnlineSecurity\": \"No internet service\", \"OnlineBackup\": \"No internet service\", \"DeviceProtection\": \"No internet service\", \"TechSupport\": \"No internet service\", \"StreamingTV\": \"No internet service\", \"StreamingMovies\": \"No internet service\", \"Contract\": \"Month-to-month\", \"PaperlessBilling\": \"No\", \"PaymentMethod\": \"Electronic check\", \"MonthlyCharges\": 19.45, \"TotalCharges\": \"19.45\", \"Churn\": \"No\"}, {\"_id\": {\"$oid\": \"69694a72cfa4574c33d9bd12\"}, \"customerID\": \"7123-WQUHX\", \"gender\": \"Male\", \"Partner\": \"No\", \"Dependents\": \"No\", \"tenure\": 38, \"PhoneService\": \"Yes\", \"MultipleLines\": \"Yes\", \"InternetService\": \"Fiber optic\", \"OnlineSecurity\": \"No\", \"OnlineBackup\": \"No\", \"DeviceProtection\": \"Yes\", \"TechSupport\": \"Yes\", \"StreamingTV\": \"Yes\", \"StreamingMovies...", "commandName": "getMore", "databaseName": "Customer-Churn", "requestId": 19169, "operationId": 19169, "driverConnectionId": 1, "serverConnectionId": 154430, "serverHost": "ac-1u1vjmy-shard-00-02.djz1hts.mongodb.net", "serverPort": 27017}
[ 2026-01-19 14:47:47,415 ] pymongo.connection - DEBUG - {"message": "Connection checked in", "clientId": {"$oid": "696e98714a535dd03d01221d"}, "serverHost": "ac-1u1vjmy-shard-00-02.djz1hts.mongodb.net", "serverPort": 27017, "driverConnectionId": 1}
[ 2026-01-19 14:47:47,476 ] root - INFO - Shape of dataframe: (7043, 22)
[ 2026-01-19 14:47:47,479 ] root - INFO - Saving exported data into feature store file path: artifact\01_19_2026_14_47_44\data_ingestion\feature_store\WA_Fn-UseC_-Telco-Customer-Churn.csv
[ 2026-01-19 14:47:47,532 ] root - INFO - Got the data from mongodb
[ 2026-01-19 14:47:47,532 ] root - INFO - Entered split_data_as_train_test method of Data_Ingestion class
[ 2026-01-19 14:47:47,545 ] root - INFO - Performed train test split on the dataframe
[ 2026-01-19 14:47:47,545 ] root - INFO - Exited split_data_as_train_test method of Data_Ingestion class
[ 2026-01-19 14:47:47,546 ] root - INFO - Exporting train and test file path.
[ 2026-01-19 14:47:47,607 ] root - INFO - Exported train and test file path.
[ 2026-01-19 14:47:47,610 ] root - INFO - Performed train test split on the dataset
[ 2026-01-19 14:47:47,611 ] root - INFO - Exited initiate_data_ingestion method of Data_Ingestion class
[ 2026-01-19 14:47:47,611 ] root - INFO - Data ingestion artifact: DataIngestionArtifact(trained_file_path='artifact\\01_19_2026_14_47_44\\data_ingestion\\ingested\\train.csv', test_file_path='artifact\\01_19_2026_14_47_44\\data_ingestion\\ingested\\test.csv')
[ 2026-01-19 14:47:47,617 ] root - INFO - Got the train_set and test_set from mongodb
[ 2026-01-19 14:47:47,618 ] root - INFO - Exited the start_data_ingestion method of TrainPipeline class
[ 2026-01-19 14:47:47,618 ] root - INFO - Entered the start_data_validation method of TrainPipeline class
[ 2026-01-19 14:47:47,660 ] root - INFO - Starting data validation
[ 2026-01-19 14:47:47,688 ] root - INFO - Is required column present: [True]
[ 2026-01-19 14:47:47,688 ] root - INFO - All required columns present in training dataframe: True
[ 2026-01-19 14:47:47,688 ] root - INFO - Is required column present: [True]
[ 2026-01-19 14:47:47,689 ] root - INFO - All required columns present in testing dataframe: True
[ 2026-01-19 14:47:47,689 ] root - INFO - All categorical/int columns present in training dataframe: True
[ 2026-01-19 14:47:47,689 ] root - INFO - All categorical/int columns present in testing dataframe: True
[ 2026-01-19 14:47:47,691 ] root - INFO - Data validation artifact created and saved to JSON file.
[ 2026-01-19 14:47:47,691 ] root - INFO - Data validation artifact: DataValidationArtifact(validation_status=True, message='', validation_report_file_path='artifact\\01_19_2026_14_47_44\\data_validation\\report.yaml')
[ 2026-01-19 14:47:47,692 ] root - INFO - Performed the data validation operation
[ 2026-01-19 14:47:47,692 ] root - INFO - Exited the start_data_validation method of TrainPipeline class
[ 2026-01-19 14:47:48,282 ] root - INFO - Data Transformation Started !!!
[ 2026-01-19 14:47:48,309 ] root - INFO - Train-Test data loaded
[ 2026-01-19 14:47:48,315 ] root - INFO - Input and Target cols defined for both train and test df.
[ 2026-01-19 14:47:48,315 ] root - INFO - Cleaning data: handling TotalCharges
[ 2026-01-19 14:47:48,322 ] root - INFO - TotalCharges cleaned and filled missing values with median
[ 2026-01-19 14:47:48,323 ] root - INFO - Mapping 'gender' column to binary values
[ 2026-01-19 14:47:48,324 ] root - INFO - Dropping id columns
[ 2026-01-19 14:47:48,325 ] root - INFO - Dropped columns: ['_id', 'customerID']
[ 2026-01-19 14:47:48,326 ] root - INFO - Creating dummy variables for categorical features
[ 2026-01-19 14:47:48,326 ] root - INFO - Creating dummy variables for: ['Partner', 'Dependents', 'PhoneService', 'MultipleLines', 'InternetService', 'OnlineSecurity', 'OnlineBackup', 'DeviceProtection', 'TechSupport', 'StreamingTV', 'StreamingMovies', 'Contract', 'PaperlessBilling', 'PaymentMethod']
[ 2026-01-19 14:47:48,344 ] root - INFO - Renaming specific columns and casting to int
[ 2026-01-19 14:47:48,345 ] root - INFO - Cleaning data: handling TotalCharges
[ 2026-01-19 14:47:48,348 ] root - INFO - TotalCharges cleaned and filled missing values with median
[ 2026-01-19 14:47:48,348 ] root - INFO - Mapping 'gender' column to binary values
[ 2026-01-19 14:47:48,349 ] root - INFO - Dropping id columns
[ 2026-01-19 14:47:48,349 ] root - INFO - Dropped columns: ['_id', 'customerID']
[ 2026-01-19 14:47:48,350 ] root - INFO - Creating dummy variables for categorical features
[ 2026-01-19 14:47:48,350 ] root - INFO - Creating dummy variables for: ['Partner', 'Dependents', 'PhoneService', 'MultipleLines', 'InternetService', 'OnlineSecurity', 'OnlineBackup', 'DeviceProtection', 'TechSupport', 'StreamingTV', 'StreamingMovies', 'Contract', 'PaperlessBilling', 'PaymentMethod']
[ 2026-01-19 14:47:48,357 ] root - INFO - Renaming specific columns and casting to int
[ 2026-01-19 14:47:48,358 ] root - INFO - Custom transformations applied to train and test data
[ 2026-01-19 14:47:48,358 ] root - INFO - Starting data transformation
[ 2026-01-19 14:47:48,359 ] root - INFO - Numerical features for scaling: ['tenure', 'MonthlyCharges']
[ 2026-01-19 14:47:48,359 ] root - INFO - MinMax columns: ['TotalCharges']
[ 2026-01-19 14:47:48,359 ] root - INFO - Got the preprocessor object
[ 2026-01-19 14:47:48,359 ] root - INFO - Initializing transformation for Training-data
[ 2026-01-19 14:47:48,371 ] root - INFO - Initializing transformation for Testing-data
[ 2026-01-19 14:47:48,376 ] root - INFO - Transformation done end to end to train-test df.
[ 2026-01-19 14:47:48,377 ] root - INFO - Applying SMOTEENN for handling imbalanced dataset.
[ 2026-01-19 14:47:54,852 ] root - INFO - SMOTEENN applied to train-test df.
[ 2026-01-19 14:47:54,859 ] root - INFO - feature-target concatenation done for train-test df.
[ 2026-01-19 14:47:54,859 ] root - INFO - Entered the save_object method of utils
[ 2026-01-19 14:47:54,864 ] root - INFO - Exited the save_object method of utils
[ 2026-01-19 14:47:54,875 ] root - INFO - Saving transformation object and transformed files.
[ 2026-01-19 14:47:54,876 ] root - INFO - Data transformation completed successfully
[ 2026-01-19 14:47:56,342 ] pymongo.topology - DEBUG - {"message": "Server heartbeat succeeded", "topologyId": {"$oid": "696e98714a535dd03d01221d"}, "driverConnectionId": 1, "serverConnectionId": 147045, "serverHost": "ac-1u1vjmy-shard-00-01.djz1hts.mongodb.net", "serverPort": 27017, "awaited": true, "durationMS": 10061.854899860919, "reply": "{\"topologyVersion\": {\"processId\": {\"$oid\": \"696923953f198139e3024850\"}, \"counter\": 3}, \"hosts\": [\"ac-1u1vjmy-shard-00-00.djz1hts.mongodb.net:27017\", \"ac-1u1vjmy-shard-00-01.djz1hts.mongodb.net:27017\", \"ac-1u1vjmy-shard-00-02.djz1hts.mongodb.net:27017\"], \"setName\": \"atlas-931qd7-shard-0\", \"setVersion\": 10, \"secondary\": true, \"primary\": \"ac-1u1vjmy-shard-00-02.djz1hts.mongodb.net:27017\", \"tags\": {\"workloadType\": \"OPERATIONAL\", \"availabilityZone\": \"use1-az4\", \"nodeType\": \"ELECTABLE\", \"diskState\": \"READY\", \"provider\": \"AWS\", \"region\": \"US_EAST_1\"}, \"me\": \"ac-1u1vjmy-shard-00-01.djz1hts.mongodb.net:27017\", \"lastWrite\": {\"opTime\": {\"ts\": {\"$timestamp\": {\"t\": 1768855674, \"i\": 7}}, \"t\": 15}, \"lastWriteDate\": {\"$date\": \"2026-01-19T20:47:54Z\"}, \"majorityOpTime\": {\"ts\": {\"$timestamp\": {\"t\": 1768855674, \"i\": 7}}, \"t\": 15}, \"majorityWriteDate\": {\"$date\": \"2026-01-19T20:47:54Z\"}}, \"maxBsonObjectSize\": 16777216, \"maxMessageSizeBytes\": 48000000, \"maxWriteBatchSize\": 100000, \"localTime\": {\"$date\": \"202..."}
[ 2026-01-19 14:47:56,342 ] pymongo.topology - DEBUG - {"message": "Server heartbeat started", "topologyId": {"$oid": "696e98714a535dd03d01221d"}, "driverConnectionId": 1, "serverConnectionId": 147045, "serverHost": "ac-1u1vjmy-shard-00-01.djz1hts.mongodb.net", "serverPort": 27017, "awaited": true}
[ 2026-01-19 14:47:56,355 ] pymongo.topology - DEBUG - {"message": "Server heartbeat succeeded", "topologyId": {"$oid": "696e98714a535dd03d01221d"}, "driverConnectionId": 1, "serverConnectionId": 154401, "serverHost": "ac-1u1vjmy-shard-00-02.djz1hts.mongodb.net", "serverPort": 27017, "awaited": true, "durationMS": 10062.655000016093, "reply": "{\"topologyVersion\": {\"processId\": {\"$oid\": \"6969219f082a3c516728680e\"}, \"counter\": 6}, \"hosts\": [\"ac-1u1vjmy-shard-00-00.djz1hts.mongodb.net:27017\", \"ac-1u1vjmy-shard-00-01.djz1hts.mongodb.net:27017\", \"ac-1u1vjmy-shard-00-02.djz1hts.mongodb.net:27017\"], \"setName\": \"atlas-931qd7-shard-0\", \"setVersion\": 10, \"isWritablePrimary\": true, \"primary\": \"ac-1u1vjmy-shard-00-02.djz1hts.mongodb.net:27017\", \"tags\": {\"diskState\": \"READY\", \"provider\": \"AWS\", \"nodeType\": \"ELECTABLE\", \"region\": \"US_EAST_1\", \"workloadType\": \"OPERATIONAL\", \"availabilityZone\": \"use1-az5\"}, \"me\": \"ac-1u1vjmy-shard-00-02.djz1hts.mongodb.net:27017\", \"electionId\": {\"$oid\": \"7fffffff000000000000000f\"}, \"lastWrite\": {\"opTime\": {\"ts\": {\"$timestamp\": {\"t\": 1768855674, \"i\": 8}}, \"t\": 15}, \"lastWriteDate\": {\"$date\": \"2026-01-19T20:47:54Z\"}, \"majorityOpTime\": {\"ts\": {\"$timestamp\": {\"t\": 1768855674, \"i\": 8}}, \"t\": 15}, \"majorityWriteDate\": {\"$date\": \"2026-01-19T20:47:54Z\"}}, \"maxBsonObjectSize\": 16777216, \"maxMessageSizeBytes\": 480000..."}
[ 2026-01-19 14:47:56,355 ] pymongo.topology - DEBUG - {"message": "Server heartbeat started", "topologyId": {"$oid": "696e98714a535dd03d01221d"}, "driverConnectionId": 1, "serverConnectionId": 154401, "serverHost": "ac-1u1vjmy-shard-00-02.djz1hts.mongodb.net", "serverPort": 27017, "awaited": true}
[ 2026-01-19 14:47:56,365 ] pymongo.topology - DEBUG - {"message": "Server heartbeat succeeded", "topologyId": {"$oid": "696e98714a535dd03d01221d"}, "driverConnectionId": 1, "serverConnectionId": 149361, "serverHost": "ac-1u1vjmy-shard-00-00.djz1hts.mongodb.net", "serverPort": 27017, "awaited": true, "durationMS": 10062.150200130418, "reply": "{\"topologyVersion\": {\"processId\": {\"$oid\": \"69691fb9146e75e66ebab7e3\"}, \"counter\": 4}, \"hosts\": [\"ac-1u1vjmy-shard-00-00.djz1hts.mongodb.net:27017\", \"ac-1u1vjmy-shard-00-01.djz1hts.mongodb.net:27017\", \"ac-1u1vjmy-shard-00-02.djz1hts.mongodb.net:27017\"], \"setName\": \"atlas-931qd7-shard-0\", \"setVersion\": 10, \"secondary\": true, \"primary\": \"ac-1u1vjmy-shard-00-02.djz1hts.mongodb.net:27017\", \"tags\": {\"availabilityZone\": \"use1-az2\", \"region\": \"US_EAST_1\", \"provider\": \"AWS\", \"nodeType\": \"ELECTABLE\", \"workloadType\": \"OPERATIONAL\", \"diskState\": \"READY\"}, \"me\": \"ac-1u1vjmy-shard-00-00.djz1hts.mongodb.net:27017\", \"lastWrite\": {\"opTime\": {\"ts\": {\"$timestamp\": {\"t\": 1768855674, \"i\": 8}}, \"t\": 15}, \"lastWriteDate\": {\"$date\": \"2026-01-19T20:47:54Z\"}, \"majorityOpTime\": {\"ts\": {\"$timestamp\": {\"t\": 1768855674, \"i\": 8}}, \"t\": 15}, \"majorityWriteDate\": {\"$date\": \"2026-01-19T20:47:54Z\"}}, \"maxBsonObjectSize\": 16777216, \"maxMessageSizeBytes\": 48000000, \"maxWriteBatchSize\": 100000, \"localTime\": {\"$date\": \"202..."}
[ 2026-01-19 14:47:56,365 ] pymongo.topology - DEBUG - {"message": "Server heartbeat started", "topologyId": {"$oid": "696e98714a535dd03d01221d"}, "driverConnectionId": 1, "serverConnectionId": 149361, "serverHost": "ac-1u1vjmy-shard-00-00.djz1hts.mongodb.net", "serverPort": 27017, "awaited": true}
[ 2026-01-19 14:47:57,524 ] root - INFO - Entered initiate_model_trainer method of ModelTrainer class
[ 2026-01-19 14:47:57,537 ] root - INFO - train-test data loaded
[ 2026-01-19 14:47:57,540 ] root - INFO - Training XGBoost classifier
[ 2026-01-19 14:47:57,988 ] root - INFO - Training RandomForest classifier
[ 2026-01-19 14:47:59,013 ] root - INFO - Training ANN classifier
[ 2026-01-19 14:48:02,676 ] root - INFO - Selected xgboost based on validation f1: 0.9367
[ 2026-01-19 14:48:02,677 ] root - INFO - Model object and artifact loaded.
[ 2026-01-19 14:48:02,678 ] root - INFO - Preprocessing obj loaded.
[ 2026-01-19 14:48:02,699 ] root - INFO - Saving new model as performace is better than previous one.
[ 2026-01-19 14:48:02,714 ] root - INFO - Saved final model object that includes both preprocessing and the trained model
[ 2026-01-19 14:48:02,714 ] root - INFO - Model trainer artifact: ModelTrainerArtifact(trained_model_file_path='artifact\\01_19_2026_14_47_44\\model_trainer\\trained_model\\model.pkl', metric_artifact=ClassificationMetricArtifact(f1_score=0.9366771159874608, precision_score=0.939622641509434, recall_score=0.93375))
[ 2026-01-19 14:48:03,044 ] pymongo.topology - DEBUG - {"message": "Server heartbeat failed", "topologyId": {"$oid": "696e98714a535dd03d01221d"}, "serverHost": "ac-1u1vjmy-shard-00-00.djz1hts.mongodb.net", "serverPort": 27017, "awaited": true, "durationMS": 6678.969600005075, "failure": "\"_OperationCancelled('operation cancelled')\"", "driverConnectionId": 1}
[ 2026-01-19 14:48:03,045 ] pymongo.topology - DEBUG - {"message": "Server heartbeat failed", "topologyId": {"$oid": "696e98714a535dd03d01221d"}, "serverHost": "ac-1u1vjmy-shard-00-01.djz1hts.mongodb.net", "serverPort": 27017, "awaited": true, "durationMS": 6702.115199994296, "failure": "\"_OperationCancelled('operation cancelled')\"", "driverConnectionId": 1}
[ 2026-01-19 14:48:03,045 ] pymongo.topology - DEBUG - {"message": "Server heartbeat failed", "topologyId": {"$oid": "696e98714a535dd03d01221d"}, "serverHost": "ac-1u1vjmy-shard-00-02.djz1hts.mongodb.net", "serverPort": 27017, "awaited": true, "durationMS": 6689.27889992483, "failure": "\"_OperationCancelled('operation cancelled')\"", "driverConnectionId": 1}
