[ 2026-01-18 00:51:38,654 ] root - DEBUG - This is a debug message.
[ 2026-01-18 00:51:38,655 ] root - INFO - This is an info message.
[ 2026-01-18 00:51:38,656 ] root - WARNING - This is a warning message.
[ 2026-01-18 00:51:38,656 ] root - ERROR - This is an error message.
[ 2026-01-18 00:51:38,657 ] root - CRITICAL - This is a critical message.
[ 2026-01-18 00:51:43,627 ] root - INFO - Entered the start_data_ingestion method of TrainPipeline class
[ 2026-01-18 00:51:43,627 ] root - INFO - Getting the data from mongodb
[ 2026-01-18 00:51:43,628 ] root - INFO - Entered initiate_data_ingestion method of Data_Ingestion class
[ 2026-01-18 00:51:43,628 ] root - INFO - Exporting data from mongodb
[ 2026-01-18 00:51:45,590 ] pymongo.topology - DEBUG - {"message": "Starting topology monitoring", "topologyId": {"$oid": "696c8300007ad47bcd8ac042"}}
[ 2026-01-18 00:51:45,590 ] pymongo.topology - DEBUG - {"message": "Topology description changed", "topologyId": {"$oid": "696c8300007ad47bcd8ac042"}, "previousDescription": "<TopologyDescription id: 696c8300007ad47bcd8ac042, topology_type: Unknown, servers: []>", "newDescription": "<TopologyDescription id: 696c8300007ad47bcd8ac042, topology_type: ReplicaSetNoPrimary, servers: [<ServerDescription ('ac-1u1vjmy-shard-00-00.djz1hts.mongodb.net', 27017) server_type: Unknown, rtt: None>, <ServerDescription ('ac-1u1vjmy-shard-00-01.djz1hts.mongodb.net', 27017) server_type: Unknown, rtt: None>, <ServerDescription ('ac-1u1vjmy-shard-00-02.djz1hts.mongodb.net', 27017) server_type: Unknown, rtt: None>]>"}
[ 2026-01-18 00:51:45,591 ] pymongo.topology - DEBUG - {"message": "Starting server monitoring", "topologyId": {"$oid": "696c8300007ad47bcd8ac042"}, "serverHost": "ac-1u1vjmy-shard-00-02.djz1hts.mongodb.net", "serverPort": 27017}
[ 2026-01-18 00:51:45,591 ] pymongo.topology - DEBUG - {"message": "Starting server monitoring", "topologyId": {"$oid": "696c8300007ad47bcd8ac042"}, "serverHost": "ac-1u1vjmy-shard-00-00.djz1hts.mongodb.net", "serverPort": 27017}
[ 2026-01-18 00:51:45,591 ] pymongo.topology - DEBUG - {"message": "Starting server monitoring", "topologyId": {"$oid": "696c8300007ad47bcd8ac042"}, "serverHost": "ac-1u1vjmy-shard-00-01.djz1hts.mongodb.net", "serverPort": 27017}
[ 2026-01-18 00:51:45,592 ] pymongo.connection - DEBUG - {"message": "Connection pool created", "clientId": {"$oid": "696c8300007ad47bcd8ac042"}, "serverHost": "ac-1u1vjmy-shard-00-02.djz1hts.mongodb.net", "serverPort": 27017}
[ 2026-01-18 00:51:45,632 ] pymongo.connection - DEBUG - {"message": "Connection pool created", "clientId": {"$oid": "696c8300007ad47bcd8ac042"}, "serverHost": "ac-1u1vjmy-shard-00-00.djz1hts.mongodb.net", "serverPort": 27017}
[ 2026-01-18 00:51:45,636 ] pymongo.connection - DEBUG - {"message": "Connection pool created", "clientId": {"$oid": "696c8300007ad47bcd8ac042"}, "serverHost": "ac-1u1vjmy-shard-00-01.djz1hts.mongodb.net", "serverPort": 27017}
[ 2026-01-18 00:51:45,639 ] root - INFO - MongoDB connection successful.
[ 2026-01-18 00:51:45,641 ] pymongo.serverSelection - DEBUG - {"message": "Server selection started", "selector": "Primary()", "operation": "find", "topologyDescription": "<TopologyDescription id: 696c8300007ad47bcd8ac042, topology_type: ReplicaSetNoPrimary, servers: [<ServerDescription ('ac-1u1vjmy-shard-00-00.djz1hts.mongodb.net', 27017) server_type: Unknown, rtt: None>, <ServerDescription ('ac-1u1vjmy-shard-00-01.djz1hts.mongodb.net', 27017) server_type: Unknown, rtt: None>, <ServerDescription ('ac-1u1vjmy-shard-00-02.djz1hts.mongodb.net', 27017) server_type: Unknown, rtt: None>]>", "clientId": {"$oid": "696c8300007ad47bcd8ac042"}}
[ 2026-01-18 00:51:45,641 ] pymongo.serverSelection - DEBUG - {"message": "Waiting for suitable server to become available", "selector": "Primary()", "operation": "find", "topologyDescription": "<TopologyDescription id: 696c8300007ad47bcd8ac042, topology_type: ReplicaSetNoPrimary, servers: [<ServerDescription ('ac-1u1vjmy-shard-00-00.djz1hts.mongodb.net', 27017) server_type: Unknown, rtt: None>, <ServerDescription ('ac-1u1vjmy-shard-00-01.djz1hts.mongodb.net', 27017) server_type: Unknown, rtt: None>, <ServerDescription ('ac-1u1vjmy-shard-00-02.djz1hts.mongodb.net', 27017) server_type: Unknown, rtt: None>]>", "clientId": {"$oid": "696c8300007ad47bcd8ac042"}, "remainingTimeMS": 29999}
[ 2026-01-18 00:51:46,064 ] pymongo.topology - DEBUG - {"message": "Server heartbeat started", "topologyId": {"$oid": "696c8300007ad47bcd8ac042"}, "driverConnectionId": 1, "serverHost": "ac-1u1vjmy-shard-00-01.djz1hts.mongodb.net", "serverPort": 27017, "awaited": false}
[ 2026-01-18 00:51:46,065 ] pymongo.topology - DEBUG - {"message": "Server heartbeat started", "topologyId": {"$oid": "696c8300007ad47bcd8ac042"}, "driverConnectionId": 1, "serverHost": "ac-1u1vjmy-shard-00-02.djz1hts.mongodb.net", "serverPort": 27017, "awaited": false}
[ 2026-01-18 00:51:46,065 ] pymongo.topology - DEBUG - {"message": "Server heartbeat started", "topologyId": {"$oid": "696c8300007ad47bcd8ac042"}, "driverConnectionId": 1, "serverHost": "ac-1u1vjmy-shard-00-00.djz1hts.mongodb.net", "serverPort": 27017, "awaited": false}
[ 2026-01-18 00:51:46,127 ] pymongo.topology - DEBUG - {"message": "Server heartbeat succeeded", "topologyId": {"$oid": "696c8300007ad47bcd8ac042"}, "driverConnectionId": 1, "serverConnectionId": 100918, "serverHost": "ac-1u1vjmy-shard-00-00.djz1hts.mongodb.net", "serverPort": 27017, "awaited": false, "durationMS": 59.977199882268906, "reply": "{\"helloOk\": true, \"topologyVersion\": {\"processId\": {\"$oid\": \"69691fb9146e75e66ebab7e3\"}, \"counter\": 4}, \"hosts\": [\"ac-1u1vjmy-shard-00-00.djz1hts.mongodb.net:27017\", \"ac-1u1vjmy-shard-00-01.djz1hts.mongodb.net:27017\", \"ac-1u1vjmy-shard-00-02.djz1hts.mongodb.net:27017\"], \"setName\": \"atlas-931qd7-shard-0\", \"setVersion\": 10, \"secondary\": true, \"primary\": \"ac-1u1vjmy-shard-00-02.djz1hts.mongodb.net:27017\", \"tags\": {\"nodeType\": \"ELECTABLE\", \"provider\": \"AWS\", \"diskState\": \"READY\", \"region\": \"US_EAST_1\", \"availabilityZone\": \"use1-az2\", \"workloadType\": \"OPERATIONAL\"}, \"me\": \"ac-1u1vjmy-shard-00-00.djz1hts.mongodb.net:27017\", \"lastWrite\": {\"opTime\": {\"ts\": {\"$timestamp\": {\"t\": 1768719103, \"i\": 16}}, \"t\": 15}, \"lastWriteDate\": {\"$date\": \"2026-01-18T06:51:43Z\"}, \"majorityOpTime\": {\"ts\": {\"$timestamp\": {\"t\": 1768719103, \"i\": 16}}, \"t\": 15}, \"majorityWriteDate\": {\"$date\": \"2026-01-18T06:51:43Z\"}}, \"maxBsonObjectSize\": 16777216, \"maxMessageSizeBytes\": 48000000, \"maxWriteBatchSize\": 100000, \"localTi..."}
[ 2026-01-18 00:51:46,128 ] pymongo.topology - DEBUG - {"message": "Server heartbeat succeeded", "topologyId": {"$oid": "696c8300007ad47bcd8ac042"}, "driverConnectionId": 1, "serverConnectionId": 99104, "serverHost": "ac-1u1vjmy-shard-00-01.djz1hts.mongodb.net", "serverPort": 27017, "awaited": false, "durationMS": 62.35620006918907, "reply": "{\"helloOk\": true, \"topologyVersion\": {\"processId\": {\"$oid\": \"696923953f198139e3024850\"}, \"counter\": 3}, \"hosts\": [\"ac-1u1vjmy-shard-00-00.djz1hts.mongodb.net:27017\", \"ac-1u1vjmy-shard-00-01.djz1hts.mongodb.net:27017\", \"ac-1u1vjmy-shard-00-02.djz1hts.mongodb.net:27017\"], \"setName\": \"atlas-931qd7-shard-0\", \"setVersion\": 10, \"secondary\": true, \"primary\": \"ac-1u1vjmy-shard-00-02.djz1hts.mongodb.net:27017\", \"tags\": {\"diskState\": \"READY\", \"provider\": \"AWS\", \"nodeType\": \"ELECTABLE\", \"availabilityZone\": \"use1-az4\", \"region\": \"US_EAST_1\", \"workloadType\": \"OPERATIONAL\"}, \"me\": \"ac-1u1vjmy-shard-00-01.djz1hts.mongodb.net:27017\", \"lastWrite\": {\"opTime\": {\"ts\": {\"$timestamp\": {\"t\": 1768719103, \"i\": 16}}, \"t\": 15}, \"lastWriteDate\": {\"$date\": \"2026-01-18T06:51:43Z\"}, \"majorityOpTime\": {\"ts\": {\"$timestamp\": {\"t\": 1768719103, \"i\": 16}}, \"t\": 15}, \"majorityWriteDate\": {\"$date\": \"2026-01-18T06:51:43Z\"}}, \"maxBsonObjectSize\": 16777216, \"maxMessageSizeBytes\": 48000000, \"maxWriteBatchSize\": 100000, \"localTi..."}
[ 2026-01-18 00:51:46,132 ] pymongo.topology - DEBUG - {"message": "Server heartbeat succeeded", "topologyId": {"$oid": "696c8300007ad47bcd8ac042"}, "driverConnectionId": 1, "serverConnectionId": 104724, "serverHost": "ac-1u1vjmy-shard-00-02.djz1hts.mongodb.net", "serverPort": 27017, "awaited": false, "durationMS": 66.02749996818602, "reply": "{\"helloOk\": true, \"topologyVersion\": {\"processId\": {\"$oid\": \"6969219f082a3c516728680e\"}, \"counter\": 6}, \"hosts\": [\"ac-1u1vjmy-shard-00-00.djz1hts.mongodb.net:27017\", \"ac-1u1vjmy-shard-00-01.djz1hts.mongodb.net:27017\", \"ac-1u1vjmy-shard-00-02.djz1hts.mongodb.net:27017\"], \"setName\": \"atlas-931qd7-shard-0\", \"setVersion\": 10, \"ismaster\": true, \"primary\": \"ac-1u1vjmy-shard-00-02.djz1hts.mongodb.net:27017\", \"tags\": {\"region\": \"US_EAST_1\", \"diskState\": \"READY\", \"workloadType\": \"OPERATIONAL\", \"availabilityZone\": \"use1-az5\", \"nodeType\": \"ELECTABLE\", \"provider\": \"AWS\"}, \"me\": \"ac-1u1vjmy-shard-00-02.djz1hts.mongodb.net:27017\", \"electionId\": {\"$oid\": \"7fffffff000000000000000f\"}, \"lastWrite\": {\"opTime\": {\"ts\": {\"$timestamp\": {\"t\": 1768719103, \"i\": 16}}, \"t\": 15}, \"lastWriteDate\": {\"$date\": \"2026-01-18T06:51:43Z\"}, \"majorityOpTime\": {\"ts\": {\"$timestamp\": {\"t\": 1768719103, \"i\": 16}}, \"t\": 15}, \"majorityWriteDate\": {\"$date\": \"2026-01-18T06:51:43Z\"}}, \"maxBsonObjectSize\": 16777216, \"maxMessageSizeByte..."}
[ 2026-01-18 00:51:46,168 ] pymongo.connection - DEBUG - {"message": "Connection pool ready", "clientId": {"$oid": "696c8300007ad47bcd8ac042"}, "serverHost": "ac-1u1vjmy-shard-00-00.djz1hts.mongodb.net", "serverPort": 27017}
[ 2026-01-18 00:51:46,170 ] pymongo.topology - DEBUG - {"message": "Topology description changed", "topologyId": {"$oid": "696c8300007ad47bcd8ac042"}, "previousDescription": "<TopologyDescription id: 696c8300007ad47bcd8ac042, topology_type: ReplicaSetNoPrimary, servers: [<ServerDescription ('ac-1u1vjmy-shard-00-00.djz1hts.mongodb.net', 27017) server_type: Unknown, rtt: None>, <ServerDescription ('ac-1u1vjmy-shard-00-01.djz1hts.mongodb.net', 27017) server_type: Unknown, rtt: None>, <ServerDescription ('ac-1u1vjmy-shard-00-02.djz1hts.mongodb.net', 27017) server_type: Unknown, rtt: None>]>", "newDescription": "<TopologyDescription id: 696c8300007ad47bcd8ac042, topology_type: ReplicaSetNoPrimary, servers: [<ServerDescription ('ac-1u1vjmy-shard-00-00.djz1hts.mongodb.net', 27017) server_type: RSSecondary, rtt: 0.059977199882268906>, <ServerDescription ('ac-1u1vjmy-shard-00-01.djz1hts.mongodb.net', 27017) server_type: Unknown, rtt: None>, <ServerDescription ('ac-1u1vjmy-shard-00-02.djz1hts.mongodb.net', 27017) server_type: Unknown, rtt: None>]>"}
[ 2026-01-18 00:51:46,170 ] pymongo.connection - DEBUG - {"message": "Connection pool ready", "clientId": {"$oid": "696c8300007ad47bcd8ac042"}, "serverHost": "ac-1u1vjmy-shard-00-01.djz1hts.mongodb.net", "serverPort": 27017}
[ 2026-01-18 00:51:46,171 ] pymongo.topology - DEBUG - {"message": "Topology description changed", "topologyId": {"$oid": "696c8300007ad47bcd8ac042"}, "previousDescription": "<TopologyDescription id: 696c8300007ad47bcd8ac042, topology_type: ReplicaSetNoPrimary, servers: [<ServerDescription ('ac-1u1vjmy-shard-00-00.djz1hts.mongodb.net', 27017) server_type: RSSecondary, rtt: 0.059977199882268906>, <ServerDescription ('ac-1u1vjmy-shard-00-01.djz1hts.mongodb.net', 27017) server_type: Unknown, rtt: None>, <ServerDescription ('ac-1u1vjmy-shard-00-02.djz1hts.mongodb.net', 27017) server_type: Unknown, rtt: None>]>", "newDescription": "<TopologyDescription id: 696c8300007ad47bcd8ac042, topology_type: ReplicaSetNoPrimary, servers: [<ServerDescription ('ac-1u1vjmy-shard-00-00.djz1hts.mongodb.net', 27017) server_type: RSSecondary, rtt: 0.059977199882268906>, <ServerDescription ('ac-1u1vjmy-shard-00-01.djz1hts.mongodb.net', 27017) server_type: RSSecondary, rtt: 0.06235620006918907>, <ServerDescription ('ac-1u1vjmy-shard-00-02.djz1hts.mongodb.net', 27017) server_type: Unknown, rtt: None>]>"}
[ 2026-01-18 00:51:46,172 ] pymongo.connection - DEBUG - {"message": "Connection pool ready", "clientId": {"$oid": "696c8300007ad47bcd8ac042"}, "serverHost": "ac-1u1vjmy-shard-00-02.djz1hts.mongodb.net", "serverPort": 27017}
[ 2026-01-18 00:51:46,172 ] pymongo.topology - DEBUG - {"message": "Server heartbeat started", "topologyId": {"$oid": "696c8300007ad47bcd8ac042"}, "driverConnectionId": 1, "serverConnectionId": 100918, "serverHost": "ac-1u1vjmy-shard-00-00.djz1hts.mongodb.net", "serverPort": 27017, "awaited": true}
[ 2026-01-18 00:51:46,172 ] pymongo.topology - DEBUG - {"message": "Topology description changed", "topologyId": {"$oid": "696c8300007ad47bcd8ac042"}, "previousDescription": "<TopologyDescription id: 696c8300007ad47bcd8ac042, topology_type: ReplicaSetNoPrimary, servers: [<ServerDescription ('ac-1u1vjmy-shard-00-00.djz1hts.mongodb.net', 27017) server_type: RSSecondary, rtt: 0.059977199882268906>, <ServerDescription ('ac-1u1vjmy-shard-00-01.djz1hts.mongodb.net', 27017) server_type: RSSecondary, rtt: 0.06235620006918907>, <ServerDescription ('ac-1u1vjmy-shard-00-02.djz1hts.mongodb.net', 27017) server_type: Unknown, rtt: None>]>", "newDescription": "<TopologyDescription id: 696c8300007ad47bcd8ac042, topology_type: ReplicaSetWithPrimary, servers: [<ServerDescription ('ac-1u1vjmy-shard-00-00.djz1hts.mongodb.net', 27017) server_type: RSSecondary, rtt: 0.059977199882268906>, <ServerDescription ('ac-1u1vjmy-shard-00-01.djz1hts.mongodb.net', 27017) server_type: RSSecondary, rtt: 0.06235620006918907>, <ServerDescription ('ac-1u1vjmy-shard-00-02.djz1hts.mongodb.net', 27017) server_type: RSPrimary, rtt: 0.06602749996818602>]>"}
[ 2026-01-18 00:51:46,172 ] pymongo.topology - DEBUG - {"message": "Server heartbeat started", "topologyId": {"$oid": "696c8300007ad47bcd8ac042"}, "driverConnectionId": 1, "serverConnectionId": 99104, "serverHost": "ac-1u1vjmy-shard-00-01.djz1hts.mongodb.net", "serverPort": 27017, "awaited": true}
[ 2026-01-18 00:51:46,174 ] pymongo.serverSelection - DEBUG - {"message": "Server selection succeeded", "selector": "Primary()", "operation": "find", "topologyDescription": "<TopologyDescription id: 696c8300007ad47bcd8ac042, topology_type: ReplicaSetWithPrimary, servers: [<ServerDescription ('ac-1u1vjmy-shard-00-00.djz1hts.mongodb.net', 27017) server_type: RSSecondary, rtt: 0.059977199882268906>, <ServerDescription ('ac-1u1vjmy-shard-00-01.djz1hts.mongodb.net', 27017) server_type: RSSecondary, rtt: 0.06235620006918907>, <ServerDescription ('ac-1u1vjmy-shard-00-02.djz1hts.mongodb.net', 27017) server_type: RSPrimary, rtt: 0.06602749996818602>]>", "clientId": {"$oid": "696c8300007ad47bcd8ac042"}, "serverHost": "ac-1u1vjmy-shard-00-02.djz1hts.mongodb.net", "serverPort": 27017}
[ 2026-01-18 00:51:46,175 ] pymongo.connection - DEBUG - {"message": "Connection checkout started", "clientId": {"$oid": "696c8300007ad47bcd8ac042"}, "serverHost": "ac-1u1vjmy-shard-00-02.djz1hts.mongodb.net", "serverPort": 27017}
[ 2026-01-18 00:51:46,175 ] pymongo.connection - DEBUG - {"message": "Connection created", "clientId": {"$oid": "696c8300007ad47bcd8ac042"}, "serverHost": "ac-1u1vjmy-shard-00-02.djz1hts.mongodb.net", "serverPort": 27017, "driverConnectionId": 1}
[ 2026-01-18 00:51:46,176 ] pymongo.topology - DEBUG - {"message": "Server heartbeat started", "topologyId": {"$oid": "696c8300007ad47bcd8ac042"}, "driverConnectionId": 1, "serverConnectionId": 104724, "serverHost": "ac-1u1vjmy-shard-00-02.djz1hts.mongodb.net", "serverPort": 27017, "awaited": true}
[ 2026-01-18 00:51:46,551 ] pymongo.connection - DEBUG - {"message": "Connection ready", "clientId": {"$oid": "696c8300007ad47bcd8ac042"}, "serverHost": "ac-1u1vjmy-shard-00-02.djz1hts.mongodb.net", "serverPort": 27017, "driverConnectionId": 1, "durationMS": 0.22639469988644123}
[ 2026-01-18 00:51:46,551 ] pymongo.connection - DEBUG - {"message": "Connection checked out", "clientId": {"$oid": "696c8300007ad47bcd8ac042"}, "serverHost": "ac-1u1vjmy-shard-00-02.djz1hts.mongodb.net", "serverPort": 27017, "driverConnectionId": 1, "durationMS": 0.3760812000837177}
[ 2026-01-18 00:51:46,552 ] pymongo.command - DEBUG - {"message": "Command started", "clientId": {"$oid": "696c8300007ad47bcd8ac042"}, "command": "{\"find\": \"Proj1-Data\", \"lsid\": {\"id\": {\"$binary\": {\"base64\": \"aeuhZxLIRjWpybB6flCuuQ==\", \"subType\": \"04\"}}}, \"$clusterTime\": {\"clusterTime\": {\"$timestamp\": {\"t\": 1768719103, \"i\": 16}}, \"signature\": {\"hash\": {\"$binary\": {\"base64\": \"zvNs31rjgAy2A1DTRElQvkYVtBw=\", \"subType\": \"00\"}}, \"keyId\": 7566725175656316934}}, \"$db\": \"Customer-Churn\"}", "commandName": "find", "databaseName": "Customer-Churn", "requestId": 26500, "operationId": 26500, "driverConnectionId": 1, "serverConnectionId": 104735, "serverHost": "ac-1u1vjmy-shard-00-02.djz1hts.mongodb.net", "serverPort": 27017}
[ 2026-01-18 00:51:46,710 ] pymongo.command - DEBUG - {"message": "Command succeeded", "clientId": {"$oid": "696c8300007ad47bcd8ac042"}, "durationMS": 158.531, "reply": "{\"cursor\": {\"firstBatch\": [{\"_id\": {\"$oid\": \"69694a72cfa4574c33d9bcac\"}, \"customerID\": \"7590-VHVEG\", \"gender\": \"Female\", \"Partner\": \"Yes\", \"Dependents\": \"No\", \"tenure\": 1, \"PhoneService\": \"No\", \"MultipleLines\": \"No phone service\", \"InternetService\": \"DSL\", \"OnlineSecurity\": \"No\", \"OnlineBackup\": \"Yes\", \"DeviceProtection\": \"No\", \"TechSupport\": \"No\", \"StreamingTV\": \"No\", \"StreamingMovies\": \"No\", \"Contract\": \"Month-to-month\", \"PaperlessBilling\": \"Yes\", \"PaymentMethod\": \"Electronic check\", \"MonthlyCharges\": 29.85, \"TotalCharges\": \"29.85\", \"Churn\": \"No\"}, {\"_id\": {\"$oid\": \"69694a72cfa4574c33d9bcad\"}, \"customerID\": \"5575-GNVDE\", \"gender\": \"Male\", \"Partner\": \"No\", \"Dependents\": \"No\", \"tenure\": 34, \"PhoneService\": \"Yes\", \"MultipleLines\": \"No\", \"InternetService\": \"DSL\", \"OnlineSecurity\": \"Yes\", \"OnlineBackup\": \"No\", \"DeviceProtection\": \"Yes\", \"TechSupport\": \"No\", \"StreamingTV\": \"No\", \"StreamingMovies\": \"No\", \"Contract\": \"One year\", \"PaperlessBilling\": \"No\", \"PaymentMethod\": \"Mailed check\", \"Mon...", "commandName": "find", "databaseName": "Customer-Churn", "requestId": 26500, "operationId": 26500, "driverConnectionId": 1, "serverConnectionId": 104735, "serverHost": "ac-1u1vjmy-shard-00-02.djz1hts.mongodb.net", "serverPort": 27017}
[ 2026-01-18 00:51:46,711 ] pymongo.connection - DEBUG - {"message": "Connection checked in", "clientId": {"$oid": "696c8300007ad47bcd8ac042"}, "serverHost": "ac-1u1vjmy-shard-00-02.djz1hts.mongodb.net", "serverPort": 27017, "driverConnectionId": 1}
[ 2026-01-18 00:51:46,712 ] pymongo.serverSelection - DEBUG - {"message": "Server selection started", "selector": "<function any_server_selector at 0x00000295BA398AE0>", "operation": "getMore", "topologyDescription": "<TopologyDescription id: 696c8300007ad47bcd8ac042, topology_type: ReplicaSetWithPrimary, servers: [<ServerDescription ('ac-1u1vjmy-shard-00-00.djz1hts.mongodb.net', 27017) server_type: RSSecondary, rtt: 0.059977199882268906>, <ServerDescription ('ac-1u1vjmy-shard-00-01.djz1hts.mongodb.net', 27017) server_type: RSSecondary, rtt: 0.06235620006918907>, <ServerDescription ('ac-1u1vjmy-shard-00-02.djz1hts.mongodb.net', 27017) server_type: RSPrimary, rtt: 0.06602749996818602>]>", "clientId": {"$oid": "696c8300007ad47bcd8ac042"}}
[ 2026-01-18 00:51:46,713 ] pymongo.serverSelection - DEBUG - {"message": "Server selection succeeded", "selector": "<function any_server_selector at 0x00000295BA398AE0>", "operation": "getMore", "topologyDescription": "<TopologyDescription id: 696c8300007ad47bcd8ac042, topology_type: ReplicaSetWithPrimary, servers: [<ServerDescription ('ac-1u1vjmy-shard-00-00.djz1hts.mongodb.net', 27017) server_type: RSSecondary, rtt: 0.059977199882268906>, <ServerDescription ('ac-1u1vjmy-shard-00-01.djz1hts.mongodb.net', 27017) server_type: RSSecondary, rtt: 0.06235620006918907>, <ServerDescription ('ac-1u1vjmy-shard-00-02.djz1hts.mongodb.net', 27017) server_type: RSPrimary, rtt: 0.06602749996818602>]>", "clientId": {"$oid": "696c8300007ad47bcd8ac042"}, "serverHost": "ac-1u1vjmy-shard-00-02.djz1hts.mongodb.net", "serverPort": 27017}
[ 2026-01-18 00:51:46,714 ] pymongo.connection - DEBUG - {"message": "Connection checkout started", "clientId": {"$oid": "696c8300007ad47bcd8ac042"}, "serverHost": "ac-1u1vjmy-shard-00-02.djz1hts.mongodb.net", "serverPort": 27017}
[ 2026-01-18 00:51:46,714 ] pymongo.connection - DEBUG - {"message": "Connection checked out", "clientId": {"$oid": "696c8300007ad47bcd8ac042"}, "serverHost": "ac-1u1vjmy-shard-00-02.djz1hts.mongodb.net", "serverPort": 27017, "driverConnectionId": 1, "durationMS": 0.00037789996713399887}
[ 2026-01-18 00:51:46,714 ] pymongo.command - DEBUG - {"message": "Command started", "clientId": {"$oid": "696c8300007ad47bcd8ac042"}, "command": "{\"getMore\": 3887531585437292523, \"collection\": \"Proj1-Data\", \"lsid\": {\"id\": {\"$binary\": {\"base64\": \"aeuhZxLIRjWpybB6flCuuQ==\", \"subType\": \"04\"}}}, \"$clusterTime\": {\"clusterTime\": {\"$timestamp\": {\"t\": 1768719103, \"i\": 16}}, \"signature\": {\"hash\": {\"$binary\": {\"base64\": \"zvNs31rjgAy2A1DTRElQvkYVtBw=\", \"subType\": \"00\"}}, \"keyId\": 7566725175656316934}}, \"$db\": \"Customer-Churn\"}", "commandName": "getMore", "databaseName": "Customer-Churn", "requestId": 19169, "operationId": 19169, "driverConnectionId": 1, "serverConnectionId": 104735, "serverHost": "ac-1u1vjmy-shard-00-02.djz1hts.mongodb.net", "serverPort": 27017}
[ 2026-01-18 00:51:47,265 ] pymongo.command - DEBUG - {"message": "Command succeeded", "clientId": {"$oid": "696c8300007ad47bcd8ac042"}, "durationMS": 551.1160000000001, "reply": "{\"cursor\": {\"nextBatch\": [{\"_id\": {\"$oid\": \"69694a72cfa4574c33d9bd11\"}, \"customerID\": \"3679-XASPY\", \"gender\": \"Female\", \"Partner\": \"Yes\", \"Dependents\": \"Yes\", \"tenure\": 1, \"PhoneService\": \"Yes\", \"MultipleLines\": \"No\", \"InternetService\": \"No\", \"OnlineSecurity\": \"No internet service\", \"OnlineBackup\": \"No internet service\", \"DeviceProtection\": \"No internet service\", \"TechSupport\": \"No internet service\", \"StreamingTV\": \"No internet service\", \"StreamingMovies\": \"No internet service\", \"Contract\": \"Month-to-month\", \"PaperlessBilling\": \"No\", \"PaymentMethod\": \"Electronic check\", \"MonthlyCharges\": 19.45, \"TotalCharges\": \"19.45\", \"Churn\": \"No\"}, {\"_id\": {\"$oid\": \"69694a72cfa4574c33d9bd12\"}, \"customerID\": \"7123-WQUHX\", \"gender\": \"Male\", \"Partner\": \"No\", \"Dependents\": \"No\", \"tenure\": 38, \"PhoneService\": \"Yes\", \"MultipleLines\": \"Yes\", \"InternetService\": \"Fiber optic\", \"OnlineSecurity\": \"No\", \"OnlineBackup\": \"No\", \"DeviceProtection\": \"Yes\", \"TechSupport\": \"Yes\", \"StreamingTV\": \"Yes\", \"StreamingMovies...", "commandName": "getMore", "databaseName": "Customer-Churn", "requestId": 19169, "operationId": 19169, "driverConnectionId": 1, "serverConnectionId": 104735, "serverHost": "ac-1u1vjmy-shard-00-02.djz1hts.mongodb.net", "serverPort": 27017}
[ 2026-01-18 00:51:47,266 ] pymongo.connection - DEBUG - {"message": "Connection checked in", "clientId": {"$oid": "696c8300007ad47bcd8ac042"}, "serverHost": "ac-1u1vjmy-shard-00-02.djz1hts.mongodb.net", "serverPort": 27017, "driverConnectionId": 1}
[ 2026-01-18 00:51:47,383 ] root - INFO - Shape of dataframe: (7043, 22)
[ 2026-01-18 00:51:47,388 ] root - INFO - Saving exported data into feature store file path: artifact\01_18_2026_00_51_43\data_ingestion\feature_store\WA_Fn-UseC_-Telco-Customer-Churn.csv
[ 2026-01-18 00:51:47,530 ] root - INFO - Got the data from mongodb
[ 2026-01-18 00:51:47,531 ] root - INFO - Entered split_data_as_train_test method of Data_Ingestion class
[ 2026-01-18 00:51:47,541 ] root - INFO - Performed train test split on the dataframe
[ 2026-01-18 00:51:47,541 ] root - INFO - Exited split_data_as_train_test method of Data_Ingestion class
[ 2026-01-18 00:51:47,543 ] root - INFO - Exporting train and test file path.
[ 2026-01-18 00:51:47,655 ] root - INFO - Exported train and test file path.
[ 2026-01-18 00:51:47,658 ] root - INFO - Performed train test split on the dataset
[ 2026-01-18 00:51:47,658 ] root - INFO - Exited initiate_data_ingestion method of Data_Ingestion class
[ 2026-01-18 00:51:47,659 ] root - INFO - Data ingestion artifact: DataIngestionArtifact(trained_file_path='artifact\\01_18_2026_00_51_43\\data_ingestion\\ingested\\train.csv', test_file_path='artifact\\01_18_2026_00_51_43\\data_ingestion\\ingested\\test.csv')
[ 2026-01-18 00:51:47,669 ] root - INFO - Got the train_set and test_set from mongodb
[ 2026-01-18 00:51:47,669 ] root - INFO - Exited the start_data_ingestion method of TrainPipeline class
[ 2026-01-18 00:51:47,669 ] root - INFO - Entered the start_data_validation method of TrainPipeline class
[ 2026-01-18 00:51:47,759 ] root - INFO - Starting data validation
[ 2026-01-18 00:51:47,815 ] root - INFO - Is required column present: [True]
[ 2026-01-18 00:51:47,815 ] root - INFO - All required columns present in training dataframe: True
[ 2026-01-18 00:51:47,816 ] root - INFO - Is required column present: [True]
[ 2026-01-18 00:51:47,816 ] root - INFO - All required columns present in testing dataframe: True
[ 2026-01-18 00:51:47,817 ] root - INFO - All categorical/int columns present in training dataframe: True
[ 2026-01-18 00:51:47,817 ] root - INFO - All categorical/int columns present in testing dataframe: True
[ 2026-01-18 00:51:47,821 ] root - INFO - Data validation artifact created and saved to JSON file.
[ 2026-01-18 00:51:47,821 ] root - INFO - Data validation artifact: DataValidationArtifact(validation_status=True, message='', validation_report_file_path='artifact\\01_18_2026_00_51_43\\data_validation\\report.yaml')
[ 2026-01-18 00:51:47,823 ] root - INFO - Performed the data validation operation
[ 2026-01-18 00:51:47,823 ] root - INFO - Exited the start_data_validation method of TrainPipeline class
[ 2026-01-18 00:51:48,788 ] root - INFO - Data Transformation Started !!!
[ 2026-01-18 00:51:48,847 ] root - INFO - Train-Test data loaded
[ 2026-01-18 00:51:48,852 ] root - INFO - Input and Target cols defined for both train and test df.
[ 2026-01-18 00:51:48,853 ] root - INFO - Cleaning data: handling TotalCharges
[ 2026-01-18 00:51:48,865 ] root - INFO - TotalCharges cleaned and filled missing values with median
[ 2026-01-18 00:51:48,866 ] root - INFO - Mapping 'gender' column to binary values
[ 2026-01-18 00:51:48,868 ] root - INFO - Dropping id columns
[ 2026-01-18 00:51:48,871 ] root - INFO - Dropped columns: ['_id', 'customerID']
[ 2026-01-18 00:51:48,872 ] root - INFO - Creating dummy variables for categorical features
[ 2026-01-18 00:51:48,873 ] root - INFO - Creating dummy variables for: ['Partner', 'Dependents', 'PhoneService', 'MultipleLines', 'InternetService', 'OnlineSecurity', 'OnlineBackup', 'DeviceProtection', 'TechSupport', 'StreamingTV', 'StreamingMovies', 'Contract', 'PaperlessBilling', 'PaymentMethod']
[ 2026-01-18 00:51:48,908 ] root - INFO - Renaming specific columns and casting to int
[ 2026-01-18 00:51:48,910 ] root - INFO - Cleaning data: handling TotalCharges
[ 2026-01-18 00:51:48,915 ] root - INFO - TotalCharges cleaned and filled missing values with median
[ 2026-01-18 00:51:48,915 ] root - INFO - Mapping 'gender' column to binary values
[ 2026-01-18 00:51:48,917 ] root - INFO - Dropping id columns
[ 2026-01-18 00:51:48,919 ] root - INFO - Dropped columns: ['_id', 'customerID']
[ 2026-01-18 00:51:48,919 ] root - INFO - Creating dummy variables for categorical features
[ 2026-01-18 00:51:48,920 ] root - INFO - Creating dummy variables for: ['Partner', 'Dependents', 'PhoneService', 'MultipleLines', 'InternetService', 'OnlineSecurity', 'OnlineBackup', 'DeviceProtection', 'TechSupport', 'StreamingTV', 'StreamingMovies', 'Contract', 'PaperlessBilling', 'PaymentMethod']
[ 2026-01-18 00:51:48,939 ] root - INFO - Renaming specific columns and casting to int
[ 2026-01-18 00:51:48,940 ] root - INFO - Custom transformations applied to train and test data
[ 2026-01-18 00:51:48,941 ] root - INFO - Starting data transformation
[ 2026-01-18 00:51:48,941 ] root - INFO - Numerical features for scaling: ['tenure', 'MonthlyCharges']
[ 2026-01-18 00:51:48,942 ] root - INFO - MinMax columns: ['TotalCharges']
[ 2026-01-18 00:51:48,943 ] root - INFO - Got the preprocessor object
[ 2026-01-18 00:51:48,944 ] root - INFO - Initializing transformation for Training-data
[ 2026-01-18 00:51:48,966 ] root - INFO - Initializing transformation for Testing-data
[ 2026-01-18 00:51:48,979 ] root - INFO - Transformation done end to end to train-test df.
[ 2026-01-18 00:51:48,980 ] root - INFO - Applying SMOTEENN for handling imbalanced dataset.
[ 2026-01-18 00:51:52,088 ] root - INFO - SMOTEENN applied to train-test df.
[ 2026-01-18 00:51:52,101 ] root - INFO - feature-target concatenation done for train-test df.
[ 2026-01-18 00:51:52,102 ] root - INFO - Entered the save_object method of utils
[ 2026-01-18 00:51:52,122 ] root - INFO - Exited the save_object method of utils
[ 2026-01-18 00:51:52,149 ] root - INFO - Saving transformation object and transformed files.
[ 2026-01-18 00:51:52,150 ] root - INFO - Data transformation completed successfully
[ 2026-01-18 00:51:56,245 ] root - INFO - Entered initiate_model_trainer method of ModelTrainer class
[ 2026-01-18 00:51:56,279 ] root - INFO - train-test data loaded
[ 2026-01-18 00:51:56,284 ] root - INFO - Training XGBoost classifier
[ 2026-01-18 00:51:56,354 ] pymongo.topology - DEBUG - {"message": "Server heartbeat succeeded", "topologyId": {"$oid": "696c8300007ad47bcd8ac042"}, "driverConnectionId": 1, "serverConnectionId": 99135, "serverHost": "ac-1u1vjmy-shard-00-01.djz1hts.mongodb.net", "serverPort": 27017, "awaited": true, "durationMS": 10179.876800160855, "reply": "{\"topologyVersion\": {\"processId\": {\"$oid\": \"696923953f198139e3024850\"}, \"counter\": 3}, \"hosts\": [\"ac-1u1vjmy-shard-00-00.djz1hts.mongodb.net:27017\", \"ac-1u1vjmy-shard-00-01.djz1hts.mongodb.net:27017\", \"ac-1u1vjmy-shard-00-02.djz1hts.mongodb.net:27017\"], \"setName\": \"atlas-931qd7-shard-0\", \"setVersion\": 10, \"secondary\": true, \"primary\": \"ac-1u1vjmy-shard-00-02.djz1hts.mongodb.net:27017\", \"tags\": {\"diskState\": \"READY\", \"provider\": \"AWS\", \"region\": \"US_EAST_1\", \"workloadType\": \"OPERATIONAL\", \"availabilityZone\": \"use1-az4\", \"nodeType\": \"ELECTABLE\"}, \"me\": \"ac-1u1vjmy-shard-00-01.djz1hts.mongodb.net:27017\", \"lastWrite\": {\"opTime\": {\"ts\": {\"$timestamp\": {\"t\": 1768719115, \"i\": 18}}, \"t\": 15}, \"lastWriteDate\": {\"$date\": \"2026-01-18T06:51:55Z\"}, \"majorityOpTime\": {\"ts\": {\"$timestamp\": {\"t\": 1768719115, \"i\": 18}}, \"t\": 15}, \"majorityWriteDate\": {\"$date\": \"2026-01-18T06:51:55Z\"}}, \"maxBsonObjectSize\": 16777216, \"maxMessageSizeBytes\": 48000000, \"maxWriteBatchSize\": 100000, \"localTime\": {\"$date\": \"2..."}
[ 2026-01-18 00:51:56,355 ] pymongo.topology - DEBUG - {"message": "Server heartbeat succeeded", "topologyId": {"$oid": "696c8300007ad47bcd8ac042"}, "driverConnectionId": 1, "serverConnectionId": 104652, "serverHost": "ac-1u1vjmy-shard-00-02.djz1hts.mongodb.net", "serverPort": 27017, "awaited": true, "durationMS": 10178.272099932656, "reply": "{\"topologyVersion\": {\"processId\": {\"$oid\": \"6969219f082a3c516728680e\"}, \"counter\": 6}, \"hosts\": [\"ac-1u1vjmy-shard-00-00.djz1hts.mongodb.net:27017\", \"ac-1u1vjmy-shard-00-01.djz1hts.mongodb.net:27017\", \"ac-1u1vjmy-shard-00-02.djz1hts.mongodb.net:27017\"], \"setName\": \"atlas-931qd7-shard-0\", \"setVersion\": 10, \"isWritablePrimary\": true, \"primary\": \"ac-1u1vjmy-shard-00-02.djz1hts.mongodb.net:27017\", \"tags\": {\"availabilityZone\": \"use1-az5\", \"nodeType\": \"ELECTABLE\", \"provider\": \"AWS\", \"diskState\": \"READY\", \"region\": \"US_EAST_1\", \"workloadType\": \"OPERATIONAL\"}, \"me\": \"ac-1u1vjmy-shard-00-02.djz1hts.mongodb.net:27017\", \"electionId\": {\"$oid\": \"7fffffff000000000000000f\"}, \"lastWrite\": {\"opTime\": {\"ts\": {\"$timestamp\": {\"t\": 1768719115, \"i\": 18}}, \"t\": 15}, \"lastWriteDate\": {\"$date\": \"2026-01-18T06:51:55Z\"}, \"majorityOpTime\": {\"ts\": {\"$timestamp\": {\"t\": 1768719115, \"i\": 18}}, \"t\": 15}, \"majorityWriteDate\": {\"$date\": \"2026-01-18T06:51:55Z\"}}, \"maxBsonObjectSize\": 16777216, \"maxMessageSizeBytes\": 4800..."}
[ 2026-01-18 00:51:56,356 ] pymongo.topology - DEBUG - {"message": "Server heartbeat succeeded", "topologyId": {"$oid": "696c8300007ad47bcd8ac042"}, "driverConnectionId": 1, "serverConnectionId": 100918, "serverHost": "ac-1u1vjmy-shard-00-00.djz1hts.mongodb.net", "serverPort": 27017, "awaited": true, "durationMS": 10183.239300036803, "reply": "{\"topologyVersion\": {\"processId\": {\"$oid\": \"69691fb9146e75e66ebab7e3\"}, \"counter\": 4}, \"hosts\": [\"ac-1u1vjmy-shard-00-00.djz1hts.mongodb.net:27017\", \"ac-1u1vjmy-shard-00-01.djz1hts.mongodb.net:27017\", \"ac-1u1vjmy-shard-00-02.djz1hts.mongodb.net:27017\"], \"setName\": \"atlas-931qd7-shard-0\", \"setVersion\": 10, \"secondary\": true, \"primary\": \"ac-1u1vjmy-shard-00-02.djz1hts.mongodb.net:27017\", \"tags\": {\"diskState\": \"READY\", \"region\": \"US_EAST_1\", \"nodeType\": \"ELECTABLE\", \"workloadType\": \"OPERATIONAL\", \"provider\": \"AWS\", \"availabilityZone\": \"use1-az2\"}, \"me\": \"ac-1u1vjmy-shard-00-00.djz1hts.mongodb.net:27017\", \"lastWrite\": {\"opTime\": {\"ts\": {\"$timestamp\": {\"t\": 1768719115, \"i\": 18}}, \"t\": 15}, \"lastWriteDate\": {\"$date\": \"2026-01-18T06:51:55Z\"}, \"majorityOpTime\": {\"ts\": {\"$timestamp\": {\"t\": 1768719115, \"i\": 18}}, \"t\": 15}, \"majorityWriteDate\": {\"$date\": \"2026-01-18T06:51:55Z\"}}, \"maxBsonObjectSize\": 16777216, \"maxMessageSizeBytes\": 48000000, \"maxWriteBatchSize\": 100000, \"localTime\": {\"$date\": \"2..."}
[ 2026-01-18 00:51:56,357 ] pymongo.topology - DEBUG - {"message": "Server heartbeat started", "topologyId": {"$oid": "696c8300007ad47bcd8ac042"}, "driverConnectionId": 1, "serverConnectionId": 99135, "serverHost": "ac-1u1vjmy-shard-00-01.djz1hts.mongodb.net", "serverPort": 27017, "awaited": true}
[ 2026-01-18 00:51:56,358 ] pymongo.topology - DEBUG - {"message": "Server heartbeat started", "topologyId": {"$oid": "696c8300007ad47bcd8ac042"}, "driverConnectionId": 1, "serverConnectionId": 104652, "serverHost": "ac-1u1vjmy-shard-00-02.djz1hts.mongodb.net", "serverPort": 27017, "awaited": true}
[ 2026-01-18 00:51:56,359 ] pymongo.topology - DEBUG - {"message": "Server heartbeat started", "topologyId": {"$oid": "696c8300007ad47bcd8ac042"}, "driverConnectionId": 1, "serverConnectionId": 100918, "serverHost": "ac-1u1vjmy-shard-00-00.djz1hts.mongodb.net", "serverPort": 27017, "awaited": true}
[ 2026-01-18 00:51:57,076 ] root - INFO - Training RandomForest classifier
[ 2026-01-18 00:51:58,693 ] root - INFO - Training ANN classifier
[ 2026-01-18 00:52:04,733 ] root - INFO - Selected xgboost based on validation f1: 0.9424
[ 2026-01-18 00:52:04,734 ] root - INFO - Model object and artifact loaded.
[ 2026-01-18 00:52:04,736 ] root - INFO - Preprocessing obj loaded.
[ 2026-01-18 00:52:04,763 ] root - INFO - Saving new model as performace is better than previous one.
[ 2026-01-18 00:52:04,784 ] root - INFO - Saved final model object that includes both preprocessing and the trained model
[ 2026-01-18 00:52:04,784 ] root - INFO - Model trainer artifact: ModelTrainerArtifact(trained_model_file_path='artifact\\01_18_2026_00_51_43\\model_trainer\\trained_model\\model.pkl', metric_artifact=ClassificationMetricArtifact(f1_score=0.9423893268647665, precision_score=0.9616336633663366, recall_score=0.9239001189060642))
[ 2026-01-18 00:52:05,135 ] pymongo.topology - DEBUG - {"message": "Server heartbeat failed", "topologyId": {"$oid": "696c8300007ad47bcd8ac042"}, "serverHost": "ac-1u1vjmy-shard-00-01.djz1hts.mongodb.net", "serverPort": 27017, "awaited": true, "durationMS": 8777.883499860764, "failure": "\"_OperationCancelled('operation cancelled')\"", "driverConnectionId": 1}
[ 2026-01-18 00:52:05,135 ] pymongo.topology - DEBUG - {"message": "Server heartbeat failed", "topologyId": {"$oid": "696c8300007ad47bcd8ac042"}, "serverHost": "ac-1u1vjmy-shard-00-00.djz1hts.mongodb.net", "serverPort": 27017, "awaited": true, "durationMS": 8776.342799887061, "failure": "\"_OperationCancelled('operation cancelled')\"", "driverConnectionId": 1}
[ 2026-01-18 00:52:05,135 ] pymongo.topology - DEBUG - {"message": "Server heartbeat failed", "topologyId": {"$oid": "696c8300007ad47bcd8ac042"}, "serverHost": "ac-1u1vjmy-shard-00-02.djz1hts.mongodb.net", "serverPort": 27017, "awaited": true, "durationMS": 8777.744600083679, "failure": "\"_OperationCancelled('operation cancelled')\"", "driverConnectionId": 1}
