[ 2026-01-18 00:43:33,916 ] root - DEBUG - This is a debug message.
[ 2026-01-18 00:43:33,916 ] root - INFO - This is an info message.
[ 2026-01-18 00:43:33,917 ] root - WARNING - This is a warning message.
[ 2026-01-18 00:43:33,917 ] root - ERROR - This is an error message.
[ 2026-01-18 00:43:33,917 ] root - CRITICAL - This is a critical message.
[ 2026-01-18 00:43:36,967 ] root - INFO - Entered the start_data_ingestion method of TrainPipeline class
[ 2026-01-18 00:43:36,968 ] root - INFO - Getting the data from mongodb
[ 2026-01-18 00:43:36,968 ] root - INFO - Entered initiate_data_ingestion method of Data_Ingestion class
[ 2026-01-18 00:43:36,969 ] root - INFO - Exporting data from mongodb
[ 2026-01-18 00:43:38,008 ] pymongo.topology - DEBUG - {"message": "Starting topology monitoring", "topologyId": {"$oid": "696c8119888f3b3d86f1d556"}}
[ 2026-01-18 00:43:38,009 ] pymongo.topology - DEBUG - {"message": "Topology description changed", "topologyId": {"$oid": "696c8119888f3b3d86f1d556"}, "previousDescription": "<TopologyDescription id: 696c8119888f3b3d86f1d556, topology_type: Unknown, servers: []>", "newDescription": "<TopologyDescription id: 696c8119888f3b3d86f1d556, topology_type: ReplicaSetNoPrimary, servers: [<ServerDescription ('ac-1u1vjmy-shard-00-00.djz1hts.mongodb.net', 27017) server_type: Unknown, rtt: None>, <ServerDescription ('ac-1u1vjmy-shard-00-01.djz1hts.mongodb.net', 27017) server_type: Unknown, rtt: None>, <ServerDescription ('ac-1u1vjmy-shard-00-02.djz1hts.mongodb.net', 27017) server_type: Unknown, rtt: None>]>"}
[ 2026-01-18 00:43:38,009 ] pymongo.topology - DEBUG - {"message": "Starting server monitoring", "topologyId": {"$oid": "696c8119888f3b3d86f1d556"}, "serverHost": "ac-1u1vjmy-shard-00-02.djz1hts.mongodb.net", "serverPort": 27017}
[ 2026-01-18 00:43:38,009 ] pymongo.topology - DEBUG - {"message": "Starting server monitoring", "topologyId": {"$oid": "696c8119888f3b3d86f1d556"}, "serverHost": "ac-1u1vjmy-shard-00-01.djz1hts.mongodb.net", "serverPort": 27017}
[ 2026-01-18 00:43:38,009 ] pymongo.topology - DEBUG - {"message": "Starting server monitoring", "topologyId": {"$oid": "696c8119888f3b3d86f1d556"}, "serverHost": "ac-1u1vjmy-shard-00-00.djz1hts.mongodb.net", "serverPort": 27017}
[ 2026-01-18 00:43:38,009 ] pymongo.connection - DEBUG - {"message": "Connection pool created", "clientId": {"$oid": "696c8119888f3b3d86f1d556"}, "serverHost": "ac-1u1vjmy-shard-00-02.djz1hts.mongodb.net", "serverPort": 27017}
[ 2026-01-18 00:43:38,049 ] pymongo.connection - DEBUG - {"message": "Connection pool created", "clientId": {"$oid": "696c8119888f3b3d86f1d556"}, "serverHost": "ac-1u1vjmy-shard-00-01.djz1hts.mongodb.net", "serverPort": 27017}
[ 2026-01-18 00:43:38,051 ] pymongo.connection - DEBUG - {"message": "Connection pool created", "clientId": {"$oid": "696c8119888f3b3d86f1d556"}, "serverHost": "ac-1u1vjmy-shard-00-00.djz1hts.mongodb.net", "serverPort": 27017}
[ 2026-01-18 00:43:38,052 ] root - INFO - MongoDB connection successful.
[ 2026-01-18 00:43:38,053 ] pymongo.serverSelection - DEBUG - {"message": "Server selection started", "selector": "Primary()", "operation": "find", "topologyDescription": "<TopologyDescription id: 696c8119888f3b3d86f1d556, topology_type: ReplicaSetNoPrimary, servers: [<ServerDescription ('ac-1u1vjmy-shard-00-00.djz1hts.mongodb.net', 27017) server_type: Unknown, rtt: None>, <ServerDescription ('ac-1u1vjmy-shard-00-01.djz1hts.mongodb.net', 27017) server_type: Unknown, rtt: None>, <ServerDescription ('ac-1u1vjmy-shard-00-02.djz1hts.mongodb.net', 27017) server_type: Unknown, rtt: None>]>", "clientId": {"$oid": "696c8119888f3b3d86f1d556"}}
[ 2026-01-18 00:43:38,053 ] pymongo.serverSelection - DEBUG - {"message": "Waiting for suitable server to become available", "selector": "Primary()", "operation": "find", "topologyDescription": "<TopologyDescription id: 696c8119888f3b3d86f1d556, topology_type: ReplicaSetNoPrimary, servers: [<ServerDescription ('ac-1u1vjmy-shard-00-00.djz1hts.mongodb.net', 27017) server_type: Unknown, rtt: None>, <ServerDescription ('ac-1u1vjmy-shard-00-01.djz1hts.mongodb.net', 27017) server_type: Unknown, rtt: None>, <ServerDescription ('ac-1u1vjmy-shard-00-02.djz1hts.mongodb.net', 27017) server_type: Unknown, rtt: None>]>", "clientId": {"$oid": "696c8119888f3b3d86f1d556"}, "remainingTimeMS": 29999}
[ 2026-01-18 00:43:38,306 ] pymongo.topology - DEBUG - {"message": "Server heartbeat started", "topologyId": {"$oid": "696c8119888f3b3d86f1d556"}, "driverConnectionId": 1, "serverHost": "ac-1u1vjmy-shard-00-01.djz1hts.mongodb.net", "serverPort": 27017, "awaited": false}
[ 2026-01-18 00:43:38,339 ] pymongo.topology - DEBUG - {"message": "Server heartbeat started", "topologyId": {"$oid": "696c8119888f3b3d86f1d556"}, "driverConnectionId": 1, "serverHost": "ac-1u1vjmy-shard-00-00.djz1hts.mongodb.net", "serverPort": 27017, "awaited": false}
[ 2026-01-18 00:43:38,339 ] pymongo.topology - DEBUG - {"message": "Server heartbeat started", "topologyId": {"$oid": "696c8119888f3b3d86f1d556"}, "driverConnectionId": 1, "serverHost": "ac-1u1vjmy-shard-00-02.djz1hts.mongodb.net", "serverPort": 27017, "awaited": false}
[ 2026-01-18 00:43:38,362 ] pymongo.topology - DEBUG - {"message": "Server heartbeat succeeded", "topologyId": {"$oid": "696c8119888f3b3d86f1d556"}, "driverConnectionId": 1, "serverConnectionId": 98958, "serverHost": "ac-1u1vjmy-shard-00-01.djz1hts.mongodb.net", "serverPort": 27017, "awaited": false, "durationMS": 55.25370012037456, "reply": "{\"helloOk\": true, \"topologyVersion\": {\"processId\": {\"$oid\": \"696923953f198139e3024850\"}, \"counter\": 3}, \"hosts\": [\"ac-1u1vjmy-shard-00-00.djz1hts.mongodb.net:27017\", \"ac-1u1vjmy-shard-00-01.djz1hts.mongodb.net:27017\", \"ac-1u1vjmy-shard-00-02.djz1hts.mongodb.net:27017\"], \"setName\": \"atlas-931qd7-shard-0\", \"setVersion\": 10, \"secondary\": true, \"primary\": \"ac-1u1vjmy-shard-00-02.djz1hts.mongodb.net:27017\", \"tags\": {\"nodeType\": \"ELECTABLE\", \"workloadType\": \"OPERATIONAL\", \"provider\": \"AWS\", \"diskState\": \"READY\", \"region\": \"US_EAST_1\", \"availabilityZone\": \"use1-az4\"}, \"me\": \"ac-1u1vjmy-shard-00-01.djz1hts.mongodb.net:27017\", \"lastWrite\": {\"opTime\": {\"ts\": {\"$timestamp\": {\"t\": 1768718617, \"i\": 14}}, \"t\": 15}, \"lastWriteDate\": {\"$date\": \"2026-01-18T06:43:37Z\"}, \"majorityOpTime\": {\"ts\": {\"$timestamp\": {\"t\": 1768718617, \"i\": 14}}, \"t\": 15}, \"majorityWriteDate\": {\"$date\": \"2026-01-18T06:43:37Z\"}}, \"maxBsonObjectSize\": 16777216, \"maxMessageSizeBytes\": 48000000, \"maxWriteBatchSize\": 100000, \"localTi..."}
[ 2026-01-18 00:43:38,365 ] pymongo.connection - DEBUG - {"message": "Connection pool ready", "clientId": {"$oid": "696c8119888f3b3d86f1d556"}, "serverHost": "ac-1u1vjmy-shard-00-01.djz1hts.mongodb.net", "serverPort": 27017}
[ 2026-01-18 00:43:38,365 ] pymongo.topology - DEBUG - {"message": "Topology description changed", "topologyId": {"$oid": "696c8119888f3b3d86f1d556"}, "previousDescription": "<TopologyDescription id: 696c8119888f3b3d86f1d556, topology_type: ReplicaSetNoPrimary, servers: [<ServerDescription ('ac-1u1vjmy-shard-00-00.djz1hts.mongodb.net', 27017) server_type: Unknown, rtt: None>, <ServerDescription ('ac-1u1vjmy-shard-00-01.djz1hts.mongodb.net', 27017) server_type: Unknown, rtt: None>, <ServerDescription ('ac-1u1vjmy-shard-00-02.djz1hts.mongodb.net', 27017) server_type: Unknown, rtt: None>]>", "newDescription": "<TopologyDescription id: 696c8119888f3b3d86f1d556, topology_type: ReplicaSetNoPrimary, servers: [<ServerDescription ('ac-1u1vjmy-shard-00-00.djz1hts.mongodb.net', 27017) server_type: Unknown, rtt: None>, <ServerDescription ('ac-1u1vjmy-shard-00-01.djz1hts.mongodb.net', 27017) server_type: RSSecondary, rtt: 0.05525370012037456>, <ServerDescription ('ac-1u1vjmy-shard-00-02.djz1hts.mongodb.net', 27017) server_type: Unknown, rtt: None>]>"}
[ 2026-01-18 00:43:38,366 ] pymongo.topology - DEBUG - {"message": "Server heartbeat started", "topologyId": {"$oid": "696c8119888f3b3d86f1d556"}, "driverConnectionId": 1, "serverConnectionId": 98958, "serverHost": "ac-1u1vjmy-shard-00-01.djz1hts.mongodb.net", "serverPort": 27017, "awaited": true}
[ 2026-01-18 00:43:38,392 ] pymongo.topology - DEBUG - {"message": "Server heartbeat succeeded", "topologyId": {"$oid": "696c8119888f3b3d86f1d556"}, "driverConnectionId": 1, "serverConnectionId": 100745, "serverHost": "ac-1u1vjmy-shard-00-00.djz1hts.mongodb.net", "serverPort": 27017, "awaited": false, "durationMS": 52.11179982870817, "reply": "{\"helloOk\": true, \"topologyVersion\": {\"processId\": {\"$oid\": \"69691fb9146e75e66ebab7e3\"}, \"counter\": 4}, \"hosts\": [\"ac-1u1vjmy-shard-00-00.djz1hts.mongodb.net:27017\", \"ac-1u1vjmy-shard-00-01.djz1hts.mongodb.net:27017\", \"ac-1u1vjmy-shard-00-02.djz1hts.mongodb.net:27017\"], \"setName\": \"atlas-931qd7-shard-0\", \"setVersion\": 10, \"secondary\": true, \"primary\": \"ac-1u1vjmy-shard-00-02.djz1hts.mongodb.net:27017\", \"tags\": {\"diskState\": \"READY\", \"region\": \"US_EAST_1\", \"nodeType\": \"ELECTABLE\", \"workloadType\": \"OPERATIONAL\", \"provider\": \"AWS\", \"availabilityZone\": \"use1-az2\"}, \"me\": \"ac-1u1vjmy-shard-00-00.djz1hts.mongodb.net:27017\", \"lastWrite\": {\"opTime\": {\"ts\": {\"$timestamp\": {\"t\": 1768718617, \"i\": 14}}, \"t\": 15}, \"lastWriteDate\": {\"$date\": \"2026-01-18T06:43:37Z\"}, \"majorityOpTime\": {\"ts\": {\"$timestamp\": {\"t\": 1768718617, \"i\": 14}}, \"t\": 15}, \"majorityWriteDate\": {\"$date\": \"2026-01-18T06:43:37Z\"}}, \"maxBsonObjectSize\": 16777216, \"maxMessageSizeBytes\": 48000000, \"maxWriteBatchSize\": 100000, \"localTi..."}
[ 2026-01-18 00:43:38,392 ] pymongo.topology - DEBUG - {"message": "Server heartbeat succeeded", "topologyId": {"$oid": "696c8119888f3b3d86f1d556"}, "driverConnectionId": 1, "serverConnectionId": 104512, "serverHost": "ac-1u1vjmy-shard-00-02.djz1hts.mongodb.net", "serverPort": 27017, "awaited": false, "durationMS": 52.44440003298223, "reply": "{\"helloOk\": true, \"topologyVersion\": {\"processId\": {\"$oid\": \"6969219f082a3c516728680e\"}, \"counter\": 6}, \"hosts\": [\"ac-1u1vjmy-shard-00-00.djz1hts.mongodb.net:27017\", \"ac-1u1vjmy-shard-00-01.djz1hts.mongodb.net:27017\", \"ac-1u1vjmy-shard-00-02.djz1hts.mongodb.net:27017\"], \"setName\": \"atlas-931qd7-shard-0\", \"setVersion\": 10, \"ismaster\": true, \"primary\": \"ac-1u1vjmy-shard-00-02.djz1hts.mongodb.net:27017\", \"tags\": {\"diskState\": \"READY\", \"provider\": \"AWS\", \"nodeType\": \"ELECTABLE\", \"region\": \"US_EAST_1\", \"workloadType\": \"OPERATIONAL\", \"availabilityZone\": \"use1-az5\"}, \"me\": \"ac-1u1vjmy-shard-00-02.djz1hts.mongodb.net:27017\", \"electionId\": {\"$oid\": \"7fffffff000000000000000f\"}, \"lastWrite\": {\"opTime\": {\"ts\": {\"$timestamp\": {\"t\": 1768718617, \"i\": 14}}, \"t\": 15}, \"lastWriteDate\": {\"$date\": \"2026-01-18T06:43:37Z\"}, \"majorityOpTime\": {\"ts\": {\"$timestamp\": {\"t\": 1768718617, \"i\": 14}}, \"t\": 15}, \"majorityWriteDate\": {\"$date\": \"2026-01-18T06:43:37Z\"}}, \"maxBsonObjectSize\": 16777216, \"maxMessageSizeByte..."}
[ 2026-01-18 00:43:38,392 ] pymongo.connection - DEBUG - {"message": "Connection pool ready", "clientId": {"$oid": "696c8119888f3b3d86f1d556"}, "serverHost": "ac-1u1vjmy-shard-00-00.djz1hts.mongodb.net", "serverPort": 27017}
[ 2026-01-18 00:43:38,393 ] pymongo.topology - DEBUG - {"message": "Topology description changed", "topologyId": {"$oid": "696c8119888f3b3d86f1d556"}, "previousDescription": "<TopologyDescription id: 696c8119888f3b3d86f1d556, topology_type: ReplicaSetNoPrimary, servers: [<ServerDescription ('ac-1u1vjmy-shard-00-00.djz1hts.mongodb.net', 27017) server_type: Unknown, rtt: None>, <ServerDescription ('ac-1u1vjmy-shard-00-01.djz1hts.mongodb.net', 27017) server_type: RSSecondary, rtt: 0.05525370012037456>, <ServerDescription ('ac-1u1vjmy-shard-00-02.djz1hts.mongodb.net', 27017) server_type: Unknown, rtt: None>]>", "newDescription": "<TopologyDescription id: 696c8119888f3b3d86f1d556, topology_type: ReplicaSetNoPrimary, servers: [<ServerDescription ('ac-1u1vjmy-shard-00-00.djz1hts.mongodb.net', 27017) server_type: RSSecondary, rtt: 0.05211179982870817>, <ServerDescription ('ac-1u1vjmy-shard-00-01.djz1hts.mongodb.net', 27017) server_type: RSSecondary, rtt: 0.05525370012037456>, <ServerDescription ('ac-1u1vjmy-shard-00-02.djz1hts.mongodb.net', 27017) server_type: Unknown, rtt: None>]>"}
[ 2026-01-18 00:43:38,393 ] pymongo.connection - DEBUG - {"message": "Connection pool ready", "clientId": {"$oid": "696c8119888f3b3d86f1d556"}, "serverHost": "ac-1u1vjmy-shard-00-02.djz1hts.mongodb.net", "serverPort": 27017}
[ 2026-01-18 00:43:38,394 ] pymongo.topology - DEBUG - {"message": "Topology description changed", "topologyId": {"$oid": "696c8119888f3b3d86f1d556"}, "previousDescription": "<TopologyDescription id: 696c8119888f3b3d86f1d556, topology_type: ReplicaSetNoPrimary, servers: [<ServerDescription ('ac-1u1vjmy-shard-00-00.djz1hts.mongodb.net', 27017) server_type: RSSecondary, rtt: 0.05211179982870817>, <ServerDescription ('ac-1u1vjmy-shard-00-01.djz1hts.mongodb.net', 27017) server_type: RSSecondary, rtt: 0.05525370012037456>, <ServerDescription ('ac-1u1vjmy-shard-00-02.djz1hts.mongodb.net', 27017) server_type: Unknown, rtt: None>]>", "newDescription": "<TopologyDescription id: 696c8119888f3b3d86f1d556, topology_type: ReplicaSetWithPrimary, servers: [<ServerDescription ('ac-1u1vjmy-shard-00-00.djz1hts.mongodb.net', 27017) server_type: RSSecondary, rtt: 0.05211179982870817>, <ServerDescription ('ac-1u1vjmy-shard-00-01.djz1hts.mongodb.net', 27017) server_type: RSSecondary, rtt: 0.05525370012037456>, <ServerDescription ('ac-1u1vjmy-shard-00-02.djz1hts.mongodb.net', 27017) server_type: RSPrimary, rtt: 0.05244440003298223>]>"}
[ 2026-01-18 00:43:38,394 ] pymongo.serverSelection - DEBUG - {"message": "Server selection succeeded", "selector": "Primary()", "operation": "find", "topologyDescription": "<TopologyDescription id: 696c8119888f3b3d86f1d556, topology_type: ReplicaSetWithPrimary, servers: [<ServerDescription ('ac-1u1vjmy-shard-00-00.djz1hts.mongodb.net', 27017) server_type: RSSecondary, rtt: 0.05211179982870817>, <ServerDescription ('ac-1u1vjmy-shard-00-01.djz1hts.mongodb.net', 27017) server_type: RSSecondary, rtt: 0.05525370012037456>, <ServerDescription ('ac-1u1vjmy-shard-00-02.djz1hts.mongodb.net', 27017) server_type: RSPrimary, rtt: 0.05244440003298223>]>", "clientId": {"$oid": "696c8119888f3b3d86f1d556"}, "serverHost": "ac-1u1vjmy-shard-00-02.djz1hts.mongodb.net", "serverPort": 27017}
[ 2026-01-18 00:43:38,395 ] pymongo.connection - DEBUG - {"message": "Connection checkout started", "clientId": {"$oid": "696c8119888f3b3d86f1d556"}, "serverHost": "ac-1u1vjmy-shard-00-02.djz1hts.mongodb.net", "serverPort": 27017}
[ 2026-01-18 00:43:38,395 ] pymongo.topology - DEBUG - {"message": "Server heartbeat started", "topologyId": {"$oid": "696c8119888f3b3d86f1d556"}, "driverConnectionId": 1, "serverConnectionId": 104512, "serverHost": "ac-1u1vjmy-shard-00-02.djz1hts.mongodb.net", "serverPort": 27017, "awaited": true}
[ 2026-01-18 00:43:38,395 ] pymongo.topology - DEBUG - {"message": "Server heartbeat started", "topologyId": {"$oid": "696c8119888f3b3d86f1d556"}, "driverConnectionId": 1, "serverConnectionId": 100745, "serverHost": "ac-1u1vjmy-shard-00-00.djz1hts.mongodb.net", "serverPort": 27017, "awaited": true}
[ 2026-01-18 00:43:38,395 ] pymongo.connection - DEBUG - {"message": "Connection created", "clientId": {"$oid": "696c8119888f3b3d86f1d556"}, "serverHost": "ac-1u1vjmy-shard-00-02.djz1hts.mongodb.net", "serverPort": 27017, "driverConnectionId": 1}
[ 2026-01-18 00:43:38,746 ] pymongo.connection - DEBUG - {"message": "Connection ready", "clientId": {"$oid": "696c8119888f3b3d86f1d556"}, "serverHost": "ac-1u1vjmy-shard-00-02.djz1hts.mongodb.net", "serverPort": 27017, "driverConnectionId": 1, "durationMS": 0.17433659988455474}
[ 2026-01-18 00:43:38,746 ] pymongo.connection - DEBUG - {"message": "Connection checked out", "clientId": {"$oid": "696c8119888f3b3d86f1d556"}, "serverHost": "ac-1u1vjmy-shard-00-02.djz1hts.mongodb.net", "serverPort": 27017, "driverConnectionId": 1, "durationMS": 0.35140689997933805}
[ 2026-01-18 00:43:38,746 ] pymongo.command - DEBUG - {"message": "Command started", "clientId": {"$oid": "696c8119888f3b3d86f1d556"}, "command": "{\"find\": \"Proj1-Data\", \"lsid\": {\"id\": {\"$binary\": {\"base64\": \"g2bVvF4zTk2mBaPBo0tdrA==\", \"subType\": \"04\"}}}, \"$clusterTime\": {\"clusterTime\": {\"$timestamp\": {\"t\": 1768718617, \"i\": 14}}, \"signature\": {\"hash\": {\"$binary\": {\"base64\": \"CNulXBU8MC6EUAE+fxfCbVhz0Ho=\", \"subType\": \"00\"}}, \"keyId\": 7566725175656316934}}, \"$db\": \"Customer-Churn\"}", "commandName": "find", "databaseName": "Customer-Churn", "requestId": 26500, "operationId": 26500, "driverConnectionId": 1, "serverConnectionId": 104491, "serverHost": "ac-1u1vjmy-shard-00-02.djz1hts.mongodb.net", "serverPort": 27017}
[ 2026-01-18 00:43:38,901 ] pymongo.command - DEBUG - {"message": "Command succeeded", "clientId": {"$oid": "696c8119888f3b3d86f1d556"}, "durationMS": 154.395, "reply": "{\"cursor\": {\"firstBatch\": [{\"_id\": {\"$oid\": \"69694a72cfa4574c33d9bcac\"}, \"customerID\": \"7590-VHVEG\", \"gender\": \"Female\", \"Partner\": \"Yes\", \"Dependents\": \"No\", \"tenure\": 1, \"PhoneService\": \"No\", \"MultipleLines\": \"No phone service\", \"InternetService\": \"DSL\", \"OnlineSecurity\": \"No\", \"OnlineBackup\": \"Yes\", \"DeviceProtection\": \"No\", \"TechSupport\": \"No\", \"StreamingTV\": \"No\", \"StreamingMovies\": \"No\", \"Contract\": \"Month-to-month\", \"PaperlessBilling\": \"Yes\", \"PaymentMethod\": \"Electronic check\", \"MonthlyCharges\": 29.85, \"TotalCharges\": \"29.85\", \"Churn\": \"No\"}, {\"_id\": {\"$oid\": \"69694a72cfa4574c33d9bcad\"}, \"customerID\": \"5575-GNVDE\", \"gender\": \"Male\", \"Partner\": \"No\", \"Dependents\": \"No\", \"tenure\": 34, \"PhoneService\": \"Yes\", \"MultipleLines\": \"No\", \"InternetService\": \"DSL\", \"OnlineSecurity\": \"Yes\", \"OnlineBackup\": \"No\", \"DeviceProtection\": \"Yes\", \"TechSupport\": \"No\", \"StreamingTV\": \"No\", \"StreamingMovies\": \"No\", \"Contract\": \"One year\", \"PaperlessBilling\": \"No\", \"PaymentMethod\": \"Mailed check\", \"Mon...", "commandName": "find", "databaseName": "Customer-Churn", "requestId": 26500, "operationId": 26500, "driverConnectionId": 1, "serverConnectionId": 104491, "serverHost": "ac-1u1vjmy-shard-00-02.djz1hts.mongodb.net", "serverPort": 27017}
[ 2026-01-18 00:43:38,901 ] pymongo.connection - DEBUG - {"message": "Connection checked in", "clientId": {"$oid": "696c8119888f3b3d86f1d556"}, "serverHost": "ac-1u1vjmy-shard-00-02.djz1hts.mongodb.net", "serverPort": 27017, "driverConnectionId": 1}
[ 2026-01-18 00:43:38,902 ] pymongo.serverSelection - DEBUG - {"message": "Server selection started", "selector": "<function any_server_selector at 0x00000254EF0A8E00>", "operation": "getMore", "topologyDescription": "<TopologyDescription id: 696c8119888f3b3d86f1d556, topology_type: ReplicaSetWithPrimary, servers: [<ServerDescription ('ac-1u1vjmy-shard-00-00.djz1hts.mongodb.net', 27017) server_type: RSSecondary, rtt: 0.05211179982870817>, <ServerDescription ('ac-1u1vjmy-shard-00-01.djz1hts.mongodb.net', 27017) server_type: RSSecondary, rtt: 0.05525370012037456>, <ServerDescription ('ac-1u1vjmy-shard-00-02.djz1hts.mongodb.net', 27017) server_type: RSPrimary, rtt: 0.05244440003298223>]>", "clientId": {"$oid": "696c8119888f3b3d86f1d556"}}
[ 2026-01-18 00:43:38,902 ] pymongo.serverSelection - DEBUG - {"message": "Server selection succeeded", "selector": "<function any_server_selector at 0x00000254EF0A8E00>", "operation": "getMore", "topologyDescription": "<TopologyDescription id: 696c8119888f3b3d86f1d556, topology_type: ReplicaSetWithPrimary, servers: [<ServerDescription ('ac-1u1vjmy-shard-00-00.djz1hts.mongodb.net', 27017) server_type: RSSecondary, rtt: 0.05211179982870817>, <ServerDescription ('ac-1u1vjmy-shard-00-01.djz1hts.mongodb.net', 27017) server_type: RSSecondary, rtt: 0.05525370012037456>, <ServerDescription ('ac-1u1vjmy-shard-00-02.djz1hts.mongodb.net', 27017) server_type: RSPrimary, rtt: 0.05244440003298223>]>", "clientId": {"$oid": "696c8119888f3b3d86f1d556"}, "serverHost": "ac-1u1vjmy-shard-00-02.djz1hts.mongodb.net", "serverPort": 27017}
[ 2026-01-18 00:43:38,902 ] pymongo.connection - DEBUG - {"message": "Connection checkout started", "clientId": {"$oid": "696c8119888f3b3d86f1d556"}, "serverHost": "ac-1u1vjmy-shard-00-02.djz1hts.mongodb.net", "serverPort": 27017}
[ 2026-01-18 00:43:38,902 ] pymongo.connection - DEBUG - {"message": "Connection checked out", "clientId": {"$oid": "696c8119888f3b3d86f1d556"}, "serverHost": "ac-1u1vjmy-shard-00-02.djz1hts.mongodb.net", "serverPort": 27017, "driverConnectionId": 1, "durationMS": 0.00018159998580813408}
[ 2026-01-18 00:43:38,903 ] pymongo.command - DEBUG - {"message": "Command started", "clientId": {"$oid": "696c8119888f3b3d86f1d556"}, "command": "{\"getMore\": 765828865124085628, \"collection\": \"Proj1-Data\", \"lsid\": {\"id\": {\"$binary\": {\"base64\": \"g2bVvF4zTk2mBaPBo0tdrA==\", \"subType\": \"04\"}}}, \"$clusterTime\": {\"clusterTime\": {\"$timestamp\": {\"t\": 1768718617, \"i\": 14}}, \"signature\": {\"hash\": {\"$binary\": {\"base64\": \"CNulXBU8MC6EUAE+fxfCbVhz0Ho=\", \"subType\": \"00\"}}, \"keyId\": 7566725175656316934}}, \"$db\": \"Customer-Churn\"}", "commandName": "getMore", "databaseName": "Customer-Churn", "requestId": 19169, "operationId": 19169, "driverConnectionId": 1, "serverConnectionId": 104491, "serverHost": "ac-1u1vjmy-shard-00-02.djz1hts.mongodb.net", "serverPort": 27017}
[ 2026-01-18 00:43:39,356 ] pymongo.command - DEBUG - {"message": "Command succeeded", "clientId": {"$oid": "696c8119888f3b3d86f1d556"}, "durationMS": 453.887, "reply": "{\"cursor\": {\"nextBatch\": [{\"_id\": {\"$oid\": \"69694a72cfa4574c33d9bd11\"}, \"customerID\": \"3679-XASPY\", \"gender\": \"Female\", \"Partner\": \"Yes\", \"Dependents\": \"Yes\", \"tenure\": 1, \"PhoneService\": \"Yes\", \"MultipleLines\": \"No\", \"InternetService\": \"No\", \"OnlineSecurity\": \"No internet service\", \"OnlineBackup\": \"No internet service\", \"DeviceProtection\": \"No internet service\", \"TechSupport\": \"No internet service\", \"StreamingTV\": \"No internet service\", \"StreamingMovies\": \"No internet service\", \"Contract\": \"Month-to-month\", \"PaperlessBilling\": \"No\", \"PaymentMethod\": \"Electronic check\", \"MonthlyCharges\": 19.45, \"TotalCharges\": \"19.45\", \"Churn\": \"No\"}, {\"_id\": {\"$oid\": \"69694a72cfa4574c33d9bd12\"}, \"customerID\": \"7123-WQUHX\", \"gender\": \"Male\", \"Partner\": \"No\", \"Dependents\": \"No\", \"tenure\": 38, \"PhoneService\": \"Yes\", \"MultipleLines\": \"Yes\", \"InternetService\": \"Fiber optic\", \"OnlineSecurity\": \"No\", \"OnlineBackup\": \"No\", \"DeviceProtection\": \"Yes\", \"TechSupport\": \"Yes\", \"StreamingTV\": \"Yes\", \"StreamingMovies...", "commandName": "getMore", "databaseName": "Customer-Churn", "requestId": 19169, "operationId": 19169, "driverConnectionId": 1, "serverConnectionId": 104491, "serverHost": "ac-1u1vjmy-shard-00-02.djz1hts.mongodb.net", "serverPort": 27017}
[ 2026-01-18 00:43:39,357 ] pymongo.connection - DEBUG - {"message": "Connection checked in", "clientId": {"$oid": "696c8119888f3b3d86f1d556"}, "serverHost": "ac-1u1vjmy-shard-00-02.djz1hts.mongodb.net", "serverPort": 27017, "driverConnectionId": 1}
[ 2026-01-18 00:43:39,449 ] root - INFO - Shape of dataframe: (7043, 22)
[ 2026-01-18 00:43:39,451 ] root - INFO - Saving exported data into feature store file path: artifact\01_18_2026_00_43_36\data_ingestion\feature_store\WA_Fn-UseC_-Telco-Customer-Churn.csv
[ 2026-01-18 00:43:39,545 ] root - INFO - Got the data from mongodb
[ 2026-01-18 00:43:39,546 ] root - INFO - Entered split_data_as_train_test method of Data_Ingestion class
[ 2026-01-18 00:43:39,552 ] root - INFO - Performed train test split on the dataframe
[ 2026-01-18 00:43:39,553 ] root - INFO - Exited split_data_as_train_test method of Data_Ingestion class
[ 2026-01-18 00:43:39,554 ] root - INFO - Exporting train and test file path.
[ 2026-01-18 00:43:39,624 ] root - INFO - Exported train and test file path.
[ 2026-01-18 00:43:39,626 ] root - INFO - Performed train test split on the dataset
[ 2026-01-18 00:43:39,627 ] root - INFO - Exited initiate_data_ingestion method of Data_Ingestion class
[ 2026-01-18 00:43:39,627 ] root - INFO - Data ingestion artifact: DataIngestionArtifact(trained_file_path='artifact\\01_18_2026_00_43_36\\data_ingestion\\ingested\\train.csv', test_file_path='artifact\\01_18_2026_00_43_36\\data_ingestion\\ingested\\test.csv')
[ 2026-01-18 00:43:39,638 ] root - INFO - Got the train_set and test_set from mongodb
[ 2026-01-18 00:43:39,639 ] root - INFO - Exited the start_data_ingestion method of TrainPipeline class
[ 2026-01-18 00:43:39,639 ] root - INFO - Entered the start_data_validation method of TrainPipeline class
[ 2026-01-18 00:43:39,686 ] root - INFO - Starting data validation
[ 2026-01-18 00:43:39,722 ] root - INFO - Is required column present: [True]
[ 2026-01-18 00:43:39,722 ] root - INFO - All required columns present in training dataframe: True
[ 2026-01-18 00:43:39,722 ] root - INFO - Is required column present: [True]
[ 2026-01-18 00:43:39,722 ] root - INFO - All required columns present in testing dataframe: True
[ 2026-01-18 00:43:39,723 ] root - INFO - All categorical/int columns present in training dataframe: True
[ 2026-01-18 00:43:39,723 ] root - INFO - All categorical/int columns present in testing dataframe: True
[ 2026-01-18 00:43:39,725 ] root - INFO - Data validation artifact created and saved to JSON file.
[ 2026-01-18 00:43:39,726 ] root - INFO - Data validation artifact: DataValidationArtifact(validation_status=True, message='', validation_report_file_path='artifact\\01_18_2026_00_43_36\\data_validation\\report.yaml')
[ 2026-01-18 00:43:39,727 ] root - INFO - Performed the data validation operation
[ 2026-01-18 00:43:39,727 ] root - INFO - Exited the start_data_validation method of TrainPipeline class
[ 2026-01-18 00:43:40,370 ] root - INFO - Data Transformation Started !!!
[ 2026-01-18 00:43:40,406 ] root - INFO - Train-Test data loaded
[ 2026-01-18 00:43:40,410 ] root - INFO - Input and Target cols defined for both train and test df.
[ 2026-01-18 00:43:40,410 ] root - INFO - Cleaning data: handling TotalCharges
[ 2026-01-18 00:43:40,418 ] root - INFO - TotalCharges cleaned and filled missing values with median
[ 2026-01-18 00:43:40,419 ] root - INFO - Mapping 'gender' column to binary values
[ 2026-01-18 00:43:40,421 ] root - INFO - Dropping id columns
[ 2026-01-18 00:43:40,422 ] root - INFO - Dropped columns: ['_id', 'customerID']
[ 2026-01-18 00:43:40,423 ] root - INFO - Creating dummy variables for categorical features
[ 2026-01-18 00:43:40,423 ] root - INFO - Creating dummy variables for: ['Partner', 'Dependents', 'PhoneService', 'MultipleLines', 'InternetService', 'OnlineSecurity', 'OnlineBackup', 'DeviceProtection', 'TechSupport', 'StreamingTV', 'StreamingMovies', 'Contract', 'PaperlessBilling', 'PaymentMethod']
[ 2026-01-18 00:43:40,438 ] root - INFO - Renaming specific columns and casting to int
[ 2026-01-18 00:43:40,439 ] root - INFO - Cleaning data: handling TotalCharges
[ 2026-01-18 00:43:40,442 ] root - INFO - TotalCharges cleaned and filled missing values with median
[ 2026-01-18 00:43:40,443 ] root - INFO - Mapping 'gender' column to binary values
[ 2026-01-18 00:43:40,444 ] root - INFO - Dropping id columns
[ 2026-01-18 00:43:40,445 ] root - INFO - Dropped columns: ['_id', 'customerID']
[ 2026-01-18 00:43:40,445 ] root - INFO - Creating dummy variables for categorical features
[ 2026-01-18 00:43:40,446 ] root - INFO - Creating dummy variables for: ['Partner', 'Dependents', 'PhoneService', 'MultipleLines', 'InternetService', 'OnlineSecurity', 'OnlineBackup', 'DeviceProtection', 'TechSupport', 'StreamingTV', 'StreamingMovies', 'Contract', 'PaperlessBilling', 'PaymentMethod']
[ 2026-01-18 00:43:40,456 ] root - INFO - Renaming specific columns and casting to int
[ 2026-01-18 00:43:40,458 ] root - INFO - Custom transformations applied to train and test data
[ 2026-01-18 00:43:40,458 ] root - INFO - Starting data transformation
[ 2026-01-18 00:43:40,458 ] root - INFO - Numerical features for scaling: ['tenure', 'MonthlyCharges']
[ 2026-01-18 00:43:40,459 ] root - INFO - MinMax columns: ['TotalCharges']
[ 2026-01-18 00:43:40,459 ] root - INFO - Got the preprocessor object
[ 2026-01-18 00:43:40,459 ] root - INFO - Initializing transformation for Training-data
[ 2026-01-18 00:43:40,473 ] root - INFO - Initializing transformation for Testing-data
[ 2026-01-18 00:43:40,479 ] root - INFO - Transformation done end to end to train-test df.
[ 2026-01-18 00:43:40,479 ] root - INFO - Applying SMOTEENN for handling imbalanced dataset.
[ 2026-01-18 00:43:45,914 ] root - INFO - SMOTEENN applied to train-test df.
[ 2026-01-18 00:43:45,923 ] root - INFO - feature-target concatenation done for train-test df.
[ 2026-01-18 00:43:45,923 ] root - INFO - Entered the save_object method of utils
[ 2026-01-18 00:43:45,936 ] root - INFO - Exited the save_object method of utils
[ 2026-01-18 00:43:45,952 ] root - INFO - Saving transformation object and transformed files.
[ 2026-01-18 00:43:45,952 ] root - INFO - Data transformation completed successfully
[ 2026-01-18 00:43:45,965 ] root - INFO - Entered initiate_model_trainer method of ModelTrainer class
[ 2026-01-18 00:43:45,966 ] root - ERROR - Error occurred in python script: [C:\Users\kavet\OneDrive\Desktop\github\src\components\model_trainer.py] at line number [25]: Object arrays cannot be loaded when allow_pickle=False
[ 2026-01-18 00:43:45,966 ] root - ERROR - Error occurred in python script: [C:\Users\kavet\OneDrive\Desktop\github\src\components\model_trainer.py] at line number [115]: Error occurred in python script: [C:\Users\kavet\OneDrive\Desktop\github\src\components\model_trainer.py] at line number [25]: Object arrays cannot be loaded when allow_pickle=False
[ 2026-01-18 00:43:45,967 ] root - ERROR - Error occurred in python script: [C:\Users\kavet\OneDrive\Desktop\github\src\pipline\training_pipeline.py] at line number [105]: Error occurred in python script: [C:\Users\kavet\OneDrive\Desktop\github\src\components\model_trainer.py] at line number [115]: Error occurred in python script: [C:\Users\kavet\OneDrive\Desktop\github\src\components\model_trainer.py] at line number [25]: Object arrays cannot be loaded when allow_pickle=False
[ 2026-01-18 00:43:45,967 ] root - ERROR - Error occurred in python script: [C:\Users\kavet\OneDrive\Desktop\github\src\pipline\training_pipeline.py] at line number [120]: Error occurred in python script: [C:\Users\kavet\OneDrive\Desktop\github\src\pipline\training_pipeline.py] at line number [105]: Error occurred in python script: [C:\Users\kavet\OneDrive\Desktop\github\src\components\model_trainer.py] at line number [115]: Error occurred in python script: [C:\Users\kavet\OneDrive\Desktop\github\src\components\model_trainer.py] at line number [25]: Object arrays cannot be loaded when allow_pickle=False
[ 2026-01-18 00:43:46,028 ] pymongo.topology - DEBUG - {"message": "Server heartbeat failed", "topologyId": {"$oid": "696c8119888f3b3d86f1d556"}, "serverHost": "ac-1u1vjmy-shard-00-00.djz1hts.mongodb.net", "serverPort": 27017, "awaited": true, "durationMS": 7633.318800013512, "failure": "\"_OperationCancelled('operation cancelled')\"", "driverConnectionId": 1}
[ 2026-01-18 00:43:46,029 ] pymongo.topology - DEBUG - {"message": "Server heartbeat failed", "topologyId": {"$oid": "696c8119888f3b3d86f1d556"}, "serverHost": "ac-1u1vjmy-shard-00-02.djz1hts.mongodb.net", "serverPort": 27017, "awaited": true, "durationMS": 7633.931700140238, "failure": "\"_OperationCancelled('operation cancelled')\"", "driverConnectionId": 1}
[ 2026-01-18 00:43:46,479 ] pymongo.topology - DEBUG - {"message": "Server heartbeat failed", "topologyId": {"$oid": "696c8119888f3b3d86f1d556"}, "serverHost": "ac-1u1vjmy-shard-00-01.djz1hts.mongodb.net", "serverPort": 27017, "awaited": true, "durationMS": 8113.324099918827, "failure": "\"_OperationCancelled('operation cancelled')\"", "driverConnectionId": 1}
