[ 2026-01-20 15:15:15,425 ] root - DEBUG - This is a debug message.
[ 2026-01-20 15:15:15,426 ] root - INFO - This is an info message.
[ 2026-01-20 15:15:15,426 ] root - WARNING - This is a warning message.
[ 2026-01-20 15:15:15,426 ] root - ERROR - This is an error message.
[ 2026-01-20 15:15:15,426 ] root - CRITICAL - This is a critical message.
[ 2026-01-20 15:15:22,710 ] root - INFO - Entered the start_data_ingestion method of TrainPipeline class
[ 2026-01-20 15:15:22,710 ] root - INFO - Getting the data from mongodb
[ 2026-01-20 15:15:22,710 ] root - INFO - Entered initiate_data_ingestion method of Data_Ingestion class
[ 2026-01-20 15:15:22,711 ] root - INFO - Exporting data from mongodb
[ 2026-01-20 15:15:23,951 ] pymongo.topology - DEBUG - {"message": "Starting topology monitoring", "topologyId": {"$oid": "696ff06b9b686c4f9edae029"}}
[ 2026-01-20 15:15:23,951 ] pymongo.topology - DEBUG - {"message": "Topology description changed", "topologyId": {"$oid": "696ff06b9b686c4f9edae029"}, "previousDescription": "<TopologyDescription id: 696ff06b9b686c4f9edae029, topology_type: Unknown, servers: []>", "newDescription": "<TopologyDescription id: 696ff06b9b686c4f9edae029, topology_type: ReplicaSetNoPrimary, servers: [<ServerDescription ('ac-1u1vjmy-shard-00-00.djz1hts.mongodb.net', 27017) server_type: Unknown, rtt: None>, <ServerDescription ('ac-1u1vjmy-shard-00-01.djz1hts.mongodb.net', 27017) server_type: Unknown, rtt: None>, <ServerDescription ('ac-1u1vjmy-shard-00-02.djz1hts.mongodb.net', 27017) server_type: Unknown, rtt: None>]>"}
[ 2026-01-20 15:15:23,951 ] pymongo.topology - DEBUG - {"message": "Starting server monitoring", "topologyId": {"$oid": "696ff06b9b686c4f9edae029"}, "serverHost": "ac-1u1vjmy-shard-00-02.djz1hts.mongodb.net", "serverPort": 27017}
[ 2026-01-20 15:15:23,951 ] pymongo.topology - DEBUG - {"message": "Starting server monitoring", "topologyId": {"$oid": "696ff06b9b686c4f9edae029"}, "serverHost": "ac-1u1vjmy-shard-00-01.djz1hts.mongodb.net", "serverPort": 27017}
[ 2026-01-20 15:15:23,951 ] pymongo.topology - DEBUG - {"message": "Starting server monitoring", "topologyId": {"$oid": "696ff06b9b686c4f9edae029"}, "serverHost": "ac-1u1vjmy-shard-00-00.djz1hts.mongodb.net", "serverPort": 27017}
[ 2026-01-20 15:15:23,952 ] pymongo.connection - DEBUG - {"message": "Connection pool created", "clientId": {"$oid": "696ff06b9b686c4f9edae029"}, "serverHost": "ac-1u1vjmy-shard-00-02.djz1hts.mongodb.net", "serverPort": 27017}
[ 2026-01-20 15:15:23,953 ] pymongo.connection - DEBUG - {"message": "Connection pool created", "clientId": {"$oid": "696ff06b9b686c4f9edae029"}, "serverHost": "ac-1u1vjmy-shard-00-01.djz1hts.mongodb.net", "serverPort": 27017}
[ 2026-01-20 15:15:23,955 ] pymongo.connection - DEBUG - {"message": "Connection pool created", "clientId": {"$oid": "696ff06b9b686c4f9edae029"}, "serverHost": "ac-1u1vjmy-shard-00-00.djz1hts.mongodb.net", "serverPort": 27017}
[ 2026-01-20 15:15:23,956 ] root - INFO - MongoDB connection successful.
[ 2026-01-20 15:15:23,956 ] pymongo.serverSelection - DEBUG - {"message": "Server selection started", "selector": "Primary()", "operation": "find", "topologyDescription": "<TopologyDescription id: 696ff06b9b686c4f9edae029, topology_type: ReplicaSetNoPrimary, servers: [<ServerDescription ('ac-1u1vjmy-shard-00-00.djz1hts.mongodb.net', 27017) server_type: Unknown, rtt: None>, <ServerDescription ('ac-1u1vjmy-shard-00-01.djz1hts.mongodb.net', 27017) server_type: Unknown, rtt: None>, <ServerDescription ('ac-1u1vjmy-shard-00-02.djz1hts.mongodb.net', 27017) server_type: Unknown, rtt: None>]>", "clientId": {"$oid": "696ff06b9b686c4f9edae029"}}
[ 2026-01-20 15:15:23,956 ] pymongo.serverSelection - DEBUG - {"message": "Waiting for suitable server to become available", "selector": "Primary()", "operation": "find", "topologyDescription": "<TopologyDescription id: 696ff06b9b686c4f9edae029, topology_type: ReplicaSetNoPrimary, servers: [<ServerDescription ('ac-1u1vjmy-shard-00-00.djz1hts.mongodb.net', 27017) server_type: Unknown, rtt: None>, <ServerDescription ('ac-1u1vjmy-shard-00-01.djz1hts.mongodb.net', 27017) server_type: Unknown, rtt: None>, <ServerDescription ('ac-1u1vjmy-shard-00-02.djz1hts.mongodb.net', 27017) server_type: Unknown, rtt: None>]>", "clientId": {"$oid": "696ff06b9b686c4f9edae029"}, "remainingTimeMS": 29999}
[ 2026-01-20 15:15:24,225 ] pymongo.topology - DEBUG - {"message": "Server heartbeat started", "topologyId": {"$oid": "696ff06b9b686c4f9edae029"}, "driverConnectionId": 1, "serverHost": "ac-1u1vjmy-shard-00-01.djz1hts.mongodb.net", "serverPort": 27017, "awaited": false}
[ 2026-01-20 15:15:24,234 ] pymongo.topology - DEBUG - {"message": "Server heartbeat started", "topologyId": {"$oid": "696ff06b9b686c4f9edae029"}, "driverConnectionId": 1, "serverHost": "ac-1u1vjmy-shard-00-02.djz1hts.mongodb.net", "serverPort": 27017, "awaited": false}
[ 2026-01-20 15:15:24,257 ] pymongo.topology - DEBUG - {"message": "Server heartbeat started", "topologyId": {"$oid": "696ff06b9b686c4f9edae029"}, "driverConnectionId": 1, "serverHost": "ac-1u1vjmy-shard-00-00.djz1hts.mongodb.net", "serverPort": 27017, "awaited": false}
[ 2026-01-20 15:15:24,277 ] pymongo.topology - DEBUG - {"message": "Server heartbeat succeeded", "topologyId": {"$oid": "696ff06b9b686c4f9edae029"}, "driverConnectionId": 1, "serverConnectionId": 187074, "serverHost": "ac-1u1vjmy-shard-00-01.djz1hts.mongodb.net", "serverPort": 27017, "awaited": false, "durationMS": 51.75550002604723, "reply": "{\"helloOk\": true, \"topologyVersion\": {\"processId\": {\"$oid\": \"696923953f198139e3024850\"}, \"counter\": 3}, \"hosts\": [\"ac-1u1vjmy-shard-00-00.djz1hts.mongodb.net:27017\", \"ac-1u1vjmy-shard-00-01.djz1hts.mongodb.net:27017\", \"ac-1u1vjmy-shard-00-02.djz1hts.mongodb.net:27017\"], \"setName\": \"atlas-931qd7-shard-0\", \"setVersion\": 10, \"secondary\": true, \"primary\": \"ac-1u1vjmy-shard-00-02.djz1hts.mongodb.net:27017\", \"tags\": {\"nodeType\": \"ELECTABLE\", \"workloadType\": \"OPERATIONAL\", \"provider\": \"AWS\", \"diskState\": \"READY\", \"region\": \"US_EAST_1\", \"availabilityZone\": \"use1-az4\"}, \"me\": \"ac-1u1vjmy-shard-00-01.djz1hts.mongodb.net:27017\", \"lastWrite\": {\"opTime\": {\"ts\": {\"$timestamp\": {\"t\": 1768943723, \"i\": 4}}, \"t\": 15}, \"lastWriteDate\": {\"$date\": \"2026-01-20T21:15:23Z\"}, \"majorityOpTime\": {\"ts\": {\"$timestamp\": {\"t\": 1768943723, \"i\": 4}}, \"t\": 15}, \"majorityWriteDate\": {\"$date\": \"2026-01-20T21:15:23Z\"}}, \"maxBsonObjectSize\": 16777216, \"maxMessageSizeBytes\": 48000000, \"maxWriteBatchSize\": 100000, \"localTime..."}
[ 2026-01-20 15:15:24,278 ] pymongo.connection - DEBUG - {"message": "Connection pool ready", "clientId": {"$oid": "696ff06b9b686c4f9edae029"}, "serverHost": "ac-1u1vjmy-shard-00-01.djz1hts.mongodb.net", "serverPort": 27017}
[ 2026-01-20 15:15:24,278 ] pymongo.topology - DEBUG - {"message": "Topology description changed", "topologyId": {"$oid": "696ff06b9b686c4f9edae029"}, "previousDescription": "<TopologyDescription id: 696ff06b9b686c4f9edae029, topology_type: ReplicaSetNoPrimary, servers: [<ServerDescription ('ac-1u1vjmy-shard-00-00.djz1hts.mongodb.net', 27017) server_type: Unknown, rtt: None>, <ServerDescription ('ac-1u1vjmy-shard-00-01.djz1hts.mongodb.net', 27017) server_type: Unknown, rtt: None>, <ServerDescription ('ac-1u1vjmy-shard-00-02.djz1hts.mongodb.net', 27017) server_type: Unknown, rtt: None>]>", "newDescription": "<TopologyDescription id: 696ff06b9b686c4f9edae029, topology_type: ReplicaSetNoPrimary, servers: [<ServerDescription ('ac-1u1vjmy-shard-00-00.djz1hts.mongodb.net', 27017) server_type: Unknown, rtt: None>, <ServerDescription ('ac-1u1vjmy-shard-00-01.djz1hts.mongodb.net', 27017) server_type: RSSecondary, rtt: 0.05175550002604723>, <ServerDescription ('ac-1u1vjmy-shard-00-02.djz1hts.mongodb.net', 27017) server_type: Unknown, rtt: None>]>"}
[ 2026-01-20 15:15:24,279 ] pymongo.topology - DEBUG - {"message": "Server heartbeat started", "topologyId": {"$oid": "696ff06b9b686c4f9edae029"}, "driverConnectionId": 1, "serverConnectionId": 187074, "serverHost": "ac-1u1vjmy-shard-00-01.djz1hts.mongodb.net", "serverPort": 27017, "awaited": true}
[ 2026-01-20 15:15:24,294 ] pymongo.topology - DEBUG - {"message": "Server heartbeat succeeded", "topologyId": {"$oid": "696ff06b9b686c4f9edae029"}, "driverConnectionId": 1, "serverConnectionId": 196193, "serverHost": "ac-1u1vjmy-shard-00-02.djz1hts.mongodb.net", "serverPort": 27017, "awaited": false, "durationMS": 59.46110002696514, "reply": "{\"helloOk\": true, \"topologyVersion\": {\"processId\": {\"$oid\": \"6969219f082a3c516728680e\"}, \"counter\": 6}, \"hosts\": [\"ac-1u1vjmy-shard-00-00.djz1hts.mongodb.net:27017\", \"ac-1u1vjmy-shard-00-01.djz1hts.mongodb.net:27017\", \"ac-1u1vjmy-shard-00-02.djz1hts.mongodb.net:27017\"], \"setName\": \"atlas-931qd7-shard-0\", \"setVersion\": 10, \"ismaster\": true, \"primary\": \"ac-1u1vjmy-shard-00-02.djz1hts.mongodb.net:27017\", \"tags\": {\"diskState\": \"READY\", \"provider\": \"AWS\", \"nodeType\": \"ELECTABLE\", \"region\": \"US_EAST_1\", \"workloadType\": \"OPERATIONAL\", \"availabilityZone\": \"use1-az5\"}, \"me\": \"ac-1u1vjmy-shard-00-02.djz1hts.mongodb.net:27017\", \"electionId\": {\"$oid\": \"7fffffff000000000000000f\"}, \"lastWrite\": {\"opTime\": {\"ts\": {\"$timestamp\": {\"t\": 1768943723, \"i\": 4}}, \"t\": 15}, \"lastWriteDate\": {\"$date\": \"2026-01-20T21:15:23Z\"}, \"majorityOpTime\": {\"ts\": {\"$timestamp\": {\"t\": 1768943723, \"i\": 4}}, \"t\": 15}, \"majorityWriteDate\": {\"$date\": \"2026-01-20T21:15:23Z\"}}, \"maxBsonObjectSize\": 16777216, \"maxMessageSizeBytes\"..."}
[ 2026-01-20 15:15:24,294 ] pymongo.connection - DEBUG - {"message": "Connection pool ready", "clientId": {"$oid": "696ff06b9b686c4f9edae029"}, "serverHost": "ac-1u1vjmy-shard-00-02.djz1hts.mongodb.net", "serverPort": 27017}
[ 2026-01-20 15:15:24,295 ] pymongo.topology - DEBUG - {"message": "Topology description changed", "topologyId": {"$oid": "696ff06b9b686c4f9edae029"}, "previousDescription": "<TopologyDescription id: 696ff06b9b686c4f9edae029, topology_type: ReplicaSetNoPrimary, servers: [<ServerDescription ('ac-1u1vjmy-shard-00-00.djz1hts.mongodb.net', 27017) server_type: Unknown, rtt: None>, <ServerDescription ('ac-1u1vjmy-shard-00-01.djz1hts.mongodb.net', 27017) server_type: RSSecondary, rtt: 0.05175550002604723>, <ServerDescription ('ac-1u1vjmy-shard-00-02.djz1hts.mongodb.net', 27017) server_type: Unknown, rtt: None>]>", "newDescription": "<TopologyDescription id: 696ff06b9b686c4f9edae029, topology_type: ReplicaSetWithPrimary, servers: [<ServerDescription ('ac-1u1vjmy-shard-00-00.djz1hts.mongodb.net', 27017) server_type: Unknown, rtt: None>, <ServerDescription ('ac-1u1vjmy-shard-00-01.djz1hts.mongodb.net', 27017) server_type: RSSecondary, rtt: 0.05175550002604723>, <ServerDescription ('ac-1u1vjmy-shard-00-02.djz1hts.mongodb.net', 27017) server_type: RSPrimary, rtt: 0.05946110002696514>]>"}
[ 2026-01-20 15:15:24,295 ] pymongo.serverSelection - DEBUG - {"message": "Server selection succeeded", "selector": "Primary()", "operation": "find", "topologyDescription": "<TopologyDescription id: 696ff06b9b686c4f9edae029, topology_type: ReplicaSetWithPrimary, servers: [<ServerDescription ('ac-1u1vjmy-shard-00-00.djz1hts.mongodb.net', 27017) server_type: Unknown, rtt: None>, <ServerDescription ('ac-1u1vjmy-shard-00-01.djz1hts.mongodb.net', 27017) server_type: RSSecondary, rtt: 0.05175550002604723>, <ServerDescription ('ac-1u1vjmy-shard-00-02.djz1hts.mongodb.net', 27017) server_type: RSPrimary, rtt: 0.05946110002696514>]>", "clientId": {"$oid": "696ff06b9b686c4f9edae029"}, "serverHost": "ac-1u1vjmy-shard-00-02.djz1hts.mongodb.net", "serverPort": 27017}
[ 2026-01-20 15:15:24,295 ] pymongo.connection - DEBUG - {"message": "Connection checkout started", "clientId": {"$oid": "696ff06b9b686c4f9edae029"}, "serverHost": "ac-1u1vjmy-shard-00-02.djz1hts.mongodb.net", "serverPort": 27017}
[ 2026-01-20 15:15:24,296 ] pymongo.connection - DEBUG - {"message": "Connection created", "clientId": {"$oid": "696ff06b9b686c4f9edae029"}, "serverHost": "ac-1u1vjmy-shard-00-02.djz1hts.mongodb.net", "serverPort": 27017, "driverConnectionId": 1}
[ 2026-01-20 15:15:24,296 ] pymongo.topology - DEBUG - {"message": "Server heartbeat started", "topologyId": {"$oid": "696ff06b9b686c4f9edae029"}, "driverConnectionId": 1, "serverConnectionId": 196193, "serverHost": "ac-1u1vjmy-shard-00-02.djz1hts.mongodb.net", "serverPort": 27017, "awaited": true}
[ 2026-01-20 15:15:24,311 ] pymongo.topology - DEBUG - {"message": "Server heartbeat succeeded", "topologyId": {"$oid": "696ff06b9b686c4f9edae029"}, "driverConnectionId": 1, "serverConnectionId": 189707, "serverHost": "ac-1u1vjmy-shard-00-00.djz1hts.mongodb.net", "serverPort": 27017, "awaited": false, "durationMS": 54.28469995968044, "reply": "{\"helloOk\": true, \"topologyVersion\": {\"processId\": {\"$oid\": \"69691fb9146e75e66ebab7e3\"}, \"counter\": 4}, \"hosts\": [\"ac-1u1vjmy-shard-00-00.djz1hts.mongodb.net:27017\", \"ac-1u1vjmy-shard-00-01.djz1hts.mongodb.net:27017\", \"ac-1u1vjmy-shard-00-02.djz1hts.mongodb.net:27017\"], \"setName\": \"atlas-931qd7-shard-0\", \"setVersion\": 10, \"secondary\": true, \"primary\": \"ac-1u1vjmy-shard-00-02.djz1hts.mongodb.net:27017\", \"tags\": {\"diskState\": \"READY\", \"region\": \"US_EAST_1\", \"nodeType\": \"ELECTABLE\", \"workloadType\": \"OPERATIONAL\", \"provider\": \"AWS\", \"availabilityZone\": \"use1-az2\"}, \"me\": \"ac-1u1vjmy-shard-00-00.djz1hts.mongodb.net:27017\", \"lastWrite\": {\"opTime\": {\"ts\": {\"$timestamp\": {\"t\": 1768943723, \"i\": 4}}, \"t\": 15}, \"lastWriteDate\": {\"$date\": \"2026-01-20T21:15:23Z\"}, \"majorityOpTime\": {\"ts\": {\"$timestamp\": {\"t\": 1768943723, \"i\": 4}}, \"t\": 15}, \"majorityWriteDate\": {\"$date\": \"2026-01-20T21:15:23Z\"}}, \"maxBsonObjectSize\": 16777216, \"maxMessageSizeBytes\": 48000000, \"maxWriteBatchSize\": 100000, \"localTime..."}
[ 2026-01-20 15:15:24,312 ] pymongo.connection - DEBUG - {"message": "Connection pool ready", "clientId": {"$oid": "696ff06b9b686c4f9edae029"}, "serverHost": "ac-1u1vjmy-shard-00-00.djz1hts.mongodb.net", "serverPort": 27017}
[ 2026-01-20 15:15:24,312 ] pymongo.topology - DEBUG - {"message": "Topology description changed", "topologyId": {"$oid": "696ff06b9b686c4f9edae029"}, "previousDescription": "<TopologyDescription id: 696ff06b9b686c4f9edae029, topology_type: ReplicaSetWithPrimary, servers: [<ServerDescription ('ac-1u1vjmy-shard-00-00.djz1hts.mongodb.net', 27017) server_type: Unknown, rtt: None>, <ServerDescription ('ac-1u1vjmy-shard-00-01.djz1hts.mongodb.net', 27017) server_type: RSSecondary, rtt: 0.05175550002604723>, <ServerDescription ('ac-1u1vjmy-shard-00-02.djz1hts.mongodb.net', 27017) server_type: RSPrimary, rtt: 0.05946110002696514>]>", "newDescription": "<TopologyDescription id: 696ff06b9b686c4f9edae029, topology_type: ReplicaSetWithPrimary, servers: [<ServerDescription ('ac-1u1vjmy-shard-00-00.djz1hts.mongodb.net', 27017) server_type: RSSecondary, rtt: 0.05428469995968044>, <ServerDescription ('ac-1u1vjmy-shard-00-01.djz1hts.mongodb.net', 27017) server_type: RSSecondary, rtt: 0.05175550002604723>, <ServerDescription ('ac-1u1vjmy-shard-00-02.djz1hts.mongodb.net', 27017) server_type: RSPrimary, rtt: 0.05946110002696514>]>"}
[ 2026-01-20 15:15:24,313 ] pymongo.topology - DEBUG - {"message": "Server heartbeat started", "topologyId": {"$oid": "696ff06b9b686c4f9edae029"}, "driverConnectionId": 1, "serverConnectionId": 189707, "serverHost": "ac-1u1vjmy-shard-00-00.djz1hts.mongodb.net", "serverPort": 27017, "awaited": true}
[ 2026-01-20 15:15:24,642 ] pymongo.connection - DEBUG - {"message": "Connection ready", "clientId": {"$oid": "696ff06b9b686c4f9edae029"}, "serverHost": "ac-1u1vjmy-shard-00-02.djz1hts.mongodb.net", "serverPort": 27017, "driverConnectionId": 1, "durationMS": 0.1941013999748975}
[ 2026-01-20 15:15:24,642 ] pymongo.connection - DEBUG - {"message": "Connection checked out", "clientId": {"$oid": "696ff06b9b686c4f9edae029"}, "serverHost": "ac-1u1vjmy-shard-00-02.djz1hts.mongodb.net", "serverPort": 27017, "driverConnectionId": 1, "durationMS": 0.3471315000206232}
[ 2026-01-20 15:15:24,643 ] pymongo.command - DEBUG - {"message": "Command started", "clientId": {"$oid": "696ff06b9b686c4f9edae029"}, "command": "{\"find\": \"Proj1-Data\", \"lsid\": {\"id\": {\"$binary\": {\"base64\": \"PjD2n5XuSuqapZYupSVbzQ==\", \"subType\": \"04\"}}}, \"$clusterTime\": {\"clusterTime\": {\"$timestamp\": {\"t\": 1768943724, \"i\": 7}}, \"signature\": {\"hash\": {\"$binary\": {\"base64\": \"1HSnwcHSbYIDDI/ZC1ABxkZP20c=\", \"subType\": \"00\"}}, \"keyId\": 7566725175656316934}}, \"$db\": \"Customer-Churn\"}", "commandName": "find", "databaseName": "Customer-Churn", "requestId": 26500, "operationId": 26500, "driverConnectionId": 1, "serverConnectionId": 196164, "serverHost": "ac-1u1vjmy-shard-00-02.djz1hts.mongodb.net", "serverPort": 27017}
[ 2026-01-20 15:15:24,790 ] pymongo.command - DEBUG - {"message": "Command succeeded", "clientId": {"$oid": "696ff06b9b686c4f9edae029"}, "durationMS": 147.761, "reply": "{\"cursor\": {\"firstBatch\": [{\"_id\": {\"$oid\": \"69694a72cfa4574c33d9bcac\"}, \"customerID\": \"7590-VHVEG\", \"gender\": \"Female\", \"Partner\": \"Yes\", \"Dependents\": \"No\", \"tenure\": 1, \"PhoneService\": \"No\", \"MultipleLines\": \"No phone service\", \"InternetService\": \"DSL\", \"OnlineSecurity\": \"No\", \"OnlineBackup\": \"Yes\", \"DeviceProtection\": \"No\", \"TechSupport\": \"No\", \"StreamingTV\": \"No\", \"StreamingMovies\": \"No\", \"Contract\": \"Month-to-month\", \"PaperlessBilling\": \"Yes\", \"PaymentMethod\": \"Electronic check\", \"MonthlyCharges\": 29.85, \"TotalCharges\": \"29.85\", \"Churn\": \"No\"}, {\"_id\": {\"$oid\": \"69694a72cfa4574c33d9bcad\"}, \"customerID\": \"5575-GNVDE\", \"gender\": \"Male\", \"Partner\": \"No\", \"Dependents\": \"No\", \"tenure\": 34, \"PhoneService\": \"Yes\", \"MultipleLines\": \"No\", \"InternetService\": \"DSL\", \"OnlineSecurity\": \"Yes\", \"OnlineBackup\": \"No\", \"DeviceProtection\": \"Yes\", \"TechSupport\": \"No\", \"StreamingTV\": \"No\", \"StreamingMovies\": \"No\", \"Contract\": \"One year\", \"PaperlessBilling\": \"No\", \"PaymentMethod\": \"Mailed check\", \"Mon...", "commandName": "find", "databaseName": "Customer-Churn", "requestId": 26500, "operationId": 26500, "driverConnectionId": 1, "serverConnectionId": 196164, "serverHost": "ac-1u1vjmy-shard-00-02.djz1hts.mongodb.net", "serverPort": 27017}
[ 2026-01-20 15:15:24,791 ] pymongo.connection - DEBUG - {"message": "Connection checked in", "clientId": {"$oid": "696ff06b9b686c4f9edae029"}, "serverHost": "ac-1u1vjmy-shard-00-02.djz1hts.mongodb.net", "serverPort": 27017, "driverConnectionId": 1}
[ 2026-01-20 15:15:24,791 ] pymongo.serverSelection - DEBUG - {"message": "Server selection started", "selector": "<function any_server_selector at 0x00000275044696C0>", "operation": "getMore", "topologyDescription": "<TopologyDescription id: 696ff06b9b686c4f9edae029, topology_type: ReplicaSetWithPrimary, servers: [<ServerDescription ('ac-1u1vjmy-shard-00-00.djz1hts.mongodb.net', 27017) server_type: RSSecondary, rtt: 0.05428469995968044>, <ServerDescription ('ac-1u1vjmy-shard-00-01.djz1hts.mongodb.net', 27017) server_type: RSSecondary, rtt: 0.05175550002604723>, <ServerDescription ('ac-1u1vjmy-shard-00-02.djz1hts.mongodb.net', 27017) server_type: RSPrimary, rtt: 0.05946110002696514>]>", "clientId": {"$oid": "696ff06b9b686c4f9edae029"}}
[ 2026-01-20 15:15:24,792 ] pymongo.serverSelection - DEBUG - {"message": "Server selection succeeded", "selector": "<function any_server_selector at 0x00000275044696C0>", "operation": "getMore", "topologyDescription": "<TopologyDescription id: 696ff06b9b686c4f9edae029, topology_type: ReplicaSetWithPrimary, servers: [<ServerDescription ('ac-1u1vjmy-shard-00-00.djz1hts.mongodb.net', 27017) server_type: RSSecondary, rtt: 0.05428469995968044>, <ServerDescription ('ac-1u1vjmy-shard-00-01.djz1hts.mongodb.net', 27017) server_type: RSSecondary, rtt: 0.05175550002604723>, <ServerDescription ('ac-1u1vjmy-shard-00-02.djz1hts.mongodb.net', 27017) server_type: RSPrimary, rtt: 0.05946110002696514>]>", "clientId": {"$oid": "696ff06b9b686c4f9edae029"}, "serverHost": "ac-1u1vjmy-shard-00-02.djz1hts.mongodb.net", "serverPort": 27017}
[ 2026-01-20 15:15:24,792 ] pymongo.connection - DEBUG - {"message": "Connection checkout started", "clientId": {"$oid": "696ff06b9b686c4f9edae029"}, "serverHost": "ac-1u1vjmy-shard-00-02.djz1hts.mongodb.net", "serverPort": 27017}
[ 2026-01-20 15:15:24,792 ] pymongo.connection - DEBUG - {"message": "Connection checked out", "clientId": {"$oid": "696ff06b9b686c4f9edae029"}, "serverHost": "ac-1u1vjmy-shard-00-02.djz1hts.mongodb.net", "serverPort": 27017, "driverConnectionId": 1, "durationMS": 0.00012059998698532581}
[ 2026-01-20 15:15:24,792 ] pymongo.command - DEBUG - {"message": "Command started", "clientId": {"$oid": "696ff06b9b686c4f9edae029"}, "command": "{\"getMore\": 6307210854781807767, \"collection\": \"Proj1-Data\", \"lsid\": {\"id\": {\"$binary\": {\"base64\": \"PjD2n5XuSuqapZYupSVbzQ==\", \"subType\": \"04\"}}}, \"$clusterTime\": {\"clusterTime\": {\"$timestamp\": {\"t\": 1768943724, \"i\": 15}}, \"signature\": {\"hash\": {\"$binary\": {\"base64\": \"1HSnwcHSbYIDDI/ZC1ABxkZP20c=\", \"subType\": \"00\"}}, \"keyId\": 7566725175656316934}}, \"$db\": \"Customer-Churn\"}", "commandName": "getMore", "databaseName": "Customer-Churn", "requestId": 19169, "operationId": 19169, "driverConnectionId": 1, "serverConnectionId": 196164, "serverHost": "ac-1u1vjmy-shard-00-02.djz1hts.mongodb.net", "serverPort": 27017}
[ 2026-01-20 15:15:25,287 ] pymongo.command - DEBUG - {"message": "Command succeeded", "clientId": {"$oid": "696ff06b9b686c4f9edae029"}, "durationMS": 494.546, "reply": "{\"cursor\": {\"nextBatch\": [{\"_id\": {\"$oid\": \"69694a72cfa4574c33d9bd11\"}, \"customerID\": \"3679-XASPY\", \"gender\": \"Female\", \"Partner\": \"Yes\", \"Dependents\": \"Yes\", \"tenure\": 1, \"PhoneService\": \"Yes\", \"MultipleLines\": \"No\", \"InternetService\": \"No\", \"OnlineSecurity\": \"No internet service\", \"OnlineBackup\": \"No internet service\", \"DeviceProtection\": \"No internet service\", \"TechSupport\": \"No internet service\", \"StreamingTV\": \"No internet service\", \"StreamingMovies\": \"No internet service\", \"Contract\": \"Month-to-month\", \"PaperlessBilling\": \"No\", \"PaymentMethod\": \"Electronic check\", \"MonthlyCharges\": 19.45, \"TotalCharges\": \"19.45\", \"Churn\": \"No\"}, {\"_id\": {\"$oid\": \"69694a72cfa4574c33d9bd12\"}, \"customerID\": \"7123-WQUHX\", \"gender\": \"Male\", \"Partner\": \"No\", \"Dependents\": \"No\", \"tenure\": 38, \"PhoneService\": \"Yes\", \"MultipleLines\": \"Yes\", \"InternetService\": \"Fiber optic\", \"OnlineSecurity\": \"No\", \"OnlineBackup\": \"No\", \"DeviceProtection\": \"Yes\", \"TechSupport\": \"Yes\", \"StreamingTV\": \"Yes\", \"StreamingMovies...", "commandName": "getMore", "databaseName": "Customer-Churn", "requestId": 19169, "operationId": 19169, "driverConnectionId": 1, "serverConnectionId": 196164, "serverHost": "ac-1u1vjmy-shard-00-02.djz1hts.mongodb.net", "serverPort": 27017}
[ 2026-01-20 15:15:25,287 ] pymongo.connection - DEBUG - {"message": "Connection checked in", "clientId": {"$oid": "696ff06b9b686c4f9edae029"}, "serverHost": "ac-1u1vjmy-shard-00-02.djz1hts.mongodb.net", "serverPort": 27017, "driverConnectionId": 1}
[ 2026-01-20 15:15:25,346 ] root - INFO - Shape of dataframe: (7043, 22)
[ 2026-01-20 15:15:25,348 ] root - INFO - Saving exported data into feature store file path: artifact\01_20_2026_15_15_21\data_ingestion\feature_store\WA_Fn-UseC_-Telco-Customer-Churn.csv
[ 2026-01-20 15:15:25,414 ] root - INFO - Got the data from mongodb
[ 2026-01-20 15:15:25,415 ] root - INFO - Entered split_data_as_train_test method of Data_Ingestion class
[ 2026-01-20 15:15:25,421 ] root - INFO - Performed train test split on the dataframe
[ 2026-01-20 15:15:25,421 ] root - INFO - Exited split_data_as_train_test method of Data_Ingestion class
[ 2026-01-20 15:15:25,422 ] root - INFO - Exporting train and test file path.
[ 2026-01-20 15:15:25,480 ] root - INFO - Exported train and test file path.
[ 2026-01-20 15:15:25,483 ] root - INFO - Performed train test split on the dataset
[ 2026-01-20 15:15:25,483 ] root - INFO - Exited initiate_data_ingestion method of Data_Ingestion class
[ 2026-01-20 15:15:25,484 ] root - INFO - Data ingestion artifact: DataIngestionArtifact(trained_file_path='artifact\\01_20_2026_15_15_21\\data_ingestion\\ingested\\train.csv', test_file_path='artifact\\01_20_2026_15_15_21\\data_ingestion\\ingested\\test.csv')
[ 2026-01-20 15:15:25,490 ] root - INFO - Got the train_set and test_set from mongodb
[ 2026-01-20 15:15:25,490 ] root - INFO - Exited the start_data_ingestion method of TrainPipeline class
[ 2026-01-20 15:15:25,490 ] root - INFO - Entered the start_data_validation method of TrainPipeline class
[ 2026-01-20 15:15:25,498 ] root - INFO - Starting data validation
[ 2026-01-20 15:15:25,525 ] root - INFO - Is required column present: [True]
[ 2026-01-20 15:15:25,525 ] root - INFO - All required columns present in training dataframe: True
[ 2026-01-20 15:15:25,525 ] root - INFO - Is required column present: [True]
[ 2026-01-20 15:15:25,525 ] root - INFO - All required columns present in testing dataframe: True
[ 2026-01-20 15:15:25,525 ] root - INFO - All categorical/int columns present in training dataframe: True
[ 2026-01-20 15:15:25,526 ] root - INFO - All categorical/int columns present in testing dataframe: True
[ 2026-01-20 15:15:25,527 ] root - INFO - Data validation artifact created and saved to JSON file.
[ 2026-01-20 15:15:25,527 ] root - INFO - Data validation artifact: DataValidationArtifact(validation_status=True, message='', validation_report_file_path='artifact\\01_20_2026_15_15_21\\data_validation\\report.yaml')
[ 2026-01-20 15:15:25,528 ] root - INFO - Performed the data validation operation
[ 2026-01-20 15:15:25,528 ] root - INFO - Exited the start_data_validation method of TrainPipeline class
[ 2026-01-20 15:15:26,708 ] root - INFO - Data Transformation Started !!!
[ 2026-01-20 15:15:26,740 ] root - INFO - Train-Test data loaded
[ 2026-01-20 15:15:26,743 ] root - INFO - Input and Target cols defined for both train and test df.
[ 2026-01-20 15:15:26,743 ] root - INFO - Cleaning data: handling TotalCharges
[ 2026-01-20 15:15:26,750 ] root - INFO - TotalCharges cleaned and filled missing values with median
[ 2026-01-20 15:15:26,750 ] root - INFO - Mapping 'gender' column to binary values
[ 2026-01-20 15:15:26,751 ] root - INFO - Dropping id columns
[ 2026-01-20 15:15:26,753 ] root - INFO - Dropped columns: ['_id', 'customerID']
[ 2026-01-20 15:15:26,753 ] root - INFO - Creating dummy variables for categorical features
[ 2026-01-20 15:15:26,753 ] root - INFO - Creating dummy variables for: ['Partner', 'Dependents', 'PhoneService', 'MultipleLines', 'InternetService', 'OnlineSecurity', 'OnlineBackup', 'DeviceProtection', 'TechSupport', 'StreamingTV', 'StreamingMovies', 'Contract', 'PaperlessBilling', 'PaymentMethod']
[ 2026-01-20 15:15:26,766 ] root - INFO - Renaming specific columns and casting to int
[ 2026-01-20 15:15:26,767 ] root - INFO - Cleaning data: handling TotalCharges
[ 2026-01-20 15:15:26,769 ] root - INFO - TotalCharges cleaned and filled missing values with median
[ 2026-01-20 15:15:26,769 ] root - INFO - Mapping 'gender' column to binary values
[ 2026-01-20 15:15:26,770 ] root - INFO - Dropping id columns
[ 2026-01-20 15:15:26,771 ] root - INFO - Dropped columns: ['_id', 'customerID']
[ 2026-01-20 15:15:26,771 ] root - INFO - Creating dummy variables for categorical features
[ 2026-01-20 15:15:26,771 ] root - INFO - Creating dummy variables for: ['Partner', 'Dependents', 'PhoneService', 'MultipleLines', 'InternetService', 'OnlineSecurity', 'OnlineBackup', 'DeviceProtection', 'TechSupport', 'StreamingTV', 'StreamingMovies', 'Contract', 'PaperlessBilling', 'PaymentMethod']
[ 2026-01-20 15:15:26,778 ] root - INFO - Renaming specific columns and casting to int
[ 2026-01-20 15:15:26,779 ] root - INFO - Custom transformations applied to train and test data
[ 2026-01-20 15:15:26,779 ] root - INFO - Starting data transformation
[ 2026-01-20 15:15:26,779 ] root - INFO - Numerical features for scaling: ['tenure', 'MonthlyCharges']
[ 2026-01-20 15:15:26,779 ] root - INFO - MinMax columns: ['TotalCharges']
[ 2026-01-20 15:15:26,780 ] root - INFO - Got the preprocessor object
[ 2026-01-20 15:15:26,780 ] root - INFO - Initializing transformation for Training-data
[ 2026-01-20 15:15:26,792 ] root - INFO - Initializing transformation for Testing-data
[ 2026-01-20 15:15:26,797 ] root - INFO - Transformation done end to end to train-test df.
[ 2026-01-20 15:15:26,797 ] root - INFO - Applying SMOTEENN for handling imbalanced dataset.
[ 2026-01-20 15:15:28,594 ] root - INFO - SMOTEENN applied to train-test df.
[ 2026-01-20 15:15:28,602 ] root - INFO - feature-target concatenation done for train-test df.
[ 2026-01-20 15:15:28,603 ] root - INFO - Entered the save_object method of utils
[ 2026-01-20 15:15:28,607 ] root - INFO - Exited the save_object method of utils
[ 2026-01-20 15:15:28,619 ] root - INFO - Saving transformation object and transformed files.
[ 2026-01-20 15:15:28,619 ] root - INFO - Data transformation completed successfully
[ 2026-01-20 15:15:33,304 ] root - INFO - Entered initiate_model_trainer method of ModelTrainer class
[ 2026-01-20 15:15:33,317 ] root - INFO - train-test data loaded
[ 2026-01-20 15:15:33,320 ] root - INFO - Training XGBoost classifier
[ 2026-01-20 15:15:33,757 ] root - INFO - Training RandomForest classifier
[ 2026-01-20 15:15:34,332 ] pymongo.topology - DEBUG - {"message": "Server heartbeat succeeded", "topologyId": {"$oid": "696ff06b9b686c4f9edae029"}, "driverConnectionId": 1, "serverConnectionId": 187074, "serverHost": "ac-1u1vjmy-shard-00-01.djz1hts.mongodb.net", "serverPort": 27017, "awaited": true, "durationMS": 10052.552500041202, "reply": "{\"topologyVersion\": {\"processId\": {\"$oid\": \"696923953f198139e3024850\"}, \"counter\": 3}, \"hosts\": [\"ac-1u1vjmy-shard-00-00.djz1hts.mongodb.net:27017\", \"ac-1u1vjmy-shard-00-01.djz1hts.mongodb.net:27017\", \"ac-1u1vjmy-shard-00-02.djz1hts.mongodb.net:27017\"], \"setName\": \"atlas-931qd7-shard-0\", \"setVersion\": 10, \"secondary\": true, \"primary\": \"ac-1u1vjmy-shard-00-02.djz1hts.mongodb.net:27017\", \"tags\": {\"workloadType\": \"OPERATIONAL\", \"provider\": \"AWS\", \"region\": \"US_EAST_1\", \"availabilityZone\": \"use1-az4\", \"nodeType\": \"ELECTABLE\", \"diskState\": \"READY\"}, \"me\": \"ac-1u1vjmy-shard-00-01.djz1hts.mongodb.net:27017\", \"lastWrite\": {\"opTime\": {\"ts\": {\"$timestamp\": {\"t\": 1768943734, \"i\": 1}}, \"t\": 15}, \"lastWriteDate\": {\"$date\": \"2026-01-20T21:15:34Z\"}, \"majorityOpTime\": {\"ts\": {\"$timestamp\": {\"t\": 1768943734, \"i\": 1}}, \"t\": 15}, \"majorityWriteDate\": {\"$date\": \"2026-01-20T21:15:34Z\"}}, \"maxBsonObjectSize\": 16777216, \"maxMessageSizeBytes\": 48000000, \"maxWriteBatchSize\": 100000, \"localTime\": {\"$date\": \"202..."}
[ 2026-01-20 15:15:34,333 ] pymongo.topology - DEBUG - {"message": "Server heartbeat started", "topologyId": {"$oid": "696ff06b9b686c4f9edae029"}, "driverConnectionId": 1, "serverConnectionId": 187074, "serverHost": "ac-1u1vjmy-shard-00-01.djz1hts.mongodb.net", "serverPort": 27017, "awaited": true}
[ 2026-01-20 15:15:34,364 ] pymongo.topology - DEBUG - {"message": "Server heartbeat succeeded", "topologyId": {"$oid": "696ff06b9b686c4f9edae029"}, "driverConnectionId": 1, "serverConnectionId": 196197, "serverHost": "ac-1u1vjmy-shard-00-02.djz1hts.mongodb.net", "serverPort": 27017, "awaited": true, "durationMS": 10067.43250018917, "reply": "{\"topologyVersion\": {\"processId\": {\"$oid\": \"6969219f082a3c516728680e\"}, \"counter\": 6}, \"hosts\": [\"ac-1u1vjmy-shard-00-00.djz1hts.mongodb.net:27017\", \"ac-1u1vjmy-shard-00-01.djz1hts.mongodb.net:27017\", \"ac-1u1vjmy-shard-00-02.djz1hts.mongodb.net:27017\"], \"setName\": \"atlas-931qd7-shard-0\", \"setVersion\": 10, \"isWritablePrimary\": true, \"primary\": \"ac-1u1vjmy-shard-00-02.djz1hts.mongodb.net:27017\", \"tags\": {\"region\": \"US_EAST_1\", \"diskState\": \"READY\", \"workloadType\": \"OPERATIONAL\", \"availabilityZone\": \"use1-az5\", \"nodeType\": \"ELECTABLE\", \"provider\": \"AWS\"}, \"me\": \"ac-1u1vjmy-shard-00-02.djz1hts.mongodb.net:27017\", \"electionId\": {\"$oid\": \"7fffffff000000000000000f\"}, \"lastWrite\": {\"opTime\": {\"ts\": {\"$timestamp\": {\"t\": 1768943734, \"i\": 1}}, \"t\": 15}, \"lastWriteDate\": {\"$date\": \"2026-01-20T21:15:34Z\"}, \"majorityOpTime\": {\"ts\": {\"$timestamp\": {\"t\": 1768943734, \"i\": 1}}, \"t\": 15}, \"majorityWriteDate\": {\"$date\": \"2026-01-20T21:15:34Z\"}}, \"maxBsonObjectSize\": 16777216, \"maxMessageSizeBytes\": 480000..."}
[ 2026-01-20 15:15:34,364 ] pymongo.topology - DEBUG - {"message": "Server heartbeat started", "topologyId": {"$oid": "696ff06b9b686c4f9edae029"}, "driverConnectionId": 1, "serverConnectionId": 196197, "serverHost": "ac-1u1vjmy-shard-00-02.djz1hts.mongodb.net", "serverPort": 27017, "awaited": true}
[ 2026-01-20 15:15:34,367 ] pymongo.topology - DEBUG - {"message": "Server heartbeat succeeded", "topologyId": {"$oid": "696ff06b9b686c4f9edae029"}, "driverConnectionId": 1, "serverConnectionId": 189706, "serverHost": "ac-1u1vjmy-shard-00-00.djz1hts.mongodb.net", "serverPort": 27017, "awaited": true, "durationMS": 10053.858899977058, "reply": "{\"topologyVersion\": {\"processId\": {\"$oid\": \"69691fb9146e75e66ebab7e3\"}, \"counter\": 4}, \"hosts\": [\"ac-1u1vjmy-shard-00-00.djz1hts.mongodb.net:27017\", \"ac-1u1vjmy-shard-00-01.djz1hts.mongodb.net:27017\", \"ac-1u1vjmy-shard-00-02.djz1hts.mongodb.net:27017\"], \"setName\": \"atlas-931qd7-shard-0\", \"setVersion\": 10, \"secondary\": true, \"primary\": \"ac-1u1vjmy-shard-00-02.djz1hts.mongodb.net:27017\", \"tags\": {\"workloadType\": \"OPERATIONAL\", \"nodeType\": \"ELECTABLE\", \"region\": \"US_EAST_1\", \"diskState\": \"READY\", \"availabilityZone\": \"use1-az2\", \"provider\": \"AWS\"}, \"me\": \"ac-1u1vjmy-shard-00-00.djz1hts.mongodb.net:27017\", \"lastWrite\": {\"opTime\": {\"ts\": {\"$timestamp\": {\"t\": 1768943734, \"i\": 1}}, \"t\": 15}, \"lastWriteDate\": {\"$date\": \"2026-01-20T21:15:34Z\"}, \"majorityOpTime\": {\"ts\": {\"$timestamp\": {\"t\": 1768943734, \"i\": 1}}, \"t\": 15}, \"majorityWriteDate\": {\"$date\": \"2026-01-20T21:15:34Z\"}}, \"maxBsonObjectSize\": 16777216, \"maxMessageSizeBytes\": 48000000, \"maxWriteBatchSize\": 100000, \"localTime\": {\"$date\": \"202..."}
[ 2026-01-20 15:15:34,368 ] pymongo.topology - DEBUG - {"message": "Server heartbeat started", "topologyId": {"$oid": "696ff06b9b686c4f9edae029"}, "driverConnectionId": 1, "serverConnectionId": 189706, "serverHost": "ac-1u1vjmy-shard-00-00.djz1hts.mongodb.net", "serverPort": 27017, "awaited": true}
[ 2026-01-20 15:15:34,440 ] root - INFO - Training ANN classifier
[ 2026-01-20 15:15:41,162 ] root - INFO - Selected xgboost based on validation f1: 0.9415
[ 2026-01-20 15:15:41,163 ] root - INFO - Model object and artifact loaded.
[ 2026-01-20 15:15:41,164 ] root - INFO - Preprocessing obj loaded.
[ 2026-01-20 15:15:41,188 ] root - INFO - Saving new model as performace is better than previous one.
[ 2026-01-20 15:15:41,204 ] root - INFO - Saved final model object that includes both preprocessing and the trained model
[ 2026-01-20 15:15:41,204 ] root - INFO - Model trainer artifact: ModelTrainerArtifact(trained_model_file_path='artifact\\01_20_2026_15_15_21\\model_trainer\\trained_model\\model.pkl', metric_artifact=ClassificationMetricArtifact(f1_score=0.9414893617021277, precision_score=0.959349593495935, recall_score=0.9242819843342036))
[ 2026-01-20 15:15:41,209 ] root - INFO - Initialized Model Evaluation Component.
[ 2026-01-20 15:15:41,226 ] root - INFO - Test data loaded and now transforming it for prediction...
[ 2026-01-20 15:15:41,226 ] root - INFO - Mapping 'gender' column to binary values
[ 2026-01-20 15:15:41,228 ] root - INFO - Dropping 'id' column
[ 2026-01-20 15:15:41,229 ] root - INFO - Creating dummy variables for categorical features
[ 2026-01-20 15:15:41,254 ] root - INFO - Renaming specific columns and casting to int
[ 2026-01-20 15:15:41,272 ] root - INFO - Trained model loaded/exists.
[ 2026-01-20 15:15:41,273 ] root - INFO - F1_Score for this model: 0.9414893617021277
[ 2026-01-20 15:15:41,274 ] botocore.hooks - DEBUG - Changing event name from creating-client-class.iot-data to creating-client-class.iot-data-plane
[ 2026-01-20 15:15:41,278 ] botocore.hooks - DEBUG - Changing event name from before-call.apigateway to before-call.api-gateway
[ 2026-01-20 15:15:41,279 ] botocore.hooks - DEBUG - Changing event name from request-created.machinelearning.Predict to request-created.machine-learning.Predict
[ 2026-01-20 15:15:41,281 ] botocore.hooks - DEBUG - Changing event name from before-parameter-build.autoscaling.CreateLaunchConfiguration to before-parameter-build.auto-scaling.CreateLaunchConfiguration
[ 2026-01-20 15:15:41,281 ] botocore.hooks - DEBUG - Changing event name from before-parameter-build.route53 to before-parameter-build.route-53
[ 2026-01-20 15:15:41,282 ] botocore.hooks - DEBUG - Changing event name from request-created.cloudsearchdomain.Search to request-created.cloudsearch-domain.Search
[ 2026-01-20 15:15:41,283 ] botocore.hooks - DEBUG - Changing event name from docs.*.autoscaling.CreateLaunchConfiguration.complete-section to docs.*.auto-scaling.CreateLaunchConfiguration.complete-section
[ 2026-01-20 15:15:41,287 ] botocore.hooks - DEBUG - Changing event name from before-parameter-build.logs.CreateExportTask to before-parameter-build.cloudwatch-logs.CreateExportTask
[ 2026-01-20 15:15:41,287 ] botocore.hooks - DEBUG - Changing event name from docs.*.logs.CreateExportTask.complete-section to docs.*.cloudwatch-logs.CreateExportTask.complete-section
[ 2026-01-20 15:15:41,287 ] botocore.hooks - DEBUG - Changing event name from before-parameter-build.cloudsearchdomain.Search to before-parameter-build.cloudsearch-domain.Search
[ 2026-01-20 15:15:41,288 ] botocore.hooks - DEBUG - Changing event name from docs.*.cloudsearchdomain.Search.complete-section to docs.*.cloudsearch-domain.Search.complete-section
[ 2026-01-20 15:15:41,394 ] botocore.loaders - DEBUG - Loading JSON file: C:\Users\kavet\OneDrive\Desktop\github\.venv\Lib\site-packages\boto3\data\s3\2006-03-01\resources-1.json
[ 2026-01-20 15:15:41,397 ] botocore.loaders - DEBUG - Loading JSON file: C:\Users\kavet\OneDrive\Desktop\github\.venv\Lib\site-packages\botocore\data\endpoints.json
[ 2026-01-20 15:15:41,412 ] botocore.loaders - DEBUG - Loading JSON file: C:\Users\kavet\OneDrive\Desktop\github\.venv\Lib\site-packages\botocore\data\sdk-default-configuration.json
[ 2026-01-20 15:15:41,413 ] botocore.hooks - DEBUG - Event choose-service-name: calling handler <function handle_service_name_alias at 0x000002750536FC40>
[ 2026-01-20 15:15:41,481 ] botocore.loaders - DEBUG - Loading JSON file: C:\Users\kavet\OneDrive\Desktop\github\.venv\Lib\site-packages\botocore\data\s3\2006-03-01\service-2.json.gz
[ 2026-01-20 15:15:41,497 ] botocore.loaders - DEBUG - Loading JSON file: C:\Users\kavet\OneDrive\Desktop\github\.venv\Lib\site-packages\botocore\data\s3\2006-03-01\service-2.sdk-extras.json
[ 2026-01-20 15:15:41,564 ] botocore.loaders - DEBUG - Loading JSON file: C:\Users\kavet\OneDrive\Desktop\github\.venv\Lib\site-packages\botocore\data\s3\2006-03-01\endpoint-rule-set-1.json.gz
[ 2026-01-20 15:15:41,568 ] botocore.loaders - DEBUG - Loading JSON file: C:\Users\kavet\OneDrive\Desktop\github\.venv\Lib\site-packages\botocore\data\partitions.json
[ 2026-01-20 15:15:41,569 ] botocore.hooks - DEBUG - Event creating-client-class.s3: calling handler <function add_generate_presigned_post at 0x0000027504F16340>
[ 2026-01-20 15:15:41,569 ] botocore.hooks - DEBUG - Event creating-client-class.s3: calling handler <function lazy_call.<locals>._handler at 0x000002752210A7A0>
[ 2026-01-20 15:15:41,573 ] botocore.hooks - DEBUG - Event creating-client-class.s3: calling handler <function add_generate_presigned_url at 0x0000027504F160C0>
[ 2026-01-20 15:15:41,573 ] botocore.configprovider - DEBUG - Looking for endpoint for s3 via: environment_service
[ 2026-01-20 15:15:41,573 ] botocore.configprovider - DEBUG - Looking for endpoint for s3 via: environment_global
[ 2026-01-20 15:15:41,574 ] botocore.configprovider - DEBUG - Looking for endpoint for s3 via: config_service
[ 2026-01-20 15:15:41,574 ] botocore.configprovider - DEBUG - Looking for endpoint for s3 via: config_global
[ 2026-01-20 15:15:41,574 ] botocore.configprovider - DEBUG - No configured endpoint found.
[ 2026-01-20 15:15:41,575 ] botocore.endpoint - DEBUG - Setting s3 timeout as (60, 60)
[ 2026-01-20 15:15:41,577 ] botocore.loaders - DEBUG - Loading JSON file: C:\Users\kavet\OneDrive\Desktop\github\.venv\Lib\site-packages\botocore\data\_retry.json
[ 2026-01-20 15:15:41,578 ] botocore.client - DEBUG - Registering retry handlers for service: s3
[ 2026-01-20 15:15:41,578 ] botocore.utils - DEBUG - Registering S3 region redirector handler
[ 2026-01-20 15:15:41,578 ] botocore.utils - DEBUG - Registering S3Express Identity Resolver
[ 2026-01-20 15:15:41,579 ] boto3.resources.factory - DEBUG - Loading s3:s3
[ 2026-01-20 15:15:41,579 ] botocore.hooks - DEBUG - Event choose-service-name: calling handler <function handle_service_name_alias at 0x000002750536FC40>
[ 2026-01-20 15:15:41,581 ] botocore.hooks - DEBUG - Event creating-client-class.s3: calling handler <function add_generate_presigned_post at 0x0000027504F16340>
[ 2026-01-20 15:15:41,582 ] botocore.hooks - DEBUG - Event creating-client-class.s3: calling handler <function lazy_call.<locals>._handler at 0x000002752210A7A0>
[ 2026-01-20 15:15:41,582 ] botocore.hooks - DEBUG - Event creating-client-class.s3: calling handler <function add_generate_presigned_url at 0x0000027504F160C0>
[ 2026-01-20 15:15:41,582 ] botocore.configprovider - DEBUG - Looking for endpoint for s3 via: environment_service
[ 2026-01-20 15:15:41,582 ] botocore.configprovider - DEBUG - Looking for endpoint for s3 via: environment_global
[ 2026-01-20 15:15:41,582 ] botocore.configprovider - DEBUG - Looking for endpoint for s3 via: config_service
[ 2026-01-20 15:15:41,582 ] botocore.configprovider - DEBUG - Looking for endpoint for s3 via: config_global
[ 2026-01-20 15:15:41,582 ] botocore.configprovider - DEBUG - No configured endpoint found.
[ 2026-01-20 15:15:41,583 ] botocore.endpoint - DEBUG - Setting s3 timeout as (60, 60)
[ 2026-01-20 15:15:41,585 ] botocore.client - DEBUG - Registering retry handlers for service: s3
[ 2026-01-20 15:15:41,585 ] botocore.utils - DEBUG - Registering S3 region redirector handler
[ 2026-01-20 15:15:41,586 ] botocore.utils - DEBUG - Registering S3Express Identity Resolver
[ 2026-01-20 15:15:41,586 ] root - INFO - Entered the get_bucket method of SimpleStorageService class
[ 2026-01-20 15:15:41,586 ] boto3.resources.factory - DEBUG - Loading s3:Bucket
[ 2026-01-20 15:15:41,586 ] boto3.resources.model - DEBUG - Renaming Bucket attribute name
[ 2026-01-20 15:15:41,587 ] botocore.hooks - DEBUG - Event creating-resource-class.s3.Bucket: calling handler <function lazy_call.<locals>._handler at 0x0000027522109D00>
[ 2026-01-20 15:15:41,587 ] root - INFO - Exited the get_bucket method of SimpleStorageService class
[ 2026-01-20 15:15:41,647 ] botocore.loaders - DEBUG - Loading JSON file: C:\Users\kavet\OneDrive\Desktop\github\.venv\Lib\site-packages\botocore\data\s3\2006-03-01\paginators-1.json
[ 2026-01-20 15:15:41,647 ] botocore.loaders - DEBUG - Loading JSON file: C:\Users\kavet\OneDrive\Desktop\github\.venv\Lib\site-packages\botocore\data\s3\2006-03-01\paginators-1.sdk-extras.json
[ 2026-01-20 15:15:41,647 ] boto3.resources.collection - DEBUG - Calling paginated s3:list_objects with {'Bucket': 'customer-churn-model-registry', 'Prefix': 'customer_churn_model.pkl'}
[ 2026-01-20 15:15:41,648 ] botocore.hooks - DEBUG - Event before-parameter-build.s3.ListObjects: calling handler <function set_list_objects_encoding_type_url at 0x0000027505342660>
[ 2026-01-20 15:15:41,648 ] botocore.hooks - DEBUG - Event before-parameter-build.s3.ListObjects: calling handler <function validate_bucket_name at 0x00000275053411C0>
[ 2026-01-20 15:15:41,648 ] botocore.hooks - DEBUG - Event before-parameter-build.s3.ListObjects: calling handler <function remove_bucket_from_url_paths_from_model at 0x00000275053434C0>
[ 2026-01-20 15:15:41,648 ] botocore.hooks - DEBUG - Event before-parameter-build.s3.ListObjects: calling handler <bound method S3RegionRedirectorv2.annotate_request_context of <botocore.utils.S3RegionRedirectorv2 object at 0x000002751C622E40>>
[ 2026-01-20 15:15:41,648 ] botocore.hooks - DEBUG - Event before-parameter-build.s3.ListObjects: calling handler <bound method ClientCreator._inject_s3_input_parameters of <botocore.client.ClientCreator object at 0x000002751C3FD7F0>>
[ 2026-01-20 15:15:41,648 ] botocore.hooks - DEBUG - Event before-parameter-build.s3.ListObjects: calling handler <function generate_idempotent_uuid at 0x0000027505340FE0>
[ 2026-01-20 15:15:41,648 ] botocore.hooks - DEBUG - Event before-parameter-build.s3.ListObjects: calling handler <function _handle_request_validation_mode_member at 0x0000027505343BA0>
[ 2026-01-20 15:15:41,648 ] botocore.hooks - DEBUG - Event before-endpoint-resolution.s3: calling handler <function customize_endpoint_resolver_builtins at 0x00000275053436A0>
[ 2026-01-20 15:15:41,648 ] botocore.hooks - DEBUG - Event before-endpoint-resolution.s3: calling handler <bound method S3RegionRedirectorv2.redirect_from_cache of <botocore.utils.S3RegionRedirectorv2 object at 0x000002751C622E40>>
[ 2026-01-20 15:15:41,648 ] botocore.regions - DEBUG - Calling endpoint provider with parameters: {'Bucket': 'customer-churn-model-registry', 'Region': 'us-east-1', 'UseFIPS': False, 'UseDualStack': False, 'ForcePathStyle': False, 'Accelerate': False, 'UseGlobalEndpoint': True, 'Prefix': 'customer_churn_model.pkl', 'DisableMultiRegionAccessPoints': False, 'UseArnRegion': True}
[ 2026-01-20 15:15:41,649 ] botocore.regions - DEBUG - Endpoint provider result: https://customer-churn-model-registry.s3.amazonaws.com
[ 2026-01-20 15:15:41,649 ] botocore.regions - DEBUG - Selecting from endpoint provider's list of auth schemes: "sigv4". User selected auth scheme is: "None"
[ 2026-01-20 15:15:41,649 ] botocore.regions - DEBUG - Selected auth type "v4" as "v4" with signing context params: {'region': 'us-east-1', 'signing_name': 's3', 'disableDoubleEncoding': True}
[ 2026-01-20 15:15:41,650 ] botocore.hooks - DEBUG - Event before-call.s3.ListObjects: calling handler <function add_expect_header at 0x0000027505341580>
[ 2026-01-20 15:15:41,650 ] botocore.hooks - DEBUG - Event before-call.s3.ListObjects: calling handler <bound method S3ExpressIdentityResolver.apply_signing_cache_key of <botocore.utils.S3ExpressIdentityResolver object at 0x000002751C622F90>>
[ 2026-01-20 15:15:41,650 ] botocore.hooks - DEBUG - Event before-call.s3.ListObjects: calling handler <function add_recursion_detection_header at 0x00000275053409A0>
[ 2026-01-20 15:15:41,650 ] botocore.hooks - DEBUG - Event before-call.s3.ListObjects: calling handler <function inject_api_version_header_if_needed at 0x0000027505342AC0>
[ 2026-01-20 15:15:41,650 ] botocore.endpoint - DEBUG - Making request for OperationModel(name=ListObjects) with params: {'url_path': '', 'query_string': {'prefix': 'customer_churn_model.pkl', 'encoding-type': 'url'}, 'method': 'GET', 'headers': {'User-Agent': 'Boto3/1.42.28 md/Botocore#1.42.28 ua/2.1 os/windows#11 md/arch#amd64 lang/python#3.13.9 md/pyimpl#CPython m/e,C,Z,b,D cfg/retry-mode#legacy Botocore/1.42.28 Resource'}, 'body': b'', 'auth_path': '/customer-churn-model-registry/', 'url': 'https://customer-churn-model-registry.s3.amazonaws.com/?prefix=customer_churn_model.pkl&encoding-type=url', 'context': {'client_region': 'us-east-1', 'client_config': <botocore.config.Config object at 0x000002751C407390>, 'has_streaming_input': False, 'auth_type': 'v4', 'unsigned_payload': None, 'auth_options': ['aws.auth#sigv4'], 'encoding_type_auto_set': True, 's3_redirect': {'redirected': False, 'bucket': 'customer-churn-model-registry', 'params': {'Bucket': 'customer-churn-model-registry', 'Prefix': 'customer_churn_model.pkl', 'EncodingType': 'url'}}, 'input_params': {'Bucket': 'customer-churn-model-registry', 'Prefix': 'customer_churn_model.pkl'}, 'signing': {'region': 'us-east-1', 'signing_name': 's3', 'disableDoubleEncoding': True}, 'endpoint_properties': {'authSchemes': [{'disableDoubleEncoding': True, 'name': 'sigv4', 'signingName': 's3', 'signingRegion': 'us-east-1'}]}}}
[ 2026-01-20 15:15:41,650 ] botocore.hooks - DEBUG - Event request-created.s3.ListObjects: calling handler <bound method RequestSigner.handler of <botocore.signers.RequestSigner object at 0x000002751C620D70>>
[ 2026-01-20 15:15:41,650 ] botocore.hooks - DEBUG - Event choose-signer.s3.ListObjects: calling handler <bound method ClientCreator._default_s3_presign_to_sigv2 of <botocore.client.ClientCreator object at 0x000002751C3FD7F0>>
[ 2026-01-20 15:15:41,651 ] botocore.hooks - DEBUG - Event choose-signer.s3.ListObjects: calling handler <function set_operation_specific_signer at 0x0000027505340D60>
[ 2026-01-20 15:15:41,651 ] botocore.hooks - DEBUG - Event before-sign.s3.ListObjects: calling handler <function remove_arn_from_signing_path at 0x0000027505343600>
[ 2026-01-20 15:15:41,651 ] botocore.hooks - DEBUG - Event before-sign.s3.ListObjects: calling handler <function _set_extra_headers_for_unsigned_request at 0x0000027505343C40>
[ 2026-01-20 15:15:41,651 ] botocore.hooks - DEBUG - Event before-sign.s3.ListObjects: calling handler <bound method S3ExpressIdentityResolver.resolve_s3express_identity of <botocore.utils.S3ExpressIdentityResolver object at 0x000002751C622F90>>
[ 2026-01-20 15:15:41,651 ] botocore.auth - DEBUG - Calculating signature using v4 auth.
[ 2026-01-20 15:15:41,651 ] botocore.auth - DEBUG - CanonicalRequest:
GET
/
encoding-type=url&prefix=customer_churn_model.pkl
host:customer-churn-model-registry.s3.amazonaws.com
x-amz-content-sha256:e3b0c44298fc1c149afbf4c8996fb92427ae41e4649b934ca495991b7852b855
x-amz-date:20260120T211541Z

host;x-amz-content-sha256;x-amz-date
e3b0c44298fc1c149afbf4c8996fb92427ae41e4649b934ca495991b7852b855
[ 2026-01-20 15:15:41,652 ] botocore.auth - DEBUG - StringToSign:
AWS4-HMAC-SHA256
20260120T211541Z
20260120/us-east-1/s3/aws4_request
b9f01a31e075168d0e313c6e11dfcf08783234e5d60ed4ebdd6f92c2b785c955
[ 2026-01-20 15:15:41,652 ] botocore.auth - DEBUG - Signature:
2ede7bf3d174ba93a8468d8103d62b85df322c64fc03eadb0fc9fcda9ee2543b
[ 2026-01-20 15:15:41,652 ] botocore.hooks - DEBUG - Event request-created.s3.ListObjects: calling handler <bound method UserAgentString.rebuild_and_replace_user_agent_handler of <botocore.useragent.UserAgentString object at 0x00000275224F8190>>
[ 2026-01-20 15:15:41,652 ] botocore.hooks - DEBUG - Event request-created.s3.ListObjects: calling handler <function add_retry_headers at 0x0000027505343420>
[ 2026-01-20 15:15:41,652 ] botocore.endpoint - DEBUG - Sending http request: <AWSPreparedRequest stream_output=False, method=GET, url=https://customer-churn-model-registry.s3.amazonaws.com/?prefix=customer_churn_model.pkl&encoding-type=url, headers={'User-Agent': b'Boto3/1.42.28 md/Botocore#1.42.28 ua/2.1 os/windows#11 md/arch#amd64 lang/python#3.13.9 md/pyimpl#CPython m/e,C,Z,b,D cfg/retry-mode#legacy Botocore/1.42.28 Resource', 'X-Amz-Date': b'20260120T211541Z', 'X-Amz-Content-SHA256': b'e3b0c44298fc1c149afbf4c8996fb92427ae41e4649b934ca495991b7852b855', 'Authorization': b'AWS4-HMAC-SHA256 Credential=AKIAYSF6PAWN3YR2XCU2/20260120/us-east-1/s3/aws4_request, SignedHeaders=host;x-amz-content-sha256;x-amz-date, Signature=2ede7bf3d174ba93a8468d8103d62b85df322c64fc03eadb0fc9fcda9ee2543b', 'amz-sdk-invocation-id': b'2995334a-f879-4521-8770-4530802c1e3b', 'amz-sdk-request': b'attempt=1'}>
[ 2026-01-20 15:15:41,652 ] botocore.httpsession - DEBUG - Certificate path: C:\Users\kavet\OneDrive\Desktop\github\.venv\Lib\site-packages\certifi\cacert.pem
[ 2026-01-20 15:15:41,653 ] urllib3.connectionpool - DEBUG - Starting new HTTPS connection (1): customer-churn-model-registry.s3.amazonaws.com:443
[ 2026-01-20 15:15:42,380 ] urllib3.connectionpool - DEBUG - https://customer-churn-model-registry.s3.amazonaws.com:443 "GET /?prefix=customer_churn_model.pkl&encoding-type=url HTTP/1.1" 404 None
[ 2026-01-20 15:15:42,380 ] botocore.hooks - DEBUG - Event before-parse.s3.ListObjects: calling handler <function _handle_200_error at 0x00000275053439C0>
[ 2026-01-20 15:15:42,380 ] botocore.hooks - DEBUG - Event before-parse.s3.ListObjects: calling handler <function handle_expires_header at 0x00000275053437E0>
[ 2026-01-20 15:15:42,380 ] botocore.parsers - DEBUG - Response headers: {'x-amz-request-id': 'F4294VYPFVF4TJ15', 'x-amz-id-2': 'oCEpG+1CB1LT64DtAWfi+skjBzfAIX3Xd7cVShAv5bFYvN72ZFAVYsBrUycD6jUqWDjgVhsUoHs=', 'Content-Type': 'application/xml', 'Transfer-Encoding': 'chunked', 'Date': 'Tue, 20 Jan 2026 21:15:41 GMT', 'Server': 'AmazonS3'}
[ 2026-01-20 15:15:42,381 ] botocore.parsers - DEBUG - Response body:
b'<?xml version="1.0" encoding="UTF-8"?>\n<Error><Code>NoSuchBucket</Code><Message>The specified bucket does not exist</Message><BucketName>customer-churn-model-registry</BucketName><RequestId>F4294VYPFVF4TJ15</RequestId><HostId>oCEpG+1CB1LT64DtAWfi+skjBzfAIX3Xd7cVShAv5bFYvN72ZFAVYsBrUycD6jUqWDjgVhsUoHs=</HostId></Error>'
[ 2026-01-20 15:15:42,382 ] botocore.parsers - DEBUG - Response headers: {'x-amz-request-id': 'F4294VYPFVF4TJ15', 'x-amz-id-2': 'oCEpG+1CB1LT64DtAWfi+skjBzfAIX3Xd7cVShAv5bFYvN72ZFAVYsBrUycD6jUqWDjgVhsUoHs=', 'Content-Type': 'application/xml', 'Transfer-Encoding': 'chunked', 'Date': 'Tue, 20 Jan 2026 21:15:41 GMT', 'Server': 'AmazonS3'}
[ 2026-01-20 15:15:42,382 ] botocore.parsers - DEBUG - Response body:
b'<?xml version="1.0" encoding="UTF-8"?>\n<Error><Code>NoSuchBucket</Code><Message>The specified bucket does not exist</Message><BucketName>customer-churn-model-registry</BucketName><RequestId>F4294VYPFVF4TJ15</RequestId><HostId>oCEpG+1CB1LT64DtAWfi+skjBzfAIX3Xd7cVShAv5bFYvN72ZFAVYsBrUycD6jUqWDjgVhsUoHs=</HostId></Error>'
[ 2026-01-20 15:15:42,383 ] botocore.hooks - DEBUG - Event needs-retry.s3.ListObjects: calling handler <function _update_status_code at 0x0000027505343B00>
[ 2026-01-20 15:15:42,383 ] botocore.hooks - DEBUG - Event needs-retry.s3.ListObjects: calling handler <botocore.retryhandler.RetryHandler object at 0x000002751C622CF0>
[ 2026-01-20 15:15:42,383 ] botocore.retryhandler - DEBUG - No retry needed.
[ 2026-01-20 15:15:42,383 ] botocore.hooks - DEBUG - Event needs-retry.s3.ListObjects: calling handler <bound method S3RegionRedirectorv2.redirect_from_error of <botocore.utils.S3RegionRedirectorv2 object at 0x000002751C622E40>>
[ 2026-01-20 15:15:42,383 ] botocore.hooks - DEBUG - Event after-call.s3.ListObjects: calling handler <function decode_list_object at 0x0000027505342700>
[ 2026-01-20 15:15:42,383 ] root - ERROR - Error occurred in python script: [C:\Users\kavet\OneDrive\Desktop\github\src\cloud_storage\aws_storage.py] at line number [42]: An error occurred (NoSuchBucket) when calling the ListObjects operation: The specified bucket does not exist
[ 2026-01-20 15:15:42,384 ] root - INFO - Result: EvaluateModelResponse(trained_model_f1_score=0.9414893617021277, best_model_f1_score=None, is_model_accepted=True, difference=0.9414893617021277)
[ 2026-01-20 15:15:42,385 ] root - INFO - Model evaluation artifact: ModelEvaluationArtifact(is_model_accepted=True, changed_accuracy=0.9414893617021277, s3_model_path='customer_churn_model.pkl', trained_model_path='artifact\\01_20_2026_15_15_21\\model_trainer\\trained_model\\model.pkl')
[ 2026-01-20 15:15:42,385 ] root - INFO - Entered initiate_model_pusher method of ModelTrainer class
[ 2026-01-20 15:15:42,386 ] root - INFO - Uploading artifacts folder to s3 bucket
[ 2026-01-20 15:15:42,386 ] root - INFO - Uploading new model to S3 bucket....
[ 2026-01-20 15:15:42,386 ] root - INFO - Entered the upload_file method of SimpleStorageService class
[ 2026-01-20 15:15:42,386 ] root - INFO - Uploading artifact\01_20_2026_15_15_21\model_trainer\trained_model\model.pkl to customer_churn_model.pkl in customer-churn-model-registry
[ 2026-01-20 15:15:42,386 ] boto3.s3.transfer - DEBUG - Opting out of CRT Transfer Manager. Preferred client: auto, CRT available: False, Instance Optimized: False
[ 2026-01-20 15:15:42,386 ] boto3.s3.transfer - DEBUG - Using default client. pid: 7208, thread: 22984
[ 2026-01-20 15:15:42,387 ] s3transfer.utils - DEBUG - Acquiring 0
[ 2026-01-20 15:15:42,388 ] s3transfer.tasks - DEBUG - UploadSubmissionTask(transfer_id=0, {'transfer_future': <s3transfer.futures.TransferFuture object at 0x000002752258DBE0>}) about to wait for the following futures []
[ 2026-01-20 15:15:42,388 ] s3transfer.tasks - DEBUG - UploadSubmissionTask(transfer_id=0, {'transfer_future': <s3transfer.futures.TransferFuture object at 0x000002752258DBE0>}) done waiting for dependent futures
[ 2026-01-20 15:15:42,388 ] s3transfer.tasks - DEBUG - Executing task UploadSubmissionTask(transfer_id=0, {'transfer_future': <s3transfer.futures.TransferFuture object at 0x000002752258DBE0>}) with kwargs {'client': <botocore.client.S3 object at 0x000002751C620C20>, 'config': <boto3.s3.transfer.TransferConfig object at 0x000002751B5934D0>, 'osutil': <s3transfer.utils.OSUtils object at 0x000002751C623CB0>, 'request_executor': <s3transfer.futures.BoundedExecutor object at 0x000002752258D400>, 'transfer_future': <s3transfer.futures.TransferFuture object at 0x000002752258DBE0>}
[ 2026-01-20 15:15:42,388 ] s3transfer.futures - DEBUG - Submitting task PutObjectTask(transfer_id=0, {'bucket': 'customer-churn-model-registry', 'key': 'customer_churn_model.pkl', 'extra_args': {'ChecksumAlgorithm': 'CRC32'}}) to executor <s3transfer.futures.BoundedExecutor object at 0x000002752258D400> for transfer request: 0.
[ 2026-01-20 15:15:42,388 ] s3transfer.utils - DEBUG - Acquiring 0
[ 2026-01-20 15:15:42,389 ] s3transfer.tasks - DEBUG - PutObjectTask(transfer_id=0, {'bucket': 'customer-churn-model-registry', 'key': 'customer_churn_model.pkl', 'extra_args': {'ChecksumAlgorithm': 'CRC32'}}) about to wait for the following futures []
[ 2026-01-20 15:15:42,389 ] s3transfer.utils - DEBUG - Releasing acquire 0/None
[ 2026-01-20 15:15:42,389 ] s3transfer.tasks - DEBUG - PutObjectTask(transfer_id=0, {'bucket': 'customer-churn-model-registry', 'key': 'customer_churn_model.pkl', 'extra_args': {'ChecksumAlgorithm': 'CRC32'}}) done waiting for dependent futures
[ 2026-01-20 15:15:42,389 ] s3transfer.tasks - DEBUG - Executing task PutObjectTask(transfer_id=0, {'bucket': 'customer-churn-model-registry', 'key': 'customer_churn_model.pkl', 'extra_args': {'ChecksumAlgorithm': 'CRC32'}}) with kwargs {'client': <botocore.client.S3 object at 0x000002751C620C20>, 'fileobj': <s3transfer.utils.ReadFileChunk object at 0x000002752258E510>, 'bucket': 'customer-churn-model-registry', 'key': 'customer_churn_model.pkl', 'extra_args': {'ChecksumAlgorithm': 'CRC32'}}
[ 2026-01-20 15:15:42,389 ] botocore.hooks - DEBUG - Event before-parameter-build.s3.PutObject: calling handler <function validate_ascii_metadata at 0x0000027505341F80>
[ 2026-01-20 15:15:42,389 ] botocore.hooks - DEBUG - Event before-parameter-build.s3.PutObject: calling handler <function sse_md5 at 0x0000027505341260>
[ 2026-01-20 15:15:42,390 ] botocore.hooks - DEBUG - Event before-parameter-build.s3.PutObject: calling handler <function convert_body_to_file_like_object at 0x0000027505342980>
[ 2026-01-20 15:15:42,390 ] botocore.hooks - DEBUG - Event before-parameter-build.s3.PutObject: calling handler <function validate_bucket_name at 0x00000275053411C0>
[ 2026-01-20 15:15:42,390 ] botocore.hooks - DEBUG - Event before-parameter-build.s3.PutObject: calling handler <function remove_bucket_from_url_paths_from_model at 0x00000275053434C0>
[ 2026-01-20 15:15:42,390 ] botocore.hooks - DEBUG - Event before-parameter-build.s3.PutObject: calling handler <bound method S3RegionRedirectorv2.annotate_request_context of <botocore.utils.S3RegionRedirectorv2 object at 0x000002751C622E40>>
[ 2026-01-20 15:15:42,390 ] botocore.hooks - DEBUG - Event before-parameter-build.s3.PutObject: calling handler <bound method ClientCreator._inject_s3_input_parameters of <botocore.client.ClientCreator object at 0x000002751C3FD7F0>>
[ 2026-01-20 15:15:42,390 ] botocore.hooks - DEBUG - Event before-parameter-build.s3.PutObject: calling handler <function generate_idempotent_uuid at 0x0000027505340FE0>
[ 2026-01-20 15:15:42,390 ] botocore.hooks - DEBUG - Event before-parameter-build.s3.PutObject: calling handler <function _handle_request_validation_mode_member at 0x0000027505343BA0>
[ 2026-01-20 15:15:42,390 ] botocore.hooks - DEBUG - Event before-endpoint-resolution.s3: calling handler <function customize_endpoint_resolver_builtins at 0x00000275053436A0>
[ 2026-01-20 15:15:42,390 ] botocore.hooks - DEBUG - Event before-endpoint-resolution.s3: calling handler <bound method S3RegionRedirectorv2.redirect_from_cache of <botocore.utils.S3RegionRedirectorv2 object at 0x000002751C622E40>>
[ 2026-01-20 15:15:42,390 ] botocore.regions - DEBUG - Calling endpoint provider with parameters: {'Bucket': 'customer-churn-model-registry', 'Region': 'us-east-1', 'UseFIPS': False, 'UseDualStack': False, 'ForcePathStyle': False, 'Accelerate': False, 'UseGlobalEndpoint': True, 'Key': 'customer_churn_model.pkl', 'DisableMultiRegionAccessPoints': False, 'UseArnRegion': True}
[ 2026-01-20 15:15:42,391 ] botocore.regions - DEBUG - Endpoint provider result: https://customer-churn-model-registry.s3.amazonaws.com
[ 2026-01-20 15:15:42,391 ] botocore.regions - DEBUG - Selecting from endpoint provider's list of auth schemes: "sigv4". User selected auth scheme is: "None"
[ 2026-01-20 15:15:42,391 ] botocore.regions - DEBUG - Selected auth type "v4" as "v4" with signing context params: {'region': 'us-east-1', 'signing_name': 's3', 'disableDoubleEncoding': True}
[ 2026-01-20 15:15:42,391 ] botocore.hooks - DEBUG - Event before-call.s3.PutObject: calling handler <function add_expect_header at 0x0000027505341580>
[ 2026-01-20 15:15:42,391 ] botocore.handlers - DEBUG - Adding expect 100 continue header to request.
[ 2026-01-20 15:15:42,391 ] botocore.hooks - DEBUG - Event before-call.s3.PutObject: calling handler <bound method S3ExpressIdentityResolver.apply_signing_cache_key of <botocore.utils.S3ExpressIdentityResolver object at 0x000002751C622F90>>
[ 2026-01-20 15:15:42,391 ] botocore.hooks - DEBUG - Event before-call.s3.PutObject: calling handler <function add_recursion_detection_header at 0x00000275053409A0>
[ 2026-01-20 15:15:42,391 ] botocore.hooks - DEBUG - Event before-call.s3.PutObject: calling handler <function inject_api_version_header_if_needed at 0x0000027505342AC0>
[ 2026-01-20 15:15:42,391 ] botocore.endpoint - DEBUG - Making request for OperationModel(name=PutObject) with params: {'url_path': '/customer_churn_model.pkl', 'query_string': {}, 'method': 'PUT', 'headers': {'x-amz-sdk-checksum-algorithm': 'CRC32', 'User-Agent': 'Boto3/1.42.28 md/Botocore#1.42.28 ua/2.1 os/windows#11 md/arch#amd64 lang/python#3.13.9 md/pyimpl#CPython m/e,G,Z,b,D cfg/retry-mode#legacy Botocore/1.42.28 Resource', 'Expect': '100-continue', 'Transfer-Encoding': 'chunked', 'Content-Encoding': 'aws-chunked', 'X-Amz-Trailer': 'x-amz-checksum-crc32', 'X-Amz-Decoded-Content-Length': '840715'}, 'body': <botocore.httpchecksum.AwsChunkedWrapper object at 0x000002752258DFD0>, 'auth_path': '/customer-churn-model-registry/customer_churn_model.pkl', 'url': 'https://customer-churn-model-registry.s3.amazonaws.com/customer_churn_model.pkl', 'context': {'client_region': 'us-east-1', 'client_config': <botocore.config.Config object at 0x000002751C407390>, 'has_streaming_input': True, 'auth_type': 'v4', 'unsigned_payload': None, 'auth_options': ['aws.auth#sigv4'], 's3_redirect': {'redirected': False, 'bucket': 'customer-churn-model-registry', 'params': {'Bucket': 'customer-churn-model-registry', 'Key': 'customer_churn_model.pkl', 'Body': <s3transfer.utils.ReadFileChunk object at 0x000002752258E510>, 'ChecksumAlgorithm': 'CRC32'}}, 'input_params': {'Bucket': 'customer-churn-model-registry', 'Key': 'customer_churn_model.pkl'}, 'signing': {'region': 'us-east-1', 'signing_name': 's3', 'disableDoubleEncoding': True}, 'endpoint_properties': {'authSchemes': [{'disableDoubleEncoding': True, 'name': 'sigv4', 'signingName': 's3', 'signingRegion': 'us-east-1'}]}, 'checksum': {'request_algorithm': {'algorithm': 'crc32', 'in': 'trailer', 'name': 'x-amz-checksum-crc32'}}}}
[ 2026-01-20 15:15:42,392 ] botocore.hooks - DEBUG - Event request-created.s3.PutObject: calling handler <function signal_not_transferring at 0x0000027504D60860>
[ 2026-01-20 15:15:42,392 ] botocore.hooks - DEBUG - Event request-created.s3.PutObject: calling handler <bound method RequestSigner.handler of <botocore.signers.RequestSigner object at 0x000002751C620D70>>
[ 2026-01-20 15:15:42,392 ] botocore.hooks - DEBUG - Event choose-signer.s3.PutObject: calling handler <bound method ClientCreator._default_s3_presign_to_sigv2 of <botocore.client.ClientCreator object at 0x000002751C3FD7F0>>
[ 2026-01-20 15:15:42,392 ] botocore.hooks - DEBUG - Event choose-signer.s3.PutObject: calling handler <function set_operation_specific_signer at 0x0000027505340D60>
[ 2026-01-20 15:15:42,392 ] botocore.hooks - DEBUG - Event before-sign.s3.PutObject: calling handler <function remove_arn_from_signing_path at 0x0000027505343600>
[ 2026-01-20 15:15:42,392 ] botocore.hooks - DEBUG - Event before-sign.s3.PutObject: calling handler <function _set_extra_headers_for_unsigned_request at 0x0000027505343C40>
[ 2026-01-20 15:15:42,392 ] botocore.hooks - DEBUG - Event before-sign.s3.PutObject: calling handler <bound method S3ExpressIdentityResolver.resolve_s3express_identity of <botocore.utils.S3ExpressIdentityResolver object at 0x000002751C622F90>>
[ 2026-01-20 15:15:42,392 ] botocore.auth - DEBUG - Calculating signature using v4 auth.
[ 2026-01-20 15:15:42,392 ] botocore.auth - DEBUG - CanonicalRequest:
PUT
/customer_churn_model.pkl

content-encoding:aws-chunked
host:customer-churn-model-registry.s3.amazonaws.com
x-amz-content-sha256:STREAMING-UNSIGNED-PAYLOAD-TRAILER
x-amz-date:20260120T211542Z
x-amz-decoded-content-length:840715
x-amz-sdk-checksum-algorithm:CRC32
x-amz-trailer:x-amz-checksum-crc32

content-encoding;host;x-amz-content-sha256;x-amz-date;x-amz-decoded-content-length;x-amz-sdk-checksum-algorithm;x-amz-trailer
STREAMING-UNSIGNED-PAYLOAD-TRAILER
[ 2026-01-20 15:15:42,393 ] botocore.auth - DEBUG - StringToSign:
AWS4-HMAC-SHA256
20260120T211542Z
20260120/us-east-1/s3/aws4_request
dad85bff4c5193419dcd6c738accd3e0355966721483aad325f6575231aae4c4
[ 2026-01-20 15:15:42,393 ] botocore.auth - DEBUG - Signature:
b6326e76539f1b6ce4af0afad876e467975020dc81cc844e526c053edbfdcffc
[ 2026-01-20 15:15:42,393 ] botocore.hooks - DEBUG - Event request-created.s3.PutObject: calling handler <bound method UserAgentString.rebuild_and_replace_user_agent_handler of <botocore.useragent.UserAgentString object at 0x00000275224F8190>>
[ 2026-01-20 15:15:42,393 ] botocore.hooks - DEBUG - Event request-created.s3.PutObject: calling handler <function signal_transferring at 0x0000027504D60900>
[ 2026-01-20 15:15:42,393 ] botocore.hooks - DEBUG - Event request-created.s3.PutObject: calling handler <function add_retry_headers at 0x0000027505343420>
[ 2026-01-20 15:15:42,393 ] botocore.endpoint - DEBUG - Sending http request: <AWSPreparedRequest stream_output=False, method=PUT, url=https://customer-churn-model-registry.s3.amazonaws.com/customer_churn_model.pkl, headers={'x-amz-sdk-checksum-algorithm': b'CRC32', 'User-Agent': b'Boto3/1.42.28 md/Botocore#1.42.28 ua/2.1 os/windows#11 md/arch#amd64 lang/python#3.13.9 md/pyimpl#CPython m/e,G,U,Z,b,D cfg/retry-mode#legacy Botocore/1.42.28 Resource', 'Expect': b'100-continue', 'Transfer-Encoding': b'chunked', 'Content-Encoding': b'aws-chunked', 'X-Amz-Trailer': b'x-amz-checksum-crc32', 'X-Amz-Decoded-Content-Length': b'840715', 'X-Amz-Date': b'20260120T211542Z', 'X-Amz-Content-SHA256': b'STREAMING-UNSIGNED-PAYLOAD-TRAILER', 'Authorization': b'AWS4-HMAC-SHA256 Credential=AKIAYSF6PAWN3YR2XCU2/20260120/us-east-1/s3/aws4_request, SignedHeaders=content-encoding;host;x-amz-content-sha256;x-amz-date;x-amz-decoded-content-length;x-amz-sdk-checksum-algorithm;x-amz-trailer, Signature=b6326e76539f1b6ce4af0afad876e467975020dc81cc844e526c053edbfdcffc', 'amz-sdk-invocation-id': b'b879f854-d59d-491a-a2b1-29b38393c1c1', 'amz-sdk-request': b'attempt=1'}>
[ 2026-01-20 15:15:42,393 ] botocore.httpsession - DEBUG - Certificate path: C:\Users\kavet\OneDrive\Desktop\github\.venv\Lib\site-packages\certifi\cacert.pem
[ 2026-01-20 15:15:42,394 ] botocore.awsrequest - DEBUG - Waiting for 100 Continue response.
[ 2026-01-20 15:15:42,447 ] botocore.awsrequest - DEBUG - Received a non 100 Continue response from the server, NOT sending request body.
[ 2026-01-20 15:15:42,449 ] botocore.awsrequest - DEBUG - send() called, but response already received. Not sending data.
[ 2026-01-20 15:15:42,453 ] urllib3.connectionpool - DEBUG - https://customer-churn-model-registry.s3.amazonaws.com:443 "PUT /customer_churn_model.pkl HTTP/1.1" 404 None
[ 2026-01-20 15:15:42,453 ] botocore.hooks - DEBUG - Event before-parse.s3.PutObject: calling handler <function _handle_200_error at 0x00000275053439C0>
[ 2026-01-20 15:15:42,453 ] botocore.hooks - DEBUG - Event before-parse.s3.PutObject: calling handler <function handle_expires_header at 0x00000275053437E0>
[ 2026-01-20 15:15:42,453 ] botocore.parsers - DEBUG - Response headers: {'x-amz-request-id': 'F42DMQWQ2MM5T2RE', 'x-amz-id-2': 'BXk531m/IgMLGaHtBX28A30VqIPmY6xJunjxKKcOQyx9JoZ0S7zfoxORzAFG4/3hDiWFEQWzL14=', 'Content-Type': 'application/xml', 'Transfer-Encoding': 'chunked', 'Date': 'Tue, 20 Jan 2026 21:15:41 GMT', 'Connection': 'close', 'Server': 'AmazonS3'}
[ 2026-01-20 15:15:42,453 ] botocore.parsers - DEBUG - Response body:
b'<?xml version="1.0" encoding="UTF-8"?>\n<Error><Code>NoSuchBucket</Code><Message>The specified bucket does not exist</Message><BucketName>customer-churn-model-registry</BucketName><RequestId>F42DMQWQ2MM5T2RE</RequestId><HostId>BXk531m/IgMLGaHtBX28A30VqIPmY6xJunjxKKcOQyx9JoZ0S7zfoxORzAFG4/3hDiWFEQWzL14=</HostId></Error>'
[ 2026-01-20 15:15:42,454 ] botocore.parsers - DEBUG - Response headers: {'x-amz-request-id': 'F42DMQWQ2MM5T2RE', 'x-amz-id-2': 'BXk531m/IgMLGaHtBX28A30VqIPmY6xJunjxKKcOQyx9JoZ0S7zfoxORzAFG4/3hDiWFEQWzL14=', 'Content-Type': 'application/xml', 'Transfer-Encoding': 'chunked', 'Date': 'Tue, 20 Jan 2026 21:15:41 GMT', 'Connection': 'close', 'Server': 'AmazonS3'}
[ 2026-01-20 15:15:42,454 ] botocore.parsers - DEBUG - Response body:
b'<?xml version="1.0" encoding="UTF-8"?>\n<Error><Code>NoSuchBucket</Code><Message>The specified bucket does not exist</Message><BucketName>customer-churn-model-registry</BucketName><RequestId>F42DMQWQ2MM5T2RE</RequestId><HostId>BXk531m/IgMLGaHtBX28A30VqIPmY6xJunjxKKcOQyx9JoZ0S7zfoxORzAFG4/3hDiWFEQWzL14=</HostId></Error>'
[ 2026-01-20 15:15:42,454 ] botocore.hooks - DEBUG - Event needs-retry.s3.PutObject: calling handler <function _update_status_code at 0x0000027505343B00>
[ 2026-01-20 15:15:42,454 ] botocore.hooks - DEBUG - Event needs-retry.s3.PutObject: calling handler <botocore.retryhandler.RetryHandler object at 0x000002751C622CF0>
[ 2026-01-20 15:15:42,454 ] botocore.retryhandler - DEBUG - No retry needed.
[ 2026-01-20 15:15:42,454 ] botocore.hooks - DEBUG - Event needs-retry.s3.PutObject: calling handler <bound method S3RegionRedirectorv2.redirect_from_error of <botocore.utils.S3RegionRedirectorv2 object at 0x000002751C622E40>>
[ 2026-01-20 15:15:42,454 ] s3transfer.tasks - DEBUG - Exception raised.
Traceback (most recent call last):
  File "C:\Users\kavet\OneDrive\Desktop\github\.venv\Lib\site-packages\s3transfer\tasks.py", line 142, in __call__
    return self._execute_main(kwargs)
           ~~~~~~~~~~~~~~~~~~^^^^^^^^
  File "C:\Users\kavet\OneDrive\Desktop\github\.venv\Lib\site-packages\s3transfer\tasks.py", line 165, in _execute_main
    return_value = self._main(**kwargs)
  File "C:\Users\kavet\OneDrive\Desktop\github\.venv\Lib\site-packages\s3transfer\upload.py", line 796, in _main
    client.put_object(Bucket=bucket, Key=key, Body=body, **extra_args)
    ~~~~~~~~~~~~~~~~~^^^^^^^^^^^^^^^^^^^^^^^^^^^^^^^^^^^^^^^^^^^^^^^^^
  File "C:\Users\kavet\OneDrive\Desktop\github\.venv\Lib\site-packages\botocore\client.py", line 602, in _api_call
    return self._make_api_call(operation_name, kwargs)
           ~~~~~~~~~~~~~~~~~~~^^^^^^^^^^^^^^^^^^^^^^^^
  File "C:\Users\kavet\OneDrive\Desktop\github\.venv\Lib\site-packages\botocore\context.py", line 123, in wrapper
    return func(*args, **kwargs)
  File "C:\Users\kavet\OneDrive\Desktop\github\.venv\Lib\site-packages\botocore\client.py", line 1078, in _make_api_call
    raise error_class(parsed_response, operation_name)
botocore.errorfactory.NoSuchBucket: An error occurred (NoSuchBucket) when calling the PutObject operation: The specified bucket does not exist
[ 2026-01-20 15:15:42,457 ] s3transfer.utils - DEBUG - Releasing acquire 0/None
[ 2026-01-20 15:15:42,458 ] root - ERROR - Error occurred in python script: [C:\Users\kavet\OneDrive\Desktop\github\src\cloud_storage\aws_storage.py] at line number [168]: Failed to upload artifact\01_20_2026_15_15_21\model_trainer\trained_model\model.pkl to customer-churn-model-registry/customer_churn_model.pkl: An error occurred (NoSuchBucket) when calling the PutObject operation: The specified bucket does not exist
[ 2026-01-20 15:15:42,458 ] root - ERROR - Error occurred in python script: [C:\Users\kavet\OneDrive\Desktop\github\src\entity\s3_estimator.py] at line number [47]: Error occurred in python script: [C:\Users\kavet\OneDrive\Desktop\github\src\cloud_storage\aws_storage.py] at line number [168]: Failed to upload artifact\01_20_2026_15_15_21\model_trainer\trained_model\model.pkl to customer-churn-model-registry/customer_churn_model.pkl: An error occurred (NoSuchBucket) when calling the PutObject operation: The specified bucket does not exist
[ 2026-01-20 15:15:42,458 ] root - ERROR - Error occurred in python script: [C:\Users\kavet\OneDrive\Desktop\github\src\components\model_pusher.py] at line number [39]: Error occurred in python script: [C:\Users\kavet\OneDrive\Desktop\github\src\entity\s3_estimator.py] at line number [47]: Error occurred in python script: [C:\Users\kavet\OneDrive\Desktop\github\src\cloud_storage\aws_storage.py] at line number [168]: Failed to upload artifact\01_20_2026_15_15_21\model_trainer\trained_model\model.pkl to customer-churn-model-registry/customer_churn_model.pkl: An error occurred (NoSuchBucket) when calling the PutObject operation: The specified bucket does not exist
[ 2026-01-20 15:15:42,458 ] root - ERROR - Error occurred in python script: [C:\Users\kavet\OneDrive\Desktop\github\src\pipline\training_pipeline.py] at line number [130]: Error occurred in python script: [C:\Users\kavet\OneDrive\Desktop\github\src\components\model_pusher.py] at line number [39]: Error occurred in python script: [C:\Users\kavet\OneDrive\Desktop\github\src\entity\s3_estimator.py] at line number [47]: Error occurred in python script: [C:\Users\kavet\OneDrive\Desktop\github\src\cloud_storage\aws_storage.py] at line number [168]: Failed to upload artifact\01_20_2026_15_15_21\model_trainer\trained_model\model.pkl to customer-churn-model-registry/customer_churn_model.pkl: An error occurred (NoSuchBucket) when calling the PutObject operation: The specified bucket does not exist
[ 2026-01-20 15:15:42,459 ] root - ERROR - Error occurred in python script: [C:\Users\kavet\OneDrive\Desktop\github\src\pipline\training_pipeline.py] at line number [150]: Error occurred in python script: [C:\Users\kavet\OneDrive\Desktop\github\src\pipline\training_pipeline.py] at line number [130]: Error occurred in python script: [C:\Users\kavet\OneDrive\Desktop\github\src\components\model_pusher.py] at line number [39]: Error occurred in python script: [C:\Users\kavet\OneDrive\Desktop\github\src\entity\s3_estimator.py] at line number [47]: Error occurred in python script: [C:\Users\kavet\OneDrive\Desktop\github\src\cloud_storage\aws_storage.py] at line number [168]: Failed to upload artifact\01_20_2026_15_15_21\model_trainer\trained_model\model.pkl to customer-churn-model-registry/customer_churn_model.pkl: An error occurred (NoSuchBucket) when calling the PutObject operation: The specified bucket does not exist
[ 2026-01-20 15:15:42,479 ] pymongo.topology - DEBUG - {"message": "Server heartbeat failed", "topologyId": {"$oid": "696ff06b9b686c4f9edae029"}, "serverHost": "ac-1u1vjmy-shard-00-01.djz1hts.mongodb.net", "serverPort": 27017, "awaited": true, "durationMS": 8146.2091000285, "failure": "\"_OperationCancelled('operation cancelled')\"", "driverConnectionId": 1}
[ 2026-01-20 15:15:42,510 ] pymongo.topology - DEBUG - {"message": "Server heartbeat failed", "topologyId": {"$oid": "696ff06b9b686c4f9edae029"}, "serverHost": "ac-1u1vjmy-shard-00-02.djz1hts.mongodb.net", "serverPort": 27017, "awaited": true, "durationMS": 8146.013599820435, "failure": "\"_OperationCancelled('operation cancelled')\"", "driverConnectionId": 1}
[ 2026-01-20 15:15:42,510 ] pymongo.topology - DEBUG - {"message": "Server heartbeat failed", "topologyId": {"$oid": "696ff06b9b686c4f9edae029"}, "serverHost": "ac-1u1vjmy-shard-00-00.djz1hts.mongodb.net", "serverPort": 27017, "awaited": true, "durationMS": 8142.707499908283, "failure": "\"_OperationCancelled('operation cancelled')\"", "driverConnectionId": 1}
