[ 2026-01-20 15:16:57,337 ] root - DEBUG - This is a debug message.
[ 2026-01-20 15:16:57,337 ] root - INFO - This is an info message.
[ 2026-01-20 15:16:57,338 ] root - WARNING - This is a warning message.
[ 2026-01-20 15:16:57,338 ] root - ERROR - This is an error message.
[ 2026-01-20 15:16:57,338 ] root - CRITICAL - This is a critical message.
[ 2026-01-20 15:17:04,276 ] root - INFO - Entered the start_data_ingestion method of TrainPipeline class
[ 2026-01-20 15:17:04,277 ] root - INFO - Getting the data from mongodb
[ 2026-01-20 15:17:04,277 ] root - INFO - Entered initiate_data_ingestion method of Data_Ingestion class
[ 2026-01-20 15:17:04,277 ] root - INFO - Exporting data from mongodb
[ 2026-01-20 15:17:05,419 ] pymongo.topology - DEBUG - {"message": "Starting topology monitoring", "topologyId": {"$oid": "696ff0d01541e4bd2bb32f4c"}}
[ 2026-01-20 15:17:05,420 ] pymongo.topology - DEBUG - {"message": "Topology description changed", "topologyId": {"$oid": "696ff0d01541e4bd2bb32f4c"}, "previousDescription": "<TopologyDescription id: 696ff0d01541e4bd2bb32f4c, topology_type: Unknown, servers: []>", "newDescription": "<TopologyDescription id: 696ff0d01541e4bd2bb32f4c, topology_type: ReplicaSetNoPrimary, servers: [<ServerDescription ('ac-1u1vjmy-shard-00-00.djz1hts.mongodb.net', 27017) server_type: Unknown, rtt: None>, <ServerDescription ('ac-1u1vjmy-shard-00-01.djz1hts.mongodb.net', 27017) server_type: Unknown, rtt: None>, <ServerDescription ('ac-1u1vjmy-shard-00-02.djz1hts.mongodb.net', 27017) server_type: Unknown, rtt: None>]>"}
[ 2026-01-20 15:17:05,420 ] pymongo.topology - DEBUG - {"message": "Starting server monitoring", "topologyId": {"$oid": "696ff0d01541e4bd2bb32f4c"}, "serverHost": "ac-1u1vjmy-shard-00-00.djz1hts.mongodb.net", "serverPort": 27017}
[ 2026-01-20 15:17:05,420 ] pymongo.topology - DEBUG - {"message": "Starting server monitoring", "topologyId": {"$oid": "696ff0d01541e4bd2bb32f4c"}, "serverHost": "ac-1u1vjmy-shard-00-02.djz1hts.mongodb.net", "serverPort": 27017}
[ 2026-01-20 15:17:05,420 ] pymongo.topology - DEBUG - {"message": "Starting server monitoring", "topologyId": {"$oid": "696ff0d01541e4bd2bb32f4c"}, "serverHost": "ac-1u1vjmy-shard-00-01.djz1hts.mongodb.net", "serverPort": 27017}
[ 2026-01-20 15:17:05,421 ] pymongo.connection - DEBUG - {"message": "Connection pool created", "clientId": {"$oid": "696ff0d01541e4bd2bb32f4c"}, "serverHost": "ac-1u1vjmy-shard-00-00.djz1hts.mongodb.net", "serverPort": 27017}
[ 2026-01-20 15:17:05,422 ] pymongo.connection - DEBUG - {"message": "Connection pool created", "clientId": {"$oid": "696ff0d01541e4bd2bb32f4c"}, "serverHost": "ac-1u1vjmy-shard-00-02.djz1hts.mongodb.net", "serverPort": 27017}
[ 2026-01-20 15:17:05,423 ] pymongo.connection - DEBUG - {"message": "Connection pool created", "clientId": {"$oid": "696ff0d01541e4bd2bb32f4c"}, "serverHost": "ac-1u1vjmy-shard-00-01.djz1hts.mongodb.net", "serverPort": 27017}
[ 2026-01-20 15:17:05,424 ] root - INFO - MongoDB connection successful.
[ 2026-01-20 15:17:05,425 ] pymongo.serverSelection - DEBUG - {"message": "Server selection started", "selector": "Primary()", "operation": "find", "topologyDescription": "<TopologyDescription id: 696ff0d01541e4bd2bb32f4c, topology_type: ReplicaSetNoPrimary, servers: [<ServerDescription ('ac-1u1vjmy-shard-00-00.djz1hts.mongodb.net', 27017) server_type: Unknown, rtt: None>, <ServerDescription ('ac-1u1vjmy-shard-00-01.djz1hts.mongodb.net', 27017) server_type: Unknown, rtt: None>, <ServerDescription ('ac-1u1vjmy-shard-00-02.djz1hts.mongodb.net', 27017) server_type: Unknown, rtt: None>]>", "clientId": {"$oid": "696ff0d01541e4bd2bb32f4c"}}
[ 2026-01-20 15:17:05,425 ] pymongo.serverSelection - DEBUG - {"message": "Waiting for suitable server to become available", "selector": "Primary()", "operation": "find", "topologyDescription": "<TopologyDescription id: 696ff0d01541e4bd2bb32f4c, topology_type: ReplicaSetNoPrimary, servers: [<ServerDescription ('ac-1u1vjmy-shard-00-00.djz1hts.mongodb.net', 27017) server_type: Unknown, rtt: None>, <ServerDescription ('ac-1u1vjmy-shard-00-01.djz1hts.mongodb.net', 27017) server_type: Unknown, rtt: None>, <ServerDescription ('ac-1u1vjmy-shard-00-02.djz1hts.mongodb.net', 27017) server_type: Unknown, rtt: None>]>", "clientId": {"$oid": "696ff0d01541e4bd2bb32f4c"}, "remainingTimeMS": 29999}
[ 2026-01-20 15:17:05,671 ] pymongo.topology - DEBUG - {"message": "Server heartbeat started", "topologyId": {"$oid": "696ff0d01541e4bd2bb32f4c"}, "driverConnectionId": 1, "serverHost": "ac-1u1vjmy-shard-00-02.djz1hts.mongodb.net", "serverPort": 27017, "awaited": false}
[ 2026-01-20 15:17:05,711 ] pymongo.topology - DEBUG - {"message": "Server heartbeat started", "topologyId": {"$oid": "696ff0d01541e4bd2bb32f4c"}, "driverConnectionId": 1, "serverHost": "ac-1u1vjmy-shard-00-00.djz1hts.mongodb.net", "serverPort": 27017, "awaited": false}
[ 2026-01-20 15:17:05,725 ] pymongo.topology - DEBUG - {"message": "Server heartbeat succeeded", "topologyId": {"$oid": "696ff0d01541e4bd2bb32f4c"}, "driverConnectionId": 1, "serverConnectionId": 196234, "serverHost": "ac-1u1vjmy-shard-00-02.djz1hts.mongodb.net", "serverPort": 27017, "awaited": false, "durationMS": 53.13680018298328, "reply": "{\"helloOk\": true, \"topologyVersion\": {\"processId\": {\"$oid\": \"6969219f082a3c516728680e\"}, \"counter\": 6}, \"hosts\": [\"ac-1u1vjmy-shard-00-00.djz1hts.mongodb.net:27017\", \"ac-1u1vjmy-shard-00-01.djz1hts.mongodb.net:27017\", \"ac-1u1vjmy-shard-00-02.djz1hts.mongodb.net:27017\"], \"setName\": \"atlas-931qd7-shard-0\", \"setVersion\": 10, \"ismaster\": true, \"primary\": \"ac-1u1vjmy-shard-00-02.djz1hts.mongodb.net:27017\", \"tags\": {\"region\": \"US_EAST_1\", \"diskState\": \"READY\", \"workloadType\": \"OPERATIONAL\", \"availabilityZone\": \"use1-az5\", \"nodeType\": \"ELECTABLE\", \"provider\": \"AWS\"}, \"me\": \"ac-1u1vjmy-shard-00-02.djz1hts.mongodb.net:27017\", \"electionId\": {\"$oid\": \"7fffffff000000000000000f\"}, \"lastWrite\": {\"opTime\": {\"ts\": {\"$timestamp\": {\"t\": 1768943825, \"i\": 10}}, \"t\": 15}, \"lastWriteDate\": {\"$date\": \"2026-01-20T21:17:05Z\"}, \"majorityOpTime\": {\"ts\": {\"$timestamp\": {\"t\": 1768943825, \"i\": 10}}, \"t\": 15}, \"majorityWriteDate\": {\"$date\": \"2026-01-20T21:17:05Z\"}}, \"maxBsonObjectSize\": 16777216, \"maxMessageSizeByte..."}
[ 2026-01-20 15:17:05,726 ] pymongo.connection - DEBUG - {"message": "Connection pool ready", "clientId": {"$oid": "696ff0d01541e4bd2bb32f4c"}, "serverHost": "ac-1u1vjmy-shard-00-02.djz1hts.mongodb.net", "serverPort": 27017}
[ 2026-01-20 15:17:05,727 ] pymongo.topology - DEBUG - {"message": "Topology description changed", "topologyId": {"$oid": "696ff0d01541e4bd2bb32f4c"}, "previousDescription": "<TopologyDescription id: 696ff0d01541e4bd2bb32f4c, topology_type: ReplicaSetNoPrimary, servers: [<ServerDescription ('ac-1u1vjmy-shard-00-00.djz1hts.mongodb.net', 27017) server_type: Unknown, rtt: None>, <ServerDescription ('ac-1u1vjmy-shard-00-01.djz1hts.mongodb.net', 27017) server_type: Unknown, rtt: None>, <ServerDescription ('ac-1u1vjmy-shard-00-02.djz1hts.mongodb.net', 27017) server_type: Unknown, rtt: None>]>", "newDescription": "<TopologyDescription id: 696ff0d01541e4bd2bb32f4c, topology_type: ReplicaSetWithPrimary, servers: [<ServerDescription ('ac-1u1vjmy-shard-00-00.djz1hts.mongodb.net', 27017) server_type: Unknown, rtt: None>, <ServerDescription ('ac-1u1vjmy-shard-00-01.djz1hts.mongodb.net', 27017) server_type: Unknown, rtt: None>, <ServerDescription ('ac-1u1vjmy-shard-00-02.djz1hts.mongodb.net', 27017) server_type: RSPrimary, rtt: 0.05313680018298328>]>"}
[ 2026-01-20 15:17:05,727 ] pymongo.serverSelection - DEBUG - {"message": "Server selection succeeded", "selector": "Primary()", "operation": "find", "topologyDescription": "<TopologyDescription id: 696ff0d01541e4bd2bb32f4c, topology_type: ReplicaSetWithPrimary, servers: [<ServerDescription ('ac-1u1vjmy-shard-00-00.djz1hts.mongodb.net', 27017) server_type: Unknown, rtt: None>, <ServerDescription ('ac-1u1vjmy-shard-00-01.djz1hts.mongodb.net', 27017) server_type: Unknown, rtt: None>, <ServerDescription ('ac-1u1vjmy-shard-00-02.djz1hts.mongodb.net', 27017) server_type: RSPrimary, rtt: 0.05313680018298328>]>", "clientId": {"$oid": "696ff0d01541e4bd2bb32f4c"}, "serverHost": "ac-1u1vjmy-shard-00-02.djz1hts.mongodb.net", "serverPort": 27017}
[ 2026-01-20 15:17:05,728 ] pymongo.topology - DEBUG - {"message": "Server heartbeat started", "topologyId": {"$oid": "696ff0d01541e4bd2bb32f4c"}, "driverConnectionId": 1, "serverConnectionId": 196234, "serverHost": "ac-1u1vjmy-shard-00-02.djz1hts.mongodb.net", "serverPort": 27017, "awaited": true}
[ 2026-01-20 15:17:05,728 ] pymongo.connection - DEBUG - {"message": "Connection checkout started", "clientId": {"$oid": "696ff0d01541e4bd2bb32f4c"}, "serverHost": "ac-1u1vjmy-shard-00-02.djz1hts.mongodb.net", "serverPort": 27017}
[ 2026-01-20 15:17:05,728 ] pymongo.connection - DEBUG - {"message": "Connection created", "clientId": {"$oid": "696ff0d01541e4bd2bb32f4c"}, "serverHost": "ac-1u1vjmy-shard-00-02.djz1hts.mongodb.net", "serverPort": 27017, "driverConnectionId": 1}
[ 2026-01-20 15:17:05,743 ] pymongo.topology - DEBUG - {"message": "Server heartbeat started", "topologyId": {"$oid": "696ff0d01541e4bd2bb32f4c"}, "driverConnectionId": 1, "serverHost": "ac-1u1vjmy-shard-00-01.djz1hts.mongodb.net", "serverPort": 27017, "awaited": false}
[ 2026-01-20 15:17:05,762 ] pymongo.topology - DEBUG - {"message": "Server heartbeat succeeded", "topologyId": {"$oid": "696ff0d01541e4bd2bb32f4c"}, "driverConnectionId": 1, "serverConnectionId": 189764, "serverHost": "ac-1u1vjmy-shard-00-00.djz1hts.mongodb.net", "serverPort": 27017, "awaited": false, "durationMS": 50.160199869424105, "reply": "{\"helloOk\": true, \"topologyVersion\": {\"processId\": {\"$oid\": \"69691fb9146e75e66ebab7e3\"}, \"counter\": 4}, \"hosts\": [\"ac-1u1vjmy-shard-00-00.djz1hts.mongodb.net:27017\", \"ac-1u1vjmy-shard-00-01.djz1hts.mongodb.net:27017\", \"ac-1u1vjmy-shard-00-02.djz1hts.mongodb.net:27017\"], \"setName\": \"atlas-931qd7-shard-0\", \"setVersion\": 10, \"secondary\": true, \"primary\": \"ac-1u1vjmy-shard-00-02.djz1hts.mongodb.net:27017\", \"tags\": {\"diskState\": \"READY\", \"region\": \"US_EAST_1\", \"nodeType\": \"ELECTABLE\", \"workloadType\": \"OPERATIONAL\", \"provider\": \"AWS\", \"availabilityZone\": \"use1-az2\"}, \"me\": \"ac-1u1vjmy-shard-00-00.djz1hts.mongodb.net:27017\", \"lastWrite\": {\"opTime\": {\"ts\": {\"$timestamp\": {\"t\": 1768943825, \"i\": 10}}, \"t\": 15}, \"lastWriteDate\": {\"$date\": \"2026-01-20T21:17:05Z\"}, \"majorityOpTime\": {\"ts\": {\"$timestamp\": {\"t\": 1768943825, \"i\": 10}}, \"t\": 15}, \"majorityWriteDate\": {\"$date\": \"2026-01-20T21:17:05Z\"}}, \"maxBsonObjectSize\": 16777216, \"maxMessageSizeBytes\": 48000000, \"maxWriteBatchSize\": 100000, \"localTi..."}
[ 2026-01-20 15:17:05,762 ] pymongo.connection - DEBUG - {"message": "Connection pool ready", "clientId": {"$oid": "696ff0d01541e4bd2bb32f4c"}, "serverHost": "ac-1u1vjmy-shard-00-00.djz1hts.mongodb.net", "serverPort": 27017}
[ 2026-01-20 15:17:05,762 ] pymongo.topology - DEBUG - {"message": "Topology description changed", "topologyId": {"$oid": "696ff0d01541e4bd2bb32f4c"}, "previousDescription": "<TopologyDescription id: 696ff0d01541e4bd2bb32f4c, topology_type: ReplicaSetWithPrimary, servers: [<ServerDescription ('ac-1u1vjmy-shard-00-00.djz1hts.mongodb.net', 27017) server_type: Unknown, rtt: None>, <ServerDescription ('ac-1u1vjmy-shard-00-01.djz1hts.mongodb.net', 27017) server_type: Unknown, rtt: None>, <ServerDescription ('ac-1u1vjmy-shard-00-02.djz1hts.mongodb.net', 27017) server_type: RSPrimary, rtt: 0.05313680018298328>]>", "newDescription": "<TopologyDescription id: 696ff0d01541e4bd2bb32f4c, topology_type: ReplicaSetWithPrimary, servers: [<ServerDescription ('ac-1u1vjmy-shard-00-00.djz1hts.mongodb.net', 27017) server_type: RSSecondary, rtt: 0.050160199869424105>, <ServerDescription ('ac-1u1vjmy-shard-00-01.djz1hts.mongodb.net', 27017) server_type: Unknown, rtt: None>, <ServerDescription ('ac-1u1vjmy-shard-00-02.djz1hts.mongodb.net', 27017) server_type: RSPrimary, rtt: 0.05313680018298328>]>"}
[ 2026-01-20 15:17:05,763 ] pymongo.topology - DEBUG - {"message": "Server heartbeat started", "topologyId": {"$oid": "696ff0d01541e4bd2bb32f4c"}, "driverConnectionId": 1, "serverConnectionId": 189764, "serverHost": "ac-1u1vjmy-shard-00-00.djz1hts.mongodb.net", "serverPort": 27017, "awaited": true}
[ 2026-01-20 15:17:05,802 ] pymongo.topology - DEBUG - {"message": "Server heartbeat succeeded", "topologyId": {"$oid": "696ff0d01541e4bd2bb32f4c"}, "driverConnectionId": 1, "serverConnectionId": 187142, "serverHost": "ac-1u1vjmy-shard-00-01.djz1hts.mongodb.net", "serverPort": 27017, "awaited": false, "durationMS": 58.43150010332465, "reply": "{\"helloOk\": true, \"topologyVersion\": {\"processId\": {\"$oid\": \"696923953f198139e3024850\"}, \"counter\": 3}, \"hosts\": [\"ac-1u1vjmy-shard-00-00.djz1hts.mongodb.net:27017\", \"ac-1u1vjmy-shard-00-01.djz1hts.mongodb.net:27017\", \"ac-1u1vjmy-shard-00-02.djz1hts.mongodb.net:27017\"], \"setName\": \"atlas-931qd7-shard-0\", \"setVersion\": 10, \"secondary\": true, \"primary\": \"ac-1u1vjmy-shard-00-02.djz1hts.mongodb.net:27017\", \"tags\": {\"nodeType\": \"ELECTABLE\", \"availabilityZone\": \"use1-az4\", \"diskState\": \"READY\", \"workloadType\": \"OPERATIONAL\", \"provider\": \"AWS\", \"region\": \"US_EAST_1\"}, \"me\": \"ac-1u1vjmy-shard-00-01.djz1hts.mongodb.net:27017\", \"lastWrite\": {\"opTime\": {\"ts\": {\"$timestamp\": {\"t\": 1768943825, \"i\": 10}}, \"t\": 15}, \"lastWriteDate\": {\"$date\": \"2026-01-20T21:17:05Z\"}, \"majorityOpTime\": {\"ts\": {\"$timestamp\": {\"t\": 1768943825, \"i\": 10}}, \"t\": 15}, \"majorityWriteDate\": {\"$date\": \"2026-01-20T21:17:05Z\"}}, \"maxBsonObjectSize\": 16777216, \"maxMessageSizeBytes\": 48000000, \"maxWriteBatchSize\": 100000, \"localTi..."}
[ 2026-01-20 15:17:05,802 ] pymongo.connection - DEBUG - {"message": "Connection pool ready", "clientId": {"$oid": "696ff0d01541e4bd2bb32f4c"}, "serverHost": "ac-1u1vjmy-shard-00-01.djz1hts.mongodb.net", "serverPort": 27017}
[ 2026-01-20 15:17:05,802 ] pymongo.topology - DEBUG - {"message": "Topology description changed", "topologyId": {"$oid": "696ff0d01541e4bd2bb32f4c"}, "previousDescription": "<TopologyDescription id: 696ff0d01541e4bd2bb32f4c, topology_type: ReplicaSetWithPrimary, servers: [<ServerDescription ('ac-1u1vjmy-shard-00-00.djz1hts.mongodb.net', 27017) server_type: RSSecondary, rtt: 0.050160199869424105>, <ServerDescription ('ac-1u1vjmy-shard-00-01.djz1hts.mongodb.net', 27017) server_type: Unknown, rtt: None>, <ServerDescription ('ac-1u1vjmy-shard-00-02.djz1hts.mongodb.net', 27017) server_type: RSPrimary, rtt: 0.05313680018298328>]>", "newDescription": "<TopologyDescription id: 696ff0d01541e4bd2bb32f4c, topology_type: ReplicaSetWithPrimary, servers: [<ServerDescription ('ac-1u1vjmy-shard-00-00.djz1hts.mongodb.net', 27017) server_type: RSSecondary, rtt: 0.050160199869424105>, <ServerDescription ('ac-1u1vjmy-shard-00-01.djz1hts.mongodb.net', 27017) server_type: RSSecondary, rtt: 0.05843150010332465>, <ServerDescription ('ac-1u1vjmy-shard-00-02.djz1hts.mongodb.net', 27017) server_type: RSPrimary, rtt: 0.05313680018298328>]>"}
[ 2026-01-20 15:17:05,803 ] pymongo.topology - DEBUG - {"message": "Server heartbeat started", "topologyId": {"$oid": "696ff0d01541e4bd2bb32f4c"}, "driverConnectionId": 1, "serverConnectionId": 187142, "serverHost": "ac-1u1vjmy-shard-00-01.djz1hts.mongodb.net", "serverPort": 27017, "awaited": true}
[ 2026-01-20 15:17:06,067 ] pymongo.connection - DEBUG - {"message": "Connection ready", "clientId": {"$oid": "696ff0d01541e4bd2bb32f4c"}, "serverHost": "ac-1u1vjmy-shard-00-02.djz1hts.mongodb.net", "serverPort": 27017, "driverConnectionId": 1, "durationMS": 0.1832822000142187}
[ 2026-01-20 15:17:06,067 ] pymongo.connection - DEBUG - {"message": "Connection checked out", "clientId": {"$oid": "696ff0d01541e4bd2bb32f4c"}, "serverHost": "ac-1u1vjmy-shard-00-02.djz1hts.mongodb.net", "serverPort": 27017, "driverConnectionId": 1, "durationMS": 0.33918270003050566}
[ 2026-01-20 15:17:06,067 ] pymongo.command - DEBUG - {"message": "Command started", "clientId": {"$oid": "696ff0d01541e4bd2bb32f4c"}, "command": "{\"find\": \"Proj1-Data\", \"lsid\": {\"id\": {\"$binary\": {\"base64\": \"5z3Y3GPHTHiPIza4YqgILg==\", \"subType\": \"04\"}}}, \"$clusterTime\": {\"clusterTime\": {\"$timestamp\": {\"t\": 1768943825, \"i\": 14}}, \"signature\": {\"hash\": {\"$binary\": {\"base64\": \"HT2PRSHbi44Aqc3VCsEoVogTeD8=\", \"subType\": \"00\"}}, \"keyId\": 7566725175656316934}}, \"$db\": \"Customer-Churn\"}", "commandName": "find", "databaseName": "Customer-Churn", "requestId": 26500, "operationId": 26500, "driverConnectionId": 1, "serverConnectionId": 196306, "serverHost": "ac-1u1vjmy-shard-00-02.djz1hts.mongodb.net", "serverPort": 27017}
[ 2026-01-20 15:17:06,221 ] pymongo.command - DEBUG - {"message": "Command succeeded", "clientId": {"$oid": "696ff0d01541e4bd2bb32f4c"}, "durationMS": 153.431, "reply": "{\"cursor\": {\"firstBatch\": [{\"_id\": {\"$oid\": \"69694a72cfa4574c33d9bcac\"}, \"customerID\": \"7590-VHVEG\", \"gender\": \"Female\", \"Partner\": \"Yes\", \"Dependents\": \"No\", \"tenure\": 1, \"PhoneService\": \"No\", \"MultipleLines\": \"No phone service\", \"InternetService\": \"DSL\", \"OnlineSecurity\": \"No\", \"OnlineBackup\": \"Yes\", \"DeviceProtection\": \"No\", \"TechSupport\": \"No\", \"StreamingTV\": \"No\", \"StreamingMovies\": \"No\", \"Contract\": \"Month-to-month\", \"PaperlessBilling\": \"Yes\", \"PaymentMethod\": \"Electronic check\", \"MonthlyCharges\": 29.85, \"TotalCharges\": \"29.85\", \"Churn\": \"No\"}, {\"_id\": {\"$oid\": \"69694a72cfa4574c33d9bcad\"}, \"customerID\": \"5575-GNVDE\", \"gender\": \"Male\", \"Partner\": \"No\", \"Dependents\": \"No\", \"tenure\": 34, \"PhoneService\": \"Yes\", \"MultipleLines\": \"No\", \"InternetService\": \"DSL\", \"OnlineSecurity\": \"Yes\", \"OnlineBackup\": \"No\", \"DeviceProtection\": \"Yes\", \"TechSupport\": \"No\", \"StreamingTV\": \"No\", \"StreamingMovies\": \"No\", \"Contract\": \"One year\", \"PaperlessBilling\": \"No\", \"PaymentMethod\": \"Mailed check\", \"Mon...", "commandName": "find", "databaseName": "Customer-Churn", "requestId": 26500, "operationId": 26500, "driverConnectionId": 1, "serverConnectionId": 196306, "serverHost": "ac-1u1vjmy-shard-00-02.djz1hts.mongodb.net", "serverPort": 27017}
[ 2026-01-20 15:17:06,221 ] pymongo.connection - DEBUG - {"message": "Connection checked in", "clientId": {"$oid": "696ff0d01541e4bd2bb32f4c"}, "serverHost": "ac-1u1vjmy-shard-00-02.djz1hts.mongodb.net", "serverPort": 27017, "driverConnectionId": 1}
[ 2026-01-20 15:17:06,221 ] pymongo.serverSelection - DEBUG - {"message": "Server selection started", "selector": "<function any_server_selector at 0x0000021EFF779620>", "operation": "getMore", "topologyDescription": "<TopologyDescription id: 696ff0d01541e4bd2bb32f4c, topology_type: ReplicaSetWithPrimary, servers: [<ServerDescription ('ac-1u1vjmy-shard-00-00.djz1hts.mongodb.net', 27017) server_type: RSSecondary, rtt: 0.050160199869424105>, <ServerDescription ('ac-1u1vjmy-shard-00-01.djz1hts.mongodb.net', 27017) server_type: RSSecondary, rtt: 0.05843150010332465>, <ServerDescription ('ac-1u1vjmy-shard-00-02.djz1hts.mongodb.net', 27017) server_type: RSPrimary, rtt: 0.05313680018298328>]>", "clientId": {"$oid": "696ff0d01541e4bd2bb32f4c"}}
[ 2026-01-20 15:17:06,222 ] pymongo.serverSelection - DEBUG - {"message": "Server selection succeeded", "selector": "<function any_server_selector at 0x0000021EFF779620>", "operation": "getMore", "topologyDescription": "<TopologyDescription id: 696ff0d01541e4bd2bb32f4c, topology_type: ReplicaSetWithPrimary, servers: [<ServerDescription ('ac-1u1vjmy-shard-00-00.djz1hts.mongodb.net', 27017) server_type: RSSecondary, rtt: 0.050160199869424105>, <ServerDescription ('ac-1u1vjmy-shard-00-01.djz1hts.mongodb.net', 27017) server_type: RSSecondary, rtt: 0.05843150010332465>, <ServerDescription ('ac-1u1vjmy-shard-00-02.djz1hts.mongodb.net', 27017) server_type: RSPrimary, rtt: 0.05313680018298328>]>", "clientId": {"$oid": "696ff0d01541e4bd2bb32f4c"}, "serverHost": "ac-1u1vjmy-shard-00-02.djz1hts.mongodb.net", "serverPort": 27017}
[ 2026-01-20 15:17:06,222 ] pymongo.connection - DEBUG - {"message": "Connection checkout started", "clientId": {"$oid": "696ff0d01541e4bd2bb32f4c"}, "serverHost": "ac-1u1vjmy-shard-00-02.djz1hts.mongodb.net", "serverPort": 27017}
[ 2026-01-20 15:17:06,222 ] pymongo.connection - DEBUG - {"message": "Connection checked out", "clientId": {"$oid": "696ff0d01541e4bd2bb32f4c"}, "serverHost": "ac-1u1vjmy-shard-00-02.djz1hts.mongodb.net", "serverPort": 27017, "driverConnectionId": 1, "durationMS": 0.00010890001431107521}
[ 2026-01-20 15:17:06,222 ] pymongo.command - DEBUG - {"message": "Command started", "clientId": {"$oid": "696ff0d01541e4bd2bb32f4c"}, "command": "{\"getMore\": 8703309255384973524, \"collection\": \"Proj1-Data\", \"lsid\": {\"id\": {\"$binary\": {\"base64\": \"5z3Y3GPHTHiPIza4YqgILg==\", \"subType\": \"04\"}}}, \"$clusterTime\": {\"clusterTime\": {\"$timestamp\": {\"t\": 1768943825, \"i\": 16}}, \"signature\": {\"hash\": {\"$binary\": {\"base64\": \"HT2PRSHbi44Aqc3VCsEoVogTeD8=\", \"subType\": \"00\"}}, \"keyId\": 7566725175656316934}}, \"$db\": \"Customer-Churn\"}", "commandName": "getMore", "databaseName": "Customer-Churn", "requestId": 19169, "operationId": 19169, "driverConnectionId": 1, "serverConnectionId": 196306, "serverHost": "ac-1u1vjmy-shard-00-02.djz1hts.mongodb.net", "serverPort": 27017}
[ 2026-01-20 15:17:06,743 ] pymongo.command - DEBUG - {"message": "Command succeeded", "clientId": {"$oid": "696ff0d01541e4bd2bb32f4c"}, "durationMS": 520.636, "reply": "{\"cursor\": {\"nextBatch\": [{\"_id\": {\"$oid\": \"69694a72cfa4574c33d9bd11\"}, \"customerID\": \"3679-XASPY\", \"gender\": \"Female\", \"Partner\": \"Yes\", \"Dependents\": \"Yes\", \"tenure\": 1, \"PhoneService\": \"Yes\", \"MultipleLines\": \"No\", \"InternetService\": \"No\", \"OnlineSecurity\": \"No internet service\", \"OnlineBackup\": \"No internet service\", \"DeviceProtection\": \"No internet service\", \"TechSupport\": \"No internet service\", \"StreamingTV\": \"No internet service\", \"StreamingMovies\": \"No internet service\", \"Contract\": \"Month-to-month\", \"PaperlessBilling\": \"No\", \"PaymentMethod\": \"Electronic check\", \"MonthlyCharges\": 19.45, \"TotalCharges\": \"19.45\", \"Churn\": \"No\"}, {\"_id\": {\"$oid\": \"69694a72cfa4574c33d9bd12\"}, \"customerID\": \"7123-WQUHX\", \"gender\": \"Male\", \"Partner\": \"No\", \"Dependents\": \"No\", \"tenure\": 38, \"PhoneService\": \"Yes\", \"MultipleLines\": \"Yes\", \"InternetService\": \"Fiber optic\", \"OnlineSecurity\": \"No\", \"OnlineBackup\": \"No\", \"DeviceProtection\": \"Yes\", \"TechSupport\": \"Yes\", \"StreamingTV\": \"Yes\", \"StreamingMovies...", "commandName": "getMore", "databaseName": "Customer-Churn", "requestId": 19169, "operationId": 19169, "driverConnectionId": 1, "serverConnectionId": 196306, "serverHost": "ac-1u1vjmy-shard-00-02.djz1hts.mongodb.net", "serverPort": 27017}
[ 2026-01-20 15:17:06,743 ] pymongo.connection - DEBUG - {"message": "Connection checked in", "clientId": {"$oid": "696ff0d01541e4bd2bb32f4c"}, "serverHost": "ac-1u1vjmy-shard-00-02.djz1hts.mongodb.net", "serverPort": 27017, "driverConnectionId": 1}
[ 2026-01-20 15:17:06,802 ] root - INFO - Shape of dataframe: (7043, 22)
[ 2026-01-20 15:17:06,804 ] root - INFO - Saving exported data into feature store file path: artifact\01_20_2026_15_17_02\data_ingestion\feature_store\WA_Fn-UseC_-Telco-Customer-Churn.csv
[ 2026-01-20 15:17:06,870 ] root - INFO - Got the data from mongodb
[ 2026-01-20 15:17:06,870 ] root - INFO - Entered split_data_as_train_test method of Data_Ingestion class
[ 2026-01-20 15:17:06,876 ] root - INFO - Performed train test split on the dataframe
[ 2026-01-20 15:17:06,876 ] root - INFO - Exited split_data_as_train_test method of Data_Ingestion class
[ 2026-01-20 15:17:06,877 ] root - INFO - Exporting train and test file path.
[ 2026-01-20 15:17:06,938 ] root - INFO - Exported train and test file path.
[ 2026-01-20 15:17:06,940 ] root - INFO - Performed train test split on the dataset
[ 2026-01-20 15:17:06,941 ] root - INFO - Exited initiate_data_ingestion method of Data_Ingestion class
[ 2026-01-20 15:17:06,941 ] root - INFO - Data ingestion artifact: DataIngestionArtifact(trained_file_path='artifact\\01_20_2026_15_17_02\\data_ingestion\\ingested\\train.csv', test_file_path='artifact\\01_20_2026_15_17_02\\data_ingestion\\ingested\\test.csv')
[ 2026-01-20 15:17:06,947 ] root - INFO - Got the train_set and test_set from mongodb
[ 2026-01-20 15:17:06,947 ] root - INFO - Exited the start_data_ingestion method of TrainPipeline class
[ 2026-01-20 15:17:06,947 ] root - INFO - Entered the start_data_validation method of TrainPipeline class
[ 2026-01-20 15:17:06,954 ] root - INFO - Starting data validation
[ 2026-01-20 15:17:06,978 ] root - INFO - Is required column present: [True]
[ 2026-01-20 15:17:06,978 ] root - INFO - All required columns present in training dataframe: True
[ 2026-01-20 15:17:06,978 ] root - INFO - Is required column present: [True]
[ 2026-01-20 15:17:06,978 ] root - INFO - All required columns present in testing dataframe: True
[ 2026-01-20 15:17:06,979 ] root - INFO - All categorical/int columns present in training dataframe: True
[ 2026-01-20 15:17:06,979 ] root - INFO - All categorical/int columns present in testing dataframe: True
[ 2026-01-20 15:17:06,980 ] root - INFO - Data validation artifact created and saved to JSON file.
[ 2026-01-20 15:17:06,980 ] root - INFO - Data validation artifact: DataValidationArtifact(validation_status=True, message='', validation_report_file_path='artifact\\01_20_2026_15_17_02\\data_validation\\report.yaml')
[ 2026-01-20 15:17:06,981 ] root - INFO - Performed the data validation operation
[ 2026-01-20 15:17:06,982 ] root - INFO - Exited the start_data_validation method of TrainPipeline class
[ 2026-01-20 15:17:08,065 ] root - INFO - Data Transformation Started !!!
[ 2026-01-20 15:17:08,091 ] root - INFO - Train-Test data loaded
[ 2026-01-20 15:17:08,094 ] root - INFO - Input and Target cols defined for both train and test df.
[ 2026-01-20 15:17:08,095 ] root - INFO - Cleaning data: handling TotalCharges
[ 2026-01-20 15:17:08,101 ] root - INFO - TotalCharges cleaned and filled missing values with median
[ 2026-01-20 15:17:08,102 ] root - INFO - Mapping 'gender' column to binary values
[ 2026-01-20 15:17:08,103 ] root - INFO - Dropping id columns
[ 2026-01-20 15:17:08,104 ] root - INFO - Dropped columns: ['_id', 'customerID']
[ 2026-01-20 15:17:08,105 ] root - INFO - Creating dummy variables for categorical features
[ 2026-01-20 15:17:08,105 ] root - INFO - Creating dummy variables for: ['Partner', 'Dependents', 'PhoneService', 'MultipleLines', 'InternetService', 'OnlineSecurity', 'OnlineBackup', 'DeviceProtection', 'TechSupport', 'StreamingTV', 'StreamingMovies', 'Contract', 'PaperlessBilling', 'PaymentMethod']
[ 2026-01-20 15:17:08,115 ] root - INFO - Renaming specific columns and casting to int
[ 2026-01-20 15:17:08,117 ] root - INFO - Cleaning data: handling TotalCharges
[ 2026-01-20 15:17:08,119 ] root - INFO - TotalCharges cleaned and filled missing values with median
[ 2026-01-20 15:17:08,119 ] root - INFO - Mapping 'gender' column to binary values
[ 2026-01-20 15:17:08,120 ] root - INFO - Dropping id columns
[ 2026-01-20 15:17:08,121 ] root - INFO - Dropped columns: ['_id', 'customerID']
[ 2026-01-20 15:17:08,121 ] root - INFO - Creating dummy variables for categorical features
[ 2026-01-20 15:17:08,121 ] root - INFO - Creating dummy variables for: ['Partner', 'Dependents', 'PhoneService', 'MultipleLines', 'InternetService', 'OnlineSecurity', 'OnlineBackup', 'DeviceProtection', 'TechSupport', 'StreamingTV', 'StreamingMovies', 'Contract', 'PaperlessBilling', 'PaymentMethod']
[ 2026-01-20 15:17:08,128 ] root - INFO - Renaming specific columns and casting to int
[ 2026-01-20 15:17:08,129 ] root - INFO - Custom transformations applied to train and test data
[ 2026-01-20 15:17:08,129 ] root - INFO - Starting data transformation
[ 2026-01-20 15:17:08,129 ] root - INFO - Numerical features for scaling: ['tenure', 'MonthlyCharges']
[ 2026-01-20 15:17:08,130 ] root - INFO - MinMax columns: ['TotalCharges']
[ 2026-01-20 15:17:08,130 ] root - INFO - Got the preprocessor object
[ 2026-01-20 15:17:08,130 ] root - INFO - Initializing transformation for Training-data
[ 2026-01-20 15:17:08,140 ] root - INFO - Initializing transformation for Testing-data
[ 2026-01-20 15:17:08,144 ] root - INFO - Transformation done end to end to train-test df.
[ 2026-01-20 15:17:08,144 ] root - INFO - Applying SMOTEENN for handling imbalanced dataset.
[ 2026-01-20 15:17:09,926 ] root - INFO - SMOTEENN applied to train-test df.
[ 2026-01-20 15:17:09,934 ] root - INFO - feature-target concatenation done for train-test df.
[ 2026-01-20 15:17:09,934 ] root - INFO - Entered the save_object method of utils
[ 2026-01-20 15:17:09,939 ] root - INFO - Exited the save_object method of utils
[ 2026-01-20 15:17:09,951 ] root - INFO - Saving transformation object and transformed files.
[ 2026-01-20 15:17:09,952 ] root - INFO - Data transformation completed successfully
[ 2026-01-20 15:17:14,093 ] root - INFO - Entered initiate_model_trainer method of ModelTrainer class
[ 2026-01-20 15:17:14,105 ] root - INFO - train-test data loaded
[ 2026-01-20 15:17:14,108 ] root - INFO - Training XGBoost classifier
[ 2026-01-20 15:17:14,568 ] root - INFO - Training RandomForest classifier
[ 2026-01-20 15:17:15,241 ] root - INFO - Training ANN classifier
[ 2026-01-20 15:17:15,783 ] pymongo.topology - DEBUG - {"message": "Server heartbeat succeeded", "topologyId": {"$oid": "696ff0d01541e4bd2bb32f4c"}, "driverConnectionId": 1, "serverConnectionId": 196247, "serverHost": "ac-1u1vjmy-shard-00-02.djz1hts.mongodb.net", "serverPort": 27017, "awaited": true, "durationMS": 10054.911599960178, "reply": "{\"topologyVersion\": {\"processId\": {\"$oid\": \"6969219f082a3c516728680e\"}, \"counter\": 6}, \"hosts\": [\"ac-1u1vjmy-shard-00-00.djz1hts.mongodb.net:27017\", \"ac-1u1vjmy-shard-00-01.djz1hts.mongodb.net:27017\", \"ac-1u1vjmy-shard-00-02.djz1hts.mongodb.net:27017\"], \"setName\": \"atlas-931qd7-shard-0\", \"setVersion\": 10, \"isWritablePrimary\": true, \"primary\": \"ac-1u1vjmy-shard-00-02.djz1hts.mongodb.net:27017\", \"tags\": {\"diskState\": \"READY\", \"provider\": \"AWS\", \"region\": \"US_EAST_1\", \"workloadType\": \"OPERATIONAL\", \"availabilityZone\": \"use1-az5\", \"nodeType\": \"ELECTABLE\"}, \"me\": \"ac-1u1vjmy-shard-00-02.djz1hts.mongodb.net:27017\", \"electionId\": {\"$oid\": \"7fffffff000000000000000f\"}, \"lastWrite\": {\"opTime\": {\"ts\": {\"$timestamp\": {\"t\": 1768943835, \"i\": 4}}, \"t\": 15}, \"lastWriteDate\": {\"$date\": \"2026-01-20T21:17:15Z\"}, \"majorityOpTime\": {\"ts\": {\"$timestamp\": {\"t\": 1768943835, \"i\": 4}}, \"t\": 15}, \"majorityWriteDate\": {\"$date\": \"2026-01-20T21:17:15Z\"}}, \"maxBsonObjectSize\": 16777216, \"maxMessageSizeBytes\": 480000..."}
[ 2026-01-20 15:17:15,784 ] pymongo.topology - DEBUG - {"message": "Server heartbeat started", "topologyId": {"$oid": "696ff0d01541e4bd2bb32f4c"}, "driverConnectionId": 1, "serverConnectionId": 196247, "serverHost": "ac-1u1vjmy-shard-00-02.djz1hts.mongodb.net", "serverPort": 27017, "awaited": true}
[ 2026-01-20 15:17:15,828 ] pymongo.topology - DEBUG - {"message": "Server heartbeat succeeded", "topologyId": {"$oid": "696ff0d01541e4bd2bb32f4c"}, "driverConnectionId": 1, "serverConnectionId": 189764, "serverHost": "ac-1u1vjmy-shard-00-00.djz1hts.mongodb.net", "serverPort": 27017, "awaited": true, "durationMS": 10064.859499922022, "reply": "{\"topologyVersion\": {\"processId\": {\"$oid\": \"69691fb9146e75e66ebab7e3\"}, \"counter\": 4}, \"hosts\": [\"ac-1u1vjmy-shard-00-00.djz1hts.mongodb.net:27017\", \"ac-1u1vjmy-shard-00-01.djz1hts.mongodb.net:27017\", \"ac-1u1vjmy-shard-00-02.djz1hts.mongodb.net:27017\"], \"setName\": \"atlas-931qd7-shard-0\", \"setVersion\": 10, \"secondary\": true, \"primary\": \"ac-1u1vjmy-shard-00-02.djz1hts.mongodb.net:27017\", \"tags\": {\"availabilityZone\": \"use1-az2\", \"region\": \"US_EAST_1\", \"provider\": \"AWS\", \"nodeType\": \"ELECTABLE\", \"workloadType\": \"OPERATIONAL\", \"diskState\": \"READY\"}, \"me\": \"ac-1u1vjmy-shard-00-00.djz1hts.mongodb.net:27017\", \"lastWrite\": {\"opTime\": {\"ts\": {\"$timestamp\": {\"t\": 1768943835, \"i\": 4}}, \"t\": 15}, \"lastWriteDate\": {\"$date\": \"2026-01-20T21:17:15Z\"}, \"majorityOpTime\": {\"ts\": {\"$timestamp\": {\"t\": 1768943835, \"i\": 4}}, \"t\": 15}, \"majorityWriteDate\": {\"$date\": \"2026-01-20T21:17:15Z\"}}, \"maxBsonObjectSize\": 16777216, \"maxMessageSizeBytes\": 48000000, \"maxWriteBatchSize\": 100000, \"localTime\": {\"$date\": \"202..."}
[ 2026-01-20 15:17:15,829 ] pymongo.topology - DEBUG - {"message": "Server heartbeat started", "topologyId": {"$oid": "696ff0d01541e4bd2bb32f4c"}, "driverConnectionId": 1, "serverConnectionId": 189764, "serverHost": "ac-1u1vjmy-shard-00-00.djz1hts.mongodb.net", "serverPort": 27017, "awaited": true}
[ 2026-01-20 15:17:15,883 ] pymongo.topology - DEBUG - {"message": "Server heartbeat succeeded", "topologyId": {"$oid": "696ff0d01541e4bd2bb32f4c"}, "driverConnectionId": 1, "serverConnectionId": 187137, "serverHost": "ac-1u1vjmy-shard-00-01.djz1hts.mongodb.net", "serverPort": 27017, "awaited": true, "durationMS": 10079.363900003955, "reply": "{\"topologyVersion\": {\"processId\": {\"$oid\": \"696923953f198139e3024850\"}, \"counter\": 3}, \"hosts\": [\"ac-1u1vjmy-shard-00-00.djz1hts.mongodb.net:27017\", \"ac-1u1vjmy-shard-00-01.djz1hts.mongodb.net:27017\", \"ac-1u1vjmy-shard-00-02.djz1hts.mongodb.net:27017\"], \"setName\": \"atlas-931qd7-shard-0\", \"setVersion\": 10, \"secondary\": true, \"primary\": \"ac-1u1vjmy-shard-00-02.djz1hts.mongodb.net:27017\", \"tags\": {\"diskState\": \"READY\", \"provider\": \"AWS\", \"nodeType\": \"ELECTABLE\", \"availabilityZone\": \"use1-az4\", \"region\": \"US_EAST_1\", \"workloadType\": \"OPERATIONAL\"}, \"me\": \"ac-1u1vjmy-shard-00-01.djz1hts.mongodb.net:27017\", \"lastWrite\": {\"opTime\": {\"ts\": {\"$timestamp\": {\"t\": 1768943835, \"i\": 4}}, \"t\": 15}, \"lastWriteDate\": {\"$date\": \"2026-01-20T21:17:15Z\"}, \"majorityOpTime\": {\"ts\": {\"$timestamp\": {\"t\": 1768943835, \"i\": 4}}, \"t\": 15}, \"majorityWriteDate\": {\"$date\": \"2026-01-20T21:17:15Z\"}}, \"maxBsonObjectSize\": 16777216, \"maxMessageSizeBytes\": 48000000, \"maxWriteBatchSize\": 100000, \"localTime\": {\"$date\": \"202..."}
[ 2026-01-20 15:17:15,884 ] pymongo.topology - DEBUG - {"message": "Server heartbeat started", "topologyId": {"$oid": "696ff0d01541e4bd2bb32f4c"}, "driverConnectionId": 1, "serverConnectionId": 187137, "serverHost": "ac-1u1vjmy-shard-00-01.djz1hts.mongodb.net", "serverPort": 27017, "awaited": true}
[ 2026-01-20 15:17:21,703 ] root - INFO - Selected random_forest based on validation f1: 0.9446
[ 2026-01-20 15:17:21,704 ] root - INFO - Model object and artifact loaded.
[ 2026-01-20 15:17:21,705 ] root - INFO - Preprocessing obj loaded.
[ 2026-01-20 15:17:21,810 ] root - INFO - Saving new model as performace is better than previous one.
[ 2026-01-20 15:17:21,892 ] root - INFO - Saved final model object that includes both preprocessing and the trained model
[ 2026-01-20 15:17:21,893 ] root - INFO - Model trainer artifact: ModelTrainerArtifact(trained_model_file_path='artifact\\01_20_2026_15_17_02\\model_trainer\\trained_model\\model.pkl', metric_artifact=ClassificationMetricArtifact(f1_score=0.9445876288659794, precision_score=0.9409499358151476, recall_score=0.9482535575679172))
[ 2026-01-20 15:17:21,896 ] root - INFO - Initialized Model Evaluation Component.
[ 2026-01-20 15:17:21,905 ] root - INFO - Test data loaded and now transforming it for prediction...
[ 2026-01-20 15:17:21,905 ] root - INFO - Mapping 'gender' column to binary values
[ 2026-01-20 15:17:21,906 ] root - INFO - Dropping 'id' column
[ 2026-01-20 15:17:21,907 ] root - INFO - Creating dummy variables for categorical features
[ 2026-01-20 15:17:21,920 ] root - INFO - Renaming specific columns and casting to int
[ 2026-01-20 15:17:21,937 ] root - INFO - Trained model loaded/exists.
[ 2026-01-20 15:17:21,937 ] root - INFO - F1_Score for this model: 0.9445876288659794
[ 2026-01-20 15:17:21,938 ] botocore.hooks - DEBUG - Changing event name from creating-client-class.iot-data to creating-client-class.iot-data-plane
[ 2026-01-20 15:17:21,940 ] botocore.hooks - DEBUG - Changing event name from before-call.apigateway to before-call.api-gateway
[ 2026-01-20 15:17:21,940 ] botocore.hooks - DEBUG - Changing event name from request-created.machinelearning.Predict to request-created.machine-learning.Predict
[ 2026-01-20 15:17:21,941 ] botocore.hooks - DEBUG - Changing event name from before-parameter-build.autoscaling.CreateLaunchConfiguration to before-parameter-build.auto-scaling.CreateLaunchConfiguration
[ 2026-01-20 15:17:21,941 ] botocore.hooks - DEBUG - Changing event name from before-parameter-build.route53 to before-parameter-build.route-53
[ 2026-01-20 15:17:21,942 ] botocore.hooks - DEBUG - Changing event name from request-created.cloudsearchdomain.Search to request-created.cloudsearch-domain.Search
[ 2026-01-20 15:17:21,942 ] botocore.hooks - DEBUG - Changing event name from docs.*.autoscaling.CreateLaunchConfiguration.complete-section to docs.*.auto-scaling.CreateLaunchConfiguration.complete-section
[ 2026-01-20 15:17:21,943 ] botocore.hooks - DEBUG - Changing event name from before-parameter-build.logs.CreateExportTask to before-parameter-build.cloudwatch-logs.CreateExportTask
[ 2026-01-20 15:17:21,944 ] botocore.hooks - DEBUG - Changing event name from docs.*.logs.CreateExportTask.complete-section to docs.*.cloudwatch-logs.CreateExportTask.complete-section
[ 2026-01-20 15:17:21,944 ] botocore.hooks - DEBUG - Changing event name from before-parameter-build.cloudsearchdomain.Search to before-parameter-build.cloudsearch-domain.Search
[ 2026-01-20 15:17:21,944 ] botocore.hooks - DEBUG - Changing event name from docs.*.cloudsearchdomain.Search.complete-section to docs.*.cloudsearch-domain.Search.complete-section
[ 2026-01-20 15:17:22,009 ] botocore.loaders - DEBUG - Loading JSON file: C:\Users\kavet\OneDrive\Desktop\github\.venv\Lib\site-packages\boto3\data\s3\2006-03-01\resources-1.json
[ 2026-01-20 15:17:22,012 ] botocore.loaders - DEBUG - Loading JSON file: C:\Users\kavet\OneDrive\Desktop\github\.venv\Lib\site-packages\botocore\data\endpoints.json
[ 2026-01-20 15:17:22,029 ] botocore.loaders - DEBUG - Loading JSON file: C:\Users\kavet\OneDrive\Desktop\github\.venv\Lib\site-packages\botocore\data\sdk-default-configuration.json
[ 2026-01-20 15:17:22,029 ] botocore.hooks - DEBUG - Event choose-service-name: calling handler <function handle_service_name_alias at 0x0000021E897E7BA0>
[ 2026-01-20 15:17:22,099 ] botocore.loaders - DEBUG - Loading JSON file: C:\Users\kavet\OneDrive\Desktop\github\.venv\Lib\site-packages\botocore\data\s3\2006-03-01\service-2.json.gz
[ 2026-01-20 15:17:22,106 ] botocore.loaders - DEBUG - Loading JSON file: C:\Users\kavet\OneDrive\Desktop\github\.venv\Lib\site-packages\botocore\data\s3\2006-03-01\service-2.sdk-extras.json
[ 2026-01-20 15:17:22,173 ] botocore.loaders - DEBUG - Loading JSON file: C:\Users\kavet\OneDrive\Desktop\github\.venv\Lib\site-packages\botocore\data\s3\2006-03-01\endpoint-rule-set-1.json.gz
[ 2026-01-20 15:17:22,186 ] botocore.loaders - DEBUG - Loading JSON file: C:\Users\kavet\OneDrive\Desktop\github\.venv\Lib\site-packages\botocore\data\partitions.json
[ 2026-01-20 15:17:22,187 ] botocore.hooks - DEBUG - Event creating-client-class.s3: calling handler <function add_generate_presigned_post at 0x0000021E8937E200>
[ 2026-01-20 15:17:22,187 ] botocore.hooks - DEBUG - Event creating-client-class.s3: calling handler <function lazy_call.<locals>._handler at 0x0000021EA543FD80>
[ 2026-01-20 15:17:22,191 ] botocore.hooks - DEBUG - Event creating-client-class.s3: calling handler <function add_generate_presigned_url at 0x0000021E8937DF80>
[ 2026-01-20 15:17:22,191 ] botocore.configprovider - DEBUG - Looking for endpoint for s3 via: environment_service
[ 2026-01-20 15:17:22,192 ] botocore.configprovider - DEBUG - Looking for endpoint for s3 via: environment_global
[ 2026-01-20 15:17:22,192 ] botocore.configprovider - DEBUG - Looking for endpoint for s3 via: config_service
[ 2026-01-20 15:17:22,192 ] botocore.configprovider - DEBUG - Looking for endpoint for s3 via: config_global
[ 2026-01-20 15:17:22,192 ] botocore.configprovider - DEBUG - No configured endpoint found.
[ 2026-01-20 15:17:22,193 ] botocore.endpoint - DEBUG - Setting s3 timeout as (60, 60)
[ 2026-01-20 15:17:22,195 ] botocore.loaders - DEBUG - Loading JSON file: C:\Users\kavet\OneDrive\Desktop\github\.venv\Lib\site-packages\botocore\data\_retry.json
[ 2026-01-20 15:17:22,196 ] botocore.client - DEBUG - Registering retry handlers for service: s3
[ 2026-01-20 15:17:22,196 ] botocore.utils - DEBUG - Registering S3 region redirector handler
[ 2026-01-20 15:17:22,196 ] botocore.utils - DEBUG - Registering S3Express Identity Resolver
[ 2026-01-20 15:17:22,197 ] boto3.resources.factory - DEBUG - Loading s3:s3
[ 2026-01-20 15:17:22,197 ] botocore.hooks - DEBUG - Event choose-service-name: calling handler <function handle_service_name_alias at 0x0000021E897E7BA0>
[ 2026-01-20 15:17:22,199 ] botocore.hooks - DEBUG - Event creating-client-class.s3: calling handler <function add_generate_presigned_post at 0x0000021E8937E200>
[ 2026-01-20 15:17:22,199 ] botocore.hooks - DEBUG - Event creating-client-class.s3: calling handler <function lazy_call.<locals>._handler at 0x0000021EA543FD80>
[ 2026-01-20 15:17:22,199 ] botocore.hooks - DEBUG - Event creating-client-class.s3: calling handler <function add_generate_presigned_url at 0x0000021E8937DF80>
[ 2026-01-20 15:17:22,199 ] botocore.configprovider - DEBUG - Looking for endpoint for s3 via: environment_service
[ 2026-01-20 15:17:22,199 ] botocore.configprovider - DEBUG - Looking for endpoint for s3 via: environment_global
[ 2026-01-20 15:17:22,200 ] botocore.configprovider - DEBUG - Looking for endpoint for s3 via: config_service
[ 2026-01-20 15:17:22,200 ] botocore.configprovider - DEBUG - Looking for endpoint for s3 via: config_global
[ 2026-01-20 15:17:22,200 ] botocore.configprovider - DEBUG - No configured endpoint found.
[ 2026-01-20 15:17:22,201 ] botocore.endpoint - DEBUG - Setting s3 timeout as (60, 60)
[ 2026-01-20 15:17:22,202 ] botocore.client - DEBUG - Registering retry handlers for service: s3
[ 2026-01-20 15:17:22,202 ] botocore.utils - DEBUG - Registering S3 region redirector handler
[ 2026-01-20 15:17:22,203 ] botocore.utils - DEBUG - Registering S3Express Identity Resolver
[ 2026-01-20 15:17:22,203 ] root - INFO - Entered the get_bucket method of SimpleStorageService class
[ 2026-01-20 15:17:22,203 ] boto3.resources.factory - DEBUG - Loading s3:Bucket
[ 2026-01-20 15:17:22,204 ] boto3.resources.model - DEBUG - Renaming Bucket attribute name
[ 2026-01-20 15:17:22,204 ] botocore.hooks - DEBUG - Event creating-resource-class.s3.Bucket: calling handler <function lazy_call.<locals>._handler at 0x0000021EA543EAC0>
[ 2026-01-20 15:17:22,205 ] root - INFO - Exited the get_bucket method of SimpleStorageService class
[ 2026-01-20 15:17:22,264 ] botocore.loaders - DEBUG - Loading JSON file: C:\Users\kavet\OneDrive\Desktop\github\.venv\Lib\site-packages\botocore\data\s3\2006-03-01\paginators-1.json
[ 2026-01-20 15:17:22,265 ] botocore.loaders - DEBUG - Loading JSON file: C:\Users\kavet\OneDrive\Desktop\github\.venv\Lib\site-packages\botocore\data\s3\2006-03-01\paginators-1.sdk-extras.json
[ 2026-01-20 15:17:22,265 ] boto3.resources.collection - DEBUG - Calling paginated s3:list_objects with {'Bucket': 'customer-churn-model-ck', 'Prefix': 'customer_churn_model.pkl'}
[ 2026-01-20 15:17:22,265 ] botocore.hooks - DEBUG - Event before-parameter-build.s3.ListObjects: calling handler <function set_list_objects_encoding_type_url at 0x0000021E897B25C0>
[ 2026-01-20 15:17:22,266 ] botocore.hooks - DEBUG - Event before-parameter-build.s3.ListObjects: calling handler <function validate_bucket_name at 0x0000021E897B1120>
[ 2026-01-20 15:17:22,266 ] botocore.hooks - DEBUG - Event before-parameter-build.s3.ListObjects: calling handler <function remove_bucket_from_url_paths_from_model at 0x0000021E897B3420>
[ 2026-01-20 15:17:22,266 ] botocore.hooks - DEBUG - Event before-parameter-build.s3.ListObjects: calling handler <bound method S3RegionRedirectorv2.annotate_request_context of <botocore.utils.S3RegionRedirectorv2 object at 0x0000021EA68E6A50>>
[ 2026-01-20 15:17:22,266 ] botocore.hooks - DEBUG - Event before-parameter-build.s3.ListObjects: calling handler <bound method ClientCreator._inject_s3_input_parameters of <botocore.client.ClientCreator object at 0x0000021EA091D400>>
[ 2026-01-20 15:17:22,266 ] botocore.hooks - DEBUG - Event before-parameter-build.s3.ListObjects: calling handler <function generate_idempotent_uuid at 0x0000021E897B0F40>
[ 2026-01-20 15:17:22,266 ] botocore.hooks - DEBUG - Event before-parameter-build.s3.ListObjects: calling handler <function _handle_request_validation_mode_member at 0x0000021E897B3B00>
[ 2026-01-20 15:17:22,266 ] botocore.hooks - DEBUG - Event before-endpoint-resolution.s3: calling handler <function customize_endpoint_resolver_builtins at 0x0000021E897B3600>
[ 2026-01-20 15:17:22,266 ] botocore.hooks - DEBUG - Event before-endpoint-resolution.s3: calling handler <bound method S3RegionRedirectorv2.redirect_from_cache of <botocore.utils.S3RegionRedirectorv2 object at 0x0000021EA68E6A50>>
[ 2026-01-20 15:17:22,266 ] botocore.regions - DEBUG - Calling endpoint provider with parameters: {'Bucket': 'customer-churn-model-ck', 'Region': 'us-east-1', 'UseFIPS': False, 'UseDualStack': False, 'ForcePathStyle': False, 'Accelerate': False, 'UseGlobalEndpoint': True, 'Prefix': 'customer_churn_model.pkl', 'DisableMultiRegionAccessPoints': False, 'UseArnRegion': True}
[ 2026-01-20 15:17:22,267 ] botocore.regions - DEBUG - Endpoint provider result: https://customer-churn-model-ck.s3.amazonaws.com
[ 2026-01-20 15:17:22,267 ] botocore.regions - DEBUG - Selecting from endpoint provider's list of auth schemes: "sigv4". User selected auth scheme is: "None"
[ 2026-01-20 15:17:22,267 ] botocore.regions - DEBUG - Selected auth type "v4" as "v4" with signing context params: {'region': 'us-east-1', 'signing_name': 's3', 'disableDoubleEncoding': True}
[ 2026-01-20 15:17:22,268 ] botocore.hooks - DEBUG - Event before-call.s3.ListObjects: calling handler <function add_expect_header at 0x0000021E897B14E0>
[ 2026-01-20 15:17:22,268 ] botocore.hooks - DEBUG - Event before-call.s3.ListObjects: calling handler <bound method S3ExpressIdentityResolver.apply_signing_cache_key of <botocore.utils.S3ExpressIdentityResolver object at 0x0000021EA68E6BA0>>
[ 2026-01-20 15:17:22,268 ] botocore.hooks - DEBUG - Event before-call.s3.ListObjects: calling handler <function add_recursion_detection_header at 0x0000021E897B0900>
[ 2026-01-20 15:17:22,268 ] botocore.hooks - DEBUG - Event before-call.s3.ListObjects: calling handler <function inject_api_version_header_if_needed at 0x0000021E897B2A20>
[ 2026-01-20 15:17:22,268 ] botocore.endpoint - DEBUG - Making request for OperationModel(name=ListObjects) with params: {'url_path': '', 'query_string': {'prefix': 'customer_churn_model.pkl', 'encoding-type': 'url'}, 'method': 'GET', 'headers': {'User-Agent': 'Boto3/1.42.28 md/Botocore#1.42.28 ua/2.1 os/windows#11 md/arch#amd64 lang/python#3.13.9 md/pyimpl#CPython m/D,C,b,e,Z cfg/retry-mode#legacy Botocore/1.42.28 Resource'}, 'body': b'', 'auth_path': '/customer-churn-model-ck/', 'url': 'https://customer-churn-model-ck.s3.amazonaws.com/?prefix=customer_churn_model.pkl&encoding-type=url', 'context': {'client_region': 'us-east-1', 'client_config': <botocore.config.Config object at 0x0000021EA092B250>, 'has_streaming_input': False, 'auth_type': 'v4', 'unsigned_payload': None, 'auth_options': ['aws.auth#sigv4'], 'encoding_type_auto_set': True, 's3_redirect': {'redirected': False, 'bucket': 'customer-churn-model-ck', 'params': {'Bucket': 'customer-churn-model-ck', 'Prefix': 'customer_churn_model.pkl', 'EncodingType': 'url'}}, 'input_params': {'Bucket': 'customer-churn-model-ck', 'Prefix': 'customer_churn_model.pkl'}, 'signing': {'region': 'us-east-1', 'signing_name': 's3', 'disableDoubleEncoding': True}, 'endpoint_properties': {'authSchemes': [{'disableDoubleEncoding': True, 'name': 'sigv4', 'signingName': 's3', 'signingRegion': 'us-east-1'}]}}}
[ 2026-01-20 15:17:22,268 ] botocore.hooks - DEBUG - Event request-created.s3.ListObjects: calling handler <bound method RequestSigner.handler of <botocore.signers.RequestSigner object at 0x0000021EA68E4980>>
[ 2026-01-20 15:17:22,269 ] botocore.hooks - DEBUG - Event choose-signer.s3.ListObjects: calling handler <bound method ClientCreator._default_s3_presign_to_sigv2 of <botocore.client.ClientCreator object at 0x0000021EA091D400>>
[ 2026-01-20 15:17:22,269 ] botocore.hooks - DEBUG - Event choose-signer.s3.ListObjects: calling handler <function set_operation_specific_signer at 0x0000021E897B0CC0>
[ 2026-01-20 15:17:22,269 ] botocore.hooks - DEBUG - Event before-sign.s3.ListObjects: calling handler <function remove_arn_from_signing_path at 0x0000021E897B3560>
[ 2026-01-20 15:17:22,269 ] botocore.hooks - DEBUG - Event before-sign.s3.ListObjects: calling handler <function _set_extra_headers_for_unsigned_request at 0x0000021E897B3BA0>
[ 2026-01-20 15:17:22,269 ] botocore.hooks - DEBUG - Event before-sign.s3.ListObjects: calling handler <bound method S3ExpressIdentityResolver.resolve_s3express_identity of <botocore.utils.S3ExpressIdentityResolver object at 0x0000021EA68E6BA0>>
[ 2026-01-20 15:17:22,269 ] botocore.auth - DEBUG - Calculating signature using v4 auth.
[ 2026-01-20 15:17:22,269 ] botocore.auth - DEBUG - CanonicalRequest:
GET
/
encoding-type=url&prefix=customer_churn_model.pkl
host:customer-churn-model-ck.s3.amazonaws.com
x-amz-content-sha256:e3b0c44298fc1c149afbf4c8996fb92427ae41e4649b934ca495991b7852b855
x-amz-date:20260120T211722Z

host;x-amz-content-sha256;x-amz-date
e3b0c44298fc1c149afbf4c8996fb92427ae41e4649b934ca495991b7852b855
[ 2026-01-20 15:17:22,269 ] botocore.auth - DEBUG - StringToSign:
AWS4-HMAC-SHA256
20260120T211722Z
20260120/us-east-1/s3/aws4_request
8b62d71ea244d2f8071082935b64842bb4d2db4f353a425b857d033d63c8b2cc
[ 2026-01-20 15:17:22,269 ] botocore.auth - DEBUG - Signature:
2e67795971e4f3d5db6110031422262c392a9bc78911859370d2d975370970c3
[ 2026-01-20 15:17:22,269 ] botocore.hooks - DEBUG - Event request-created.s3.ListObjects: calling handler <bound method UserAgentString.rebuild_and_replace_user_agent_handler of <botocore.useragent.UserAgentString object at 0x0000021EA6920050>>
[ 2026-01-20 15:17:22,270 ] botocore.hooks - DEBUG - Event request-created.s3.ListObjects: calling handler <function add_retry_headers at 0x0000021E897B3380>
[ 2026-01-20 15:17:22,270 ] botocore.endpoint - DEBUG - Sending http request: <AWSPreparedRequest stream_output=False, method=GET, url=https://customer-churn-model-ck.s3.amazonaws.com/?prefix=customer_churn_model.pkl&encoding-type=url, headers={'User-Agent': b'Boto3/1.42.28 md/Botocore#1.42.28 ua/2.1 os/windows#11 md/arch#amd64 lang/python#3.13.9 md/pyimpl#CPython m/D,C,b,e,Z cfg/retry-mode#legacy Botocore/1.42.28 Resource', 'X-Amz-Date': b'20260120T211722Z', 'X-Amz-Content-SHA256': b'e3b0c44298fc1c149afbf4c8996fb92427ae41e4649b934ca495991b7852b855', 'Authorization': b'AWS4-HMAC-SHA256 Credential=AKIAYSF6PAWN3YR2XCU2/20260120/us-east-1/s3/aws4_request, SignedHeaders=host;x-amz-content-sha256;x-amz-date, Signature=2e67795971e4f3d5db6110031422262c392a9bc78911859370d2d975370970c3', 'amz-sdk-invocation-id': b'f5519ec0-b7fc-455d-a85c-4d89c8e128d2', 'amz-sdk-request': b'attempt=1'}>
[ 2026-01-20 15:17:22,270 ] botocore.httpsession - DEBUG - Certificate path: C:\Users\kavet\OneDrive\Desktop\github\.venv\Lib\site-packages\certifi\cacert.pem
[ 2026-01-20 15:17:22,270 ] urllib3.connectionpool - DEBUG - Starting new HTTPS connection (1): customer-churn-model-ck.s3.amazonaws.com:443
[ 2026-01-20 15:17:23,024 ] urllib3.connectionpool - DEBUG - https://customer-churn-model-ck.s3.amazonaws.com:443 "GET /?prefix=customer_churn_model.pkl&encoding-type=url HTTP/1.1" 200 None
[ 2026-01-20 15:17:23,025 ] botocore.hooks - DEBUG - Event before-parse.s3.ListObjects: calling handler <function _handle_200_error at 0x0000021E897B3920>
[ 2026-01-20 15:17:23,037 ] botocore.hooks - DEBUG - Event before-parse.s3.ListObjects: calling handler <function handle_expires_header at 0x0000021E897B3740>
[ 2026-01-20 15:17:23,037 ] botocore.parsers - DEBUG - Response headers: {'x-amz-id-2': 'r7Xta2cBPwvctVkFt6MEeHkRF5/+fB9Sq6oliJtjZ8HZuj2wU4LUAtFf2xCeY/iNBXobQWa2u44=', 'x-amz-request-id': 'G5FWN4J4AVXHY5TX', 'Date': 'Tue, 20 Jan 2026 21:17:23 GMT', 'x-amz-bucket-region': 'us-east-1', 'Content-Type': 'application/xml', 'Transfer-Encoding': 'chunked', 'Server': 'AmazonS3'}
[ 2026-01-20 15:17:23,037 ] botocore.parsers - DEBUG - Response body:
b'<?xml version="1.0" encoding="UTF-8"?>\n<ListBucketResult xmlns="http://s3.amazonaws.com/doc/2006-03-01/"><Name>customer-churn-model-ck</Name><Prefix>customer_churn_model.pkl</Prefix><Marker></Marker><MaxKeys>1000</MaxKeys><EncodingType>url</EncodingType><IsTruncated>false</IsTruncated></ListBucketResult>'
[ 2026-01-20 15:17:23,038 ] botocore.hooks - DEBUG - Event needs-retry.s3.ListObjects: calling handler <function _update_status_code at 0x0000021E897B3A60>
[ 2026-01-20 15:17:23,038 ] botocore.hooks - DEBUG - Event needs-retry.s3.ListObjects: calling handler <botocore.retryhandler.RetryHandler object at 0x0000021EA68E6900>
[ 2026-01-20 15:17:23,038 ] botocore.retryhandler - DEBUG - No retry needed.
[ 2026-01-20 15:17:23,038 ] botocore.hooks - DEBUG - Event needs-retry.s3.ListObjects: calling handler <bound method S3RegionRedirectorv2.redirect_from_error of <botocore.utils.S3RegionRedirectorv2 object at 0x0000021EA68E6A50>>
[ 2026-01-20 15:17:23,038 ] botocore.hooks - DEBUG - Event after-call.s3.ListObjects: calling handler <function decode_list_object at 0x0000021E897B2660>
[ 2026-01-20 15:17:23,038 ] boto3.resources.factory - DEBUG - Loading s3:ObjectSummary
[ 2026-01-20 15:17:23,038 ] boto3.resources.model - DEBUG - Renaming ObjectSummary attribute key
[ 2026-01-20 15:17:23,039 ] botocore.hooks - DEBUG - Event creating-resource-class.s3.ObjectSummary: calling handler <function lazy_call.<locals>._handler at 0x0000021EA543E980>
[ 2026-01-20 15:17:23,039 ] root - INFO - Result: EvaluateModelResponse(trained_model_f1_score=0.9445876288659794, best_model_f1_score=None, is_model_accepted=True, difference=0.9445876288659794)
[ 2026-01-20 15:17:23,040 ] root - INFO - Model evaluation artifact: ModelEvaluationArtifact(is_model_accepted=True, changed_accuracy=0.9445876288659794, s3_model_path='customer_churn_model.pkl', trained_model_path='artifact\\01_20_2026_15_17_02\\model_trainer\\trained_model\\model.pkl')
[ 2026-01-20 15:17:23,041 ] root - INFO - Entered initiate_model_pusher method of ModelTrainer class
[ 2026-01-20 15:17:23,041 ] root - INFO - Uploading artifacts folder to s3 bucket
[ 2026-01-20 15:17:23,041 ] root - INFO - Uploading new model to S3 bucket....
[ 2026-01-20 15:17:23,041 ] root - INFO - Entered the upload_file method of SimpleStorageService class
[ 2026-01-20 15:17:23,041 ] root - INFO - Uploading artifact\01_20_2026_15_17_02\model_trainer\trained_model\model.pkl to customer_churn_model.pkl in customer-churn-model-ck
[ 2026-01-20 15:17:23,042 ] boto3.s3.transfer - DEBUG - Opting out of CRT Transfer Manager. Preferred client: auto, CRT available: False, Instance Optimized: False
[ 2026-01-20 15:17:23,042 ] boto3.s3.transfer - DEBUG - Using default client. pid: 19608, thread: 15464
[ 2026-01-20 15:17:23,042 ] s3transfer.utils - DEBUG - Acquiring 0
[ 2026-01-20 15:17:23,043 ] s3transfer.tasks - DEBUG - UploadSubmissionTask(transfer_id=0, {'transfer_future': <s3transfer.futures.TransferFuture object at 0x0000021EA6999A90>}) about to wait for the following futures []
[ 2026-01-20 15:17:23,043 ] s3transfer.tasks - DEBUG - UploadSubmissionTask(transfer_id=0, {'transfer_future': <s3transfer.futures.TransferFuture object at 0x0000021EA6999A90>}) done waiting for dependent futures
[ 2026-01-20 15:17:23,043 ] s3transfer.tasks - DEBUG - Executing task UploadSubmissionTask(transfer_id=0, {'transfer_future': <s3transfer.futures.TransferFuture object at 0x0000021EA6999A90>}) with kwargs {'client': <botocore.client.S3 object at 0x0000021EA68E4830>, 'config': <boto3.s3.transfer.TransferConfig object at 0x0000021EA09782F0>, 'osutil': <s3transfer.utils.OSUtils object at 0x0000021EA68E78C0>, 'request_executor': <s3transfer.futures.BoundedExecutor object at 0x0000021EA6999160>, 'transfer_future': <s3transfer.futures.TransferFuture object at 0x0000021EA6999A90>}
[ 2026-01-20 15:17:23,044 ] s3transfer.futures - DEBUG - Submitting task PutObjectTask(transfer_id=0, {'bucket': 'customer-churn-model-ck', 'key': 'customer_churn_model.pkl', 'extra_args': {'ChecksumAlgorithm': 'CRC32'}}) to executor <s3transfer.futures.BoundedExecutor object at 0x0000021EA6999160> for transfer request: 0.
[ 2026-01-20 15:17:23,044 ] s3transfer.utils - DEBUG - Acquiring 0
[ 2026-01-20 15:17:23,044 ] s3transfer.tasks - DEBUG - PutObjectTask(transfer_id=0, {'bucket': 'customer-churn-model-ck', 'key': 'customer_churn_model.pkl', 'extra_args': {'ChecksumAlgorithm': 'CRC32'}}) about to wait for the following futures []
[ 2026-01-20 15:17:23,044 ] s3transfer.utils - DEBUG - Releasing acquire 0/None
[ 2026-01-20 15:17:23,044 ] s3transfer.tasks - DEBUG - PutObjectTask(transfer_id=0, {'bucket': 'customer-churn-model-ck', 'key': 'customer_churn_model.pkl', 'extra_args': {'ChecksumAlgorithm': 'CRC32'}}) done waiting for dependent futures
[ 2026-01-20 15:17:23,045 ] s3transfer.tasks - DEBUG - Executing task PutObjectTask(transfer_id=0, {'bucket': 'customer-churn-model-ck', 'key': 'customer_churn_model.pkl', 'extra_args': {'ChecksumAlgorithm': 'CRC32'}}) with kwargs {'client': <botocore.client.S3 object at 0x0000021EA68E4830>, 'fileobj': <s3transfer.utils.ReadFileChunk object at 0x0000021EA699A3C0>, 'bucket': 'customer-churn-model-ck', 'key': 'customer_churn_model.pkl', 'extra_args': {'ChecksumAlgorithm': 'CRC32'}}
[ 2026-01-20 15:17:23,045 ] botocore.hooks - DEBUG - Event before-parameter-build.s3.PutObject: calling handler <function validate_ascii_metadata at 0x0000021E897B1EE0>
[ 2026-01-20 15:17:23,045 ] botocore.hooks - DEBUG - Event before-parameter-build.s3.PutObject: calling handler <function sse_md5 at 0x0000021E897B11C0>
[ 2026-01-20 15:17:23,045 ] botocore.hooks - DEBUG - Event before-parameter-build.s3.PutObject: calling handler <function convert_body_to_file_like_object at 0x0000021E897B28E0>
[ 2026-01-20 15:17:23,045 ] botocore.hooks - DEBUG - Event before-parameter-build.s3.PutObject: calling handler <function validate_bucket_name at 0x0000021E897B1120>
[ 2026-01-20 15:17:23,045 ] botocore.hooks - DEBUG - Event before-parameter-build.s3.PutObject: calling handler <function remove_bucket_from_url_paths_from_model at 0x0000021E897B3420>
[ 2026-01-20 15:17:23,045 ] botocore.hooks - DEBUG - Event before-parameter-build.s3.PutObject: calling handler <bound method S3RegionRedirectorv2.annotate_request_context of <botocore.utils.S3RegionRedirectorv2 object at 0x0000021EA68E6A50>>
[ 2026-01-20 15:17:23,045 ] botocore.hooks - DEBUG - Event before-parameter-build.s3.PutObject: calling handler <bound method ClientCreator._inject_s3_input_parameters of <botocore.client.ClientCreator object at 0x0000021EA091D400>>
[ 2026-01-20 15:17:23,045 ] botocore.hooks - DEBUG - Event before-parameter-build.s3.PutObject: calling handler <function generate_idempotent_uuid at 0x0000021E897B0F40>
[ 2026-01-20 15:17:23,045 ] botocore.hooks - DEBUG - Event before-parameter-build.s3.PutObject: calling handler <function _handle_request_validation_mode_member at 0x0000021E897B3B00>
[ 2026-01-20 15:17:23,046 ] botocore.hooks - DEBUG - Event before-endpoint-resolution.s3: calling handler <function customize_endpoint_resolver_builtins at 0x0000021E897B3600>
[ 2026-01-20 15:17:23,046 ] botocore.hooks - DEBUG - Event before-endpoint-resolution.s3: calling handler <bound method S3RegionRedirectorv2.redirect_from_cache of <botocore.utils.S3RegionRedirectorv2 object at 0x0000021EA68E6A50>>
[ 2026-01-20 15:17:23,046 ] botocore.regions - DEBUG - Calling endpoint provider with parameters: {'Bucket': 'customer-churn-model-ck', 'Region': 'us-east-1', 'UseFIPS': False, 'UseDualStack': False, 'ForcePathStyle': False, 'Accelerate': False, 'UseGlobalEndpoint': True, 'Key': 'customer_churn_model.pkl', 'DisableMultiRegionAccessPoints': False, 'UseArnRegion': True}
[ 2026-01-20 15:17:23,046 ] botocore.regions - DEBUG - Endpoint provider result: https://customer-churn-model-ck.s3.amazonaws.com
[ 2026-01-20 15:17:23,046 ] botocore.regions - DEBUG - Selecting from endpoint provider's list of auth schemes: "sigv4". User selected auth scheme is: "None"
[ 2026-01-20 15:17:23,046 ] botocore.regions - DEBUG - Selected auth type "v4" as "v4" with signing context params: {'region': 'us-east-1', 'signing_name': 's3', 'disableDoubleEncoding': True}
[ 2026-01-20 15:17:23,047 ] botocore.hooks - DEBUG - Event before-call.s3.PutObject: calling handler <function add_expect_header at 0x0000021E897B14E0>
[ 2026-01-20 15:17:23,047 ] botocore.handlers - DEBUG - Adding expect 100 continue header to request.
[ 2026-01-20 15:17:23,047 ] botocore.hooks - DEBUG - Event before-call.s3.PutObject: calling handler <bound method S3ExpressIdentityResolver.apply_signing_cache_key of <botocore.utils.S3ExpressIdentityResolver object at 0x0000021EA68E6BA0>>
[ 2026-01-20 15:17:23,047 ] botocore.hooks - DEBUG - Event before-call.s3.PutObject: calling handler <function add_recursion_detection_header at 0x0000021E897B0900>
[ 2026-01-20 15:17:23,047 ] botocore.hooks - DEBUG - Event before-call.s3.PutObject: calling handler <function inject_api_version_header_if_needed at 0x0000021E897B2A20>
[ 2026-01-20 15:17:23,047 ] botocore.endpoint - DEBUG - Making request for OperationModel(name=PutObject) with params: {'url_path': '/customer_churn_model.pkl', 'query_string': {}, 'method': 'PUT', 'headers': {'x-amz-sdk-checksum-algorithm': 'CRC32', 'User-Agent': 'Boto3/1.42.28 md/Botocore#1.42.28 ua/2.1 os/windows#11 md/arch#amd64 lang/python#3.13.9 md/pyimpl#CPython m/D,G,b,e,Z cfg/retry-mode#legacy Botocore/1.42.28 Resource', 'Expect': '100-continue', 'Transfer-Encoding': 'chunked', 'Content-Encoding': 'aws-chunked', 'X-Amz-Trailer': 'x-amz-checksum-crc32', 'X-Amz-Decoded-Content-Length': '4257137'}, 'body': <botocore.httpchecksum.AwsChunkedWrapper object at 0x0000021EA6999BE0>, 'auth_path': '/customer-churn-model-ck/customer_churn_model.pkl', 'url': 'https://customer-churn-model-ck.s3.amazonaws.com/customer_churn_model.pkl', 'context': {'client_region': 'us-east-1', 'client_config': <botocore.config.Config object at 0x0000021EA092B250>, 'has_streaming_input': True, 'auth_type': 'v4', 'unsigned_payload': None, 'auth_options': ['aws.auth#sigv4'], 's3_redirect': {'redirected': False, 'bucket': 'customer-churn-model-ck', 'params': {'Bucket': 'customer-churn-model-ck', 'Key': 'customer_churn_model.pkl', 'Body': <s3transfer.utils.ReadFileChunk object at 0x0000021EA699A3C0>, 'ChecksumAlgorithm': 'CRC32'}}, 'input_params': {'Bucket': 'customer-churn-model-ck', 'Key': 'customer_churn_model.pkl'}, 'signing': {'region': 'us-east-1', 'signing_name': 's3', 'disableDoubleEncoding': True}, 'endpoint_properties': {'authSchemes': [{'disableDoubleEncoding': True, 'name': 'sigv4', 'signingName': 's3', 'signingRegion': 'us-east-1'}]}, 'checksum': {'request_algorithm': {'algorithm': 'crc32', 'in': 'trailer', 'name': 'x-amz-checksum-crc32'}}}}
[ 2026-01-20 15:17:23,047 ] botocore.hooks - DEBUG - Event request-created.s3.PutObject: calling handler <function signal_not_transferring at 0x0000021E891E47C0>
[ 2026-01-20 15:17:23,047 ] botocore.hooks - DEBUG - Event request-created.s3.PutObject: calling handler <bound method RequestSigner.handler of <botocore.signers.RequestSigner object at 0x0000021EA68E4980>>
[ 2026-01-20 15:17:23,047 ] botocore.hooks - DEBUG - Event choose-signer.s3.PutObject: calling handler <bound method ClientCreator._default_s3_presign_to_sigv2 of <botocore.client.ClientCreator object at 0x0000021EA091D400>>
[ 2026-01-20 15:17:23,047 ] botocore.hooks - DEBUG - Event choose-signer.s3.PutObject: calling handler <function set_operation_specific_signer at 0x0000021E897B0CC0>
[ 2026-01-20 15:17:23,048 ] botocore.hooks - DEBUG - Event before-sign.s3.PutObject: calling handler <function remove_arn_from_signing_path at 0x0000021E897B3560>
[ 2026-01-20 15:17:23,048 ] botocore.hooks - DEBUG - Event before-sign.s3.PutObject: calling handler <function _set_extra_headers_for_unsigned_request at 0x0000021E897B3BA0>
[ 2026-01-20 15:17:23,048 ] botocore.hooks - DEBUG - Event before-sign.s3.PutObject: calling handler <bound method S3ExpressIdentityResolver.resolve_s3express_identity of <botocore.utils.S3ExpressIdentityResolver object at 0x0000021EA68E6BA0>>
[ 2026-01-20 15:17:23,048 ] botocore.auth - DEBUG - Calculating signature using v4 auth.
[ 2026-01-20 15:17:23,048 ] botocore.auth - DEBUG - CanonicalRequest:
PUT
/customer_churn_model.pkl

content-encoding:aws-chunked
host:customer-churn-model-ck.s3.amazonaws.com
x-amz-content-sha256:STREAMING-UNSIGNED-PAYLOAD-TRAILER
x-amz-date:20260120T211723Z
x-amz-decoded-content-length:4257137
x-amz-sdk-checksum-algorithm:CRC32
x-amz-trailer:x-amz-checksum-crc32

content-encoding;host;x-amz-content-sha256;x-amz-date;x-amz-decoded-content-length;x-amz-sdk-checksum-algorithm;x-amz-trailer
STREAMING-UNSIGNED-PAYLOAD-TRAILER
[ 2026-01-20 15:17:23,048 ] botocore.auth - DEBUG - StringToSign:
AWS4-HMAC-SHA256
20260120T211723Z
20260120/us-east-1/s3/aws4_request
a6012c9a628335e502721c583b3e004d6266e0471800385856b185656ef0beaa
[ 2026-01-20 15:17:23,048 ] botocore.auth - DEBUG - Signature:
d6b70ad3ee2dbc81af9753aa3141a5e15a25ca3c4faa81644415001e4aa0ae8f
[ 2026-01-20 15:17:23,048 ] botocore.hooks - DEBUG - Event request-created.s3.PutObject: calling handler <bound method UserAgentString.rebuild_and_replace_user_agent_handler of <botocore.useragent.UserAgentString object at 0x0000021EA6920050>>
[ 2026-01-20 15:17:23,048 ] botocore.hooks - DEBUG - Event request-created.s3.PutObject: calling handler <function signal_transferring at 0x0000021E891E4860>
[ 2026-01-20 15:17:23,048 ] botocore.hooks - DEBUG - Event request-created.s3.PutObject: calling handler <function add_retry_headers at 0x0000021E897B3380>
[ 2026-01-20 15:17:23,049 ] botocore.endpoint - DEBUG - Sending http request: <AWSPreparedRequest stream_output=False, method=PUT, url=https://customer-churn-model-ck.s3.amazonaws.com/customer_churn_model.pkl, headers={'x-amz-sdk-checksum-algorithm': b'CRC32', 'User-Agent': b'Boto3/1.42.28 md/Botocore#1.42.28 ua/2.1 os/windows#11 md/arch#amd64 lang/python#3.13.9 md/pyimpl#CPython m/D,G,b,e,Z,U cfg/retry-mode#legacy Botocore/1.42.28 Resource', 'Expect': b'100-continue', 'Transfer-Encoding': b'chunked', 'Content-Encoding': b'aws-chunked', 'X-Amz-Trailer': b'x-amz-checksum-crc32', 'X-Amz-Decoded-Content-Length': b'4257137', 'X-Amz-Date': b'20260120T211723Z', 'X-Amz-Content-SHA256': b'STREAMING-UNSIGNED-PAYLOAD-TRAILER', 'Authorization': b'AWS4-HMAC-SHA256 Credential=AKIAYSF6PAWN3YR2XCU2/20260120/us-east-1/s3/aws4_request, SignedHeaders=content-encoding;host;x-amz-content-sha256;x-amz-date;x-amz-decoded-content-length;x-amz-sdk-checksum-algorithm;x-amz-trailer, Signature=d6b70ad3ee2dbc81af9753aa3141a5e15a25ca3c4faa81644415001e4aa0ae8f', 'amz-sdk-invocation-id': b'eaf62167-6e52-43e5-b800-7becba8a6707', 'amz-sdk-request': b'attempt=1'}>
[ 2026-01-20 15:17:23,049 ] botocore.httpsession - DEBUG - Certificate path: C:\Users\kavet\OneDrive\Desktop\github\.venv\Lib\site-packages\certifi\cacert.pem
[ 2026-01-20 15:17:23,049 ] botocore.awsrequest - DEBUG - Waiting for 100 Continue response.
[ 2026-01-20 15:17:23,110 ] botocore.awsrequest - DEBUG - 100 Continue response seen, now sending request body.
[ 2026-01-20 15:17:23,665 ] urllib3.connectionpool - DEBUG - https://customer-churn-model-ck.s3.amazonaws.com:443 "PUT /customer_churn_model.pkl HTTP/1.1" 200 0
[ 2026-01-20 15:17:23,666 ] botocore.hooks - DEBUG - Event before-parse.s3.PutObject: calling handler <function _handle_200_error at 0x0000021E897B3920>
[ 2026-01-20 15:17:23,666 ] botocore.hooks - DEBUG - Event before-parse.s3.PutObject: calling handler <function handle_expires_header at 0x0000021E897B3740>
[ 2026-01-20 15:17:23,666 ] botocore.parsers - DEBUG - Response headers: {'x-amz-id-2': 'MzwV+B2LwFjFF0J/fzm9XsDA0MG2z7dcBV9QkVu/P00xsaxdVhzU20Dg90MhFEcyJOn9XlleTYs=', 'x-amz-request-id': 'G5FKJKZR7HJYN9WD', 'Date': 'Tue, 20 Jan 2026 21:17:23 GMT', 'x-amz-server-side-encryption': 'AES256', 'ETag': '"ffec54746e5ac29ae1fac50401f4952a"', 'x-amz-checksum-crc32': 'emtVgw==', 'x-amz-checksum-type': 'FULL_OBJECT', 'Content-Length': '0', 'Server': 'AmazonS3'}
[ 2026-01-20 15:17:23,666 ] botocore.parsers - DEBUG - Response body:
b''
[ 2026-01-20 15:17:23,667 ] botocore.hooks - DEBUG - Event needs-retry.s3.PutObject: calling handler <function _update_status_code at 0x0000021E897B3A60>
[ 2026-01-20 15:17:23,667 ] botocore.hooks - DEBUG - Event needs-retry.s3.PutObject: calling handler <botocore.retryhandler.RetryHandler object at 0x0000021EA68E6900>
[ 2026-01-20 15:17:23,667 ] botocore.retryhandler - DEBUG - No retry needed.
[ 2026-01-20 15:17:23,667 ] botocore.hooks - DEBUG - Event needs-retry.s3.PutObject: calling handler <bound method S3RegionRedirectorv2.redirect_from_error of <botocore.utils.S3RegionRedirectorv2 object at 0x0000021EA68E6A50>>
[ 2026-01-20 15:17:23,667 ] s3transfer.utils - DEBUG - Releasing acquire 0/None
[ 2026-01-20 15:17:23,668 ] root - INFO - Uploaded artifact\01_20_2026_15_17_02\model_trainer\trained_model\model.pkl to customer_churn_model.pkl in customer-churn-model-ck
[ 2026-01-20 15:17:23,668 ] root - INFO - Exited the upload_file method of SimpleStorageService class
[ 2026-01-20 15:17:23,669 ] root - INFO - Uploaded artifacts folder to s3 bucket
[ 2026-01-20 15:17:23,669 ] root - INFO - Model pusher artifact: [ModelPusherArtifact(bucket_name='customer-churn-model-ck', s3_model_path='customer_churn_model.pkl')]
[ 2026-01-20 15:17:23,669 ] root - INFO - Exited initiate_model_pusher method of ModelTrainer class
[ 2026-01-20 15:17:23,948 ] pymongo.topology - DEBUG - {"message": "Server heartbeat failed", "topologyId": {"$oid": "696ff0d01541e4bd2bb32f4c"}, "serverHost": "ac-1u1vjmy-shard-00-00.djz1hts.mongodb.net", "serverPort": 27017, "awaited": true, "durationMS": 8118.508599931374, "failure": "\"_OperationCancelled('operation cancelled')\"", "driverConnectionId": 1}
[ 2026-01-20 15:17:23,948 ] pymongo.topology - DEBUG - {"message": "Server heartbeat failed", "topologyId": {"$oid": "696ff0d01541e4bd2bb32f4c"}, "serverHost": "ac-1u1vjmy-shard-00-02.djz1hts.mongodb.net", "serverPort": 27017, "awaited": true, "durationMS": 8164.212499978021, "failure": "\"_OperationCancelled('operation cancelled')\"", "driverConnectionId": 1}
[ 2026-01-20 15:17:24,064 ] pymongo.topology - DEBUG - {"message": "Server heartbeat failed", "topologyId": {"$oid": "696ff0d01541e4bd2bb32f4c"}, "serverHost": "ac-1u1vjmy-shard-00-01.djz1hts.mongodb.net", "serverPort": 27017, "awaited": true, "durationMS": 8179.868400096893, "failure": "\"_OperationCancelled('operation cancelled')\"", "driverConnectionId": 1}
