[ 2026-01-20 15:13:42,930 ] root - DEBUG - This is a debug message.
[ 2026-01-20 15:13:42,930 ] root - INFO - This is an info message.
[ 2026-01-20 15:13:42,931 ] root - WARNING - This is a warning message.
[ 2026-01-20 15:13:42,931 ] root - ERROR - This is an error message.
[ 2026-01-20 15:13:42,931 ] root - CRITICAL - This is a critical message.
[ 2026-01-20 15:13:45,572 ] root - INFO - Entered the start_data_ingestion method of TrainPipeline class
[ 2026-01-20 15:13:45,572 ] root - INFO - Getting the data from mongodb
[ 2026-01-20 15:13:45,572 ] root - INFO - Entered initiate_data_ingestion method of Data_Ingestion class
[ 2026-01-20 15:13:45,573 ] root - INFO - Exporting data from mongodb
[ 2026-01-20 15:13:46,512 ] pymongo.topology - DEBUG - {"message": "Starting topology monitoring", "topologyId": {"$oid": "696ff009b68289229f1a44cd"}}
[ 2026-01-20 15:13:46,512 ] pymongo.topology - DEBUG - {"message": "Topology description changed", "topologyId": {"$oid": "696ff009b68289229f1a44cd"}, "previousDescription": "<TopologyDescription id: 696ff009b68289229f1a44cd, topology_type: Unknown, servers: []>", "newDescription": "<TopologyDescription id: 696ff009b68289229f1a44cd, topology_type: ReplicaSetNoPrimary, servers: [<ServerDescription ('ac-1u1vjmy-shard-00-00.djz1hts.mongodb.net', 27017) server_type: Unknown, rtt: None>, <ServerDescription ('ac-1u1vjmy-shard-00-01.djz1hts.mongodb.net', 27017) server_type: Unknown, rtt: None>, <ServerDescription ('ac-1u1vjmy-shard-00-02.djz1hts.mongodb.net', 27017) server_type: Unknown, rtt: None>]>"}
[ 2026-01-20 15:13:46,512 ] pymongo.topology - DEBUG - {"message": "Starting server monitoring", "topologyId": {"$oid": "696ff009b68289229f1a44cd"}, "serverHost": "ac-1u1vjmy-shard-00-02.djz1hts.mongodb.net", "serverPort": 27017}
[ 2026-01-20 15:13:46,512 ] pymongo.topology - DEBUG - {"message": "Starting server monitoring", "topologyId": {"$oid": "696ff009b68289229f1a44cd"}, "serverHost": "ac-1u1vjmy-shard-00-01.djz1hts.mongodb.net", "serverPort": 27017}
[ 2026-01-20 15:13:46,512 ] pymongo.topology - DEBUG - {"message": "Starting server monitoring", "topologyId": {"$oid": "696ff009b68289229f1a44cd"}, "serverHost": "ac-1u1vjmy-shard-00-00.djz1hts.mongodb.net", "serverPort": 27017}
[ 2026-01-20 15:13:46,513 ] pymongo.connection - DEBUG - {"message": "Connection pool created", "clientId": {"$oid": "696ff009b68289229f1a44cd"}, "serverHost": "ac-1u1vjmy-shard-00-02.djz1hts.mongodb.net", "serverPort": 27017}
[ 2026-01-20 15:13:46,514 ] pymongo.connection - DEBUG - {"message": "Connection pool created", "clientId": {"$oid": "696ff009b68289229f1a44cd"}, "serverHost": "ac-1u1vjmy-shard-00-01.djz1hts.mongodb.net", "serverPort": 27017}
[ 2026-01-20 15:13:46,516 ] pymongo.connection - DEBUG - {"message": "Connection pool created", "clientId": {"$oid": "696ff009b68289229f1a44cd"}, "serverHost": "ac-1u1vjmy-shard-00-00.djz1hts.mongodb.net", "serverPort": 27017}
[ 2026-01-20 15:13:46,528 ] root - INFO - MongoDB connection successful.
[ 2026-01-20 15:13:46,528 ] pymongo.serverSelection - DEBUG - {"message": "Server selection started", "selector": "Primary()", "operation": "find", "topologyDescription": "<TopologyDescription id: 696ff009b68289229f1a44cd, topology_type: ReplicaSetNoPrimary, servers: [<ServerDescription ('ac-1u1vjmy-shard-00-00.djz1hts.mongodb.net', 27017) server_type: Unknown, rtt: None>, <ServerDescription ('ac-1u1vjmy-shard-00-01.djz1hts.mongodb.net', 27017) server_type: Unknown, rtt: None>, <ServerDescription ('ac-1u1vjmy-shard-00-02.djz1hts.mongodb.net', 27017) server_type: Unknown, rtt: None>]>", "clientId": {"$oid": "696ff009b68289229f1a44cd"}}
[ 2026-01-20 15:13:46,529 ] pymongo.serverSelection - DEBUG - {"message": "Waiting for suitable server to become available", "selector": "Primary()", "operation": "find", "topologyDescription": "<TopologyDescription id: 696ff009b68289229f1a44cd, topology_type: ReplicaSetNoPrimary, servers: [<ServerDescription ('ac-1u1vjmy-shard-00-00.djz1hts.mongodb.net', 27017) server_type: Unknown, rtt: None>, <ServerDescription ('ac-1u1vjmy-shard-00-01.djz1hts.mongodb.net', 27017) server_type: Unknown, rtt: None>, <ServerDescription ('ac-1u1vjmy-shard-00-02.djz1hts.mongodb.net', 27017) server_type: Unknown, rtt: None>]>", "clientId": {"$oid": "696ff009b68289229f1a44cd"}, "remainingTimeMS": 29999}
[ 2026-01-20 15:13:46,729 ] pymongo.topology - DEBUG - {"message": "Server heartbeat started", "topologyId": {"$oid": "696ff009b68289229f1a44cd"}, "driverConnectionId": 1, "serverHost": "ac-1u1vjmy-shard-00-02.djz1hts.mongodb.net", "serverPort": 27017, "awaited": false}
[ 2026-01-20 15:13:46,730 ] pymongo.topology - DEBUG - {"message": "Server heartbeat started", "topologyId": {"$oid": "696ff009b68289229f1a44cd"}, "driverConnectionId": 1, "serverHost": "ac-1u1vjmy-shard-00-01.djz1hts.mongodb.net", "serverPort": 27017, "awaited": false}
[ 2026-01-20 15:13:46,765 ] pymongo.topology - DEBUG - {"message": "Server heartbeat started", "topologyId": {"$oid": "696ff009b68289229f1a44cd"}, "driverConnectionId": 1, "serverHost": "ac-1u1vjmy-shard-00-00.djz1hts.mongodb.net", "serverPort": 27017, "awaited": false}
[ 2026-01-20 15:13:46,777 ] pymongo.topology - DEBUG - {"message": "Server heartbeat succeeded", "topologyId": {"$oid": "696ff009b68289229f1a44cd"}, "driverConnectionId": 1, "serverConnectionId": 196153, "serverHost": "ac-1u1vjmy-shard-00-02.djz1hts.mongodb.net", "serverPort": 27017, "awaited": false, "durationMS": 46.89739993773401, "reply": "{\"helloOk\": true, \"topologyVersion\": {\"processId\": {\"$oid\": \"6969219f082a3c516728680e\"}, \"counter\": 6}, \"hosts\": [\"ac-1u1vjmy-shard-00-00.djz1hts.mongodb.net:27017\", \"ac-1u1vjmy-shard-00-01.djz1hts.mongodb.net:27017\", \"ac-1u1vjmy-shard-00-02.djz1hts.mongodb.net:27017\"], \"setName\": \"atlas-931qd7-shard-0\", \"setVersion\": 10, \"ismaster\": true, \"primary\": \"ac-1u1vjmy-shard-00-02.djz1hts.mongodb.net:27017\", \"tags\": {\"provider\": \"AWS\", \"diskState\": \"READY\", \"region\": \"US_EAST_1\", \"workloadType\": \"OPERATIONAL\", \"availabilityZone\": \"use1-az5\", \"nodeType\": \"ELECTABLE\"}, \"me\": \"ac-1u1vjmy-shard-00-02.djz1hts.mongodb.net:27017\", \"electionId\": {\"$oid\": \"7fffffff000000000000000f\"}, \"lastWrite\": {\"opTime\": {\"ts\": {\"$timestamp\": {\"t\": 1768943626, \"i\": 7}}, \"t\": 15}, \"lastWriteDate\": {\"$date\": \"2026-01-20T21:13:46Z\"}, \"majorityOpTime\": {\"ts\": {\"$timestamp\": {\"t\": 1768943626, \"i\": 7}}, \"t\": 15}, \"majorityWriteDate\": {\"$date\": \"2026-01-20T21:13:46Z\"}}, \"maxBsonObjectSize\": 16777216, \"maxMessageSizeBytes\"..."}
[ 2026-01-20 15:13:46,785 ] pymongo.topology - DEBUG - {"message": "Server heartbeat succeeded", "topologyId": {"$oid": "696ff009b68289229f1a44cd"}, "driverConnectionId": 1, "serverConnectionId": 187026, "serverHost": "ac-1u1vjmy-shard-00-01.djz1hts.mongodb.net", "serverPort": 27017, "awaited": false, "durationMS": 54.888200014829636, "reply": "{\"helloOk\": true, \"topologyVersion\": {\"processId\": {\"$oid\": \"696923953f198139e3024850\"}, \"counter\": 3}, \"hosts\": [\"ac-1u1vjmy-shard-00-00.djz1hts.mongodb.net:27017\", \"ac-1u1vjmy-shard-00-01.djz1hts.mongodb.net:27017\", \"ac-1u1vjmy-shard-00-02.djz1hts.mongodb.net:27017\"], \"setName\": \"atlas-931qd7-shard-0\", \"setVersion\": 10, \"secondary\": true, \"primary\": \"ac-1u1vjmy-shard-00-02.djz1hts.mongodb.net:27017\", \"tags\": {\"workloadType\": \"OPERATIONAL\", \"nodeType\": \"ELECTABLE\", \"availabilityZone\": \"use1-az4\", \"diskState\": \"READY\", \"provider\": \"AWS\", \"region\": \"US_EAST_1\"}, \"me\": \"ac-1u1vjmy-shard-00-01.djz1hts.mongodb.net:27017\", \"lastWrite\": {\"opTime\": {\"ts\": {\"$timestamp\": {\"t\": 1768943626, \"i\": 7}}, \"t\": 15}, \"lastWriteDate\": {\"$date\": \"2026-01-20T21:13:46Z\"}, \"majorityOpTime\": {\"ts\": {\"$timestamp\": {\"t\": 1768943626, \"i\": 7}}, \"t\": 15}, \"majorityWriteDate\": {\"$date\": \"2026-01-20T21:13:46Z\"}}, \"maxBsonObjectSize\": 16777216, \"maxMessageSizeBytes\": 48000000, \"maxWriteBatchSize\": 100000, \"localTime..."}
[ 2026-01-20 15:13:46,790 ] pymongo.connection - DEBUG - {"message": "Connection pool ready", "clientId": {"$oid": "696ff009b68289229f1a44cd"}, "serverHost": "ac-1u1vjmy-shard-00-02.djz1hts.mongodb.net", "serverPort": 27017}
[ 2026-01-20 15:13:46,791 ] pymongo.topology - DEBUG - {"message": "Topology description changed", "topologyId": {"$oid": "696ff009b68289229f1a44cd"}, "previousDescription": "<TopologyDescription id: 696ff009b68289229f1a44cd, topology_type: ReplicaSetNoPrimary, servers: [<ServerDescription ('ac-1u1vjmy-shard-00-00.djz1hts.mongodb.net', 27017) server_type: Unknown, rtt: None>, <ServerDescription ('ac-1u1vjmy-shard-00-01.djz1hts.mongodb.net', 27017) server_type: Unknown, rtt: None>, <ServerDescription ('ac-1u1vjmy-shard-00-02.djz1hts.mongodb.net', 27017) server_type: Unknown, rtt: None>]>", "newDescription": "<TopologyDescription id: 696ff009b68289229f1a44cd, topology_type: ReplicaSetWithPrimary, servers: [<ServerDescription ('ac-1u1vjmy-shard-00-00.djz1hts.mongodb.net', 27017) server_type: Unknown, rtt: None>, <ServerDescription ('ac-1u1vjmy-shard-00-01.djz1hts.mongodb.net', 27017) server_type: Unknown, rtt: None>, <ServerDescription ('ac-1u1vjmy-shard-00-02.djz1hts.mongodb.net', 27017) server_type: RSPrimary, rtt: 0.04689739993773401>]>"}
[ 2026-01-20 15:13:46,791 ] pymongo.connection - DEBUG - {"message": "Connection pool ready", "clientId": {"$oid": "696ff009b68289229f1a44cd"}, "serverHost": "ac-1u1vjmy-shard-00-01.djz1hts.mongodb.net", "serverPort": 27017}
[ 2026-01-20 15:13:46,791 ] pymongo.topology - DEBUG - {"message": "Topology description changed", "topologyId": {"$oid": "696ff009b68289229f1a44cd"}, "previousDescription": "<TopologyDescription id: 696ff009b68289229f1a44cd, topology_type: ReplicaSetWithPrimary, servers: [<ServerDescription ('ac-1u1vjmy-shard-00-00.djz1hts.mongodb.net', 27017) server_type: Unknown, rtt: None>, <ServerDescription ('ac-1u1vjmy-shard-00-01.djz1hts.mongodb.net', 27017) server_type: Unknown, rtt: None>, <ServerDescription ('ac-1u1vjmy-shard-00-02.djz1hts.mongodb.net', 27017) server_type: RSPrimary, rtt: 0.04689739993773401>]>", "newDescription": "<TopologyDescription id: 696ff009b68289229f1a44cd, topology_type: ReplicaSetWithPrimary, servers: [<ServerDescription ('ac-1u1vjmy-shard-00-00.djz1hts.mongodb.net', 27017) server_type: Unknown, rtt: None>, <ServerDescription ('ac-1u1vjmy-shard-00-01.djz1hts.mongodb.net', 27017) server_type: RSSecondary, rtt: 0.054888200014829636>, <ServerDescription ('ac-1u1vjmy-shard-00-02.djz1hts.mongodb.net', 27017) server_type: RSPrimary, rtt: 0.04689739993773401>]>"}
[ 2026-01-20 15:13:46,792 ] pymongo.topology - DEBUG - {"message": "Server heartbeat started", "topologyId": {"$oid": "696ff009b68289229f1a44cd"}, "driverConnectionId": 1, "serverConnectionId": 196153, "serverHost": "ac-1u1vjmy-shard-00-02.djz1hts.mongodb.net", "serverPort": 27017, "awaited": true}
[ 2026-01-20 15:13:46,792 ] pymongo.serverSelection - DEBUG - {"message": "Server selection succeeded", "selector": "Primary()", "operation": "find", "topologyDescription": "<TopologyDescription id: 696ff009b68289229f1a44cd, topology_type: ReplicaSetWithPrimary, servers: [<ServerDescription ('ac-1u1vjmy-shard-00-00.djz1hts.mongodb.net', 27017) server_type: Unknown, rtt: None>, <ServerDescription ('ac-1u1vjmy-shard-00-01.djz1hts.mongodb.net', 27017) server_type: RSSecondary, rtt: 0.054888200014829636>, <ServerDescription ('ac-1u1vjmy-shard-00-02.djz1hts.mongodb.net', 27017) server_type: RSPrimary, rtt: 0.04689739993773401>]>", "clientId": {"$oid": "696ff009b68289229f1a44cd"}, "serverHost": "ac-1u1vjmy-shard-00-02.djz1hts.mongodb.net", "serverPort": 27017}
[ 2026-01-20 15:13:46,792 ] pymongo.topology - DEBUG - {"message": "Server heartbeat started", "topologyId": {"$oid": "696ff009b68289229f1a44cd"}, "driverConnectionId": 1, "serverConnectionId": 187026, "serverHost": "ac-1u1vjmy-shard-00-01.djz1hts.mongodb.net", "serverPort": 27017, "awaited": true}
[ 2026-01-20 15:13:46,793 ] pymongo.connection - DEBUG - {"message": "Connection checkout started", "clientId": {"$oid": "696ff009b68289229f1a44cd"}, "serverHost": "ac-1u1vjmy-shard-00-02.djz1hts.mongodb.net", "serverPort": 27017}
[ 2026-01-20 15:13:46,793 ] pymongo.connection - DEBUG - {"message": "Connection created", "clientId": {"$oid": "696ff009b68289229f1a44cd"}, "serverHost": "ac-1u1vjmy-shard-00-02.djz1hts.mongodb.net", "serverPort": 27017, "driverConnectionId": 1}
[ 2026-01-20 15:13:46,819 ] pymongo.topology - DEBUG - {"message": "Server heartbeat succeeded", "topologyId": {"$oid": "696ff009b68289229f1a44cd"}, "driverConnectionId": 1, "serverConnectionId": 189651, "serverHost": "ac-1u1vjmy-shard-00-00.djz1hts.mongodb.net", "serverPort": 27017, "awaited": false, "durationMS": 52.75939987041056, "reply": "{\"helloOk\": true, \"topologyVersion\": {\"processId\": {\"$oid\": \"69691fb9146e75e66ebab7e3\"}, \"counter\": 4}, \"hosts\": [\"ac-1u1vjmy-shard-00-00.djz1hts.mongodb.net:27017\", \"ac-1u1vjmy-shard-00-01.djz1hts.mongodb.net:27017\", \"ac-1u1vjmy-shard-00-02.djz1hts.mongodb.net:27017\"], \"setName\": \"atlas-931qd7-shard-0\", \"setVersion\": 10, \"secondary\": true, \"primary\": \"ac-1u1vjmy-shard-00-02.djz1hts.mongodb.net:27017\", \"tags\": {\"availabilityZone\": \"use1-az2\", \"region\": \"US_EAST_1\", \"provider\": \"AWS\", \"nodeType\": \"ELECTABLE\", \"workloadType\": \"OPERATIONAL\", \"diskState\": \"READY\"}, \"me\": \"ac-1u1vjmy-shard-00-00.djz1hts.mongodb.net:27017\", \"lastWrite\": {\"opTime\": {\"ts\": {\"$timestamp\": {\"t\": 1768943626, \"i\": 8}}, \"t\": 15}, \"lastWriteDate\": {\"$date\": \"2026-01-20T21:13:46Z\"}, \"majorityOpTime\": {\"ts\": {\"$timestamp\": {\"t\": 1768943626, \"i\": 8}}, \"t\": 15}, \"majorityWriteDate\": {\"$date\": \"2026-01-20T21:13:46Z\"}}, \"maxBsonObjectSize\": 16777216, \"maxMessageSizeBytes\": 48000000, \"maxWriteBatchSize\": 100000, \"localTime..."}
[ 2026-01-20 15:13:46,819 ] pymongo.connection - DEBUG - {"message": "Connection pool ready", "clientId": {"$oid": "696ff009b68289229f1a44cd"}, "serverHost": "ac-1u1vjmy-shard-00-00.djz1hts.mongodb.net", "serverPort": 27017}
[ 2026-01-20 15:13:46,819 ] pymongo.topology - DEBUG - {"message": "Topology description changed", "topologyId": {"$oid": "696ff009b68289229f1a44cd"}, "previousDescription": "<TopologyDescription id: 696ff009b68289229f1a44cd, topology_type: ReplicaSetWithPrimary, servers: [<ServerDescription ('ac-1u1vjmy-shard-00-00.djz1hts.mongodb.net', 27017) server_type: Unknown, rtt: None>, <ServerDescription ('ac-1u1vjmy-shard-00-01.djz1hts.mongodb.net', 27017) server_type: RSSecondary, rtt: 0.054888200014829636>, <ServerDescription ('ac-1u1vjmy-shard-00-02.djz1hts.mongodb.net', 27017) server_type: RSPrimary, rtt: 0.04689739993773401>]>", "newDescription": "<TopologyDescription id: 696ff009b68289229f1a44cd, topology_type: ReplicaSetWithPrimary, servers: [<ServerDescription ('ac-1u1vjmy-shard-00-00.djz1hts.mongodb.net', 27017) server_type: RSSecondary, rtt: 0.05275939987041056>, <ServerDescription ('ac-1u1vjmy-shard-00-01.djz1hts.mongodb.net', 27017) server_type: RSSecondary, rtt: 0.054888200014829636>, <ServerDescription ('ac-1u1vjmy-shard-00-02.djz1hts.mongodb.net', 27017) server_type: RSPrimary, rtt: 0.04689739993773401>]>"}
[ 2026-01-20 15:13:46,820 ] pymongo.topology - DEBUG - {"message": "Server heartbeat started", "topologyId": {"$oid": "696ff009b68289229f1a44cd"}, "driverConnectionId": 1, "serverConnectionId": 189651, "serverHost": "ac-1u1vjmy-shard-00-00.djz1hts.mongodb.net", "serverPort": 27017, "awaited": true}
[ 2026-01-20 15:13:47,124 ] pymongo.connection - DEBUG - {"message": "Connection ready", "clientId": {"$oid": "696ff009b68289229f1a44cd"}, "serverHost": "ac-1u1vjmy-shard-00-02.djz1hts.mongodb.net", "serverPort": 27017, "driverConnectionId": 1, "durationMS": 0.17577700014226139}
[ 2026-01-20 15:13:47,125 ] pymongo.connection - DEBUG - {"message": "Connection checked out", "clientId": {"$oid": "696ff009b68289229f1a44cd"}, "serverHost": "ac-1u1vjmy-shard-00-02.djz1hts.mongodb.net", "serverPort": 27017, "driverConnectionId": 1, "durationMS": 0.331864699954167}
[ 2026-01-20 15:13:47,125 ] pymongo.command - DEBUG - {"message": "Command started", "clientId": {"$oid": "696ff009b68289229f1a44cd"}, "command": "{\"find\": \"Proj1-Data\", \"lsid\": {\"id\": {\"$binary\": {\"base64\": \"Oe+B6LkmQECBjBmeJCR7Hw==\", \"subType\": \"04\"}}}, \"$clusterTime\": {\"clusterTime\": {\"$timestamp\": {\"t\": 1768943626, \"i\": 27}}, \"signature\": {\"hash\": {\"$binary\": {\"base64\": \"LWqNTWwwYW0VODhdxYOfDl8f6pw=\", \"subType\": \"00\"}}, \"keyId\": 7566725175656316934}}, \"$db\": \"Customer-Churn\"}", "commandName": "find", "databaseName": "Customer-Churn", "requestId": 26500, "operationId": 26500, "driverConnectionId": 1, "serverConnectionId": 196079, "serverHost": "ac-1u1vjmy-shard-00-02.djz1hts.mongodb.net", "serverPort": 27017}
[ 2026-01-20 15:13:47,284 ] pymongo.command - DEBUG - {"message": "Command succeeded", "clientId": {"$oid": "696ff009b68289229f1a44cd"}, "durationMS": 158.98399999999998, "reply": "{\"cursor\": {\"firstBatch\": [{\"_id\": {\"$oid\": \"69694a72cfa4574c33d9bcac\"}, \"customerID\": \"7590-VHVEG\", \"gender\": \"Female\", \"Partner\": \"Yes\", \"Dependents\": \"No\", \"tenure\": 1, \"PhoneService\": \"No\", \"MultipleLines\": \"No phone service\", \"InternetService\": \"DSL\", \"OnlineSecurity\": \"No\", \"OnlineBackup\": \"Yes\", \"DeviceProtection\": \"No\", \"TechSupport\": \"No\", \"StreamingTV\": \"No\", \"StreamingMovies\": \"No\", \"Contract\": \"Month-to-month\", \"PaperlessBilling\": \"Yes\", \"PaymentMethod\": \"Electronic check\", \"MonthlyCharges\": 29.85, \"TotalCharges\": \"29.85\", \"Churn\": \"No\"}, {\"_id\": {\"$oid\": \"69694a72cfa4574c33d9bcad\"}, \"customerID\": \"5575-GNVDE\", \"gender\": \"Male\", \"Partner\": \"No\", \"Dependents\": \"No\", \"tenure\": 34, \"PhoneService\": \"Yes\", \"MultipleLines\": \"No\", \"InternetService\": \"DSL\", \"OnlineSecurity\": \"Yes\", \"OnlineBackup\": \"No\", \"DeviceProtection\": \"Yes\", \"TechSupport\": \"No\", \"StreamingTV\": \"No\", \"StreamingMovies\": \"No\", \"Contract\": \"One year\", \"PaperlessBilling\": \"No\", \"PaymentMethod\": \"Mailed check\", \"Mon...", "commandName": "find", "databaseName": "Customer-Churn", "requestId": 26500, "operationId": 26500, "driverConnectionId": 1, "serverConnectionId": 196079, "serverHost": "ac-1u1vjmy-shard-00-02.djz1hts.mongodb.net", "serverPort": 27017}
[ 2026-01-20 15:13:47,284 ] pymongo.connection - DEBUG - {"message": "Connection checked in", "clientId": {"$oid": "696ff009b68289229f1a44cd"}, "serverHost": "ac-1u1vjmy-shard-00-02.djz1hts.mongodb.net", "serverPort": 27017, "driverConnectionId": 1}
[ 2026-01-20 15:13:47,285 ] pymongo.serverSelection - DEBUG - {"message": "Server selection started", "selector": "<function any_server_selector at 0x0000019BC7928EA0>", "operation": "getMore", "topologyDescription": "<TopologyDescription id: 696ff009b68289229f1a44cd, topology_type: ReplicaSetWithPrimary, servers: [<ServerDescription ('ac-1u1vjmy-shard-00-00.djz1hts.mongodb.net', 27017) server_type: RSSecondary, rtt: 0.05275939987041056>, <ServerDescription ('ac-1u1vjmy-shard-00-01.djz1hts.mongodb.net', 27017) server_type: RSSecondary, rtt: 0.054888200014829636>, <ServerDescription ('ac-1u1vjmy-shard-00-02.djz1hts.mongodb.net', 27017) server_type: RSPrimary, rtt: 0.04689739993773401>]>", "clientId": {"$oid": "696ff009b68289229f1a44cd"}}
[ 2026-01-20 15:13:47,285 ] pymongo.serverSelection - DEBUG - {"message": "Server selection succeeded", "selector": "<function any_server_selector at 0x0000019BC7928EA0>", "operation": "getMore", "topologyDescription": "<TopologyDescription id: 696ff009b68289229f1a44cd, topology_type: ReplicaSetWithPrimary, servers: [<ServerDescription ('ac-1u1vjmy-shard-00-00.djz1hts.mongodb.net', 27017) server_type: RSSecondary, rtt: 0.05275939987041056>, <ServerDescription ('ac-1u1vjmy-shard-00-01.djz1hts.mongodb.net', 27017) server_type: RSSecondary, rtt: 0.054888200014829636>, <ServerDescription ('ac-1u1vjmy-shard-00-02.djz1hts.mongodb.net', 27017) server_type: RSPrimary, rtt: 0.04689739993773401>]>", "clientId": {"$oid": "696ff009b68289229f1a44cd"}, "serverHost": "ac-1u1vjmy-shard-00-02.djz1hts.mongodb.net", "serverPort": 27017}
[ 2026-01-20 15:13:47,285 ] pymongo.connection - DEBUG - {"message": "Connection checkout started", "clientId": {"$oid": "696ff009b68289229f1a44cd"}, "serverHost": "ac-1u1vjmy-shard-00-02.djz1hts.mongodb.net", "serverPort": 27017}
[ 2026-01-20 15:13:47,285 ] pymongo.connection - DEBUG - {"message": "Connection checked out", "clientId": {"$oid": "696ff009b68289229f1a44cd"}, "serverHost": "ac-1u1vjmy-shard-00-02.djz1hts.mongodb.net", "serverPort": 27017, "driverConnectionId": 1, "durationMS": 0.00010910001583397388}
[ 2026-01-20 15:13:47,285 ] pymongo.command - DEBUG - {"message": "Command started", "clientId": {"$oid": "696ff009b68289229f1a44cd"}, "command": "{\"getMore\": 1211147226011043468, \"collection\": \"Proj1-Data\", \"lsid\": {\"id\": {\"$binary\": {\"base64\": \"Oe+B6LkmQECBjBmeJCR7Hw==\", \"subType\": \"04\"}}}, \"$clusterTime\": {\"clusterTime\": {\"$timestamp\": {\"t\": 1768943626, \"i\": 28}}, \"signature\": {\"hash\": {\"$binary\": {\"base64\": \"LWqNTWwwYW0VODhdxYOfDl8f6pw=\", \"subType\": \"00\"}}, \"keyId\": 7566725175656316934}}, \"$db\": \"Customer-Churn\"}", "commandName": "getMore", "databaseName": "Customer-Churn", "requestId": 19169, "operationId": 19169, "driverConnectionId": 1, "serverConnectionId": 196079, "serverHost": "ac-1u1vjmy-shard-00-02.djz1hts.mongodb.net", "serverPort": 27017}
[ 2026-01-20 15:13:47,865 ] pymongo.command - DEBUG - {"message": "Command succeeded", "clientId": {"$oid": "696ff009b68289229f1a44cd"}, "durationMS": 579.273, "reply": "{\"cursor\": {\"nextBatch\": [{\"_id\": {\"$oid\": \"69694a72cfa4574c33d9bd11\"}, \"customerID\": \"3679-XASPY\", \"gender\": \"Female\", \"Partner\": \"Yes\", \"Dependents\": \"Yes\", \"tenure\": 1, \"PhoneService\": \"Yes\", \"MultipleLines\": \"No\", \"InternetService\": \"No\", \"OnlineSecurity\": \"No internet service\", \"OnlineBackup\": \"No internet service\", \"DeviceProtection\": \"No internet service\", \"TechSupport\": \"No internet service\", \"StreamingTV\": \"No internet service\", \"StreamingMovies\": \"No internet service\", \"Contract\": \"Month-to-month\", \"PaperlessBilling\": \"No\", \"PaymentMethod\": \"Electronic check\", \"MonthlyCharges\": 19.45, \"TotalCharges\": \"19.45\", \"Churn\": \"No\"}, {\"_id\": {\"$oid\": \"69694a72cfa4574c33d9bd12\"}, \"customerID\": \"7123-WQUHX\", \"gender\": \"Male\", \"Partner\": \"No\", \"Dependents\": \"No\", \"tenure\": 38, \"PhoneService\": \"Yes\", \"MultipleLines\": \"Yes\", \"InternetService\": \"Fiber optic\", \"OnlineSecurity\": \"No\", \"OnlineBackup\": \"No\", \"DeviceProtection\": \"Yes\", \"TechSupport\": \"Yes\", \"StreamingTV\": \"Yes\", \"StreamingMovies...", "commandName": "getMore", "databaseName": "Customer-Churn", "requestId": 19169, "operationId": 19169, "driverConnectionId": 1, "serverConnectionId": 196079, "serverHost": "ac-1u1vjmy-shard-00-02.djz1hts.mongodb.net", "serverPort": 27017}
[ 2026-01-20 15:13:47,865 ] pymongo.connection - DEBUG - {"message": "Connection checked in", "clientId": {"$oid": "696ff009b68289229f1a44cd"}, "serverHost": "ac-1u1vjmy-shard-00-02.djz1hts.mongodb.net", "serverPort": 27017, "driverConnectionId": 1}
[ 2026-01-20 15:13:47,925 ] root - INFO - Shape of dataframe: (7043, 22)
[ 2026-01-20 15:13:47,927 ] root - INFO - Saving exported data into feature store file path: artifact\01_20_2026_15_13_45\data_ingestion\feature_store\WA_Fn-UseC_-Telco-Customer-Churn.csv
[ 2026-01-20 15:13:47,982 ] root - INFO - Got the data from mongodb
[ 2026-01-20 15:13:47,982 ] root - INFO - Entered split_data_as_train_test method of Data_Ingestion class
[ 2026-01-20 15:13:47,988 ] root - INFO - Performed train test split on the dataframe
[ 2026-01-20 15:13:47,988 ] root - INFO - Exited split_data_as_train_test method of Data_Ingestion class
[ 2026-01-20 15:13:47,989 ] root - INFO - Exporting train and test file path.
[ 2026-01-20 15:13:48,043 ] root - INFO - Exported train and test file path.
[ 2026-01-20 15:13:48,045 ] root - INFO - Performed train test split on the dataset
[ 2026-01-20 15:13:48,045 ] root - INFO - Exited initiate_data_ingestion method of Data_Ingestion class
[ 2026-01-20 15:13:48,045 ] root - INFO - Data ingestion artifact: DataIngestionArtifact(trained_file_path='artifact\\01_20_2026_15_13_45\\data_ingestion\\ingested\\train.csv', test_file_path='artifact\\01_20_2026_15_13_45\\data_ingestion\\ingested\\test.csv')
[ 2026-01-20 15:13:48,053 ] root - INFO - Got the train_set and test_set from mongodb
[ 2026-01-20 15:13:48,054 ] root - INFO - Exited the start_data_ingestion method of TrainPipeline class
[ 2026-01-20 15:13:48,054 ] root - INFO - Entered the start_data_validation method of TrainPipeline class
[ 2026-01-20 15:13:48,058 ] root - INFO - Starting data validation
[ 2026-01-20 15:13:48,083 ] root - INFO - Is required column present: [True]
[ 2026-01-20 15:13:48,084 ] root - INFO - All required columns present in training dataframe: True
[ 2026-01-20 15:13:48,084 ] root - INFO - Is required column present: [True]
[ 2026-01-20 15:13:48,084 ] root - INFO - All required columns present in testing dataframe: True
[ 2026-01-20 15:13:48,084 ] root - INFO - All categorical/int columns present in training dataframe: True
[ 2026-01-20 15:13:48,085 ] root - INFO - All categorical/int columns present in testing dataframe: True
[ 2026-01-20 15:13:48,086 ] root - INFO - Data validation artifact created and saved to JSON file.
[ 2026-01-20 15:13:48,086 ] root - INFO - Data validation artifact: DataValidationArtifact(validation_status=True, message='', validation_report_file_path='artifact\\01_20_2026_15_13_45\\data_validation\\report.yaml')
[ 2026-01-20 15:13:48,087 ] root - INFO - Performed the data validation operation
[ 2026-01-20 15:13:48,087 ] root - INFO - Exited the start_data_validation method of TrainPipeline class
[ 2026-01-20 15:13:48,445 ] root - INFO - Data Transformation Started !!!
[ 2026-01-20 15:13:48,469 ] root - INFO - Train-Test data loaded
[ 2026-01-20 15:13:48,472 ] root - INFO - Input and Target cols defined for both train and test df.
[ 2026-01-20 15:13:48,472 ] root - INFO - Cleaning data: handling TotalCharges
[ 2026-01-20 15:13:48,477 ] root - INFO - TotalCharges cleaned and filled missing values with median
[ 2026-01-20 15:13:48,477 ] root - INFO - Mapping 'gender' column to binary values
[ 2026-01-20 15:13:48,478 ] root - INFO - Dropping id columns
[ 2026-01-20 15:13:48,480 ] root - INFO - Dropped columns: ['_id', 'customerID']
[ 2026-01-20 15:13:48,480 ] root - INFO - Creating dummy variables for categorical features
[ 2026-01-20 15:13:48,481 ] root - INFO - Creating dummy variables for: ['Partner', 'Dependents', 'PhoneService', 'MultipleLines', 'InternetService', 'OnlineSecurity', 'OnlineBackup', 'DeviceProtection', 'TechSupport', 'StreamingTV', 'StreamingMovies', 'Contract', 'PaperlessBilling', 'PaymentMethod']
[ 2026-01-20 15:13:48,492 ] root - INFO - Renaming specific columns and casting to int
[ 2026-01-20 15:13:48,492 ] root - INFO - Cleaning data: handling TotalCharges
[ 2026-01-20 15:13:48,495 ] root - INFO - TotalCharges cleaned and filled missing values with median
[ 2026-01-20 15:13:48,495 ] root - INFO - Mapping 'gender' column to binary values
[ 2026-01-20 15:13:48,496 ] root - INFO - Dropping id columns
[ 2026-01-20 15:13:48,496 ] root - INFO - Dropped columns: ['_id', 'customerID']
[ 2026-01-20 15:13:48,497 ] root - INFO - Creating dummy variables for categorical features
[ 2026-01-20 15:13:48,497 ] root - INFO - Creating dummy variables for: ['Partner', 'Dependents', 'PhoneService', 'MultipleLines', 'InternetService', 'OnlineSecurity', 'OnlineBackup', 'DeviceProtection', 'TechSupport', 'StreamingTV', 'StreamingMovies', 'Contract', 'PaperlessBilling', 'PaymentMethod']
[ 2026-01-20 15:13:48,506 ] root - INFO - Renaming specific columns and casting to int
[ 2026-01-20 15:13:48,506 ] root - INFO - Custom transformations applied to train and test data
[ 2026-01-20 15:13:48,507 ] root - INFO - Starting data transformation
[ 2026-01-20 15:13:48,507 ] root - INFO - Numerical features for scaling: ['tenure', 'MonthlyCharges']
[ 2026-01-20 15:13:48,507 ] root - INFO - MinMax columns: ['TotalCharges']
[ 2026-01-20 15:13:48,507 ] root - INFO - Got the preprocessor object
[ 2026-01-20 15:13:48,507 ] root - INFO - Initializing transformation for Training-data
[ 2026-01-20 15:13:48,516 ] root - INFO - Initializing transformation for Testing-data
[ 2026-01-20 15:13:48,521 ] root - INFO - Transformation done end to end to train-test df.
[ 2026-01-20 15:13:48,522 ] root - INFO - Applying SMOTEENN for handling imbalanced dataset.
[ 2026-01-20 15:13:50,234 ] root - INFO - SMOTEENN applied to train-test df.
[ 2026-01-20 15:13:50,243 ] root - INFO - feature-target concatenation done for train-test df.
[ 2026-01-20 15:13:50,243 ] root - INFO - Entered the save_object method of utils
[ 2026-01-20 15:13:50,248 ] root - INFO - Exited the save_object method of utils
[ 2026-01-20 15:13:50,265 ] root - INFO - Saving transformation object and transformed files.
[ 2026-01-20 15:13:50,265 ] root - INFO - Data transformation completed successfully
[ 2026-01-20 15:13:52,120 ] root - INFO - Entered initiate_model_trainer method of ModelTrainer class
[ 2026-01-20 15:13:52,131 ] root - INFO - train-test data loaded
[ 2026-01-20 15:13:52,134 ] root - INFO - Training XGBoost classifier
[ 2026-01-20 15:13:52,604 ] root - INFO - Training RandomForest classifier
[ 2026-01-20 15:13:53,284 ] root - INFO - Training ANN classifier
[ 2026-01-20 15:13:56,380 ] root - INFO - Selected xgboost based on validation f1: 0.9431
[ 2026-01-20 15:13:56,381 ] root - INFO - Model object and artifact loaded.
[ 2026-01-20 15:13:56,382 ] root - INFO - Preprocessing obj loaded.
[ 2026-01-20 15:13:56,405 ] root - INFO - Saving new model as performace is better than previous one.
[ 2026-01-20 15:13:56,419 ] root - INFO - Saved final model object that includes both preprocessing and the trained model
[ 2026-01-20 15:13:56,419 ] root - INFO - Model trainer artifact: ModelTrainerArtifact(trained_model_file_path='artifact\\01_20_2026_15_13_45\\model_trainer\\trained_model\\model.pkl', metric_artifact=ClassificationMetricArtifact(f1_score=0.9431216931216931, precision_score=0.9481382978723404, recall_score=0.9381578947368421))
[ 2026-01-20 15:13:56,423 ] root - INFO - Initialized Model Evaluation Component.
[ 2026-01-20 15:13:56,440 ] root - INFO - Test data loaded and now transforming it for prediction...
[ 2026-01-20 15:13:56,440 ] root - INFO - Mapping 'gender' column to binary values
[ 2026-01-20 15:13:56,442 ] root - INFO - Dropping 'id' column
[ 2026-01-20 15:13:56,443 ] root - INFO - Creating dummy variables for categorical features
[ 2026-01-20 15:13:56,471 ] root - INFO - Renaming specific columns and casting to int
[ 2026-01-20 15:13:56,490 ] root - INFO - Trained model loaded/exists.
[ 2026-01-20 15:13:56,490 ] root - INFO - F1_Score for this model: 0.9431216931216931
[ 2026-01-20 15:13:56,492 ] botocore.hooks - DEBUG - Changing event name from creating-client-class.iot-data to creating-client-class.iot-data-plane
[ 2026-01-20 15:13:56,495 ] botocore.hooks - DEBUG - Changing event name from before-call.apigateway to before-call.api-gateway
[ 2026-01-20 15:13:56,496 ] botocore.hooks - DEBUG - Changing event name from request-created.machinelearning.Predict to request-created.machine-learning.Predict
[ 2026-01-20 15:13:56,498 ] botocore.hooks - DEBUG - Changing event name from before-parameter-build.autoscaling.CreateLaunchConfiguration to before-parameter-build.auto-scaling.CreateLaunchConfiguration
[ 2026-01-20 15:13:56,499 ] botocore.hooks - DEBUG - Changing event name from before-parameter-build.route53 to before-parameter-build.route-53
[ 2026-01-20 15:13:56,500 ] botocore.hooks - DEBUG - Changing event name from request-created.cloudsearchdomain.Search to request-created.cloudsearch-domain.Search
[ 2026-01-20 15:13:56,501 ] botocore.hooks - DEBUG - Changing event name from docs.*.autoscaling.CreateLaunchConfiguration.complete-section to docs.*.auto-scaling.CreateLaunchConfiguration.complete-section
[ 2026-01-20 15:13:56,505 ] botocore.hooks - DEBUG - Changing event name from before-parameter-build.logs.CreateExportTask to before-parameter-build.cloudwatch-logs.CreateExportTask
[ 2026-01-20 15:13:56,505 ] botocore.hooks - DEBUG - Changing event name from docs.*.logs.CreateExportTask.complete-section to docs.*.cloudwatch-logs.CreateExportTask.complete-section
[ 2026-01-20 15:13:56,505 ] botocore.hooks - DEBUG - Changing event name from before-parameter-build.cloudsearchdomain.Search to before-parameter-build.cloudsearch-domain.Search
[ 2026-01-20 15:13:56,506 ] botocore.hooks - DEBUG - Changing event name from docs.*.cloudsearchdomain.Search.complete-section to docs.*.cloudsearch-domain.Search.complete-section
[ 2026-01-20 15:13:56,621 ] botocore.loaders - DEBUG - Loading JSON file: C:\Users\kavet\OneDrive\Desktop\github\.venv\Lib\site-packages\boto3\data\s3\2006-03-01\resources-1.json
[ 2026-01-20 15:13:56,625 ] botocore.loaders - DEBUG - Loading JSON file: C:\Users\kavet\OneDrive\Desktop\github\.venv\Lib\site-packages\botocore\data\endpoints.json
[ 2026-01-20 15:13:56,641 ] botocore.loaders - DEBUG - Loading JSON file: C:\Users\kavet\OneDrive\Desktop\github\.venv\Lib\site-packages\botocore\data\sdk-default-configuration.json
[ 2026-01-20 15:13:56,641 ] botocore.hooks - DEBUG - Event choose-service-name: calling handler <function handle_service_name_alias at 0x0000019BC9617740>
[ 2026-01-20 15:13:56,712 ] botocore.loaders - DEBUG - Loading JSON file: C:\Users\kavet\OneDrive\Desktop\github\.venv\Lib\site-packages\botocore\data\s3\2006-03-01\service-2.json.gz
[ 2026-01-20 15:13:56,720 ] botocore.loaders - DEBUG - Loading JSON file: C:\Users\kavet\OneDrive\Desktop\github\.venv\Lib\site-packages\botocore\data\s3\2006-03-01\service-2.sdk-extras.json
[ 2026-01-20 15:13:56,787 ] botocore.loaders - DEBUG - Loading JSON file: C:\Users\kavet\OneDrive\Desktop\github\.venv\Lib\site-packages\botocore\data\s3\2006-03-01\endpoint-rule-set-1.json.gz
[ 2026-01-20 15:13:56,791 ] botocore.loaders - DEBUG - Loading JSON file: C:\Users\kavet\OneDrive\Desktop\github\.venv\Lib\site-packages\botocore\data\partitions.json
[ 2026-01-20 15:13:56,793 ] botocore.hooks - DEBUG - Event creating-client-class.s3: calling handler <function add_generate_presigned_post at 0x0000019BAF3AE840>
[ 2026-01-20 15:13:56,793 ] botocore.hooks - DEBUG - Event creating-client-class.s3: calling handler <function lazy_call.<locals>._handler at 0x0000019BE3BA37E0>
[ 2026-01-20 15:13:56,794 ] botocore.hooks - DEBUG - Event creating-client-class.s3: calling handler <function add_generate_presigned_url at 0x0000019BAF3AE5C0>
[ 2026-01-20 15:13:56,794 ] botocore.configprovider - DEBUG - Looking for endpoint for s3 via: environment_service
[ 2026-01-20 15:13:56,794 ] botocore.configprovider - DEBUG - Looking for endpoint for s3 via: environment_global
[ 2026-01-20 15:13:56,794 ] botocore.configprovider - DEBUG - Looking for endpoint for s3 via: config_service
[ 2026-01-20 15:13:56,794 ] botocore.configprovider - DEBUG - Looking for endpoint for s3 via: config_global
[ 2026-01-20 15:13:56,794 ] botocore.configprovider - DEBUG - No configured endpoint found.
[ 2026-01-20 15:13:56,796 ] botocore.endpoint - DEBUG - Setting s3 timeout as (60, 60)
[ 2026-01-20 15:13:56,798 ] botocore.loaders - DEBUG - Loading JSON file: C:\Users\kavet\OneDrive\Desktop\github\.venv\Lib\site-packages\botocore\data\_retry.json
[ 2026-01-20 15:13:56,798 ] botocore.client - DEBUG - Registering retry handlers for service: s3
[ 2026-01-20 15:13:56,799 ] botocore.utils - DEBUG - Registering S3 region redirector handler
[ 2026-01-20 15:13:56,799 ] botocore.utils - DEBUG - Registering S3Express Identity Resolver
[ 2026-01-20 15:13:56,800 ] boto3.resources.factory - DEBUG - Loading s3:s3
[ 2026-01-20 15:13:56,800 ] botocore.hooks - DEBUG - Event choose-service-name: calling handler <function handle_service_name_alias at 0x0000019BC9617740>
[ 2026-01-20 15:13:56,802 ] botocore.hooks - DEBUG - Event creating-client-class.s3: calling handler <function add_generate_presigned_post at 0x0000019BAF3AE840>
[ 2026-01-20 15:13:56,802 ] botocore.hooks - DEBUG - Event creating-client-class.s3: calling handler <function lazy_call.<locals>._handler at 0x0000019BE3BA37E0>
[ 2026-01-20 15:13:56,802 ] botocore.hooks - DEBUG - Event creating-client-class.s3: calling handler <function add_generate_presigned_url at 0x0000019BAF3AE5C0>
[ 2026-01-20 15:13:56,802 ] botocore.configprovider - DEBUG - Looking for endpoint for s3 via: environment_service
[ 2026-01-20 15:13:56,802 ] botocore.configprovider - DEBUG - Looking for endpoint for s3 via: environment_global
[ 2026-01-20 15:13:56,802 ] botocore.configprovider - DEBUG - Looking for endpoint for s3 via: config_service
[ 2026-01-20 15:13:56,802 ] botocore.configprovider - DEBUG - Looking for endpoint for s3 via: config_global
[ 2026-01-20 15:13:56,803 ] botocore.configprovider - DEBUG - No configured endpoint found.
[ 2026-01-20 15:13:56,803 ] botocore.endpoint - DEBUG - Setting s3 timeout as (60, 60)
[ 2026-01-20 15:13:56,805 ] botocore.client - DEBUG - Registering retry handlers for service: s3
[ 2026-01-20 15:13:56,805 ] botocore.utils - DEBUG - Registering S3 region redirector handler
[ 2026-01-20 15:13:56,805 ] botocore.utils - DEBUG - Registering S3Express Identity Resolver
[ 2026-01-20 15:13:56,805 ] root - INFO - Entered the get_bucket method of SimpleStorageService class
[ 2026-01-20 15:13:56,806 ] boto3.resources.factory - DEBUG - Loading s3:Bucket
[ 2026-01-20 15:13:56,806 ] boto3.resources.model - DEBUG - Renaming Bucket attribute name
[ 2026-01-20 15:13:56,807 ] botocore.hooks - DEBUG - Event creating-resource-class.s3.Bucket: calling handler <function lazy_call.<locals>._handler at 0x0000019BE3BBF060>
[ 2026-01-20 15:13:56,807 ] root - INFO - Exited the get_bucket method of SimpleStorageService class
[ 2026-01-20 15:13:56,848 ] pymongo.topology - DEBUG - {"message": "Server heartbeat succeeded", "topologyId": {"$oid": "696ff009b68289229f1a44cd"}, "driverConnectionId": 1, "serverConnectionId": 196149, "serverHost": "ac-1u1vjmy-shard-00-02.djz1hts.mongodb.net", "serverPort": 27017, "awaited": true, "durationMS": 10056.103800190613, "reply": "{\"topologyVersion\": {\"processId\": {\"$oid\": \"6969219f082a3c516728680e\"}, \"counter\": 6}, \"hosts\": [\"ac-1u1vjmy-shard-00-00.djz1hts.mongodb.net:27017\", \"ac-1u1vjmy-shard-00-01.djz1hts.mongodb.net:27017\", \"ac-1u1vjmy-shard-00-02.djz1hts.mongodb.net:27017\"], \"setName\": \"atlas-931qd7-shard-0\", \"setVersion\": 10, \"isWritablePrimary\": true, \"primary\": \"ac-1u1vjmy-shard-00-02.djz1hts.mongodb.net:27017\", \"tags\": {\"provider\": \"AWS\", \"diskState\": \"READY\", \"nodeType\": \"ELECTABLE\", \"region\": \"US_EAST_1\", \"workloadType\": \"OPERATIONAL\", \"availabilityZone\": \"use1-az5\"}, \"me\": \"ac-1u1vjmy-shard-00-02.djz1hts.mongodb.net:27017\", \"electionId\": {\"$oid\": \"7fffffff000000000000000f\"}, \"lastWrite\": {\"opTime\": {\"ts\": {\"$timestamp\": {\"t\": 1768943636, \"i\": 1}}, \"t\": 15}, \"lastWriteDate\": {\"$date\": \"2026-01-20T21:13:56Z\"}, \"majorityOpTime\": {\"ts\": {\"$timestamp\": {\"t\": 1768943636, \"i\": 1}}, \"t\": 15}, \"majorityWriteDate\": {\"$date\": \"2026-01-20T21:13:56Z\"}}, \"maxBsonObjectSize\": 16777216, \"maxMessageSizeBytes\": 480000..."}
[ 2026-01-20 15:13:56,849 ] pymongo.topology - DEBUG - {"message": "Server heartbeat started", "topologyId": {"$oid": "696ff009b68289229f1a44cd"}, "driverConnectionId": 1, "serverConnectionId": 196149, "serverHost": "ac-1u1vjmy-shard-00-02.djz1hts.mongodb.net", "serverPort": 27017, "awaited": true}
[ 2026-01-20 15:13:56,851 ] pymongo.topology - DEBUG - {"message": "Server heartbeat succeeded", "topologyId": {"$oid": "696ff009b68289229f1a44cd"}, "driverConnectionId": 1, "serverConnectionId": 187002, "serverHost": "ac-1u1vjmy-shard-00-01.djz1hts.mongodb.net", "serverPort": 27017, "awaited": true, "durationMS": 10058.097000000998, "reply": "{\"topologyVersion\": {\"processId\": {\"$oid\": \"696923953f198139e3024850\"}, \"counter\": 3}, \"hosts\": [\"ac-1u1vjmy-shard-00-00.djz1hts.mongodb.net:27017\", \"ac-1u1vjmy-shard-00-01.djz1hts.mongodb.net:27017\", \"ac-1u1vjmy-shard-00-02.djz1hts.mongodb.net:27017\"], \"setName\": \"atlas-931qd7-shard-0\", \"setVersion\": 10, \"secondary\": true, \"primary\": \"ac-1u1vjmy-shard-00-02.djz1hts.mongodb.net:27017\", \"tags\": {\"region\": \"US_EAST_1\", \"diskState\": \"READY\", \"workloadType\": \"OPERATIONAL\", \"availabilityZone\": \"use1-az4\", \"nodeType\": \"ELECTABLE\", \"provider\": \"AWS\"}, \"me\": \"ac-1u1vjmy-shard-00-01.djz1hts.mongodb.net:27017\", \"lastWrite\": {\"opTime\": {\"ts\": {\"$timestamp\": {\"t\": 1768943636, \"i\": 1}}, \"t\": 15}, \"lastWriteDate\": {\"$date\": \"2026-01-20T21:13:56Z\"}, \"majorityOpTime\": {\"ts\": {\"$timestamp\": {\"t\": 1768943636, \"i\": 1}}, \"t\": 15}, \"majorityWriteDate\": {\"$date\": \"2026-01-20T21:13:56Z\"}}, \"maxBsonObjectSize\": 16777216, \"maxMessageSizeBytes\": 48000000, \"maxWriteBatchSize\": 100000, \"localTime\": {\"$date\": \"202..."}
[ 2026-01-20 15:13:56,852 ] pymongo.topology - DEBUG - {"message": "Server heartbeat started", "topologyId": {"$oid": "696ff009b68289229f1a44cd"}, "driverConnectionId": 1, "serverConnectionId": 187002, "serverHost": "ac-1u1vjmy-shard-00-01.djz1hts.mongodb.net", "serverPort": 27017, "awaited": true}
[ 2026-01-20 15:13:56,877 ] pymongo.topology - DEBUG - {"message": "Server heartbeat succeeded", "topologyId": {"$oid": "696ff009b68289229f1a44cd"}, "driverConnectionId": 1, "serverConnectionId": 189651, "serverHost": "ac-1u1vjmy-shard-00-00.djz1hts.mongodb.net", "serverPort": 27017, "awaited": true, "durationMS": 10056.7597001791, "reply": "{\"topologyVersion\": {\"processId\": {\"$oid\": \"69691fb9146e75e66ebab7e3\"}, \"counter\": 4}, \"hosts\": [\"ac-1u1vjmy-shard-00-00.djz1hts.mongodb.net:27017\", \"ac-1u1vjmy-shard-00-01.djz1hts.mongodb.net:27017\", \"ac-1u1vjmy-shard-00-02.djz1hts.mongodb.net:27017\"], \"setName\": \"atlas-931qd7-shard-0\", \"setVersion\": 10, \"secondary\": true, \"primary\": \"ac-1u1vjmy-shard-00-02.djz1hts.mongodb.net:27017\", \"tags\": {\"nodeType\": \"ELECTABLE\", \"provider\": \"AWS\", \"workloadType\": \"OPERATIONAL\", \"availabilityZone\": \"use1-az2\", \"region\": \"US_EAST_1\", \"diskState\": \"READY\"}, \"me\": \"ac-1u1vjmy-shard-00-00.djz1hts.mongodb.net:27017\", \"lastWrite\": {\"opTime\": {\"ts\": {\"$timestamp\": {\"t\": 1768943636, \"i\": 1}}, \"t\": 15}, \"lastWriteDate\": {\"$date\": \"2026-01-20T21:13:56Z\"}, \"majorityOpTime\": {\"ts\": {\"$timestamp\": {\"t\": 1768943636, \"i\": 1}}, \"t\": 15}, \"majorityWriteDate\": {\"$date\": \"2026-01-20T21:13:56Z\"}}, \"maxBsonObjectSize\": 16777216, \"maxMessageSizeBytes\": 48000000, \"maxWriteBatchSize\": 100000, \"localTime\": {\"$date\": \"202..."}
[ 2026-01-20 15:13:56,878 ] pymongo.topology - DEBUG - {"message": "Server heartbeat started", "topologyId": {"$oid": "696ff009b68289229f1a44cd"}, "driverConnectionId": 1, "serverConnectionId": 189651, "serverHost": "ac-1u1vjmy-shard-00-00.djz1hts.mongodb.net", "serverPort": 27017, "awaited": true}
[ 2026-01-20 15:13:56,887 ] botocore.loaders - DEBUG - Loading JSON file: C:\Users\kavet\OneDrive\Desktop\github\.venv\Lib\site-packages\botocore\data\s3\2006-03-01\paginators-1.json
[ 2026-01-20 15:13:56,888 ] botocore.loaders - DEBUG - Loading JSON file: C:\Users\kavet\OneDrive\Desktop\github\.venv\Lib\site-packages\botocore\data\s3\2006-03-01\paginators-1.sdk-extras.json
[ 2026-01-20 15:13:56,888 ] boto3.resources.collection - DEBUG - Calling paginated s3:list_objects with {'Bucket': 'customer-churn-model-registry', 'Prefix': 'customer_churn_model.pkl'}
[ 2026-01-20 15:13:56,888 ] botocore.hooks - DEBUG - Event before-parameter-build.s3.ListObjects: calling handler <function set_list_objects_encoding_type_url at 0x0000019BC9636160>
[ 2026-01-20 15:13:56,888 ] botocore.hooks - DEBUG - Event before-parameter-build.s3.ListObjects: calling handler <function validate_bucket_name at 0x0000019BC9634CC0>
[ 2026-01-20 15:13:56,888 ] botocore.hooks - DEBUG - Event before-parameter-build.s3.ListObjects: calling handler <function remove_bucket_from_url_paths_from_model at 0x0000019BC9636FC0>
[ 2026-01-20 15:13:56,888 ] botocore.hooks - DEBUG - Event before-parameter-build.s3.ListObjects: calling handler <bound method S3RegionRedirectorv2.annotate_request_context of <botocore.utils.S3RegionRedirectorv2 object at 0x0000019BE4FB0050>>
[ 2026-01-20 15:13:56,888 ] botocore.hooks - DEBUG - Event before-parameter-build.s3.ListObjects: calling handler <bound method ClientCreator._inject_s3_input_parameters of <botocore.client.ClientCreator object at 0x0000019BDECD2900>>
[ 2026-01-20 15:13:56,888 ] botocore.hooks - DEBUG - Event before-parameter-build.s3.ListObjects: calling handler <function generate_idempotent_uuid at 0x0000019BC9634AE0>
[ 2026-01-20 15:13:56,889 ] botocore.hooks - DEBUG - Event before-parameter-build.s3.ListObjects: calling handler <function _handle_request_validation_mode_member at 0x0000019BC96376A0>
[ 2026-01-20 15:13:56,889 ] botocore.hooks - DEBUG - Event before-endpoint-resolution.s3: calling handler <function customize_endpoint_resolver_builtins at 0x0000019BC96371A0>
[ 2026-01-20 15:13:56,889 ] botocore.hooks - DEBUG - Event before-endpoint-resolution.s3: calling handler <bound method S3RegionRedirectorv2.redirect_from_cache of <botocore.utils.S3RegionRedirectorv2 object at 0x0000019BE4FB0050>>
[ 2026-01-20 15:13:56,889 ] botocore.regions - DEBUG - Calling endpoint provider with parameters: {'Bucket': 'customer-churn-model-registry', 'Region': 'us-east-1', 'UseFIPS': False, 'UseDualStack': False, 'ForcePathStyle': False, 'Accelerate': False, 'UseGlobalEndpoint': True, 'Prefix': 'customer_churn_model.pkl', 'DisableMultiRegionAccessPoints': False, 'UseArnRegion': True}
[ 2026-01-20 15:13:56,889 ] botocore.regions - DEBUG - Endpoint provider result: https://customer-churn-model-registry.s3.amazonaws.com
[ 2026-01-20 15:13:56,890 ] botocore.regions - DEBUG - Selecting from endpoint provider's list of auth schemes: "sigv4". User selected auth scheme is: "None"
[ 2026-01-20 15:13:56,890 ] botocore.regions - DEBUG - Selected auth type "v4" as "v4" with signing context params: {'region': 'us-east-1', 'signing_name': 's3', 'disableDoubleEncoding': True}
[ 2026-01-20 15:13:56,890 ] botocore.hooks - DEBUG - Event before-call.s3.ListObjects: calling handler <function add_expect_header at 0x0000019BC9635080>
[ 2026-01-20 15:13:56,890 ] botocore.hooks - DEBUG - Event before-call.s3.ListObjects: calling handler <bound method S3ExpressIdentityResolver.apply_signing_cache_key of <botocore.utils.S3ExpressIdentityResolver object at 0x0000019BE4FB01A0>>
[ 2026-01-20 15:13:56,890 ] botocore.hooks - DEBUG - Event before-call.s3.ListObjects: calling handler <function add_recursion_detection_header at 0x0000019BC96345E0>
[ 2026-01-20 15:13:56,890 ] botocore.hooks - DEBUG - Event before-call.s3.ListObjects: calling handler <function inject_api_version_header_if_needed at 0x0000019BC96365C0>
[ 2026-01-20 15:13:56,890 ] botocore.endpoint - DEBUG - Making request for OperationModel(name=ListObjects) with params: {'url_path': '', 'query_string': {'prefix': 'customer_churn_model.pkl', 'encoding-type': 'url'}, 'method': 'GET', 'headers': {'User-Agent': 'Boto3/1.42.28 md/Botocore#1.42.28 ua/2.1 os/windows#11 md/arch#amd64 lang/python#3.13.9 md/pyimpl#CPython m/Z,b,D,e,C cfg/retry-mode#legacy Botocore/1.42.28 Resource'}, 'body': b'', 'auth_path': '/customer-churn-model-registry/', 'url': 'https://customer-churn-model-registry.s3.amazonaws.com/?prefix=customer_churn_model.pkl&encoding-type=url', 'context': {'client_region': 'us-east-1', 'client_config': <botocore.config.Config object at 0x0000019BE3BBBD90>, 'has_streaming_input': False, 'auth_type': 'v4', 'unsigned_payload': None, 'auth_options': ['aws.auth#sigv4'], 'encoding_type_auto_set': True, 's3_redirect': {'redirected': False, 'bucket': 'customer-churn-model-registry', 'params': {'Bucket': 'customer-churn-model-registry', 'Prefix': 'customer_churn_model.pkl', 'EncodingType': 'url'}}, 'input_params': {'Bucket': 'customer-churn-model-registry', 'Prefix': 'customer_churn_model.pkl'}, 'signing': {'region': 'us-east-1', 'signing_name': 's3', 'disableDoubleEncoding': True}, 'endpoint_properties': {'authSchemes': [{'disableDoubleEncoding': True, 'name': 'sigv4', 'signingName': 's3', 'signingRegion': 'us-east-1'}]}}}
[ 2026-01-20 15:13:56,890 ] botocore.hooks - DEBUG - Event request-created.s3.ListObjects: calling handler <bound method RequestSigner.handler of <botocore.signers.RequestSigner object at 0x0000019BDF051E80>>
[ 2026-01-20 15:13:56,891 ] botocore.hooks - DEBUG - Event choose-signer.s3.ListObjects: calling handler <bound method ClientCreator._default_s3_presign_to_sigv2 of <botocore.client.ClientCreator object at 0x0000019BDECD2900>>
[ 2026-01-20 15:13:56,891 ] botocore.hooks - DEBUG - Event choose-signer.s3.ListObjects: calling handler <function set_operation_specific_signer at 0x0000019BC9634860>
[ 2026-01-20 15:13:56,891 ] botocore.hooks - DEBUG - Event before-sign.s3.ListObjects: calling handler <function remove_arn_from_signing_path at 0x0000019BC9637100>
[ 2026-01-20 15:13:56,891 ] botocore.hooks - DEBUG - Event before-sign.s3.ListObjects: calling handler <function _set_extra_headers_for_unsigned_request at 0x0000019BC9637740>
[ 2026-01-20 15:13:56,891 ] botocore.hooks - DEBUG - Event before-sign.s3.ListObjects: calling handler <bound method S3ExpressIdentityResolver.resolve_s3express_identity of <botocore.utils.S3ExpressIdentityResolver object at 0x0000019BE4FB01A0>>
[ 2026-01-20 15:13:56,891 ] botocore.auth - DEBUG - Calculating signature using v4 auth.
[ 2026-01-20 15:13:56,891 ] botocore.auth - DEBUG - CanonicalRequest:
GET
/
encoding-type=url&prefix=customer_churn_model.pkl
host:customer-churn-model-registry.s3.amazonaws.com
x-amz-content-sha256:e3b0c44298fc1c149afbf4c8996fb92427ae41e4649b934ca495991b7852b855
x-amz-date:20260120T211356Z

host;x-amz-content-sha256;x-amz-date
e3b0c44298fc1c149afbf4c8996fb92427ae41e4649b934ca495991b7852b855
[ 2026-01-20 15:13:56,891 ] botocore.auth - DEBUG - StringToSign:
AWS4-HMAC-SHA256
20260120T211356Z
20260120/us-east-1/s3/aws4_request
63e765d4963a9c24b4ee435480f00a82a14d667d9553d7c169a045877b0ec3ff
[ 2026-01-20 15:13:56,891 ] botocore.auth - DEBUG - Signature:
c783ea181522c8f9581f5bd21822301b0db0c48d1a72043981097e7e9cd3a9c4
[ 2026-01-20 15:13:56,891 ] botocore.hooks - DEBUG - Event request-created.s3.ListObjects: calling handler <bound method UserAgentString.rebuild_and_replace_user_agent_handler of <botocore.useragent.UserAgentString object at 0x0000019BE4F8CB90>>
[ 2026-01-20 15:13:56,891 ] botocore.hooks - DEBUG - Event request-created.s3.ListObjects: calling handler <function add_retry_headers at 0x0000019BC9636F20>
[ 2026-01-20 15:13:56,892 ] botocore.endpoint - DEBUG - Sending http request: <AWSPreparedRequest stream_output=False, method=GET, url=https://customer-churn-model-registry.s3.amazonaws.com/?prefix=customer_churn_model.pkl&encoding-type=url, headers={'User-Agent': b'Boto3/1.42.28 md/Botocore#1.42.28 ua/2.1 os/windows#11 md/arch#amd64 lang/python#3.13.9 md/pyimpl#CPython m/Z,b,D,e,C cfg/retry-mode#legacy Botocore/1.42.28 Resource', 'X-Amz-Date': b'20260120T211356Z', 'X-Amz-Content-SHA256': b'e3b0c44298fc1c149afbf4c8996fb92427ae41e4649b934ca495991b7852b855', 'Authorization': b'AWS4-HMAC-SHA256 Credential=AKIAYSF6PAWN3YR2XCU2/20260120/us-east-1/s3/aws4_request, SignedHeaders=host;x-amz-content-sha256;x-amz-date, Signature=c783ea181522c8f9581f5bd21822301b0db0c48d1a72043981097e7e9cd3a9c4', 'amz-sdk-invocation-id': b'e0a6ffea-392e-43b9-8f51-749cb1452f3a', 'amz-sdk-request': b'attempt=1'}>
[ 2026-01-20 15:13:56,892 ] botocore.httpsession - DEBUG - Certificate path: C:\Users\kavet\OneDrive\Desktop\github\.venv\Lib\site-packages\certifi\cacert.pem
[ 2026-01-20 15:13:56,892 ] urllib3.connectionpool - DEBUG - Starting new HTTPS connection (1): customer-churn-model-registry.s3.amazonaws.com:443
[ 2026-01-20 15:13:57,659 ] urllib3.connectionpool - DEBUG - https://customer-churn-model-registry.s3.amazonaws.com:443 "GET /?prefix=customer_churn_model.pkl&encoding-type=url HTTP/1.1" 404 None
[ 2026-01-20 15:13:57,659 ] botocore.hooks - DEBUG - Event before-parse.s3.ListObjects: calling handler <function _handle_200_error at 0x0000019BC96374C0>
[ 2026-01-20 15:13:57,659 ] botocore.hooks - DEBUG - Event before-parse.s3.ListObjects: calling handler <function handle_expires_header at 0x0000019BC96372E0>
[ 2026-01-20 15:13:57,659 ] botocore.parsers - DEBUG - Response headers: {'x-amz-request-id': '4N0K9VVFPVDG1X2D', 'x-amz-id-2': 'ivqyL0H+MITJwatAOXrxbG93Se3b+1HiXOo6SDtrGFnyVzbbIBYEGh0tKg6n8y6d2CSIWxp6wH0J+IpGa/OGaw==', 'Content-Type': 'application/xml', 'Transfer-Encoding': 'chunked', 'Date': 'Tue, 20 Jan 2026 21:13:56 GMT', 'Server': 'AmazonS3'}
[ 2026-01-20 15:13:57,659 ] botocore.parsers - DEBUG - Response body:
b'<?xml version="1.0" encoding="UTF-8"?>\n<Error><Code>NoSuchBucket</Code><Message>The specified bucket does not exist</Message><BucketName>customer-churn-model-registry</BucketName><RequestId>4N0K9VVFPVDG1X2D</RequestId><HostId>ivqyL0H+MITJwatAOXrxbG93Se3b+1HiXOo6SDtrGFnyVzbbIBYEGh0tKg6n8y6d2CSIWxp6wH0J+IpGa/OGaw==</HostId></Error>'
[ 2026-01-20 15:13:57,663 ] botocore.parsers - DEBUG - Response headers: {'x-amz-request-id': '4N0K9VVFPVDG1X2D', 'x-amz-id-2': 'ivqyL0H+MITJwatAOXrxbG93Se3b+1HiXOo6SDtrGFnyVzbbIBYEGh0tKg6n8y6d2CSIWxp6wH0J+IpGa/OGaw==', 'Content-Type': 'application/xml', 'Transfer-Encoding': 'chunked', 'Date': 'Tue, 20 Jan 2026 21:13:56 GMT', 'Server': 'AmazonS3'}
[ 2026-01-20 15:13:57,663 ] botocore.parsers - DEBUG - Response body:
b'<?xml version="1.0" encoding="UTF-8"?>\n<Error><Code>NoSuchBucket</Code><Message>The specified bucket does not exist</Message><BucketName>customer-churn-model-registry</BucketName><RequestId>4N0K9VVFPVDG1X2D</RequestId><HostId>ivqyL0H+MITJwatAOXrxbG93Se3b+1HiXOo6SDtrGFnyVzbbIBYEGh0tKg6n8y6d2CSIWxp6wH0J+IpGa/OGaw==</HostId></Error>'
[ 2026-01-20 15:13:57,663 ] botocore.hooks - DEBUG - Event needs-retry.s3.ListObjects: calling handler <function _update_status_code at 0x0000019BC9637600>
[ 2026-01-20 15:13:57,663 ] botocore.hooks - DEBUG - Event needs-retry.s3.ListObjects: calling handler <botocore.retryhandler.RetryHandler object at 0x0000019BDF053E00>
[ 2026-01-20 15:13:57,664 ] botocore.retryhandler - DEBUG - No retry needed.
[ 2026-01-20 15:13:57,664 ] botocore.hooks - DEBUG - Event needs-retry.s3.ListObjects: calling handler <bound method S3RegionRedirectorv2.redirect_from_error of <botocore.utils.S3RegionRedirectorv2 object at 0x0000019BE4FB0050>>
[ 2026-01-20 15:13:57,664 ] botocore.hooks - DEBUG - Event after-call.s3.ListObjects: calling handler <function decode_list_object at 0x0000019BC9636200>
[ 2026-01-20 15:13:57,664 ] root - ERROR - Error occurred in python script: [C:\Users\kavet\OneDrive\Desktop\github\src\cloud_storage\aws_storage.py] at line number [42]: An error occurred (NoSuchBucket) when calling the ListObjects operation: The specified bucket does not exist
[ 2026-01-20 15:13:57,665 ] root - INFO - Result: EvaluateModelResponse(trained_model_f1_score=0.9431216931216931, best_model_f1_score=None, is_model_accepted=True, difference=0.9431216931216931)
[ 2026-01-20 15:13:57,666 ] root - INFO - Model evaluation artifact: ModelEvaluationArtifact(is_model_accepted=True, changed_accuracy=0.9431216931216931, s3_model_path='customer_churn_model.pkl', trained_model_path='artifact\\01_20_2026_15_13_45\\model_trainer\\trained_model\\model.pkl')
[ 2026-01-20 15:13:57,666 ] root - INFO - Entered initiate_model_pusher method of ModelTrainer class
[ 2026-01-20 15:13:57,666 ] root - INFO - Uploading artifacts folder to s3 bucket
[ 2026-01-20 15:13:57,666 ] root - INFO - Uploading new model to S3 bucket....
[ 2026-01-20 15:13:57,666 ] root - INFO - Entered the upload_file method of SimpleStorageService class
[ 2026-01-20 15:13:57,667 ] root - INFO - Uploading artifact\01_20_2026_15_13_45\model_trainer\trained_model\model.pkl to customer_churn_model.pkl in customer-churn-model-registry
[ 2026-01-20 15:13:57,667 ] boto3.s3.transfer - DEBUG - Opting out of CRT Transfer Manager. Preferred client: auto, CRT available: False, Instance Optimized: False
[ 2026-01-20 15:13:57,667 ] boto3.s3.transfer - DEBUG - Using default client. pid: 30888, thread: 24468
[ 2026-01-20 15:13:57,667 ] s3transfer.utils - DEBUG - Acquiring 0
[ 2026-01-20 15:13:57,668 ] s3transfer.tasks - DEBUG - UploadSubmissionTask(transfer_id=0, {'transfer_future': <s3transfer.futures.TransferFuture object at 0x0000019BE4FB2CF0>}) about to wait for the following futures []
[ 2026-01-20 15:13:57,668 ] s3transfer.tasks - DEBUG - UploadSubmissionTask(transfer_id=0, {'transfer_future': <s3transfer.futures.TransferFuture object at 0x0000019BE4FB2CF0>}) done waiting for dependent futures
[ 2026-01-20 15:13:57,668 ] s3transfer.tasks - DEBUG - Executing task UploadSubmissionTask(transfer_id=0, {'transfer_future': <s3transfer.futures.TransferFuture object at 0x0000019BE4FB2CF0>}) with kwargs {'client': <botocore.client.S3 object at 0x0000019BDF051D30>, 'config': <boto3.s3.transfer.TransferConfig object at 0x0000019BDE9D63C0>, 'osutil': <s3transfer.utils.OSUtils object at 0x0000019BE4FB1BE0>, 'request_executor': <s3transfer.futures.BoundedExecutor object at 0x0000019BE4FB2510>, 'transfer_future': <s3transfer.futures.TransferFuture object at 0x0000019BE4FB2CF0>}
[ 2026-01-20 15:13:57,669 ] s3transfer.futures - DEBUG - Submitting task PutObjectTask(transfer_id=0, {'bucket': 'customer-churn-model-registry', 'key': 'customer_churn_model.pkl', 'extra_args': {'ChecksumAlgorithm': 'CRC32'}}) to executor <s3transfer.futures.BoundedExecutor object at 0x0000019BE4FB2510> for transfer request: 0.
[ 2026-01-20 15:13:57,669 ] s3transfer.utils - DEBUG - Acquiring 0
[ 2026-01-20 15:13:57,669 ] s3transfer.tasks - DEBUG - PutObjectTask(transfer_id=0, {'bucket': 'customer-churn-model-registry', 'key': 'customer_churn_model.pkl', 'extra_args': {'ChecksumAlgorithm': 'CRC32'}}) about to wait for the following futures []
[ 2026-01-20 15:13:57,669 ] s3transfer.utils - DEBUG - Releasing acquire 0/None
[ 2026-01-20 15:13:57,669 ] s3transfer.tasks - DEBUG - PutObjectTask(transfer_id=0, {'bucket': 'customer-churn-model-registry', 'key': 'customer_churn_model.pkl', 'extra_args': {'ChecksumAlgorithm': 'CRC32'}}) done waiting for dependent futures
[ 2026-01-20 15:13:57,670 ] s3transfer.tasks - DEBUG - Executing task PutObjectTask(transfer_id=0, {'bucket': 'customer-churn-model-registry', 'key': 'customer_churn_model.pkl', 'extra_args': {'ChecksumAlgorithm': 'CRC32'}}) with kwargs {'client': <botocore.client.S3 object at 0x0000019BDF051D30>, 'fileobj': <s3transfer.utils.ReadFileChunk object at 0x0000019BE4FB3620>, 'bucket': 'customer-churn-model-registry', 'key': 'customer_churn_model.pkl', 'extra_args': {'ChecksumAlgorithm': 'CRC32'}}
[ 2026-01-20 15:13:57,670 ] botocore.hooks - DEBUG - Event before-parameter-build.s3.PutObject: calling handler <function validate_ascii_metadata at 0x0000019BC9635A80>
[ 2026-01-20 15:13:57,670 ] botocore.hooks - DEBUG - Event before-parameter-build.s3.PutObject: calling handler <function sse_md5 at 0x0000019BC9634D60>
[ 2026-01-20 15:13:57,670 ] botocore.hooks - DEBUG - Event before-parameter-build.s3.PutObject: calling handler <function convert_body_to_file_like_object at 0x0000019BC9636480>
[ 2026-01-20 15:13:57,670 ] botocore.hooks - DEBUG - Event before-parameter-build.s3.PutObject: calling handler <function validate_bucket_name at 0x0000019BC9634CC0>
[ 2026-01-20 15:13:57,670 ] botocore.hooks - DEBUG - Event before-parameter-build.s3.PutObject: calling handler <function remove_bucket_from_url_paths_from_model at 0x0000019BC9636FC0>
[ 2026-01-20 15:13:57,670 ] botocore.hooks - DEBUG - Event before-parameter-build.s3.PutObject: calling handler <bound method S3RegionRedirectorv2.annotate_request_context of <botocore.utils.S3RegionRedirectorv2 object at 0x0000019BE4FB0050>>
[ 2026-01-20 15:13:57,670 ] botocore.hooks - DEBUG - Event before-parameter-build.s3.PutObject: calling handler <bound method ClientCreator._inject_s3_input_parameters of <botocore.client.ClientCreator object at 0x0000019BDECD2900>>
[ 2026-01-20 15:13:57,670 ] botocore.hooks - DEBUG - Event before-parameter-build.s3.PutObject: calling handler <function generate_idempotent_uuid at 0x0000019BC9634AE0>
[ 2026-01-20 15:13:57,670 ] botocore.hooks - DEBUG - Event before-parameter-build.s3.PutObject: calling handler <function _handle_request_validation_mode_member at 0x0000019BC96376A0>
[ 2026-01-20 15:13:57,671 ] botocore.hooks - DEBUG - Event before-endpoint-resolution.s3: calling handler <function customize_endpoint_resolver_builtins at 0x0000019BC96371A0>
[ 2026-01-20 15:13:57,671 ] botocore.hooks - DEBUG - Event before-endpoint-resolution.s3: calling handler <bound method S3RegionRedirectorv2.redirect_from_cache of <botocore.utils.S3RegionRedirectorv2 object at 0x0000019BE4FB0050>>
[ 2026-01-20 15:13:57,671 ] botocore.regions - DEBUG - Calling endpoint provider with parameters: {'Bucket': 'customer-churn-model-registry', 'Region': 'us-east-1', 'UseFIPS': False, 'UseDualStack': False, 'ForcePathStyle': False, 'Accelerate': False, 'UseGlobalEndpoint': True, 'Key': 'customer_churn_model.pkl', 'DisableMultiRegionAccessPoints': False, 'UseArnRegion': True}
[ 2026-01-20 15:13:57,671 ] botocore.regions - DEBUG - Endpoint provider result: https://customer-churn-model-registry.s3.amazonaws.com
[ 2026-01-20 15:13:57,671 ] botocore.regions - DEBUG - Selecting from endpoint provider's list of auth schemes: "sigv4". User selected auth scheme is: "None"
[ 2026-01-20 15:13:57,671 ] botocore.regions - DEBUG - Selected auth type "v4" as "v4" with signing context params: {'region': 'us-east-1', 'signing_name': 's3', 'disableDoubleEncoding': True}
[ 2026-01-20 15:13:57,672 ] botocore.hooks - DEBUG - Event before-call.s3.PutObject: calling handler <function add_expect_header at 0x0000019BC9635080>
[ 2026-01-20 15:13:57,672 ] botocore.handlers - DEBUG - Adding expect 100 continue header to request.
[ 2026-01-20 15:13:57,672 ] botocore.hooks - DEBUG - Event before-call.s3.PutObject: calling handler <bound method S3ExpressIdentityResolver.apply_signing_cache_key of <botocore.utils.S3ExpressIdentityResolver object at 0x0000019BE4FB01A0>>
[ 2026-01-20 15:13:57,672 ] botocore.hooks - DEBUG - Event before-call.s3.PutObject: calling handler <function add_recursion_detection_header at 0x0000019BC96345E0>
[ 2026-01-20 15:13:57,672 ] botocore.hooks - DEBUG - Event before-call.s3.PutObject: calling handler <function inject_api_version_header_if_needed at 0x0000019BC96365C0>
[ 2026-01-20 15:13:57,672 ] botocore.endpoint - DEBUG - Making request for OperationModel(name=PutObject) with params: {'url_path': '/customer_churn_model.pkl', 'query_string': {}, 'method': 'PUT', 'headers': {'x-amz-sdk-checksum-algorithm': 'CRC32', 'User-Agent': 'Boto3/1.42.28 md/Botocore#1.42.28 ua/2.1 os/windows#11 md/arch#amd64 lang/python#3.13.9 md/pyimpl#CPython m/G,Z,b,D,e cfg/retry-mode#legacy Botocore/1.42.28 Resource', 'Expect': '100-continue', 'Transfer-Encoding': 'chunked', 'Content-Encoding': 'aws-chunked', 'X-Amz-Trailer': 'x-amz-checksum-crc32', 'X-Amz-Decoded-Content-Length': '859552'}, 'body': <botocore.httpchecksum.AwsChunkedWrapper object at 0x0000019BE4FB30E0>, 'auth_path': '/customer-churn-model-registry/customer_churn_model.pkl', 'url': 'https://customer-churn-model-registry.s3.amazonaws.com/customer_churn_model.pkl', 'context': {'client_region': 'us-east-1', 'client_config': <botocore.config.Config object at 0x0000019BE3BBBD90>, 'has_streaming_input': True, 'auth_type': 'v4', 'unsigned_payload': None, 'auth_options': ['aws.auth#sigv4'], 's3_redirect': {'redirected': False, 'bucket': 'customer-churn-model-registry', 'params': {'Bucket': 'customer-churn-model-registry', 'Key': 'customer_churn_model.pkl', 'Body': <s3transfer.utils.ReadFileChunk object at 0x0000019BE4FB3620>, 'ChecksumAlgorithm': 'CRC32'}}, 'input_params': {'Bucket': 'customer-churn-model-registry', 'Key': 'customer_churn_model.pkl'}, 'signing': {'region': 'us-east-1', 'signing_name': 's3', 'disableDoubleEncoding': True}, 'endpoint_properties': {'authSchemes': [{'disableDoubleEncoding': True, 'name': 'sigv4', 'signingName': 's3', 'signingRegion': 'us-east-1'}]}, 'checksum': {'request_algorithm': {'algorithm': 'crc32', 'in': 'trailer', 'name': 'x-amz-checksum-crc32'}}}}
[ 2026-01-20 15:13:57,672 ] botocore.hooks - DEBUG - Event request-created.s3.PutObject: calling handler <function signal_not_transferring at 0x0000019BC81819E0>
[ 2026-01-20 15:13:57,672 ] botocore.hooks - DEBUG - Event request-created.s3.PutObject: calling handler <bound method RequestSigner.handler of <botocore.signers.RequestSigner object at 0x0000019BDF051E80>>
[ 2026-01-20 15:13:57,672 ] botocore.hooks - DEBUG - Event choose-signer.s3.PutObject: calling handler <bound method ClientCreator._default_s3_presign_to_sigv2 of <botocore.client.ClientCreator object at 0x0000019BDECD2900>>
[ 2026-01-20 15:13:57,673 ] botocore.hooks - DEBUG - Event choose-signer.s3.PutObject: calling handler <function set_operation_specific_signer at 0x0000019BC9634860>
[ 2026-01-20 15:13:57,673 ] botocore.hooks - DEBUG - Event before-sign.s3.PutObject: calling handler <function remove_arn_from_signing_path at 0x0000019BC9637100>
[ 2026-01-20 15:13:57,673 ] botocore.hooks - DEBUG - Event before-sign.s3.PutObject: calling handler <function _set_extra_headers_for_unsigned_request at 0x0000019BC9637740>
[ 2026-01-20 15:13:57,673 ] botocore.hooks - DEBUG - Event before-sign.s3.PutObject: calling handler <bound method S3ExpressIdentityResolver.resolve_s3express_identity of <botocore.utils.S3ExpressIdentityResolver object at 0x0000019BE4FB01A0>>
[ 2026-01-20 15:13:57,673 ] botocore.auth - DEBUG - Calculating signature using v4 auth.
[ 2026-01-20 15:13:57,673 ] botocore.auth - DEBUG - CanonicalRequest:
PUT
/customer_churn_model.pkl

content-encoding:aws-chunked
host:customer-churn-model-registry.s3.amazonaws.com
x-amz-content-sha256:STREAMING-UNSIGNED-PAYLOAD-TRAILER
x-amz-date:20260120T211357Z
x-amz-decoded-content-length:859552
x-amz-sdk-checksum-algorithm:CRC32
x-amz-trailer:x-amz-checksum-crc32

content-encoding;host;x-amz-content-sha256;x-amz-date;x-amz-decoded-content-length;x-amz-sdk-checksum-algorithm;x-amz-trailer
STREAMING-UNSIGNED-PAYLOAD-TRAILER
[ 2026-01-20 15:13:57,673 ] botocore.auth - DEBUG - StringToSign:
AWS4-HMAC-SHA256
20260120T211357Z
20260120/us-east-1/s3/aws4_request
30358b2702c9d34457eaa04f836d3de840ce67e39a7f80a2e18e6e18b5db6836
[ 2026-01-20 15:13:57,673 ] botocore.auth - DEBUG - Signature:
8d4bb0c19e37921ea9058bc2a7552db9a4adac5fcc90afc191a9bffa615b82be
[ 2026-01-20 15:13:57,673 ] botocore.hooks - DEBUG - Event request-created.s3.PutObject: calling handler <bound method UserAgentString.rebuild_and_replace_user_agent_handler of <botocore.useragent.UserAgentString object at 0x0000019BE4F8CB90>>
[ 2026-01-20 15:13:57,673 ] botocore.hooks - DEBUG - Event request-created.s3.PutObject: calling handler <function signal_transferring at 0x0000019BC8181A80>
[ 2026-01-20 15:13:57,673 ] botocore.hooks - DEBUG - Event request-created.s3.PutObject: calling handler <function add_retry_headers at 0x0000019BC9636F20>
[ 2026-01-20 15:13:57,674 ] botocore.endpoint - DEBUG - Sending http request: <AWSPreparedRequest stream_output=False, method=PUT, url=https://customer-churn-model-registry.s3.amazonaws.com/customer_churn_model.pkl, headers={'x-amz-sdk-checksum-algorithm': b'CRC32', 'User-Agent': b'Boto3/1.42.28 md/Botocore#1.42.28 ua/2.1 os/windows#11 md/arch#amd64 lang/python#3.13.9 md/pyimpl#CPython m/G,Z,U,b,D,e cfg/retry-mode#legacy Botocore/1.42.28 Resource', 'Expect': b'100-continue', 'Transfer-Encoding': b'chunked', 'Content-Encoding': b'aws-chunked', 'X-Amz-Trailer': b'x-amz-checksum-crc32', 'X-Amz-Decoded-Content-Length': b'859552', 'X-Amz-Date': b'20260120T211357Z', 'X-Amz-Content-SHA256': b'STREAMING-UNSIGNED-PAYLOAD-TRAILER', 'Authorization': b'AWS4-HMAC-SHA256 Credential=AKIAYSF6PAWN3YR2XCU2/20260120/us-east-1/s3/aws4_request, SignedHeaders=content-encoding;host;x-amz-content-sha256;x-amz-date;x-amz-decoded-content-length;x-amz-sdk-checksum-algorithm;x-amz-trailer, Signature=8d4bb0c19e37921ea9058bc2a7552db9a4adac5fcc90afc191a9bffa615b82be', 'amz-sdk-invocation-id': b'03e6ebe6-2096-41e4-a356-02d1f620bff2', 'amz-sdk-request': b'attempt=1'}>
[ 2026-01-20 15:13:57,674 ] botocore.httpsession - DEBUG - Certificate path: C:\Users\kavet\OneDrive\Desktop\github\.venv\Lib\site-packages\certifi\cacert.pem
[ 2026-01-20 15:13:57,674 ] botocore.awsrequest - DEBUG - Waiting for 100 Continue response.
[ 2026-01-20 15:13:57,734 ] botocore.awsrequest - DEBUG - Received a non 100 Continue response from the server, NOT sending request body.
[ 2026-01-20 15:13:57,736 ] botocore.awsrequest - DEBUG - send() called, but response already received. Not sending data.
[ 2026-01-20 15:13:57,740 ] urllib3.connectionpool - DEBUG - https://customer-churn-model-registry.s3.amazonaws.com:443 "PUT /customer_churn_model.pkl HTTP/1.1" 404 None
[ 2026-01-20 15:13:57,741 ] botocore.hooks - DEBUG - Event before-parse.s3.PutObject: calling handler <function _handle_200_error at 0x0000019BC96374C0>
[ 2026-01-20 15:13:57,741 ] botocore.hooks - DEBUG - Event before-parse.s3.PutObject: calling handler <function handle_expires_header at 0x0000019BC96372E0>
[ 2026-01-20 15:13:57,741 ] botocore.parsers - DEBUG - Response headers: {'x-amz-request-id': '4N0GPB3QHQXAZDWD', 'x-amz-id-2': 'v7j0IeukAs/l3D62CF0vmRGdlmXmINu7zRTYPFNB06e/1RU/uYzePHejR18+pQL3xHJDvwAC2qZKjPfN3D4LWQ==', 'Content-Type': 'application/xml', 'Transfer-Encoding': 'chunked', 'Date': 'Tue, 20 Jan 2026 21:13:57 GMT', 'Connection': 'close', 'Server': 'AmazonS3'}
[ 2026-01-20 15:13:57,741 ] botocore.parsers - DEBUG - Response body:
b'<?xml version="1.0" encoding="UTF-8"?>\n<Error><Code>NoSuchBucket</Code><Message>The specified bucket does not exist</Message><BucketName>customer-churn-model-registry</BucketName><RequestId>4N0GPB3QHQXAZDWD</RequestId><HostId>v7j0IeukAs/l3D62CF0vmRGdlmXmINu7zRTYPFNB06e/1RU/uYzePHejR18+pQL3xHJDvwAC2qZKjPfN3D4LWQ==</HostId></Error>'
[ 2026-01-20 15:13:57,741 ] botocore.parsers - DEBUG - Response headers: {'x-amz-request-id': '4N0GPB3QHQXAZDWD', 'x-amz-id-2': 'v7j0IeukAs/l3D62CF0vmRGdlmXmINu7zRTYPFNB06e/1RU/uYzePHejR18+pQL3xHJDvwAC2qZKjPfN3D4LWQ==', 'Content-Type': 'application/xml', 'Transfer-Encoding': 'chunked', 'Date': 'Tue, 20 Jan 2026 21:13:57 GMT', 'Connection': 'close', 'Server': 'AmazonS3'}
[ 2026-01-20 15:13:57,741 ] botocore.parsers - DEBUG - Response body:
b'<?xml version="1.0" encoding="UTF-8"?>\n<Error><Code>NoSuchBucket</Code><Message>The specified bucket does not exist</Message><BucketName>customer-churn-model-registry</BucketName><RequestId>4N0GPB3QHQXAZDWD</RequestId><HostId>v7j0IeukAs/l3D62CF0vmRGdlmXmINu7zRTYPFNB06e/1RU/uYzePHejR18+pQL3xHJDvwAC2qZKjPfN3D4LWQ==</HostId></Error>'
[ 2026-01-20 15:13:57,742 ] botocore.hooks - DEBUG - Event needs-retry.s3.PutObject: calling handler <function _update_status_code at 0x0000019BC9637600>
[ 2026-01-20 15:13:57,742 ] botocore.hooks - DEBUG - Event needs-retry.s3.PutObject: calling handler <botocore.retryhandler.RetryHandler object at 0x0000019BDF053E00>
[ 2026-01-20 15:13:57,742 ] botocore.retryhandler - DEBUG - No retry needed.
[ 2026-01-20 15:13:57,742 ] botocore.hooks - DEBUG - Event needs-retry.s3.PutObject: calling handler <bound method S3RegionRedirectorv2.redirect_from_error of <botocore.utils.S3RegionRedirectorv2 object at 0x0000019BE4FB0050>>
[ 2026-01-20 15:13:57,742 ] s3transfer.tasks - DEBUG - Exception raised.
Traceback (most recent call last):
  File "C:\Users\kavet\OneDrive\Desktop\github\.venv\Lib\site-packages\s3transfer\tasks.py", line 142, in __call__
    return self._execute_main(kwargs)
           ~~~~~~~~~~~~~~~~~~^^^^^^^^
  File "C:\Users\kavet\OneDrive\Desktop\github\.venv\Lib\site-packages\s3transfer\tasks.py", line 165, in _execute_main
    return_value = self._main(**kwargs)
  File "C:\Users\kavet\OneDrive\Desktop\github\.venv\Lib\site-packages\s3transfer\upload.py", line 796, in _main
    client.put_object(Bucket=bucket, Key=key, Body=body, **extra_args)
    ~~~~~~~~~~~~~~~~~^^^^^^^^^^^^^^^^^^^^^^^^^^^^^^^^^^^^^^^^^^^^^^^^^
  File "C:\Users\kavet\OneDrive\Desktop\github\.venv\Lib\site-packages\botocore\client.py", line 602, in _api_call
    return self._make_api_call(operation_name, kwargs)
           ~~~~~~~~~~~~~~~~~~~^^^^^^^^^^^^^^^^^^^^^^^^
  File "C:\Users\kavet\OneDrive\Desktop\github\.venv\Lib\site-packages\botocore\context.py", line 123, in wrapper
    return func(*args, **kwargs)
  File "C:\Users\kavet\OneDrive\Desktop\github\.venv\Lib\site-packages\botocore\client.py", line 1078, in _make_api_call
    raise error_class(parsed_response, operation_name)
botocore.errorfactory.NoSuchBucket: An error occurred (NoSuchBucket) when calling the PutObject operation: The specified bucket does not exist
[ 2026-01-20 15:13:57,747 ] s3transfer.utils - DEBUG - Releasing acquire 0/None
[ 2026-01-20 15:13:57,748 ] root - ERROR - Error occurred in python script: [C:\Users\kavet\OneDrive\Desktop\github\src\cloud_storage\aws_storage.py] at line number [168]: Failed to upload artifact\01_20_2026_15_13_45\model_trainer\trained_model\model.pkl to customer-churn-model-registry/customer_churn_model.pkl: An error occurred (NoSuchBucket) when calling the PutObject operation: The specified bucket does not exist
[ 2026-01-20 15:13:57,748 ] root - ERROR - Error occurred in python script: [C:\Users\kavet\OneDrive\Desktop\github\src\entity\s3_estimator.py] at line number [47]: Error occurred in python script: [C:\Users\kavet\OneDrive\Desktop\github\src\cloud_storage\aws_storage.py] at line number [168]: Failed to upload artifact\01_20_2026_15_13_45\model_trainer\trained_model\model.pkl to customer-churn-model-registry/customer_churn_model.pkl: An error occurred (NoSuchBucket) when calling the PutObject operation: The specified bucket does not exist
[ 2026-01-20 15:13:57,749 ] root - ERROR - Error occurred in python script: [C:\Users\kavet\OneDrive\Desktop\github\src\components\model_pusher.py] at line number [39]: Error occurred in python script: [C:\Users\kavet\OneDrive\Desktop\github\src\entity\s3_estimator.py] at line number [47]: Error occurred in python script: [C:\Users\kavet\OneDrive\Desktop\github\src\cloud_storage\aws_storage.py] at line number [168]: Failed to upload artifact\01_20_2026_15_13_45\model_trainer\trained_model\model.pkl to customer-churn-model-registry/customer_churn_model.pkl: An error occurred (NoSuchBucket) when calling the PutObject operation: The specified bucket does not exist
[ 2026-01-20 15:13:57,749 ] root - ERROR - Error occurred in python script: [C:\Users\kavet\OneDrive\Desktop\github\src\pipline\training_pipeline.py] at line number [130]: Error occurred in python script: [C:\Users\kavet\OneDrive\Desktop\github\src\components\model_pusher.py] at line number [39]: Error occurred in python script: [C:\Users\kavet\OneDrive\Desktop\github\src\entity\s3_estimator.py] at line number [47]: Error occurred in python script: [C:\Users\kavet\OneDrive\Desktop\github\src\cloud_storage\aws_storage.py] at line number [168]: Failed to upload artifact\01_20_2026_15_13_45\model_trainer\trained_model\model.pkl to customer-churn-model-registry/customer_churn_model.pkl: An error occurred (NoSuchBucket) when calling the PutObject operation: The specified bucket does not exist
[ 2026-01-20 15:13:57,749 ] root - ERROR - Error occurred in python script: [C:\Users\kavet\OneDrive\Desktop\github\src\pipline\training_pipeline.py] at line number [150]: Error occurred in python script: [C:\Users\kavet\OneDrive\Desktop\github\src\pipline\training_pipeline.py] at line number [130]: Error occurred in python script: [C:\Users\kavet\OneDrive\Desktop\github\src\components\model_pusher.py] at line number [39]: Error occurred in python script: [C:\Users\kavet\OneDrive\Desktop\github\src\entity\s3_estimator.py] at line number [47]: Error occurred in python script: [C:\Users\kavet\OneDrive\Desktop\github\src\cloud_storage\aws_storage.py] at line number [168]: Failed to upload artifact\01_20_2026_15_13_45\model_trainer\trained_model\model.pkl to customer-churn-model-registry/customer_churn_model.pkl: An error occurred (NoSuchBucket) when calling the PutObject operation: The specified bucket does not exist
[ 2026-01-20 15:13:57,860 ] pymongo.topology - DEBUG - {"message": "Server heartbeat failed", "topologyId": {"$oid": "696ff009b68289229f1a44cd"}, "serverHost": "ac-1u1vjmy-shard-00-02.djz1hts.mongodb.net", "serverPort": 27017, "awaited": true, "durationMS": 1010.5440001934767, "failure": "\"_OperationCancelled('operation cancelled')\"", "driverConnectionId": 1}
[ 2026-01-20 15:13:57,876 ] pymongo.topology - DEBUG - {"message": "Server heartbeat failed", "topologyId": {"$oid": "696ff009b68289229f1a44cd"}, "serverHost": "ac-1u1vjmy-shard-00-01.djz1hts.mongodb.net", "serverPort": 27017, "awaited": true, "durationMS": 1024.65740009211, "failure": "\"_OperationCancelled('operation cancelled')\"", "driverConnectionId": 1}
[ 2026-01-20 15:13:57,891 ] pymongo.topology - DEBUG - {"message": "Server heartbeat failed", "topologyId": {"$oid": "696ff009b68289229f1a44cd"}, "serverHost": "ac-1u1vjmy-shard-00-00.djz1hts.mongodb.net", "serverPort": 27017, "awaited": true, "durationMS": 1013.1649000104517, "failure": "\"_OperationCancelled('operation cancelled')\"", "driverConnectionId": 1}
